[0.072s] DEBUG:colcon:Command line arguments: ['/usr/bin/colcon', 'build', '--symlink-install', '--packages-select', 'gkv2_motor_bridge']
[0.072s] DEBUG:colcon:Parsed command line arguments: Namespace(log_base=None, log_level=None, verb_name='build', build_base='build', install_base='install', merge_install=False, symlink_install=True, test_result_base=None, continue_on_error=False, executor='parallel', parallel_workers=12, event_handlers=None, ignore_user_meta=False, metas=['./colcon.meta'], base_paths=['.'], packages_ignore=None, packages_ignore_regex=None, paths=None, packages_up_to=None, packages_up_to_regex=None, packages_above=None, packages_above_and_dependencies=None, packages_above_depth=None, packages_select_by_dep=None, packages_skip_by_dep=None, packages_skip_up_to=None, packages_select_build_failed=False, packages_skip_build_finished=False, packages_select_test_failures=False, packages_skip_test_passed=False, packages_select=['gkv2_motor_bridge'], packages_skip=None, packages_select_regex=None, packages_skip_regex=None, packages_start=None, packages_end=None, allow_overriding=[], cmake_args=None, cmake_target=None, cmake_target_skip_unavailable=False, cmake_clean_cache=False, cmake_clean_first=False, cmake_force_configure=False, ament_cmake_args=None, catkin_cmake_args=None, catkin_skip_building_tests=False, mixin_files=None, mixin=None, verb_parser=<colcon_mixin.mixin.mixin_argument.MixinArgumentDecorator object at 0x7bd12d80c170>, verb_extension=<colcon_core.verb.build.BuildVerb object at 0x7bd12d7ebb90>, main=<bound method BuildVerb.main of <colcon_core.verb.build.BuildVerb object at 0x7bd12d7ebb90>>, mixin_verb=('build',))
[0.099s] Level 1:colcon.colcon_core.package_discovery:discover_packages(colcon_meta) check parameters
[0.099s] Level 1:colcon.colcon_core.package_discovery:discover_packages(recursive) check parameters
[0.099s] Level 1:colcon.colcon_core.package_discovery:discover_packages(ignore) check parameters
[0.099s] Level 1:colcon.colcon_core.package_discovery:discover_packages(path) check parameters
[0.099s] Level 1:colcon.colcon_core.package_discovery:discover_packages(colcon_meta) discover
[0.099s] Level 1:colcon.colcon_core.package_discovery:discover_packages(recursive) discover
[0.099s] INFO:colcon.colcon_core.package_discovery:Crawling recursively for packages in '/home/nockorn/robokross_ws'
[0.099s] Level 1:colcon.colcon_core.package_identification:_identify(.) by extensions ['ignore', 'ignore_ament_install']
[0.099s] Level 1:colcon.colcon_core.package_identification:_identify(.) by extension 'ignore'
[0.099s] Level 1:colcon.colcon_core.package_identification:_identify(.) by extension 'ignore_ament_install'
[0.100s] Level 1:colcon.colcon_core.package_identification:_identify(.) by extensions ['colcon_pkg']
[0.100s] Level 1:colcon.colcon_core.package_identification:_identify(.) by extension 'colcon_pkg'
[0.100s] Level 1:colcon.colcon_core.package_identification:_identify(.) by extensions ['colcon_meta']
[0.100s] Level 1:colcon.colcon_core.package_identification:_identify(.) by extension 'colcon_meta'
[0.100s] Level 1:colcon.colcon_core.package_identification:_identify(.) by extensions ['ros']
[0.100s] Level 1:colcon.colcon_core.package_identification:_identify(.) by extension 'ros'
[0.116s] Level 1:colcon.colcon_core.package_identification:_identify(.) by extensions ['cmake', 'python']
[0.116s] Level 1:colcon.colcon_core.package_identification:_identify(.) by extension 'cmake'
[0.116s] Level 1:colcon.colcon_core.package_identification:_identify(.) by extension 'python'
[0.116s] Level 1:colcon.colcon_core.package_identification:_identify(.) by extensions ['python_setup_py']
[0.116s] Level 1:colcon.colcon_core.package_identification:_identify(.) by extension 'python_setup_py'
[0.116s] Level 1:colcon.colcon_core.package_identification:_identify(build) by extensions ['ignore', 'ignore_ament_install']
[0.116s] Level 1:colcon.colcon_core.package_identification:_identify(build) by extension 'ignore'
[0.116s] Level 1:colcon.colcon_core.package_identification:_identify(build) ignored
[0.117s] Level 1:colcon.colcon_core.package_identification:_identify(install) by extensions ['ignore', 'ignore_ament_install']
[0.117s] Level 1:colcon.colcon_core.package_identification:_identify(install) by extension 'ignore'
[0.117s] Level 1:colcon.colcon_core.package_identification:_identify(install) ignored
[0.117s] Level 1:colcon.colcon_core.package_identification:_identify(log) by extensions ['ignore', 'ignore_ament_install']
[0.117s] Level 1:colcon.colcon_core.package_identification:_identify(log) by extension 'ignore'
[0.117s] Level 1:colcon.colcon_core.package_identification:_identify(log) ignored
[0.117s] Level 1:colcon.colcon_core.package_identification:_identify(logs) by extensions ['ignore', 'ignore_ament_install']
[0.117s] Level 1:colcon.colcon_core.package_identification:_identify(logs) by extension 'ignore'
[0.117s] Level 1:colcon.colcon_core.package_identification:_identify(logs) by extension 'ignore_ament_install'
[0.117s] Level 1:colcon.colcon_core.package_identification:_identify(logs) by extensions ['colcon_pkg']
[0.117s] Level 1:colcon.colcon_core.package_identification:_identify(logs) by extension 'colcon_pkg'
[0.117s] Level 1:colcon.colcon_core.package_identification:_identify(logs) by extensions ['colcon_meta']
[0.117s] Level 1:colcon.colcon_core.package_identification:_identify(logs) by extension 'colcon_meta'
[0.117s] Level 1:colcon.colcon_core.package_identification:_identify(logs) by extensions ['ros']
[0.117s] Level 1:colcon.colcon_core.package_identification:_identify(logs) by extension 'ros'
[0.117s] Level 1:colcon.colcon_core.package_identification:_identify(logs) by extensions ['cmake', 'python']
[0.117s] Level 1:colcon.colcon_core.package_identification:_identify(logs) by extension 'cmake'
[0.117s] Level 1:colcon.colcon_core.package_identification:_identify(logs) by extension 'python'
[0.117s] Level 1:colcon.colcon_core.package_identification:_identify(logs) by extensions ['python_setup_py']
[0.117s] Level 1:colcon.colcon_core.package_identification:_identify(logs) by extension 'python_setup_py'
[0.117s] Level 1:colcon.colcon_core.package_identification:_identify(src) by extensions ['ignore', 'ignore_ament_install']
[0.118s] Level 1:colcon.colcon_core.package_identification:_identify(src) by extension 'ignore'
[0.118s] Level 1:colcon.colcon_core.package_identification:_identify(src) by extension 'ignore_ament_install'
[0.118s] Level 1:colcon.colcon_core.package_identification:_identify(src) by extensions ['colcon_pkg']
[0.118s] Level 1:colcon.colcon_core.package_identification:_identify(src) by extension 'colcon_pkg'
[0.118s] Level 1:colcon.colcon_core.package_identification:_identify(src) by extensions ['colcon_meta']
[0.118s] Level 1:colcon.colcon_core.package_identification:_identify(src) by extension 'colcon_meta'
[0.118s] Level 1:colcon.colcon_core.package_identification:_identify(src) by extensions ['ros']
[0.118s] Level 1:colcon.colcon_core.package_identification:_identify(src) by extension 'ros'
[0.118s] Level 1:colcon.colcon_core.package_identification:_identify(src) by extensions ['cmake', 'python']
[0.118s] Level 1:colcon.colcon_core.package_identification:_identify(src) by extension 'cmake'
[0.118s] Level 1:colcon.colcon_core.package_identification:_identify(src) by extension 'python'
[0.118s] Level 1:colcon.colcon_core.package_identification:_identify(src) by extensions ['python_setup_py']
[0.118s] Level 1:colcon.colcon_core.package_identification:_identify(src) by extension 'python_setup_py'
[0.118s] Level 1:colcon.colcon_core.package_identification:_identify(src/gkv2_motor_bridge) by extensions ['ignore', 'ignore_ament_install']
[0.118s] Level 1:colcon.colcon_core.package_identification:_identify(src/gkv2_motor_bridge) by extension 'ignore'
[0.118s] Level 1:colcon.colcon_core.package_identification:_identify(src/gkv2_motor_bridge) by extension 'ignore_ament_install'
[0.118s] Level 1:colcon.colcon_core.package_identification:_identify(src/gkv2_motor_bridge) by extensions ['colcon_pkg']
[0.118s] Level 1:colcon.colcon_core.package_identification:_identify(src/gkv2_motor_bridge) by extension 'colcon_pkg'
[0.118s] Level 1:colcon.colcon_core.package_identification:_identify(src/gkv2_motor_bridge) by extensions ['colcon_meta']
[0.118s] Level 1:colcon.colcon_core.package_identification:_identify(src/gkv2_motor_bridge) by extension 'colcon_meta'
[0.118s] Level 1:colcon.colcon_core.package_identification:_identify(src/gkv2_motor_bridge) by extensions ['ros']
[0.118s] Level 1:colcon.colcon_core.package_identification:_identify(src/gkv2_motor_bridge) by extension 'ros'
[0.120s] DEBUG:colcon.colcon_core.package_identification:Package 'src/gkv2_motor_bridge' with type 'ros.ament_cmake' and name 'gkv2_motor_bridge'
[0.120s] Level 1:colcon.colcon_core.package_discovery:discover_packages(recursive) using defaults
[0.120s] Level 1:colcon.colcon_core.package_discovery:discover_packages(ignore) discover
[0.120s] Level 1:colcon.colcon_core.package_discovery:discover_packages(ignore) using defaults
[0.120s] Level 1:colcon.colcon_core.package_discovery:discover_packages(path) discover
[0.120s] Level 1:colcon.colcon_core.package_discovery:discover_packages(path) using defaults
[0.132s] Level 1:colcon.colcon_core.package_discovery:discover_packages(prefix_path) check parameters
[0.132s] Level 1:colcon.colcon_core.package_discovery:discover_packages(prefix_path) discover
[0.133s] DEBUG:colcon.colcon_installed_package_information.package_discovery:Found 1 installed packages in /home/nockorn/robokross_ws/install
[0.134s] DEBUG:colcon.colcon_installed_package_information.package_discovery:Found 287 installed packages in /opt/ros/jazzy
[0.135s] Level 1:colcon.colcon_core.package_discovery:discover_packages(prefix_path) using defaults
[0.163s] Level 5:colcon.colcon_core.verb:set package 'gkv2_motor_bridge' build argument 'cmake_args' from command line to 'None'
[0.163s] Level 5:colcon.colcon_core.verb:set package 'gkv2_motor_bridge' build argument 'cmake_target' from command line to 'None'
[0.163s] Level 5:colcon.colcon_core.verb:set package 'gkv2_motor_bridge' build argument 'cmake_target_skip_unavailable' from command line to 'False'
[0.163s] Level 5:colcon.colcon_core.verb:set package 'gkv2_motor_bridge' build argument 'cmake_clean_cache' from command line to 'False'
[0.163s] Level 5:colcon.colcon_core.verb:set package 'gkv2_motor_bridge' build argument 'cmake_clean_first' from command line to 'False'
[0.163s] Level 5:colcon.colcon_core.verb:set package 'gkv2_motor_bridge' build argument 'cmake_force_configure' from command line to 'False'
[0.163s] Level 5:colcon.colcon_core.verb:set package 'gkv2_motor_bridge' build argument 'ament_cmake_args' from command line to 'None'
[0.163s] Level 5:colcon.colcon_core.verb:set package 'gkv2_motor_bridge' build argument 'catkin_cmake_args' from command line to 'None'
[0.163s] Level 5:colcon.colcon_core.verb:set package 'gkv2_motor_bridge' build argument 'catkin_skip_building_tests' from command line to 'False'
[0.163s] DEBUG:colcon.colcon_core.verb:Building package 'gkv2_motor_bridge' with the following arguments: {'ament_cmake_args': None, 'build_base': '/home/nockorn/robokross_ws/build/gkv2_motor_bridge', 'catkin_cmake_args': None, 'catkin_skip_building_tests': False, 'cmake_args': None, 'cmake_clean_cache': False, 'cmake_clean_first': False, 'cmake_force_configure': False, 'cmake_target': None, 'cmake_target_skip_unavailable': False, 'install_base': '/home/nockorn/robokross_ws/install/gkv2_motor_bridge', 'merge_install': False, 'path': '/home/nockorn/robokross_ws/src/gkv2_motor_bridge', 'symlink_install': True, 'test_result_base': None}
[0.163s] INFO:colcon.colcon_core.executor:Executing jobs using 'parallel' executor
[0.164s] DEBUG:colcon.colcon_parallel_executor.executor.parallel:run_until_complete
[0.164s] INFO:colcon.colcon_ros.task.ament_cmake.build:Building ROS package in '/home/nockorn/robokross_ws/src/gkv2_motor_bridge' with build type 'ament_cmake'
[0.164s] INFO:colcon.colcon_cmake.task.cmake.build:Building CMake package in '/home/nockorn/robokross_ws/src/gkv2_motor_bridge'
[0.165s] INFO:colcon.colcon_core.plugin_system:Skipping extension 'colcon_core.shell.bat': Not used on non-Windows systems
[0.165s] INFO:colcon.colcon_core.shell:Skip shell extension 'powershell' for command environment: Not usable outside of PowerShell
[0.165s] DEBUG:colcon.colcon_core.shell:Skip shell extension 'dsv' for command environment
[0.171s] DEBUG:colcon.colcon_core.event_handler.log_command:Invoking command in '/home/nockorn/robokross_ws/build/gkv2_motor_bridge': CMAKE_PREFIX_PATH=${CMAKE_PREFIX_PATH}:/opt/ros/jazzy DEBUGINFOD_URLS=https://debuginfod.ubuntu.com /usr/bin/cmake --build /home/nockorn/robokross_ws/build/gkv2_motor_bridge -- -j12 -l12
[11.195s] DEBUG:colcon.colcon_core.event_handler.log_command:Invoked command in '/home/nockorn/robokross_ws/build/gkv2_motor_bridge' returned '0': CMAKE_PREFIX_PATH=${CMAKE_PREFIX_PATH}:/opt/ros/jazzy DEBUGINFOD_URLS=https://debuginfod.ubuntu.com /usr/bin/cmake --build /home/nockorn/robokross_ws/build/gkv2_motor_bridge -- -j12 -l12
[11.203s] DEBUG:colcon.colcon_core.event_handler.log_command:Invoking command in '/home/nockorn/robokross_ws/build/gkv2_motor_bridge': CMAKE_PREFIX_PATH=${CMAKE_PREFIX_PATH}:/opt/ros/jazzy DEBUGINFOD_URLS=https://debuginfod.ubuntu.com /usr/bin/cmake --install /home/nockorn/robokross_ws/build/gkv2_motor_bridge
[11.266s] Level 1:colcon.colcon_core.environment:create_environment_scripts_only(gkv2_motor_bridge)
[11.267s] DEBUG:colcon.colcon_core.event_handler.log_command:Invoked command in '/home/nockorn/robokross_ws/build/gkv2_motor_bridge' returned '0': CMAKE_PREFIX_PATH=${CMAKE_PREFIX_PATH}:/opt/ros/jazzy DEBUGINFOD_URLS=https://debuginfod.ubuntu.com /usr/bin/cmake --install /home/nockorn/robokross_ws/build/gkv2_motor_bridge
[11.268s] Level 1:colcon.colcon_core.environment:checking '/home/nockorn/robokross_ws/install/gkv2_motor_bridge' for CMake module files
[11.269s] Level 1:colcon.colcon_core.environment:checking '/home/nockorn/robokross_ws/install/gkv2_motor_bridge' for CMake config files
[11.270s] Level 1:colcon.colcon_core.shell:create_environment_hook('gkv2_motor_bridge', 'cmake_prefix_path')
[11.270s] INFO:colcon.colcon_core.shell:Creating environment hook '/home/nockorn/robokross_ws/install/gkv2_motor_bridge/share/gkv2_motor_bridge/hook/cmake_prefix_path.ps1'
[11.270s] INFO:colcon.colcon_core.shell:Creating environment descriptor '/home/nockorn/robokross_ws/install/gkv2_motor_bridge/share/gkv2_motor_bridge/hook/cmake_prefix_path.dsv'
[11.270s] INFO:colcon.colcon_core.shell:Creating environment hook '/home/nockorn/robokross_ws/install/gkv2_motor_bridge/share/gkv2_motor_bridge/hook/cmake_prefix_path.sh'
[11.271s] Level 1:colcon.colcon_core.environment:checking '/home/nockorn/robokross_ws/install/gkv2_motor_bridge/lib'
[11.271s] Level 1:colcon.colcon_core.shell:create_environment_hook('gkv2_motor_bridge', 'ld_library_path_lib')
[11.271s] INFO:colcon.colcon_core.shell:Creating environment hook '/home/nockorn/robokross_ws/install/gkv2_motor_bridge/share/gkv2_motor_bridge/hook/ld_library_path_lib.ps1'
[11.271s] INFO:colcon.colcon_core.shell:Creating environment descriptor '/home/nockorn/robokross_ws/install/gkv2_motor_bridge/share/gkv2_motor_bridge/hook/ld_library_path_lib.dsv'
[11.272s] INFO:colcon.colcon_core.shell:Creating environment hook '/home/nockorn/robokross_ws/install/gkv2_motor_bridge/share/gkv2_motor_bridge/hook/ld_library_path_lib.sh'
[11.272s] Level 1:colcon.colcon_core.environment:checking '/home/nockorn/robokross_ws/install/gkv2_motor_bridge/bin'
[11.272s] Level 1:colcon.colcon_core.environment:checking '/home/nockorn/robokross_ws/install/gkv2_motor_bridge/lib/pkgconfig/gkv2_motor_bridge.pc'
[11.272s] Level 1:colcon.colcon_core.environment:checking '/home/nockorn/robokross_ws/install/gkv2_motor_bridge/lib/python3.12/site-packages'
[11.272s] Level 1:colcon.colcon_core.shell:create_environment_hook('gkv2_motor_bridge', 'pythonpath')
[11.272s] INFO:colcon.colcon_core.shell:Creating environment hook '/home/nockorn/robokross_ws/install/gkv2_motor_bridge/share/gkv2_motor_bridge/hook/pythonpath.ps1'
[11.273s] INFO:colcon.colcon_core.shell:Creating environment descriptor '/home/nockorn/robokross_ws/install/gkv2_motor_bridge/share/gkv2_motor_bridge/hook/pythonpath.dsv'
[11.273s] INFO:colcon.colcon_core.shell:Creating environment hook '/home/nockorn/robokross_ws/install/gkv2_motor_bridge/share/gkv2_motor_bridge/hook/pythonpath.sh'
[11.273s] Level 1:colcon.colcon_core.environment:checking '/home/nockorn/robokross_ws/install/gkv2_motor_bridge/bin'
[11.273s] INFO:colcon.colcon_core.shell:Creating package script '/home/nockorn/robokross_ws/install/gkv2_motor_bridge/share/gkv2_motor_bridge/package.ps1'
[11.274s] INFO:colcon.colcon_core.shell:Creating package descriptor '/home/nockorn/robokross_ws/install/gkv2_motor_bridge/share/gkv2_motor_bridge/package.dsv'
[11.274s] INFO:colcon.colcon_core.shell:Creating package script '/home/nockorn/robokross_ws/install/gkv2_motor_bridge/share/gkv2_motor_bridge/package.sh'
[11.275s] INFO:colcon.colcon_core.shell:Creating package script '/home/nockorn/robokross_ws/install/gkv2_motor_bridge/share/gkv2_motor_bridge/package.bash'
[11.275s] INFO:colcon.colcon_core.shell:Creating package script '/home/nockorn/robokross_ws/install/gkv2_motor_bridge/share/gkv2_motor_bridge/package.zsh'
[11.276s] Level 1:colcon.colcon_core.environment:create_file_with_runtime_dependencies(/home/nockorn/robokross_ws/install/gkv2_motor_bridge/share/colcon-core/packages/gkv2_motor_bridge)
[11.276s] Level 1:colcon.colcon_core.environment:create_environment_scripts_only(gkv2_motor_bridge)
[11.276s] Level 1:colcon.colcon_core.environment:checking '/home/nockorn/robokross_ws/install/gkv2_motor_bridge' for CMake module files
[11.277s] Level 1:colcon.colcon_core.environment:checking '/home/nockorn/robokross_ws/install/gkv2_motor_bridge' for CMake config files
[11.277s] Level 1:colcon.colcon_core.shell:create_environment_hook('gkv2_motor_bridge', 'cmake_prefix_path')
[11.277s] INFO:colcon.colcon_core.shell:Creating environment hook '/home/nockorn/robokross_ws/install/gkv2_motor_bridge/share/gkv2_motor_bridge/hook/cmake_prefix_path.ps1'
[11.278s] INFO:colcon.colcon_core.shell:Creating environment descriptor '/home/nockorn/robokross_ws/install/gkv2_motor_bridge/share/gkv2_motor_bridge/hook/cmake_prefix_path.dsv'
[11.278s] INFO:colcon.colcon_core.shell:Creating environment hook '/home/nockorn/robokross_ws/install/gkv2_motor_bridge/share/gkv2_motor_bridge/hook/cmake_prefix_path.sh'
[11.278s] Level 1:colcon.colcon_core.environment:checking '/home/nockorn/robokross_ws/install/gkv2_motor_bridge/lib'
[11.278s] Level 1:colcon.colcon_core.shell:create_environment_hook('gkv2_motor_bridge', 'ld_library_path_lib')
[11.278s] INFO:colcon.colcon_core.shell:Creating environment hook '/home/nockorn/robokross_ws/install/gkv2_motor_bridge/share/gkv2_motor_bridge/hook/ld_library_path_lib.ps1'
[11.279s] INFO:colcon.colcon_core.shell:Creating environment descriptor '/home/nockorn/robokross_ws/install/gkv2_motor_bridge/share/gkv2_motor_bridge/hook/ld_library_path_lib.dsv'
[11.279s] INFO:colcon.colcon_core.shell:Creating environment hook '/home/nockorn/robokross_ws/install/gkv2_motor_bridge/share/gkv2_motor_bridge/hook/ld_library_path_lib.sh'
[11.279s] Level 1:colcon.colcon_core.environment:checking '/home/nockorn/robokross_ws/install/gkv2_motor_bridge/bin'
[11.279s] Level 1:colcon.colcon_core.environment:checking '/home/nockorn/robokross_ws/install/gkv2_motor_bridge/lib/pkgconfig/gkv2_motor_bridge.pc'
[11.280s] Level 1:colcon.colcon_core.environment:checking '/home/nockorn/robokross_ws/install/gkv2_motor_bridge/lib/python3.12/site-packages'
[11.280s] Level 1:colcon.colcon_core.shell:create_environment_hook('gkv2_motor_bridge', 'pythonpath')
[11.280s] INFO:colcon.colcon_core.shell:Creating environment hook '/home/nockorn/robokross_ws/install/gkv2_motor_bridge/share/gkv2_motor_bridge/hook/pythonpath.ps1'
[11.280s] INFO:colcon.colcon_core.shell:Creating environment descriptor '/home/nockorn/robokross_ws/install/gkv2_motor_bridge/share/gkv2_motor_bridge/hook/pythonpath.dsv'
[11.280s] INFO:colcon.colcon_core.shell:Creating environment hook '/home/nockorn/robokross_ws/install/gkv2_motor_bridge/share/gkv2_motor_bridge/hook/pythonpath.sh'
[11.281s] Level 1:colcon.colcon_core.environment:checking '/home/nockorn/robokross_ws/install/gkv2_motor_bridge/bin'
[11.281s] INFO:colcon.colcon_core.shell:Creating package script '/home/nockorn/robokross_ws/install/gkv2_motor_bridge/share/gkv2_motor_bridge/package.ps1'
[11.281s] INFO:colcon.colcon_core.shell:Creating package descriptor '/home/nockorn/robokross_ws/install/gkv2_motor_bridge/share/gkv2_motor_bridge/package.dsv'
[11.281s] INFO:colcon.colcon_core.shell:Creating package script '/home/nockorn/robokross_ws/install/gkv2_motor_bridge/share/gkv2_motor_bridge/package.sh'
[11.282s] INFO:colcon.colcon_core.shell:Creating package script '/home/nockorn/robokross_ws/install/gkv2_motor_bridge/share/gkv2_motor_bridge/package.bash'
[11.282s] INFO:colcon.colcon_core.shell:Creating package script '/home/nockorn/robokross_ws/install/gkv2_motor_bridge/share/gkv2_motor_bridge/package.zsh'
[11.282s] Level 1:colcon.colcon_core.environment:create_file_with_runtime_dependencies(/home/nockorn/robokross_ws/install/gkv2_motor_bridge/share/colcon-core/packages/gkv2_motor_bridge)
[11.282s] DEBUG:colcon.colcon_parallel_executor.executor.parallel:closing loop
[11.283s] DEBUG:colcon.colcon_parallel_executor.executor.parallel:loop closed
[11.283s] DEBUG:colcon.colcon_parallel_executor.executor.parallel:run_until_complete finished with '0'
[11.283s] DEBUG:colcon.colcon_core.event_reactor:joining thread
[11.287s] INFO:colcon.colcon_core.plugin_system:Skipping extension 'colcon_notification.desktop_notification.terminal_notifier': Not used on non-Darwin systems
[11.287s] INFO:colcon.colcon_core.plugin_system:Skipping extension 'colcon_notification.desktop_notification.win32': Not used on non-Windows systems
[11.287s] INFO:colcon.colcon_notification.desktop_notification:Sending desktop notification using 'notify2'
[11.297s] DEBUG:colcon.colcon_core.event_reactor:joined thread
[11.297s] INFO:colcon.colcon_core.shell:Creating prefix script '/home/nockorn/robokross_ws/install/local_setup.ps1'
[11.298s] INFO:colcon.colcon_core.shell:Creating prefix util module '/home/nockorn/robokross_ws/install/_local_setup_util_ps1.py'
[11.299s] INFO:colcon.colcon_core.shell:Creating prefix chain script '/home/nockorn/robokross_ws/install/setup.ps1'
[11.299s] INFO:colcon.colcon_core.shell:Creating prefix script '/home/nockorn/robokross_ws/install/local_setup.sh'
[11.300s] INFO:colcon.colcon_core.shell:Creating prefix util module '/home/nockorn/robokross_ws/install/_local_setup_util_sh.py'
[11.300s] INFO:colcon.colcon_core.shell:Creating prefix chain script '/home/nockorn/robokross_ws/install/setup.sh'
[11.301s] INFO:colcon.colcon_core.shell:Creating prefix script '/home/nockorn/robokross_ws/install/local_setup.bash'
[11.301s] INFO:colcon.colcon_core.shell:Creating prefix chain script '/home/nockorn/robokross_ws/install/setup.bash'
[11.301s] INFO:colcon.colcon_core.shell:Creating prefix script '/home/nockorn/robokross_ws/install/local_setup.zsh'
[11.302s] INFO:colcon.colcon_core.shell:Creating prefix chain script '/home/nockorn/robokross_ws/install/setup.zsh'
