[0.077s] DEBUG:colcon:Command line arguments: ['/usr/bin/colcon', 'build', '--packages-select', 'robokross_navigation']
[0.077s] DEBUG:colcon:Parsed command line arguments: Namespace(log_base=None, log_level=None, verb_name='build', build_base='build', install_base='install', merge_install=False, symlink_install=False, test_result_base=None, continue_on_error=False, executor='parallel', parallel_workers=12, event_handlers=None, ignore_user_meta=False, metas=['./colcon.meta'], base_paths=['.'], packages_ignore=None, packages_ignore_regex=None, paths=None, packages_up_to=None, packages_up_to_regex=None, packages_above=None, packages_above_and_dependencies=None, packages_above_depth=None, packages_select_by_dep=None, packages_skip_by_dep=None, packages_skip_up_to=None, packages_select_build_failed=False, packages_skip_build_finished=False, packages_select_test_failures=False, packages_skip_test_passed=False, packages_select=['robokross_navigation'], packages_skip=None, packages_select_regex=None, packages_skip_regex=None, packages_start=None, packages_end=None, allow_overriding=[], cmake_args=None, cmake_target=None, cmake_target_skip_unavailable=False, cmake_clean_cache=False, cmake_clean_first=False, cmake_force_configure=False, ament_cmake_args=None, catkin_cmake_args=None, catkin_skip_building_tests=False, mixin_files=None, mixin=None, verb_parser=<colcon_mixin.mixin.mixin_argument.MixinArgumentDecorator object at 0x753cbab9c8f0>, verb_extension=<colcon_core.verb.build.BuildVerb object at 0x753cbab9c200>, main=<bound method BuildVerb.main of <colcon_core.verb.build.BuildVerb object at 0x753cbab9c200>>, mixin_verb=('build',))
[0.106s] Level 1:colcon.colcon_core.package_discovery:discover_packages(colcon_meta) check parameters
[0.107s] Level 1:colcon.colcon_core.package_discovery:discover_packages(recursive) check parameters
[0.107s] Level 1:colcon.colcon_core.package_discovery:discover_packages(ignore) check parameters
[0.107s] Level 1:colcon.colcon_core.package_discovery:discover_packages(path) check parameters
[0.107s] Level 1:colcon.colcon_core.package_discovery:discover_packages(colcon_meta) discover
[0.107s] Level 1:colcon.colcon_core.package_discovery:discover_packages(recursive) discover
[0.107s] INFO:colcon.colcon_core.package_discovery:Crawling recursively for packages in '/home/nockorn/robocross_all/robokross_ws'
[0.107s] Level 1:colcon.colcon_core.package_identification:_identify(.) by extensions ['ignore', 'ignore_ament_install']
[0.107s] Level 1:colcon.colcon_core.package_identification:_identify(.) by extension 'ignore'
[0.107s] Level 1:colcon.colcon_core.package_identification:_identify(.) by extension 'ignore_ament_install'
[0.107s] Level 1:colcon.colcon_core.package_identification:_identify(.) by extensions ['colcon_pkg']
[0.107s] Level 1:colcon.colcon_core.package_identification:_identify(.) by extension 'colcon_pkg'
[0.107s] Level 1:colcon.colcon_core.package_identification:_identify(.) by extensions ['colcon_meta']
[0.107s] Level 1:colcon.colcon_core.package_identification:_identify(.) by extension 'colcon_meta'
[0.107s] Level 1:colcon.colcon_core.package_identification:_identify(.) by extensions ['ros']
[0.107s] Level 1:colcon.colcon_core.package_identification:_identify(.) by extension 'ros'
[0.126s] Level 1:colcon.colcon_core.package_identification:_identify(.) by extensions ['cmake', 'python']
[0.126s] Level 1:colcon.colcon_core.package_identification:_identify(.) by extension 'cmake'
[0.127s] Level 1:colcon.colcon_core.package_identification:_identify(.) by extension 'python'
[0.127s] Level 1:colcon.colcon_core.package_identification:_identify(.) by extensions ['python_setup_py']
[0.127s] Level 1:colcon.colcon_core.package_identification:_identify(.) by extension 'python_setup_py'
[0.127s] Level 1:colcon.colcon_core.package_identification:_identify(build) by extensions ['ignore', 'ignore_ament_install']
[0.127s] Level 1:colcon.colcon_core.package_identification:_identify(build) by extension 'ignore'
[0.127s] Level 1:colcon.colcon_core.package_identification:_identify(build) ignored
[0.127s] Level 1:colcon.colcon_core.package_identification:_identify(install) by extensions ['ignore', 'ignore_ament_install']
[0.127s] Level 1:colcon.colcon_core.package_identification:_identify(install) by extension 'ignore'
[0.127s] Level 1:colcon.colcon_core.package_identification:_identify(install) ignored
[0.127s] Level 1:colcon.colcon_core.package_identification:_identify(log) by extensions ['ignore', 'ignore_ament_install']
[0.127s] Level 1:colcon.colcon_core.package_identification:_identify(log) by extension 'ignore'
[0.127s] Level 1:colcon.colcon_core.package_identification:_identify(log) ignored
[0.127s] Level 1:colcon.colcon_core.package_identification:_identify(logs) by extensions ['ignore', 'ignore_ament_install']
[0.127s] Level 1:colcon.colcon_core.package_identification:_identify(logs) by extension 'ignore'
[0.127s] Level 1:colcon.colcon_core.package_identification:_identify(logs) by extension 'ignore_ament_install'
[0.128s] Level 1:colcon.colcon_core.package_identification:_identify(logs) by extensions ['colcon_pkg']
[0.128s] Level 1:colcon.colcon_core.package_identification:_identify(logs) by extension 'colcon_pkg'
[0.128s] Level 1:colcon.colcon_core.package_identification:_identify(logs) by extensions ['colcon_meta']
[0.128s] Level 1:colcon.colcon_core.package_identification:_identify(logs) by extension 'colcon_meta'
[0.128s] Level 1:colcon.colcon_core.package_identification:_identify(logs) by extensions ['ros']
[0.128s] Level 1:colcon.colcon_core.package_identification:_identify(logs) by extension 'ros'
[0.128s] Level 1:colcon.colcon_core.package_identification:_identify(logs) by extensions ['cmake', 'python']
[0.128s] Level 1:colcon.colcon_core.package_identification:_identify(logs) by extension 'cmake'
[0.128s] Level 1:colcon.colcon_core.package_identification:_identify(logs) by extension 'python'
[0.128s] Level 1:colcon.colcon_core.package_identification:_identify(logs) by extensions ['python_setup_py']
[0.128s] Level 1:colcon.colcon_core.package_identification:_identify(logs) by extension 'python_setup_py'
[0.128s] Level 1:colcon.colcon_core.package_identification:_identify(plc_ss_interface) by extensions ['ignore', 'ignore_ament_install']
[0.128s] Level 1:colcon.colcon_core.package_identification:_identify(plc_ss_interface) by extension 'ignore'
[0.128s] Level 1:colcon.colcon_core.package_identification:_identify(plc_ss_interface) by extension 'ignore_ament_install'
[0.128s] Level 1:colcon.colcon_core.package_identification:_identify(plc_ss_interface) by extensions ['colcon_pkg']
[0.128s] Level 1:colcon.colcon_core.package_identification:_identify(plc_ss_interface) by extension 'colcon_pkg'
[0.128s] Level 1:colcon.colcon_core.package_identification:_identify(plc_ss_interface) by extensions ['colcon_meta']
[0.128s] Level 1:colcon.colcon_core.package_identification:_identify(plc_ss_interface) by extension 'colcon_meta'
[0.128s] Level 1:colcon.colcon_core.package_identification:_identify(plc_ss_interface) by extensions ['ros']
[0.128s] Level 1:colcon.colcon_core.package_identification:_identify(plc_ss_interface) by extension 'ros'
[0.128s] Level 1:colcon.colcon_core.package_identification:_identify(plc_ss_interface) by extensions ['cmake', 'python']
[0.128s] Level 1:colcon.colcon_core.package_identification:_identify(plc_ss_interface) by extension 'cmake'
[0.128s] Level 1:colcon.colcon_core.package_identification:_identify(plc_ss_interface) by extension 'python'
[0.128s] Level 1:colcon.colcon_core.package_identification:_identify(plc_ss_interface) by extensions ['python_setup_py']
[0.128s] Level 1:colcon.colcon_core.package_identification:_identify(plc_ss_interface) by extension 'python_setup_py'
[0.128s] Level 1:colcon.colcon_core.package_identification:_identify(plc_ss_interface/plc_ss_interface) by extensions ['ignore', 'ignore_ament_install']
[0.129s] Level 1:colcon.colcon_core.package_identification:_identify(plc_ss_interface/plc_ss_interface) by extension 'ignore'
[0.129s] Level 1:colcon.colcon_core.package_identification:_identify(plc_ss_interface/plc_ss_interface) by extension 'ignore_ament_install'
[0.129s] Level 1:colcon.colcon_core.package_identification:_identify(plc_ss_interface/plc_ss_interface) by extensions ['colcon_pkg']
[0.129s] Level 1:colcon.colcon_core.package_identification:_identify(plc_ss_interface/plc_ss_interface) by extension 'colcon_pkg'
[0.129s] Level 1:colcon.colcon_core.package_identification:_identify(plc_ss_interface/plc_ss_interface) by extensions ['colcon_meta']
[0.129s] Level 1:colcon.colcon_core.package_identification:_identify(plc_ss_interface/plc_ss_interface) by extension 'colcon_meta'
[0.129s] Level 1:colcon.colcon_core.package_identification:_identify(plc_ss_interface/plc_ss_interface) by extensions ['ros']
[0.129s] Level 1:colcon.colcon_core.package_identification:_identify(plc_ss_interface/plc_ss_interface) by extension 'ros'
[0.131s] DEBUG:colcon.colcon_core.package_identification:Package 'plc_ss_interface/plc_ss_interface' with type 'ros.ament_python' and name 'plc_ss_interface'
[0.131s] Level 1:colcon.colcon_core.package_identification:_identify(src) by extensions ['ignore', 'ignore_ament_install']
[0.131s] Level 1:colcon.colcon_core.package_identification:_identify(src) by extension 'ignore'
[0.131s] Level 1:colcon.colcon_core.package_identification:_identify(src) by extension 'ignore_ament_install'
[0.131s] Level 1:colcon.colcon_core.package_identification:_identify(src) by extensions ['colcon_pkg']
[0.131s] Level 1:colcon.colcon_core.package_identification:_identify(src) by extension 'colcon_pkg'
[0.131s] Level 1:colcon.colcon_core.package_identification:_identify(src) by extensions ['colcon_meta']
[0.131s] Level 1:colcon.colcon_core.package_identification:_identify(src) by extension 'colcon_meta'
[0.131s] Level 1:colcon.colcon_core.package_identification:_identify(src) by extensions ['ros']
[0.131s] Level 1:colcon.colcon_core.package_identification:_identify(src) by extension 'ros'
[0.131s] Level 1:colcon.colcon_core.package_identification:_identify(src) by extensions ['cmake', 'python']
[0.131s] Level 1:colcon.colcon_core.package_identification:_identify(src) by extension 'cmake'
[0.131s] Level 1:colcon.colcon_core.package_identification:_identify(src) by extension 'python'
[0.131s] Level 1:colcon.colcon_core.package_identification:_identify(src) by extensions ['python_setup_py']
[0.131s] Level 1:colcon.colcon_core.package_identification:_identify(src) by extension 'python_setup_py'
[0.131s] Level 1:colcon.colcon_core.package_identification:_identify(src/build) by extensions ['ignore', 'ignore_ament_install']
[0.131s] Level 1:colcon.colcon_core.package_identification:_identify(src/build) by extension 'ignore'
[0.131s] Level 1:colcon.colcon_core.package_identification:_identify(src/build) ignored
[0.131s] Level 1:colcon.colcon_core.package_identification:_identify(src/gkv2_motor_bridge) by extensions ['ignore', 'ignore_ament_install']
[0.132s] Level 1:colcon.colcon_core.package_identification:_identify(src/gkv2_motor_bridge) by extension 'ignore'
[0.132s] Level 1:colcon.colcon_core.package_identification:_identify(src/gkv2_motor_bridge) by extension 'ignore_ament_install'
[0.132s] Level 1:colcon.colcon_core.package_identification:_identify(src/gkv2_motor_bridge) by extensions ['colcon_pkg']
[0.132s] Level 1:colcon.colcon_core.package_identification:_identify(src/gkv2_motor_bridge) by extension 'colcon_pkg'
[0.132s] Level 1:colcon.colcon_core.package_identification:_identify(src/gkv2_motor_bridge) by extensions ['colcon_meta']
[0.132s] Level 1:colcon.colcon_core.package_identification:_identify(src/gkv2_motor_bridge) by extension 'colcon_meta'
[0.132s] Level 1:colcon.colcon_core.package_identification:_identify(src/gkv2_motor_bridge) by extensions ['ros']
[0.132s] Level 1:colcon.colcon_core.package_identification:_identify(src/gkv2_motor_bridge) by extension 'ros'
[0.132s] DEBUG:colcon.colcon_core.package_identification:Package 'src/gkv2_motor_bridge' with type 'ros.ament_cmake' and name 'gkv2_motor_bridge'
[0.132s] Level 1:colcon.colcon_core.package_identification:_identify(src/install) by extensions ['ignore', 'ignore_ament_install']
[0.133s] Level 1:colcon.colcon_core.package_identification:_identify(src/install) by extension 'ignore'
[0.133s] Level 1:colcon.colcon_core.package_identification:_identify(src/install) ignored
[0.133s] Level 1:colcon.colcon_core.package_identification:_identify(src/log) by extensions ['ignore', 'ignore_ament_install']
[0.133s] Level 1:colcon.colcon_core.package_identification:_identify(src/log) by extension 'ignore'
[0.133s] Level 1:colcon.colcon_core.package_identification:_identify(src/log) ignored
[0.133s] Level 1:colcon.colcon_core.package_identification:_identify(src/robokross_navigation) by extensions ['ignore', 'ignore_ament_install']
[0.133s] Level 1:colcon.colcon_core.package_identification:_identify(src/robokross_navigation) by extension 'ignore'
[0.133s] Level 1:colcon.colcon_core.package_identification:_identify(src/robokross_navigation) by extension 'ignore_ament_install'
[0.133s] Level 1:colcon.colcon_core.package_identification:_identify(src/robokross_navigation) by extensions ['colcon_pkg']
[0.133s] Level 1:colcon.colcon_core.package_identification:_identify(src/robokross_navigation) by extension 'colcon_pkg'
[0.133s] Level 1:colcon.colcon_core.package_identification:_identify(src/robokross_navigation) by extensions ['colcon_meta']
[0.133s] Level 1:colcon.colcon_core.package_identification:_identify(src/robokross_navigation) by extension 'colcon_meta'
[0.133s] Level 1:colcon.colcon_core.package_identification:_identify(src/robokross_navigation) by extensions ['ros']
[0.133s] Level 1:colcon.colcon_core.package_identification:_identify(src/robokross_navigation) by extension 'ros'
[0.134s] DEBUG:colcon.colcon_core.package_identification:Package 'src/robokross_navigation' with type 'ros.ament_cmake' and name 'robokross_navigation'
[0.134s] Level 1:colcon.colcon_core.package_discovery:discover_packages(recursive) using defaults
[0.134s] Level 1:colcon.colcon_core.package_discovery:discover_packages(ignore) discover
[0.134s] Level 1:colcon.colcon_core.package_discovery:discover_packages(ignore) using defaults
[0.134s] Level 1:colcon.colcon_core.package_discovery:discover_packages(path) discover
[0.134s] Level 1:colcon.colcon_core.package_discovery:discover_packages(path) using defaults
[0.148s] INFO:colcon.colcon_core.package_selection:Skipping not selected package 'gkv2_motor_bridge' in 'src/gkv2_motor_bridge'
[0.148s] INFO:colcon.colcon_core.package_selection:Skipping not selected package 'plc_ss_interface' in 'plc_ss_interface/plc_ss_interface'
[0.148s] Level 1:colcon.colcon_core.package_discovery:discover_packages(prefix_path) check parameters
[0.148s] Level 1:colcon.colcon_core.package_discovery:discover_packages(prefix_path) discover
[0.150s] DEBUG:colcon.colcon_installed_package_information.package_discovery:Found 287 installed packages in /opt/ros/jazzy
[0.151s] Level 1:colcon.colcon_core.package_discovery:discover_packages(prefix_path) using defaults
[0.187s] Level 5:colcon.colcon_core.verb:set package 'robokross_navigation' build argument 'cmake_args' from command line to 'None'
[0.187s] Level 5:colcon.colcon_core.verb:set package 'robokross_navigation' build argument 'cmake_target' from command line to 'None'
[0.187s] Level 5:colcon.colcon_core.verb:set package 'robokross_navigation' build argument 'cmake_target_skip_unavailable' from command line to 'False'
[0.187s] Level 5:colcon.colcon_core.verb:set package 'robokross_navigation' build argument 'cmake_clean_cache' from command line to 'False'
[0.187s] Level 5:colcon.colcon_core.verb:set package 'robokross_navigation' build argument 'cmake_clean_first' from command line to 'False'
[0.187s] Level 5:colcon.colcon_core.verb:set package 'robokross_navigation' build argument 'cmake_force_configure' from command line to 'False'
[0.187s] Level 5:colcon.colcon_core.verb:set package 'robokross_navigation' build argument 'ament_cmake_args' from command line to 'None'
[0.187s] Level 5:colcon.colcon_core.verb:set package 'robokross_navigation' build argument 'catkin_cmake_args' from command line to 'None'
[0.187s] Level 5:colcon.colcon_core.verb:set package 'robokross_navigation' build argument 'catkin_skip_building_tests' from command line to 'False'
[0.187s] DEBUG:colcon.colcon_core.verb:Building package 'robokross_navigation' with the following arguments: {'ament_cmake_args': None, 'build_base': '/home/nockorn/robocross_all/robokross_ws/build/robokross_navigation', 'catkin_cmake_args': None, 'catkin_skip_building_tests': False, 'cmake_args': None, 'cmake_clean_cache': False, 'cmake_clean_first': False, 'cmake_force_configure': False, 'cmake_target': None, 'cmake_target_skip_unavailable': False, 'install_base': '/home/nockorn/robocross_all/robokross_ws/install/robokross_navigation', 'merge_install': False, 'path': '/home/nockorn/robocross_all/robokross_ws/src/robokross_navigation', 'symlink_install': False, 'test_result_base': None}
[0.187s] INFO:colcon.colcon_core.executor:Executing jobs using 'parallel' executor
[0.188s] DEBUG:colcon.colcon_parallel_executor.executor.parallel:run_until_complete
[0.188s] INFO:colcon.colcon_ros.task.ament_cmake.build:Building ROS package in '/home/nockorn/robocross_all/robokross_ws/src/robokross_navigation' with build type 'ament_cmake'
[0.188s] INFO:colcon.colcon_cmake.task.cmake.build:Building CMake package in '/home/nockorn/robocross_all/robokross_ws/src/robokross_navigation'
[0.190s] INFO:colcon.colcon_core.plugin_system:Skipping extension 'colcon_core.shell.bat': Not used on non-Windows systems
[0.190s] INFO:colcon.colcon_core.shell:Skip shell extension 'powershell' for command environment: Not usable outside of PowerShell
[0.190s] DEBUG:colcon.colcon_core.shell:Skip shell extension 'dsv' for command environment
[0.197s] DEBUG:colcon.colcon_core.event_handler.log_command:Invoking command in '/home/nockorn/robocross_all/robokross_ws/build/robokross_navigation': CMAKE_PREFIX_PATH=${CMAKE_PREFIX_PATH}:/opt/ros/jazzy DEBUGINFOD_URLS=https://debuginfod.ubuntu.com /usr/bin/cmake --build /home/nockorn/robocross_all/robokross_ws/build/robokross_navigation -- -j12 -l12
[9.793s] DEBUG:colcon.colcon_core.event_handler.log_command:Invoked command in '/home/nockorn/robocross_all/robokross_ws/build/robokross_navigation' returned '0': CMAKE_PREFIX_PATH=${CMAKE_PREFIX_PATH}:/opt/ros/jazzy DEBUGINFOD_URLS=https://debuginfod.ubuntu.com /usr/bin/cmake --build /home/nockorn/robocross_all/robokross_ws/build/robokross_navigation -- -j12 -l12
[9.800s] DEBUG:colcon.colcon_core.event_handler.log_command:Invoking command in '/home/nockorn/robocross_all/robokross_ws/build/robokross_navigation': CMAKE_PREFIX_PATH=${CMAKE_PREFIX_PATH}:/opt/ros/jazzy DEBUGINFOD_URLS=https://debuginfod.ubuntu.com /usr/bin/cmake --install /home/nockorn/robocross_all/robokross_ws/build/robokross_navigation
[9.818s] Level 1:colcon.colcon_core.environment:create_environment_scripts_only(robokross_navigation)
[9.818s] DEBUG:colcon.colcon_core.event_handler.log_command:Invoked command in '/home/nockorn/robocross_all/robokross_ws/build/robokross_navigation' returned '0': CMAKE_PREFIX_PATH=${CMAKE_PREFIX_PATH}:/opt/ros/jazzy DEBUGINFOD_URLS=https://debuginfod.ubuntu.com /usr/bin/cmake --install /home/nockorn/robocross_all/robokross_ws/build/robokross_navigation
[9.820s] Level 1:colcon.colcon_core.environment:checking '/home/nockorn/robocross_all/robokross_ws/install/robokross_navigation' for CMake module files
[9.820s] Level 1:colcon.colcon_core.environment:checking '/home/nockorn/robocross_all/robokross_ws/install/robokross_navigation' for CMake config files
[9.821s] Level 1:colcon.colcon_core.shell:create_environment_hook('robokross_navigation', 'cmake_prefix_path')
[9.821s] INFO:colcon.colcon_core.shell:Creating environment hook '/home/nockorn/robocross_all/robokross_ws/install/robokross_navigation/share/robokross_navigation/hook/cmake_prefix_path.ps1'
[9.821s] INFO:colcon.colcon_core.shell:Creating environment descriptor '/home/nockorn/robocross_all/robokross_ws/install/robokross_navigation/share/robokross_navigation/hook/cmake_prefix_path.dsv'
[9.821s] INFO:colcon.colcon_core.shell:Creating environment hook '/home/nockorn/robocross_all/robokross_ws/install/robokross_navigation/share/robokross_navigation/hook/cmake_prefix_path.sh'
[9.822s] Level 1:colcon.colcon_core.environment:checking '/home/nockorn/robocross_all/robokross_ws/install/robokross_navigation/lib'
[9.822s] Level 1:colcon.colcon_core.environment:checking '/home/nockorn/robocross_all/robokross_ws/install/robokross_navigation/bin'
[9.822s] Level 1:colcon.colcon_core.environment:checking '/home/nockorn/robocross_all/robokross_ws/install/robokross_navigation/lib/pkgconfig/robokross_navigation.pc'
[9.822s] Level 1:colcon.colcon_core.environment:checking '/home/nockorn/robocross_all/robokross_ws/install/robokross_navigation/lib/python3.12/site-packages'
[9.823s] Level 1:colcon.colcon_core.environment:checking '/home/nockorn/robocross_all/robokross_ws/install/robokross_navigation/bin'
[9.823s] INFO:colcon.colcon_core.shell:Creating package script '/home/nockorn/robocross_all/robokross_ws/install/robokross_navigation/share/robokross_navigation/package.ps1'
[9.823s] INFO:colcon.colcon_core.shell:Creating package descriptor '/home/nockorn/robocross_all/robokross_ws/install/robokross_navigation/share/robokross_navigation/package.dsv'
[9.824s] INFO:colcon.colcon_core.shell:Creating package script '/home/nockorn/robocross_all/robokross_ws/install/robokross_navigation/share/robokross_navigation/package.sh'
[9.824s] INFO:colcon.colcon_core.shell:Creating package script '/home/nockorn/robocross_all/robokross_ws/install/robokross_navigation/share/robokross_navigation/package.bash'
[9.825s] INFO:colcon.colcon_core.shell:Creating package script '/home/nockorn/robocross_all/robokross_ws/install/robokross_navigation/share/robokross_navigation/package.zsh'
[9.825s] Level 1:colcon.colcon_core.environment:create_file_with_runtime_dependencies(/home/nockorn/robocross_all/robokross_ws/install/robokross_navigation/share/colcon-core/packages/robokross_navigation)
[9.826s] Level 1:colcon.colcon_core.environment:create_environment_scripts_only(robokross_navigation)
[9.826s] Level 1:colcon.colcon_core.environment:checking '/home/nockorn/robocross_all/robokross_ws/install/robokross_navigation' for CMake module files
[9.826s] Level 1:colcon.colcon_core.environment:checking '/home/nockorn/robocross_all/robokross_ws/install/robokross_navigation' for CMake config files
[9.826s] Level 1:colcon.colcon_core.shell:create_environment_hook('robokross_navigation', 'cmake_prefix_path')
[9.827s] INFO:colcon.colcon_core.shell:Creating environment hook '/home/nockorn/robocross_all/robokross_ws/install/robokross_navigation/share/robokross_navigation/hook/cmake_prefix_path.ps1'
[9.827s] INFO:colcon.colcon_core.shell:Creating environment descriptor '/home/nockorn/robocross_all/robokross_ws/install/robokross_navigation/share/robokross_navigation/hook/cmake_prefix_path.dsv'
[9.827s] INFO:colcon.colcon_core.shell:Creating environment hook '/home/nockorn/robocross_all/robokross_ws/install/robokross_navigation/share/robokross_navigation/hook/cmake_prefix_path.sh'
[9.827s] Level 1:colcon.colcon_core.environment:checking '/home/nockorn/robocross_all/robokross_ws/install/robokross_navigation/lib'
[9.828s] Level 1:colcon.colcon_core.environment:checking '/home/nockorn/robocross_all/robokross_ws/install/robokross_navigation/bin'
[9.828s] Level 1:colcon.colcon_core.environment:checking '/home/nockorn/robocross_all/robokross_ws/install/robokross_navigation/lib/pkgconfig/robokross_navigation.pc'
[9.828s] Level 1:colcon.colcon_core.environment:checking '/home/nockorn/robocross_all/robokross_ws/install/robokross_navigation/lib/python3.12/site-packages'
[9.828s] Level 1:colcon.colcon_core.environment:checking '/home/nockorn/robocross_all/robokross_ws/install/robokross_navigation/bin'
[9.828s] INFO:colcon.colcon_core.shell:Creating package script '/home/nockorn/robocross_all/robokross_ws/install/robokross_navigation/share/robokross_navigation/package.ps1'
[9.828s] INFO:colcon.colcon_core.shell:Creating package descriptor '/home/nockorn/robocross_all/robokross_ws/install/robokross_navigation/share/robokross_navigation/package.dsv'
[9.829s] INFO:colcon.colcon_core.shell:Creating package script '/home/nockorn/robocross_all/robokross_ws/install/robokross_navigation/share/robokross_navigation/package.sh'
[9.829s] INFO:colcon.colcon_core.shell:Creating package script '/home/nockorn/robocross_all/robokross_ws/install/robokross_navigation/share/robokross_navigation/package.bash'
[9.829s] INFO:colcon.colcon_core.shell:Creating package script '/home/nockorn/robocross_all/robokross_ws/install/robokross_navigation/share/robokross_navigation/package.zsh'
[9.830s] Level 1:colcon.colcon_core.environment:create_file_with_runtime_dependencies(/home/nockorn/robocross_all/robokross_ws/install/robokross_navigation/share/colcon-core/packages/robokross_navigation)
[9.830s] DEBUG:colcon.colcon_parallel_executor.executor.parallel:closing loop
[9.830s] DEBUG:colcon.colcon_parallel_executor.executor.parallel:loop closed
[9.830s] DEBUG:colcon.colcon_parallel_executor.executor.parallel:run_until_complete finished with '0'
[9.830s] DEBUG:colcon.colcon_core.event_reactor:joining thread
[9.834s] INFO:colcon.colcon_core.plugin_system:Skipping extension 'colcon_notification.desktop_notification.terminal_notifier': Not used on non-Darwin systems
[9.834s] INFO:colcon.colcon_core.plugin_system:Skipping extension 'colcon_notification.desktop_notification.win32': Not used on non-Windows systems
[9.834s] INFO:colcon.colcon_notification.desktop_notification:Sending desktop notification using 'notify2'
[9.845s] DEBUG:colcon.colcon_core.event_reactor:joined thread
[9.846s] INFO:colcon.colcon_core.shell:Creating prefix script '/home/nockorn/robocross_all/robokross_ws/install/local_setup.ps1'
[9.846s] INFO:colcon.colcon_core.shell:Creating prefix util module '/home/nockorn/robocross_all/robokross_ws/install/_local_setup_util_ps1.py'
[9.847s] INFO:colcon.colcon_core.shell:Creating prefix chain script '/home/nockorn/robocross_all/robokross_ws/install/setup.ps1'
[9.848s] INFO:colcon.colcon_core.shell:Creating prefix script '/home/nockorn/robocross_all/robokross_ws/install/local_setup.sh'
[9.848s] INFO:colcon.colcon_core.shell:Creating prefix util module '/home/nockorn/robocross_all/robokross_ws/install/_local_setup_util_sh.py'
[9.849s] INFO:colcon.colcon_core.shell:Creating prefix chain script '/home/nockorn/robocross_all/robokross_ws/install/setup.sh'
[9.849s] INFO:colcon.colcon_core.shell:Creating prefix script '/home/nockorn/robocross_all/robokross_ws/install/local_setup.bash'
[9.850s] INFO:colcon.colcon_core.shell:Creating prefix chain script '/home/nockorn/robocross_all/robokross_ws/install/setup.bash'
[9.850s] INFO:colcon.colcon_core.shell:Creating prefix script '/home/nockorn/robocross_all/robokross_ws/install/local_setup.zsh'
[9.851s] INFO:colcon.colcon_core.shell:Creating prefix chain script '/home/nockorn/robocross_all/robokross_ws/install/setup.zsh'
