[0.007s] Invoking command in '/home/nockorn/robokross_ws/build/gkv2_motor_bridge': CMAKE_PREFIX_PATH=${CMAKE_PREFIX_PATH}:/opt/ros/jazzy DEBUGINFOD_URLS=https://debuginfod.ubuntu.com /usr/bin/cmake --build /home/nockorn/robokross_ws/build/gkv2_motor_bridge -- -j12 -l12
[0.048s] [  1%] Built target gkv2_motor_bridge__rs
[0.050s] [  2%] Built target gkv2_motor_bridge__rosidl_generator_type_description
[0.052s] [  5%] Built target odometer_node
[0.053s] [  8%] Built target navigation_controller_node
[0.055s] [  8%] Built target ament_cmake_python_symlink_gkv2_motor_bridge
[0.059s] [ 11%] Built target gkv2_driver_node
[0.065s] [ 13%] Built target gkv2_motor_bridge__cpp
[0.067s] [ 28%] Built target gkv2_motor_bridge__rosidl_generator_c
[0.078s] [ 30%] [32mBuilding CXX object CMakeFiles/cmd_vel_bridge_node.dir/src/cmd_vel_bridge_node.cpp.o[0m
[0.084s] [ 37%] Built target gkv2_motor_bridge__rosidl_typesupport_c
[0.085s] [ 44%] Built target gkv2_motor_bridge__rosidl_typesupport_introspection_c
[0.085s] [ 52%] Built target gkv2_motor_bridge__rosidl_typesupport_fastrtps_c
[0.086s] [ 59%] Built target gkv2_motor_bridge__rosidl_typesupport_cpp
[0.086s] [ 66%] Built target gkv2_motor_bridge__rosidl_typesupport_fastrtps_cpp
[0.090s] [ 73%] Built target gkv2_motor_bridge__rosidl_typesupport_introspection_cpp
[0.104s] [ 73%] Built target gkv2_motor_bridge
[0.106s] [ 76%] Built target navigation_fusion_node
[0.111s] [ 81%] Built target gkv2_config_node
[0.111s] [ 82%] Built target gkv2_nav_parser_node
[0.118s] [ 84%] Built target gkv2_motor_bridge__py
[0.137s] [ 89%] Built target gkv2_motor_bridge__rosidl_generator_py
[0.157s] [ 95%] Built target gkv2_motor_bridge_s__rosidl_typesupport_introspection_c
[0.157s] [ 95%] Built target gkv2_motor_bridge_s__rosidl_typesupport_fastrtps_c
[0.157s] [ 98%] Built target gkv2_motor_bridge_s__rosidl_typesupport_c
[0.225s] running egg_info
[0.240s] writing gkv2_motor_bridge.egg-info/PKG-INFO
[0.240s] writing dependency_links to gkv2_motor_bridge.egg-info/dependency_links.txt
[0.240s] writing top-level names to gkv2_motor_bridge.egg-info/top_level.txt
[0.283s] reading manifest file 'gkv2_motor_bridge.egg-info/SOURCES.txt'
[0.284s] writing manifest file 'gkv2_motor_bridge.egg-info/SOURCES.txt'
[0.304s] [ 98%] Built target ament_cmake_python_build_gkv2_motor_bridge_egg
[10.869s] [100%] [32m[1mLinking CXX executable cmd_vel_bridge_node[0m
[10.984s] [100%] Built target cmd_vel_bridge_node
[10.994s] Invoked command in '/home/nockorn/robokross_ws/build/gkv2_motor_bridge' returned '0': CMAKE_PREFIX_PATH=${CMAKE_PREFIX_PATH}:/opt/ros/jazzy DEBUGINFOD_URLS=https://debuginfod.ubuntu.com /usr/bin/cmake --build /home/nockorn/robokross_ws/build/gkv2_motor_bridge -- -j12 -l12
[11.002s] Invoking command in '/home/nockorn/robokross_ws/build/gkv2_motor_bridge': CMAKE_PREFIX_PATH=${CMAKE_PREFIX_PATH}:/opt/ros/jazzy DEBUGINFOD_URLS=https://debuginfod.ubuntu.com /usr/bin/cmake --install /home/nockorn/robokross_ws/build/gkv2_motor_bridge
[11.008s] -- Install configuration: ""
[11.009s] -- Execute custom install script
[11.009s] -- Up-to-date symlink: /home/nockorn/robokross_ws/install/gkv2_motor_bridge/share/ament_index/resource_index/rosidl_interfaces/gkv2_motor_bridge
[11.009s] -- Up-to-date symlink: /home/nockorn/robokross_ws/install/gkv2_motor_bridge/share/gkv2_motor_bridge/msg/GKV2Status.json
[11.009s] -- Up-to-date symlink: /home/nockorn/robokross_ws/install/gkv2_motor_bridge/share/gkv2_motor_bridge/msg/NavigationStatus.json
[11.010s] -- Up-to-date symlink: /home/nockorn/robokross_ws/install/gkv2_motor_bridge/share/gkv2_motor_bridge/msg/GKV2ConfigStatus.json
[11.010s] -- Up-to-date symlink: /home/nockorn/robokross_ws/install/gkv2_motor_bridge/include/gkv2_motor_bridge/gkv2_motor_bridge/msg/detail/gkv2_config_status__functions.h
[11.010s] -- Up-to-date symlink: /home/nockorn/robokross_ws/install/gkv2_motor_bridge/include/gkv2_motor_bridge/gkv2_motor_bridge/msg/detail/gkv2_config_status__struct.h
[11.010s] -- Up-to-date symlink: /home/nockorn/robokross_ws/install/gkv2_motor_bridge/include/gkv2_motor_bridge/gkv2_motor_bridge/msg/detail/gkv2_config_status__type_support.h
[11.011s] -- Up-to-date symlink: /home/nockorn/robokross_ws/install/gkv2_motor_bridge/include/gkv2_motor_bridge/gkv2_motor_bridge/msg/detail/gkv2_status__functions.h
[11.011s] -- Up-to-date symlink: /home/nockorn/robokross_ws/install/gkv2_motor_bridge/include/gkv2_motor_bridge/gkv2_motor_bridge/msg/detail/gkv2_status__struct.h
[11.011s] -- Up-to-date symlink: /home/nockorn/robokross_ws/install/gkv2_motor_bridge/include/gkv2_motor_bridge/gkv2_motor_bridge/msg/detail/gkv2_status__type_support.h
[11.011s] -- Up-to-date symlink: /home/nockorn/robokross_ws/install/gkv2_motor_bridge/include/gkv2_motor_bridge/gkv2_motor_bridge/msg/detail/navigation_status__functions.h
[11.011s] -- Up-to-date symlink: /home/nockorn/robokross_ws/install/gkv2_motor_bridge/include/gkv2_motor_bridge/gkv2_motor_bridge/msg/detail/navigation_status__struct.h
[11.011s] -- Up-to-date symlink: /home/nockorn/robokross_ws/install/gkv2_motor_bridge/include/gkv2_motor_bridge/gkv2_motor_bridge/msg/detail/navigation_status__type_support.h
[11.011s] -- Up-to-date symlink: /home/nockorn/robokross_ws/install/gkv2_motor_bridge/include/gkv2_motor_bridge/gkv2_motor_bridge/msg/gkv2_config_status.h
[11.011s] -- Up-to-date symlink: /home/nockorn/robokross_ws/install/gkv2_motor_bridge/include/gkv2_motor_bridge/gkv2_motor_bridge/msg/gkv2_status.h
[11.011s] -- Up-to-date symlink: /home/nockorn/robokross_ws/install/gkv2_motor_bridge/include/gkv2_motor_bridge/gkv2_motor_bridge/msg/navigation_status.h
[11.011s] -- Up-to-date symlink: /home/nockorn/robokross_ws/install/gkv2_motor_bridge/include/gkv2_motor_bridge/gkv2_motor_bridge/msg/rosidl_generator_c__visibility_control.h
[11.012s] -- Up-to-date symlink: /home/nockorn/robokross_ws/install/gkv2_motor_bridge/share/gkv2_motor_bridge/environment/library_path.sh
[11.012s] -- Up-to-date symlink: /home/nockorn/robokross_ws/install/gkv2_motor_bridge/share/gkv2_motor_bridge/environment/library_path.dsv
[11.012s] -- Up-to-date symlink: /home/nockorn/robokross_ws/install/gkv2_motor_bridge/include/gkv2_motor_bridge/gkv2_motor_bridge/msg/detail/gkv2_config_status__rosidl_typesupport_fastrtps_c.h
[11.012s] -- Up-to-date symlink: /home/nockorn/robokross_ws/install/gkv2_motor_bridge/include/gkv2_motor_bridge/gkv2_motor_bridge/msg/detail/gkv2_status__rosidl_typesupport_fastrtps_c.h
[11.012s] -- Up-to-date symlink: /home/nockorn/robokross_ws/install/gkv2_motor_bridge/include/gkv2_motor_bridge/gkv2_motor_bridge/msg/detail/navigation_status__rosidl_typesupport_fastrtps_c.h
[11.012s] -- Up-to-date symlink: /home/nockorn/robokross_ws/install/gkv2_motor_bridge/include/gkv2_motor_bridge/gkv2_motor_bridge/msg/rosidl_typesupport_fastrtps_c__visibility_control.h
[11.013s] -- Up-to-date symlink: /home/nockorn/robokross_ws/install/gkv2_motor_bridge/include/gkv2_motor_bridge/gkv2_motor_bridge/msg/detail/gkv2_config_status__builder.hpp
[11.013s] -- Up-to-date symlink: /home/nockorn/robokross_ws/install/gkv2_motor_bridge/include/gkv2_motor_bridge/gkv2_motor_bridge/msg/detail/gkv2_config_status__struct.hpp
[11.013s] -- Up-to-date symlink: /home/nockorn/robokross_ws/install/gkv2_motor_bridge/include/gkv2_motor_bridge/gkv2_motor_bridge/msg/detail/gkv2_config_status__traits.hpp
[11.013s] -- Up-to-date symlink: /home/nockorn/robokross_ws/install/gkv2_motor_bridge/include/gkv2_motor_bridge/gkv2_motor_bridge/msg/detail/gkv2_config_status__type_support.hpp
[11.013s] -- Up-to-date symlink: /home/nockorn/robokross_ws/install/gkv2_motor_bridge/include/gkv2_motor_bridge/gkv2_motor_bridge/msg/detail/gkv2_status__builder.hpp
[11.013s] -- Up-to-date symlink: /home/nockorn/robokross_ws/install/gkv2_motor_bridge/include/gkv2_motor_bridge/gkv2_motor_bridge/msg/detail/gkv2_status__struct.hpp
[11.013s] -- Up-to-date symlink: /home/nockorn/robokross_ws/install/gkv2_motor_bridge/include/gkv2_motor_bridge/gkv2_motor_bridge/msg/detail/gkv2_status__traits.hpp
[11.014s] -- Up-to-date symlink: /home/nockorn/robokross_ws/install/gkv2_motor_bridge/include/gkv2_motor_bridge/gkv2_motor_bridge/msg/detail/gkv2_status__type_support.hpp
[11.014s] -- Up-to-date symlink: /home/nockorn/robokross_ws/install/gkv2_motor_bridge/include/gkv2_motor_bridge/gkv2_motor_bridge/msg/detail/navigation_status__builder.hpp
[11.014s] -- Up-to-date symlink: /home/nockorn/robokross_ws/install/gkv2_motor_bridge/include/gkv2_motor_bridge/gkv2_motor_bridge/msg/detail/navigation_status__struct.hpp
[11.014s] -- Up-to-date symlink: /home/nockorn/robokross_ws/install/gkv2_motor_bridge/include/gkv2_motor_bridge/gkv2_motor_bridge/msg/detail/navigation_status__traits.hpp
[11.014s] -- Up-to-date symlink: /home/nockorn/robokross_ws/install/gkv2_motor_bridge/include/gkv2_motor_bridge/gkv2_motor_bridge/msg/detail/navigation_status__type_support.hpp
[11.014s] -- Up-to-date symlink: /home/nockorn/robokross_ws/install/gkv2_motor_bridge/include/gkv2_motor_bridge/gkv2_motor_bridge/msg/gkv2_config_status.hpp
[11.014s] -- Up-to-date symlink: /home/nockorn/robokross_ws/install/gkv2_motor_bridge/include/gkv2_motor_bridge/gkv2_motor_bridge/msg/gkv2_status.hpp
[11.014s] -- Up-to-date symlink: /home/nockorn/robokross_ws/install/gkv2_motor_bridge/include/gkv2_motor_bridge/gkv2_motor_bridge/msg/navigation_status.hpp
[11.014s] -- Up-to-date symlink: /home/nockorn/robokross_ws/install/gkv2_motor_bridge/include/gkv2_motor_bridge/gkv2_motor_bridge/msg/rosidl_generator_cpp__visibility_control.hpp
[11.015s] -- Up-to-date symlink: /home/nockorn/robokross_ws/install/gkv2_motor_bridge/include/gkv2_motor_bridge/gkv2_motor_bridge/msg/detail/gkv2_config_status__rosidl_typesupport_fastrtps_cpp.hpp
[11.015s] -- Up-to-date symlink: /home/nockorn/robokross_ws/install/gkv2_motor_bridge/include/gkv2_motor_bridge/gkv2_motor_bridge/msg/detail/gkv2_status__rosidl_typesupport_fastrtps_cpp.hpp
[11.015s] -- Up-to-date symlink: /home/nockorn/robokross_ws/install/gkv2_motor_bridge/include/gkv2_motor_bridge/gkv2_motor_bridge/msg/detail/navigation_status__rosidl_typesupport_fastrtps_cpp.hpp
[11.015s] -- Up-to-date symlink: /home/nockorn/robokross_ws/install/gkv2_motor_bridge/include/gkv2_motor_bridge/gkv2_motor_bridge/msg/rosidl_typesupport_fastrtps_cpp__visibility_control.h
[11.015s] -- Up-to-date symlink: /home/nockorn/robokross_ws/install/gkv2_motor_bridge/include/gkv2_motor_bridge/gkv2_motor_bridge/msg/detail/gkv2_config_status__rosidl_typesupport_introspection_c.h
[11.015s] -- Up-to-date symlink: /home/nockorn/robokross_ws/install/gkv2_motor_bridge/include/gkv2_motor_bridge/gkv2_motor_bridge/msg/detail/gkv2_status__rosidl_typesupport_introspection_c.h
[11.016s] -- Up-to-date symlink: /home/nockorn/robokross_ws/install/gkv2_motor_bridge/include/gkv2_motor_bridge/gkv2_motor_bridge/msg/detail/navigation_status__rosidl_typesupport_introspection_c.h
[11.016s] -- Up-to-date symlink: /home/nockorn/robokross_ws/install/gkv2_motor_bridge/include/gkv2_motor_bridge/gkv2_motor_bridge/msg/rosidl_typesupport_introspection_c__visibility_control.h
[11.016s] -- Up-to-date symlink: /home/nockorn/robokross_ws/install/gkv2_motor_bridge/include/gkv2_motor_bridge/gkv2_motor_bridge/msg/detail/gkv2_config_status__rosidl_typesupport_introspection_cpp.hpp
[11.016s] -- Up-to-date symlink: /home/nockorn/robokross_ws/install/gkv2_motor_bridge/include/gkv2_motor_bridge/gkv2_motor_bridge/msg/detail/gkv2_status__rosidl_typesupport_introspection_cpp.hpp
[11.016s] -- Up-to-date symlink: /home/nockorn/robokross_ws/install/gkv2_motor_bridge/include/gkv2_motor_bridge/gkv2_motor_bridge/msg/detail/navigation_status__rosidl_typesupport_introspection_cpp.hpp
[11.016s] -- Up-to-date symlink: /home/nockorn/robokross_ws/install/gkv2_motor_bridge/share/gkv2_motor_bridge/environment/pythonpath.sh
[11.016s] -- Up-to-date symlink: /home/nockorn/robokross_ws/install/gkv2_motor_bridge/share/gkv2_motor_bridge/environment/pythonpath.dsv
[11.017s] -- Up-to-date symlink: /home/nockorn/robokross_ws/install/gkv2_motor_bridge/lib/python3.12/site-packages/gkv2_motor_bridge-0.0.1-py3.12.egg-info/PKG-INFO
[11.017s] -- Up-to-date symlink: /home/nockorn/robokross_ws/install/gkv2_motor_bridge/lib/python3.12/site-packages/gkv2_motor_bridge-0.0.1-py3.12.egg-info/SOURCES.txt
[11.017s] -- Up-to-date symlink: /home/nockorn/robokross_ws/install/gkv2_motor_bridge/lib/python3.12/site-packages/gkv2_motor_bridge-0.0.1-py3.12.egg-info/dependency_links.txt
[11.017s] -- Up-to-date symlink: /home/nockorn/robokross_ws/install/gkv2_motor_bridge/lib/python3.12/site-packages/gkv2_motor_bridge-0.0.1-py3.12.egg-info/top_level.txt
[11.017s] -- Up-to-date symlink: /home/nockorn/robokross_ws/install/gkv2_motor_bridge/lib/python3.12/site-packages/gkv2_motor_bridge/__init__.py
[11.017s] -- Up-to-date symlink: /home/nockorn/robokross_ws/install/gkv2_motor_bridge/lib/python3.12/site-packages/gkv2_motor_bridge/_gkv2_motor_bridge_s.ep.rosidl_typesupport_c.c
[11.017s] -- Up-to-date symlink: /home/nockorn/robokross_ws/install/gkv2_motor_bridge/lib/python3.12/site-packages/gkv2_motor_bridge/_gkv2_motor_bridge_s.ep.rosidl_typesupport_fastrtps_c.c
[11.018s] -- Up-to-date symlink: /home/nockorn/robokross_ws/install/gkv2_motor_bridge/lib/python3.12/site-packages/gkv2_motor_bridge/_gkv2_motor_bridge_s.ep.rosidl_typesupport_introspection_c.c
[11.018s] -- Up-to-date symlink: /home/nockorn/robokross_ws/install/gkv2_motor_bridge/lib/python3.12/site-packages/gkv2_motor_bridge/gkv2_motor_bridge_s__rosidl_typesupport_c.so
[11.018s] -- Up-to-date symlink: /home/nockorn/robokross_ws/install/gkv2_motor_bridge/lib/python3.12/site-packages/gkv2_motor_bridge/gkv2_motor_bridge_s__rosidl_typesupport_fastrtps_c.so
[11.018s] -- Up-to-date symlink: /home/nockorn/robokross_ws/install/gkv2_motor_bridge/lib/python3.12/site-packages/gkv2_motor_bridge/gkv2_motor_bridge_s__rosidl_typesupport_introspection_c.so
[11.018s] -- Up-to-date symlink: /home/nockorn/robokross_ws/install/gkv2_motor_bridge/lib/python3.12/site-packages/gkv2_motor_bridge/msg/__init__.py
[11.018s] -- Up-to-date symlink: /home/nockorn/robokross_ws/install/gkv2_motor_bridge/lib/python3.12/site-packages/gkv2_motor_bridge/msg/_gkv2_config_status.py
[11.018s] -- Up-to-date symlink: /home/nockorn/robokross_ws/install/gkv2_motor_bridge/lib/python3.12/site-packages/gkv2_motor_bridge/msg/_gkv2_config_status_s.c
[11.018s] -- Up-to-date symlink: /home/nockorn/robokross_ws/install/gkv2_motor_bridge/lib/python3.12/site-packages/gkv2_motor_bridge/msg/_gkv2_status.py
[11.018s] -- Up-to-date symlink: /home/nockorn/robokross_ws/install/gkv2_motor_bridge/lib/python3.12/site-packages/gkv2_motor_bridge/msg/_gkv2_status_s.c
[11.018s] -- Up-to-date symlink: /home/nockorn/robokross_ws/install/gkv2_motor_bridge/lib/python3.12/site-packages/gkv2_motor_bridge/msg/_navigation_status.py
[11.018s] -- Up-to-date symlink: /home/nockorn/robokross_ws/install/gkv2_motor_bridge/lib/python3.12/site-packages/gkv2_motor_bridge/msg/_navigation_status_s.c
[11.019s] -- Up-to-date symlink: /home/nockorn/robokross_ws/install/gkv2_motor_bridge/lib/python3.12/site-packages/gkv2_motor_bridge/gkv2_motor_bridge_s__rosidl_typesupport_fastrtps_c.so
[11.019s] -- Up-to-date symlink: /home/nockorn/robokross_ws/install/gkv2_motor_bridge/lib/python3.12/site-packages/gkv2_motor_bridge/gkv2_motor_bridge_s__rosidl_typesupport_introspection_c.so
[11.019s] -- Up-to-date symlink: /home/nockorn/robokross_ws/install/gkv2_motor_bridge/lib/python3.12/site-packages/gkv2_motor_bridge/gkv2_motor_bridge_s__rosidl_typesupport_c.so
[11.019s] -- Up-to-date symlink: /home/nockorn/robokross_ws/install/gkv2_motor_bridge/share/ament_index/resource_index/rust_packages/gkv2_motor_bridge
[11.019s] -- Up-to-date symlink: /home/nockorn/robokross_ws/install/gkv2_motor_bridge/share/gkv2_motor_bridge/rust/Cargo.toml
[11.019s] -- Up-to-date symlink: /home/nockorn/robokross_ws/install/gkv2_motor_bridge/share/gkv2_motor_bridge/rust/build.rs
[11.020s] -- Up-to-date symlink: /home/nockorn/robokross_ws/install/gkv2_motor_bridge/share/gkv2_motor_bridge/rust/src/lib.rs
[11.020s] -- Up-to-date symlink: /home/nockorn/robokross_ws/install/gkv2_motor_bridge/share/gkv2_motor_bridge/rust/src/msg.rs
[11.020s] -- Up-to-date symlink: /home/nockorn/robokross_ws/install/gkv2_motor_bridge/share/gkv2_motor_bridge/rust/src/msg/rmw.rs
[11.020s] -- Up-to-date symlink: /home/nockorn/robokross_ws/install/gkv2_motor_bridge/share/gkv2_motor_bridge/msg/GKV2Status.idl
[11.020s] -- Up-to-date symlink: /home/nockorn/robokross_ws/install/gkv2_motor_bridge/share/gkv2_motor_bridge/msg/NavigationStatus.idl
[11.020s] -- Up-to-date symlink: /home/nockorn/robokross_ws/install/gkv2_motor_bridge/share/gkv2_motor_bridge/msg/GKV2ConfigStatus.idl
[11.020s] -- Up-to-date symlink: /home/nockorn/robokross_ws/install/gkv2_motor_bridge/share/gkv2_motor_bridge/msg/GKV2Status.msg
[11.020s] -- Up-to-date symlink: /home/nockorn/robokross_ws/install/gkv2_motor_bridge/share/gkv2_motor_bridge/msg/NavigationStatus.msg
[11.020s] -- Up-to-date symlink: /home/nockorn/robokross_ws/install/gkv2_motor_bridge/share/gkv2_motor_bridge/msg/GKV2ConfigStatus.msg
[11.021s] -- Up-to-date symlink: /home/nockorn/robokross_ws/install/gkv2_motor_bridge/lib/gkv2_motor_bridge/gkv2_driver_node
[11.021s] -- Up-to-date symlink: /home/nockorn/robokross_ws/install/gkv2_motor_bridge/lib/gkv2_motor_bridge/cmd_vel_bridge_node
[11.021s] -- Up-to-date symlink: /home/nockorn/robokross_ws/install/gkv2_motor_bridge/lib/gkv2_motor_bridge/gkv2_nav_parser_node
[11.021s] -- Up-to-date symlink: /home/nockorn/robokross_ws/install/gkv2_motor_bridge/lib/gkv2_motor_bridge/gkv2_config_node
[11.021s] -- Up-to-date symlink: /home/nockorn/robokross_ws/install/gkv2_motor_bridge/lib/gkv2_motor_bridge/navigation_controller_node
[11.021s] -- Up-to-date symlink: /home/nockorn/robokross_ws/install/gkv2_motor_bridge/lib/gkv2_motor_bridge/navigation_fusion_node
[11.021s] -- Up-to-date symlink: /home/nockorn/robokross_ws/install/gkv2_motor_bridge/lib/gkv2_motor_bridge/odometer_node
[11.021s] -- Up-to-date symlink: /home/nockorn/robokross_ws/install/gkv2_motor_bridge/share/gkv2_motor_bridge/launch/main.launch.py
[11.022s] -- Up-to-date symlink: /home/nockorn/robokross_ws/install/gkv2_motor_bridge/share/gkv2_motor_bridge/config/params.yaml
[11.022s] -- Up-to-date symlink: /home/nockorn/robokross_ws/install/gkv2_motor_bridge/share/gkv2_motor_bridge/config/waypoints.yaml
[11.022s] -- Up-to-date symlink: /home/nockorn/robokross_ws/install/gkv2_motor_bridge/share/ament_index/resource_index/package_run_dependencies/gkv2_motor_bridge
[11.022s] -- Up-to-date symlink: /home/nockorn/robokross_ws/install/gkv2_motor_bridge/share/ament_index/resource_index/parent_prefix_path/gkv2_motor_bridge
[11.022s] -- Up-to-date symlink: /home/nockorn/robokross_ws/install/gkv2_motor_bridge/share/gkv2_motor_bridge/environment/ament_prefix_path.sh
[11.022s] -- Up-to-date symlink: /home/nockorn/robokross_ws/install/gkv2_motor_bridge/share/gkv2_motor_bridge/environment/ament_prefix_path.dsv
[11.022s] -- Up-to-date symlink: /home/nockorn/robokross_ws/install/gkv2_motor_bridge/share/gkv2_motor_bridge/environment/path.sh
[11.022s] -- Up-to-date symlink: /home/nockorn/robokross_ws/install/gkv2_motor_bridge/share/gkv2_motor_bridge/environment/path.dsv
[11.023s] -- Up-to-date symlink: /home/nockorn/robokross_ws/install/gkv2_motor_bridge/share/gkv2_motor_bridge/local_setup.bash
[11.023s] -- Up-to-date symlink: /home/nockorn/robokross_ws/install/gkv2_motor_bridge/share/gkv2_motor_bridge/local_setup.sh
[11.023s] -- Up-to-date symlink: /home/nockorn/robokross_ws/install/gkv2_motor_bridge/share/gkv2_motor_bridge/local_setup.zsh
[11.023s] -- Up-to-date symlink: /home/nockorn/robokross_ws/install/gkv2_motor_bridge/share/gkv2_motor_bridge/local_setup.dsv
[11.023s] -- Symlinking: /home/nockorn/robokross_ws/install/gkv2_motor_bridge/share/gkv2_motor_bridge/package.dsv
[11.029s] -- Up-to-date symlink: /home/nockorn/robokross_ws/install/gkv2_motor_bridge/share/ament_index/resource_index/packages/gkv2_motor_bridge
[11.029s] -- Up-to-date symlink: /home/nockorn/robokross_ws/install/gkv2_motor_bridge/share/gkv2_motor_bridge/cmake/rosidl_cmake-extras.cmake
[11.029s] -- Up-to-date symlink: /home/nockorn/robokross_ws/install/gkv2_motor_bridge/share/gkv2_motor_bridge/cmake/ament_cmake_export_dependencies-extras.cmake
[11.030s] -- Up-to-date symlink: /home/nockorn/robokross_ws/install/gkv2_motor_bridge/share/gkv2_motor_bridge/cmake/ament_cmake_export_include_directories-extras.cmake
[11.030s] -- Up-to-date symlink: /home/nockorn/robokross_ws/install/gkv2_motor_bridge/share/gkv2_motor_bridge/cmake/ament_cmake_export_libraries-extras.cmake
[11.030s] -- Up-to-date symlink: /home/nockorn/robokross_ws/install/gkv2_motor_bridge/share/gkv2_motor_bridge/cmake/ament_cmake_export_targets-extras.cmake
[11.030s] -- Up-to-date symlink: /home/nockorn/robokross_ws/install/gkv2_motor_bridge/share/gkv2_motor_bridge/cmake/rosidl_cmake_export_typesupport_targets-extras.cmake
[11.030s] -- Up-to-date symlink: /home/nockorn/robokross_ws/install/gkv2_motor_bridge/share/gkv2_motor_bridge/cmake/rosidl_cmake_export_typesupport_libraries-extras.cmake
[11.030s] -- Up-to-date symlink: /home/nockorn/robokross_ws/install/gkv2_motor_bridge/share/gkv2_motor_bridge/cmake/gkv2_motor_bridgeConfig.cmake
[11.030s] -- Up-to-date symlink: /home/nockorn/robokross_ws/install/gkv2_motor_bridge/share/gkv2_motor_bridge/cmake/gkv2_motor_bridgeConfig-version.cmake
[11.030s] -- Up-to-date symlink: /home/nockorn/robokross_ws/install/gkv2_motor_bridge/share/gkv2_motor_bridge/package.xml
[11.031s] -- Up-to-date: /home/nockorn/robokross_ws/install/gkv2_motor_bridge/lib/libgkv2_motor_bridge__rosidl_generator_c.so
[11.031s] -- Up-to-date: /home/nockorn/robokross_ws/install/gkv2_motor_bridge/lib/libgkv2_motor_bridge__rosidl_typesupport_fastrtps_c.so
[11.031s] -- Up-to-date: /home/nockorn/robokross_ws/install/gkv2_motor_bridge/lib/libgkv2_motor_bridge__rosidl_typesupport_fastrtps_cpp.so
[11.031s] -- Up-to-date: /home/nockorn/robokross_ws/install/gkv2_motor_bridge/lib/libgkv2_motor_bridge__rosidl_typesupport_introspection_c.so
[11.032s] -- Up-to-date: /home/nockorn/robokross_ws/install/gkv2_motor_bridge/lib/libgkv2_motor_bridge__rosidl_typesupport_c.so
[11.032s] -- Up-to-date: /home/nockorn/robokross_ws/install/gkv2_motor_bridge/lib/libgkv2_motor_bridge__rosidl_typesupport_introspection_cpp.so
[11.032s] -- Up-to-date: /home/nockorn/robokross_ws/install/gkv2_motor_bridge/lib/libgkv2_motor_bridge__rosidl_typesupport_cpp.so
[11.057s] Listing '/home/nockorn/robokross_ws/install/gkv2_motor_bridge/lib/python3.12/site-packages/gkv2_motor_bridge'...
[11.057s] Listing '/home/nockorn/robokross_ws/install/gkv2_motor_bridge/lib/python3.12/site-packages/gkv2_motor_bridge/msg'...
[11.060s] -- Up-to-date: /home/nockorn/robokross_ws/install/gkv2_motor_bridge/lib/libgkv2_motor_bridge__rosidl_generator_py.so
[11.060s] -- Up-to-date: /home/nockorn/robokross_ws/install/gkv2_motor_bridge/share/gkv2_motor_bridge/cmake/export_gkv2_motor_bridge__rosidl_generator_cExport.cmake
[11.060s] -- Up-to-date: /home/nockorn/robokross_ws/install/gkv2_motor_bridge/share/gkv2_motor_bridge/cmake/export_gkv2_motor_bridge__rosidl_generator_cExport-noconfig.cmake
[11.061s] -- Up-to-date: /home/nockorn/robokross_ws/install/gkv2_motor_bridge/share/gkv2_motor_bridge/cmake/export_gkv2_motor_bridge__rosidl_typesupport_fastrtps_cExport.cmake
[11.061s] -- Up-to-date: /home/nockorn/robokross_ws/install/gkv2_motor_bridge/share/gkv2_motor_bridge/cmake/export_gkv2_motor_bridge__rosidl_typesupport_fastrtps_cExport-noconfig.cmake
[11.061s] -- Up-to-date: /home/nockorn/robokross_ws/install/gkv2_motor_bridge/share/gkv2_motor_bridge/cmake/export_gkv2_motor_bridge__rosidl_generator_cppExport.cmake
[11.061s] -- Up-to-date: /home/nockorn/robokross_ws/install/gkv2_motor_bridge/share/gkv2_motor_bridge/cmake/export_gkv2_motor_bridge__rosidl_typesupport_fastrtps_cppExport.cmake
[11.061s] -- Up-to-date: /home/nockorn/robokross_ws/install/gkv2_motor_bridge/share/gkv2_motor_bridge/cmake/export_gkv2_motor_bridge__rosidl_typesupport_fastrtps_cppExport-noconfig.cmake
[11.061s] -- Up-to-date: /home/nockorn/robokross_ws/install/gkv2_motor_bridge/share/gkv2_motor_bridge/cmake/gkv2_motor_bridge__rosidl_typesupport_introspection_cExport.cmake
[11.061s] -- Up-to-date: /home/nockorn/robokross_ws/install/gkv2_motor_bridge/share/gkv2_motor_bridge/cmake/gkv2_motor_bridge__rosidl_typesupport_introspection_cExport-noconfig.cmake
[11.061s] -- Up-to-date: /home/nockorn/robokross_ws/install/gkv2_motor_bridge/share/gkv2_motor_bridge/cmake/gkv2_motor_bridge__rosidl_typesupport_cExport.cmake
[11.061s] -- Up-to-date: /home/nockorn/robokross_ws/install/gkv2_motor_bridge/share/gkv2_motor_bridge/cmake/gkv2_motor_bridge__rosidl_typesupport_cExport-noconfig.cmake
[11.061s] -- Up-to-date: /home/nockorn/robokross_ws/install/gkv2_motor_bridge/share/gkv2_motor_bridge/cmake/gkv2_motor_bridge__rosidl_typesupport_introspection_cppExport.cmake
[11.061s] -- Up-to-date: /home/nockorn/robokross_ws/install/gkv2_motor_bridge/share/gkv2_motor_bridge/cmake/gkv2_motor_bridge__rosidl_typesupport_introspection_cppExport-noconfig.cmake
[11.061s] -- Up-to-date: /home/nockorn/robokross_ws/install/gkv2_motor_bridge/share/gkv2_motor_bridge/cmake/gkv2_motor_bridge__rosidl_typesupport_cppExport.cmake
[11.061s] -- Up-to-date: /home/nockorn/robokross_ws/install/gkv2_motor_bridge/share/gkv2_motor_bridge/cmake/gkv2_motor_bridge__rosidl_typesupport_cppExport-noconfig.cmake
[11.061s] -- Up-to-date: /home/nockorn/robokross_ws/install/gkv2_motor_bridge/share/gkv2_motor_bridge/cmake/export_gkv2_motor_bridge__rosidl_generator_pyExport.cmake
[11.061s] -- Up-to-date: /home/nockorn/robokross_ws/install/gkv2_motor_bridge/share/gkv2_motor_bridge/cmake/export_gkv2_motor_bridge__rosidl_generator_pyExport-noconfig.cmake
[11.064s] Invoked command in '/home/nockorn/robokross_ws/build/gkv2_motor_bridge' returned '0': CMAKE_PREFIX_PATH=${CMAKE_PREFIX_PATH}:/opt/ros/jazzy DEBUGINFOD_URLS=https://debuginfod.ubuntu.com /usr/bin/cmake --install /home/nockorn/robokross_ws/build/gkv2_motor_bridge
