[0.009s] Invoking command in '/home/nockorn/robocross_all/robokross_ws/build/robokross_navigation': CMAKE_PREFIX_PATH=${CMAKE_PREFIX_PATH}:/opt/ros/jazzy DEBUGINFOD_URLS=https://debuginfod.ubuntu.com /usr/bin/cmake /home/nockorn/robocross_all/robokross_ws/src/robokross_navigation -DCMAKE_INSTALL_PREFIX=/home/nockorn/robocross_all/robokross_ws/install/robokross_navigation
[0.053s] -- The C compiler identification is GNU 13.3.0
[0.100s] -- The CXX compiler identification is GNU 13.3.0
[0.116s] -- Detecting C compiler ABI info
[0.195s] -- Detecting C compiler ABI info - done
[0.203s] -- Check for working C compiler: /usr/bin/cc - skipped
[0.203s] -- Detecting C compile features
[0.203s] -- Detecting C compile features - done
[0.212s] -- Detecting CXX compiler ABI info
[0.327s] -- Detecting CXX compiler ABI info - done
[0.334s] -- Check for working CXX compiler: /usr/bin/c++ - skipped
[0.334s] -- Detecting CXX compile features
[0.334s] -- Detecting CXX compile features - done
[0.336s] -- Found ament_cmake: 2.5.6 (/opt/ros/jazzy/share/ament_cmake/cmake)
[0.448s] -- Found Python3: /usr/bin/python3 (found version "3.12.3") found components: Interpreter 
[0.531s] -- Found rclcpp: 28.1.18 (/opt/ros/jazzy/share/rclcpp/cmake)
[0.564s] -- Found rosidl_generator_c: 4.6.7 (/opt/ros/jazzy/share/rosidl_generator_c/cmake)
[0.575s] -- Found rosidl_generator_cpp: 4.6.7 (/opt/ros/jazzy/share/rosidl_generator_cpp/cmake)
[0.587s] -- Using all available rosidl_typesupport_c: rosidl_typesupport_fastrtps_c;rosidl_typesupport_introspection_c
[0.601s] -- Using all available rosidl_typesupport_cpp: rosidl_typesupport_fastrtps_cpp;rosidl_typesupport_introspection_cpp
[0.661s] -- Found rmw_implementation_cmake: 7.3.3 (/opt/ros/jazzy/share/rmw_implementation_cmake/cmake)
[0.663s] -- Found rmw_fastrtps_cpp: 8.4.3 (/opt/ros/jazzy/share/rmw_fastrtps_cpp/cmake)
[0.729s] -- Found OpenSSL: /usr/lib/x86_64-linux-gnu/libcrypto.so (found version "3.0.13")  
[0.745s] -- Found FastRTPS: /opt/ros/jazzy/include (Required is at least version "2.13") 
[0.762s] -- Using RMW implementation 'rmw_fastrtps_cpp' as default
[0.820s] -- Found std_msgs: 5.3.7 (/opt/ros/jazzy/share/std_msgs/cmake)
[0.831s] -- Found geometry_msgs: 5.3.7 (/opt/ros/jazzy/share/geometry_msgs/cmake)
[0.843s] -- Found sensor_msgs: 5.3.7 (/opt/ros/jazzy/share/sensor_msgs/cmake)
[0.863s] -- Found nav_msgs: 5.3.7 (/opt/ros/jazzy/share/nav_msgs/cmake)
[0.888s] -- Found ament_lint_auto: 0.17.5 (/opt/ros/jazzy/share/ament_lint_auto/cmake)
[0.976s] -- Added test 'cppcheck' to perform static code analysis on C / C++ code
[0.976s] -- Configured cppcheck include dirs: /home/nockorn/robocross_all/robokross_ws/src/robokross_navigation/include
[0.976s] -- Configured cppcheck exclude dirs and/or files: 
[0.978s] -- Added test 'flake8' to check Python code syntax and style conventions
[0.979s] -- Configured 'flake8' exclude dirs and/or files: 
[0.983s] -- Added test 'lint_cmake' to check CMake code style
[0.985s] -- Added test 'pep257' to check Python code against some of the docstring style conventions in PEP 257
[1.000s] -- Added test 'uncrustify' to check C / C++ code style
[1.000s] -- Configured uncrustify additional arguments: 
[1.003s] -- Added test 'xmllint' to check XML markup files
[1.004s] -- Configuring done (1.0s)
[1.016s] -- Generating done (0.0s)
[1.020s] -- Build files have been written to: /home/nockorn/robocross_all/robokross_ws/build/robokross_navigation
[1.028s] Invoked command in '/home/nockorn/robocross_all/robokross_ws/build/robokross_navigation' returned '0': CMAKE_PREFIX_PATH=${CMAKE_PREFIX_PATH}:/opt/ros/jazzy DEBUGINFOD_URLS=https://debuginfod.ubuntu.com /usr/bin/cmake /home/nockorn/robocross_all/robokross_ws/src/robokross_navigation -DCMAKE_INSTALL_PREFIX=/home/nockorn/robocross_all/robokross_ws/install/robokross_navigation
[1.029s] Invoking command in '/home/nockorn/robocross_all/robokross_ws/build/robokross_navigation': CMAKE_PREFIX_PATH=${CMAKE_PREFIX_PATH}:/opt/ros/jazzy DEBUGINFOD_URLS=https://debuginfod.ubuntu.com /usr/bin/cmake --build /home/nockorn/robocross_all/robokross_ws/build/robokross_navigation -- -j12 -l12
[1.070s] [ 25%] [32mBuilding CXX object CMakeFiles/nav_parser_udp_node.dir/src/nav_parser_udp_node.cpp.o[0m
[1.072s] [ 50%] [32mBuilding CXX object CMakeFiles/nav_logger_node.dir/src/nav_logger_node.cpp.o[0m
[6.956s] [ 75%] [32m[1mLinking CXX executable nav_parser_udp_node[0m
[7.143s] [ 75%] Built target nav_parser_udp_node
[9.567s] [100%] [32m[1mLinking CXX executable nav_logger_node[0m
[9.861s] [100%] Built target nav_logger_node
[9.871s] Invoked command in '/home/nockorn/robocross_all/robokross_ws/build/robokross_navigation' returned '0': CMAKE_PREFIX_PATH=${CMAKE_PREFIX_PATH}:/opt/ros/jazzy DEBUGINFOD_URLS=https://debuginfod.ubuntu.com /usr/bin/cmake --build /home/nockorn/robocross_all/robokross_ws/build/robokross_navigation -- -j12 -l12
[9.872s] Invoking command in '/home/nockorn/robocross_all/robokross_ws/build/robokross_navigation': CMAKE_PREFIX_PATH=${CMAKE_PREFIX_PATH}:/opt/ros/jazzy DEBUGINFOD_URLS=https://debuginfod.ubuntu.com /usr/bin/cmake --install /home/nockorn/robocross_all/robokross_ws/build/robokross_navigation
[9.877s] -- Install configuration: ""
[9.877s] -- Installing: /home/nockorn/robocross_all/robokross_ws/install/robokross_navigation/lib/robokross_navigation/nav_parser_udp_node
[9.879s] -- Set non-toolchain portion of runtime path of "/home/nockorn/robocross_all/robokross_ws/install/robokross_navigation/lib/robokross_navigation/nav_parser_udp_node" to ""
[9.880s] -- Installing: /home/nockorn/robocross_all/robokross_ws/install/robokross_navigation/lib/robokross_navigation/nav_logger_node
[9.886s] -- Set non-toolchain portion of runtime path of "/home/nockorn/robocross_all/robokross_ws/install/robokross_navigation/lib/robokross_navigation/nav_logger_node" to ""
[9.886s] -- Installing: /home/nockorn/robocross_all/robokross_ws/install/robokross_navigation/share/robokross_navigation/logs
[9.886s] -- Installing: /home/nockorn/robocross_all/robokross_ws/install/robokross_navigation/lib/robokross_navigation/mock_nav_publisher.py
[9.886s] -- Installing: /home/nockorn/robocross_all/robokross_ws/install/robokross_navigation/lib/robokross_navigation/mock_nav_udp_publisher.py
[9.886s] -- Installing: /home/nockorn/robocross_all/robokross_ws/install/robokross_navigation/share/robokross_navigation/launch
[9.886s] -- Installing: /home/nockorn/robocross_all/robokross_ws/install/robokross_navigation/share/robokross_navigation/launch/nav_test.launch.py
[9.886s] -- Installing: /home/nockorn/robocross_all/robokross_ws/install/robokross_navigation/share/ament_index/resource_index/package_run_dependencies/robokross_navigation
[9.887s] -- Installing: /home/nockorn/robocross_all/robokross_ws/install/robokross_navigation/share/ament_index/resource_index/parent_prefix_path/robokross_navigation
[9.887s] -- Installing: /home/nockorn/robocross_all/robokross_ws/install/robokross_navigation/share/robokross_navigation/environment/ament_prefix_path.sh
[9.887s] -- Installing: /home/nockorn/robocross_all/robokross_ws/install/robokross_navigation/share/robokross_navigation/environment/ament_prefix_path.dsv
[9.887s] -- Installing: /home/nockorn/robocross_all/robokross_ws/install/robokross_navigation/share/robokross_navigation/environment/path.sh
[9.887s] -- Installing: /home/nockorn/robocross_all/robokross_ws/install/robokross_navigation/share/robokross_navigation/environment/path.dsv
[9.887s] -- Installing: /home/nockorn/robocross_all/robokross_ws/install/robokross_navigation/share/robokross_navigation/local_setup.bash
[9.887s] -- Installing: /home/nockorn/robocross_all/robokross_ws/install/robokross_navigation/share/robokross_navigation/local_setup.sh
[9.888s] -- Installing: /home/nockorn/robocross_all/robokross_ws/install/robokross_navigation/share/robokross_navigation/local_setup.zsh
[9.888s] -- Installing: /home/nockorn/robocross_all/robokross_ws/install/robokross_navigation/share/robokross_navigation/local_setup.dsv
[9.888s] -- Installing: /home/nockorn/robocross_all/robokross_ws/install/robokross_navigation/share/robokross_navigation/package.dsv
[9.888s] -- Installing: /home/nockorn/robocross_all/robokross_ws/install/robokross_navigation/share/ament_index/resource_index/packages/robokross_navigation
[9.888s] -- Installing: /home/nockorn/robocross_all/robokross_ws/install/robokross_navigation/share/robokross_navigation/cmake/robokross_navigationConfig.cmake
[9.888s] -- Installing: /home/nockorn/robocross_all/robokross_ws/install/robokross_navigation/share/robokross_navigation/cmake/robokross_navigationConfig-version.cmake
[9.889s] -- Installing: /home/nockorn/robocross_all/robokross_ws/install/robokross_navigation/share/robokross_navigation/package.xml
[9.890s] Invoked command in '/home/nockorn/robocross_all/robokross_ws/build/robokross_navigation' returned '0': CMAKE_PREFIX_PATH=${CMAKE_PREFIX_PATH}:/opt/ros/jazzy DEBUGINFOD_URLS=https://debuginfod.ubuntu.com /usr/bin/cmake --install /home/nockorn/robocross_all/robokross_ws/build/robokross_navigation
