[0.090s] DEBUG:colcon:Command line arguments: ['/usr/bin/colcon', 'build', '--packages-select', 'robokross_navigation', 'robokross_control']
[0.090s] DEBUG:colcon:Parsed command line arguments: Namespace(log_base=None, log_level=None, verb_name='build', build_base='build', install_base='install', merge_install=False, symlink_install=False, test_result_base=None, continue_on_error=False, executor='parallel', parallel_workers=12, event_handlers=None, ignore_user_meta=False, metas=['./colcon.meta'], base_paths=['.'], packages_ignore=None, packages_ignore_regex=None, paths=None, packages_up_to=None, packages_up_to_regex=None, packages_above=None, packages_above_and_dependencies=None, packages_above_depth=None, packages_select_by_dep=None, packages_skip_by_dep=None, packages_skip_up_to=None, packages_select_build_failed=False, packages_skip_build_finished=False, packages_select_test_failures=False, packages_skip_test_passed=False, packages_select=['robokross_navigation', 'robokross_control'], packages_skip=None, packages_select_regex=None, packages_skip_regex=None, packages_start=None, packages_end=None, allow_overriding=[], cmake_args=None, cmake_target=None, cmake_target_skip_unavailable=False, cmake_clean_cache=False, cmake_clean_first=False, cmake_force_configure=False, ament_cmake_args=None, catkin_cmake_args=None, catkin_skip_building_tests=False, mixin_files=None, mixin=None, verb_parser=<colcon_mixin.mixin.mixin_argument.MixinArgumentDecorator object at 0x753bb10748c0>, verb_extension=<colcon_core.verb.build.BuildVerb object at 0x753bb1074350>, main=<bound method BuildVerb.main of <colcon_core.verb.build.BuildVerb object at 0x753bb1074350>>, mixin_verb=('build',))
[0.120s] Level 1:colcon.colcon_core.package_discovery:discover_packages(colcon_meta) check parameters
[0.120s] Level 1:colcon.colcon_core.package_discovery:discover_packages(recursive) check parameters
[0.120s] Level 1:colcon.colcon_core.package_discovery:discover_packages(ignore) check parameters
[0.120s] Level 1:colcon.colcon_core.package_discovery:discover_packages(path) check parameters
[0.120s] Level 1:colcon.colcon_core.package_discovery:discover_packages(colcon_meta) discover
[0.120s] Level 1:colcon.colcon_core.package_discovery:discover_packages(recursive) discover
[0.120s] INFO:colcon.colcon_core.package_discovery:Crawling recursively for packages in '/home/nockorn/robocross_all/robokross_ws'
[0.120s] Level 1:colcon.colcon_core.package_identification:_identify(.) by extensions ['ignore', 'ignore_ament_install']
[0.120s] Level 1:colcon.colcon_core.package_identification:_identify(.) by extension 'ignore'
[0.120s] Level 1:colcon.colcon_core.package_identification:_identify(.) by extension 'ignore_ament_install'
[0.120s] Level 1:colcon.colcon_core.package_identification:_identify(.) by extensions ['colcon_pkg']
[0.120s] Level 1:colcon.colcon_core.package_identification:_identify(.) by extension 'colcon_pkg'
[0.120s] Level 1:colcon.colcon_core.package_identification:_identify(.) by extensions ['colcon_meta']
[0.120s] Level 1:colcon.colcon_core.package_identification:_identify(.) by extension 'colcon_meta'
[0.120s] Level 1:colcon.colcon_core.package_identification:_identify(.) by extensions ['ros']
[0.120s] Level 1:colcon.colcon_core.package_identification:_identify(.) by extension 'ros'
[0.137s] Level 1:colcon.colcon_core.package_identification:_identify(.) by extensions ['cmake', 'python']
[0.138s] Level 1:colcon.colcon_core.package_identification:_identify(.) by extension 'cmake'
[0.138s] Level 1:colcon.colcon_core.package_identification:_identify(.) by extension 'python'
[0.138s] Level 1:colcon.colcon_core.package_identification:_identify(.) by extensions ['python_setup_py']
[0.138s] Level 1:colcon.colcon_core.package_identification:_identify(.) by extension 'python_setup_py'
[0.138s] Level 1:colcon.colcon_core.package_identification:_identify(build) by extensions ['ignore', 'ignore_ament_install']
[0.138s] Level 1:colcon.colcon_core.package_identification:_identify(build) by extension 'ignore'
[0.138s] Level 1:colcon.colcon_core.package_identification:_identify(build) ignored
[0.138s] Level 1:colcon.colcon_core.package_identification:_identify(install) by extensions ['ignore', 'ignore_ament_install']
[0.138s] Level 1:colcon.colcon_core.package_identification:_identify(install) by extension 'ignore'
[0.138s] Level 1:colcon.colcon_core.package_identification:_identify(install) ignored
[0.138s] Level 1:colcon.colcon_core.package_identification:_identify(log) by extensions ['ignore', 'ignore_ament_install']
[0.138s] Level 1:colcon.colcon_core.package_identification:_identify(log) by extension 'ignore'
[0.138s] Level 1:colcon.colcon_core.package_identification:_identify(log) ignored
[0.138s] Level 1:colcon.colcon_core.package_identification:_identify(logs) by extensions ['ignore', 'ignore_ament_install']
[0.138s] Level 1:colcon.colcon_core.package_identification:_identify(logs) by extension 'ignore'
[0.138s] Level 1:colcon.colcon_core.package_identification:_identify(logs) by extension 'ignore_ament_install'
[0.139s] Level 1:colcon.colcon_core.package_identification:_identify(logs) by extensions ['colcon_pkg']
[0.139s] Level 1:colcon.colcon_core.package_identification:_identify(logs) by extension 'colcon_pkg'
[0.139s] Level 1:colcon.colcon_core.package_identification:_identify(logs) by extensions ['colcon_meta']
[0.139s] Level 1:colcon.colcon_core.package_identification:_identify(logs) by extension 'colcon_meta'
[0.139s] Level 1:colcon.colcon_core.package_identification:_identify(logs) by extensions ['ros']
[0.139s] Level 1:colcon.colcon_core.package_identification:_identify(logs) by extension 'ros'
[0.139s] Level 1:colcon.colcon_core.package_identification:_identify(logs) by extensions ['cmake', 'python']
[0.139s] Level 1:colcon.colcon_core.package_identification:_identify(logs) by extension 'cmake'
[0.139s] Level 1:colcon.colcon_core.package_identification:_identify(logs) by extension 'python'
[0.139s] Level 1:colcon.colcon_core.package_identification:_identify(logs) by extensions ['python_setup_py']
[0.139s] Level 1:colcon.colcon_core.package_identification:_identify(logs) by extension 'python_setup_py'
[0.139s] Level 1:colcon.colcon_core.package_identification:_identify(plc_ss_interface) by extensions ['ignore', 'ignore_ament_install']
[0.139s] Level 1:colcon.colcon_core.package_identification:_identify(plc_ss_interface) by extension 'ignore'
[0.139s] Level 1:colcon.colcon_core.package_identification:_identify(plc_ss_interface) by extension 'ignore_ament_install'
[0.139s] Level 1:colcon.colcon_core.package_identification:_identify(plc_ss_interface) by extensions ['colcon_pkg']
[0.139s] Level 1:colcon.colcon_core.package_identification:_identify(plc_ss_interface) by extension 'colcon_pkg'
[0.139s] Level 1:colcon.colcon_core.package_identification:_identify(plc_ss_interface) by extensions ['colcon_meta']
[0.139s] Level 1:colcon.colcon_core.package_identification:_identify(plc_ss_interface) by extension 'colcon_meta'
[0.139s] Level 1:colcon.colcon_core.package_identification:_identify(plc_ss_interface) by extensions ['ros']
[0.139s] Level 1:colcon.colcon_core.package_identification:_identify(plc_ss_interface) by extension 'ros'
[0.139s] Level 1:colcon.colcon_core.package_identification:_identify(plc_ss_interface) by extensions ['cmake', 'python']
[0.139s] Level 1:colcon.colcon_core.package_identification:_identify(plc_ss_interface) by extension 'cmake'
[0.139s] Level 1:colcon.colcon_core.package_identification:_identify(plc_ss_interface) by extension 'python'
[0.139s] Level 1:colcon.colcon_core.package_identification:_identify(plc_ss_interface) by extensions ['python_setup_py']
[0.139s] Level 1:colcon.colcon_core.package_identification:_identify(plc_ss_interface) by extension 'python_setup_py'
[0.139s] Level 1:colcon.colcon_core.package_identification:_identify(plc_ss_interface/plc_ss_interface) by extensions ['ignore', 'ignore_ament_install']
[0.139s] Level 1:colcon.colcon_core.package_identification:_identify(plc_ss_interface/plc_ss_interface) by extension 'ignore'
[0.139s] Level 1:colcon.colcon_core.package_identification:_identify(plc_ss_interface/plc_ss_interface) by extension 'ignore_ament_install'
[0.139s] Level 1:colcon.colcon_core.package_identification:_identify(plc_ss_interface/plc_ss_interface) by extensions ['colcon_pkg']
[0.140s] Level 1:colcon.colcon_core.package_identification:_identify(plc_ss_interface/plc_ss_interface) by extension 'colcon_pkg'
[0.140s] Level 1:colcon.colcon_core.package_identification:_identify(plc_ss_interface/plc_ss_interface) by extensions ['colcon_meta']
[0.140s] Level 1:colcon.colcon_core.package_identification:_identify(plc_ss_interface/plc_ss_interface) by extension 'colcon_meta'
[0.140s] Level 1:colcon.colcon_core.package_identification:_identify(plc_ss_interface/plc_ss_interface) by extensions ['ros']
[0.140s] Level 1:colcon.colcon_core.package_identification:_identify(plc_ss_interface/plc_ss_interface) by extension 'ros'
[0.141s] DEBUG:colcon.colcon_core.package_identification:Package 'plc_ss_interface/plc_ss_interface' with type 'ros.ament_python' and name 'plc_ss_interface'
[0.141s] Level 1:colcon.colcon_core.package_identification:_identify(src) by extensions ['ignore', 'ignore_ament_install']
[0.141s] Level 1:colcon.colcon_core.package_identification:_identify(src) by extension 'ignore'
[0.141s] Level 1:colcon.colcon_core.package_identification:_identify(src) by extension 'ignore_ament_install'
[0.141s] Level 1:colcon.colcon_core.package_identification:_identify(src) by extensions ['colcon_pkg']
[0.141s] Level 1:colcon.colcon_core.package_identification:_identify(src) by extension 'colcon_pkg'
[0.141s] Level 1:colcon.colcon_core.package_identification:_identify(src) by extensions ['colcon_meta']
[0.142s] Level 1:colcon.colcon_core.package_identification:_identify(src) by extension 'colcon_meta'
[0.142s] Level 1:colcon.colcon_core.package_identification:_identify(src) by extensions ['ros']
[0.142s] Level 1:colcon.colcon_core.package_identification:_identify(src) by extension 'ros'
[0.142s] Level 1:colcon.colcon_core.package_identification:_identify(src) by extensions ['cmake', 'python']
[0.142s] Level 1:colcon.colcon_core.package_identification:_identify(src) by extension 'cmake'
[0.142s] Level 1:colcon.colcon_core.package_identification:_identify(src) by extension 'python'
[0.142s] Level 1:colcon.colcon_core.package_identification:_identify(src) by extensions ['python_setup_py']
[0.142s] Level 1:colcon.colcon_core.package_identification:_identify(src) by extension 'python_setup_py'
[0.142s] Level 1:colcon.colcon_core.package_identification:_identify(src/build) by extensions ['ignore', 'ignore_ament_install']
[0.142s] Level 1:colcon.colcon_core.package_identification:_identify(src/build) by extension 'ignore'
[0.142s] Level 1:colcon.colcon_core.package_identification:_identify(src/build) ignored
[0.142s] Level 1:colcon.colcon_core.package_identification:_identify(src/gkv2_motor_bridge) by extensions ['ignore', 'ignore_ament_install']
[0.142s] Level 1:colcon.colcon_core.package_identification:_identify(src/gkv2_motor_bridge) by extension 'ignore'
[0.142s] Level 1:colcon.colcon_core.package_identification:_identify(src/gkv2_motor_bridge) by extension 'ignore_ament_install'
[0.142s] Level 1:colcon.colcon_core.package_identification:_identify(src/gkv2_motor_bridge) by extensions ['colcon_pkg']
[0.142s] Level 1:colcon.colcon_core.package_identification:_identify(src/gkv2_motor_bridge) by extension 'colcon_pkg'
[0.142s] Level 1:colcon.colcon_core.package_identification:_identify(src/gkv2_motor_bridge) by extensions ['colcon_meta']
[0.142s] Level 1:colcon.colcon_core.package_identification:_identify(src/gkv2_motor_bridge) by extension 'colcon_meta'
[0.142s] Level 1:colcon.colcon_core.package_identification:_identify(src/gkv2_motor_bridge) by extensions ['ros']
[0.142s] Level 1:colcon.colcon_core.package_identification:_identify(src/gkv2_motor_bridge) by extension 'ros'
[0.143s] DEBUG:colcon.colcon_core.package_identification:Package 'src/gkv2_motor_bridge' with type 'ros.ament_cmake' and name 'gkv2_motor_bridge'
[0.143s] Level 1:colcon.colcon_core.package_identification:_identify(src/install) by extensions ['ignore', 'ignore_ament_install']
[0.143s] Level 1:colcon.colcon_core.package_identification:_identify(src/install) by extension 'ignore'
[0.143s] Level 1:colcon.colcon_core.package_identification:_identify(src/install) ignored
[0.143s] Level 1:colcon.colcon_core.package_identification:_identify(src/log) by extensions ['ignore', 'ignore_ament_install']
[0.143s] Level 1:colcon.colcon_core.package_identification:_identify(src/log) by extension 'ignore'
[0.143s] Level 1:colcon.colcon_core.package_identification:_identify(src/log) ignored
[0.143s] Level 1:colcon.colcon_core.package_identification:_identify(src/robokross_control) by extensions ['ignore', 'ignore_ament_install']
[0.143s] Level 1:colcon.colcon_core.package_identification:_identify(src/robokross_control) by extension 'ignore'
[0.143s] Level 1:colcon.colcon_core.package_identification:_identify(src/robokross_control) by extension 'ignore_ament_install'
[0.143s] Level 1:colcon.colcon_core.package_identification:_identify(src/robokross_control) by extensions ['colcon_pkg']
[0.143s] Level 1:colcon.colcon_core.package_identification:_identify(src/robokross_control) by extension 'colcon_pkg'
[0.143s] Level 1:colcon.colcon_core.package_identification:_identify(src/robokross_control) by extensions ['colcon_meta']
[0.143s] Level 1:colcon.colcon_core.package_identification:_identify(src/robokross_control) by extension 'colcon_meta'
[0.144s] Level 1:colcon.colcon_core.package_identification:_identify(src/robokross_control) by extensions ['ros']
[0.144s] Level 1:colcon.colcon_core.package_identification:_identify(src/robokross_control) by extension 'ros'
[0.144s] DEBUG:colcon.colcon_core.package_identification:Package 'src/robokross_control' with type 'ros.ament_cmake' and name 'robokross_control'
[0.144s] Level 1:colcon.colcon_core.package_identification:_identify(src/robokross_navigation) by extensions ['ignore', 'ignore_ament_install']
[0.144s] Level 1:colcon.colcon_core.package_identification:_identify(src/robokross_navigation) by extension 'ignore'
[0.144s] Level 1:colcon.colcon_core.package_identification:_identify(src/robokross_navigation) by extension 'ignore_ament_install'
[0.144s] Level 1:colcon.colcon_core.package_identification:_identify(src/robokross_navigation) by extensions ['colcon_pkg']
[0.144s] Level 1:colcon.colcon_core.package_identification:_identify(src/robokross_navigation) by extension 'colcon_pkg'
[0.144s] Level 1:colcon.colcon_core.package_identification:_identify(src/robokross_navigation) by extensions ['colcon_meta']
[0.144s] Level 1:colcon.colcon_core.package_identification:_identify(src/robokross_navigation) by extension 'colcon_meta'
[0.144s] Level 1:colcon.colcon_core.package_identification:_identify(src/robokross_navigation) by extensions ['ros']
[0.144s] Level 1:colcon.colcon_core.package_identification:_identify(src/robokross_navigation) by extension 'ros'
[0.145s] DEBUG:colcon.colcon_core.package_identification:Package 'src/robokross_navigation' with type 'ros.ament_cmake' and name 'robokross_navigation'
[0.145s] Level 1:colcon.colcon_core.package_discovery:discover_packages(recursive) using defaults
[0.145s] Level 1:colcon.colcon_core.package_discovery:discover_packages(ignore) discover
[0.145s] Level 1:colcon.colcon_core.package_discovery:discover_packages(ignore) using defaults
[0.145s] Level 1:colcon.colcon_core.package_discovery:discover_packages(path) discover
[0.145s] Level 1:colcon.colcon_core.package_discovery:discover_packages(path) using defaults
[0.157s] INFO:colcon.colcon_core.package_selection:Skipping not selected package 'gkv2_motor_bridge' in 'src/gkv2_motor_bridge'
[0.157s] INFO:colcon.colcon_core.package_selection:Skipping not selected package 'plc_ss_interface' in 'plc_ss_interface/plc_ss_interface'
[0.157s] Level 1:colcon.colcon_core.package_discovery:discover_packages(prefix_path) check parameters
[0.157s] Level 1:colcon.colcon_core.package_discovery:discover_packages(prefix_path) discover
[0.158s] WARNING:colcon.colcon_ros.prefix_path.ament:The path '/home/nockorn/robocross_all/robokross_ws/install/robokross_navigation' in the environment variable AMENT_PREFIX_PATH doesn't exist
[0.158s] WARNING:colcon.colcon_ros.prefix_path.catkin:The path '/home/nockorn/robocross_all/robokross_ws/install/robokross_navigation' in the environment variable CMAKE_PREFIX_PATH doesn't exist
[0.158s] DEBUG:colcon.colcon_installed_package_information.package_discovery:Found 2 installed packages in /home/nockorn/robocross_all/robokross_ws/install
[0.160s] DEBUG:colcon.colcon_installed_package_information.package_discovery:Found 287 installed packages in /opt/ros/jazzy
[0.161s] Level 1:colcon.colcon_core.package_discovery:discover_packages(prefix_path) using defaults
[0.191s] Level 5:colcon.colcon_core.verb:set package 'robokross_control' build argument 'cmake_args' from command line to 'None'
[0.191s] Level 5:colcon.colcon_core.verb:set package 'robokross_control' build argument 'cmake_target' from command line to 'None'
[0.191s] Level 5:colcon.colcon_core.verb:set package 'robokross_control' build argument 'cmake_target_skip_unavailable' from command line to 'False'
[0.191s] Level 5:colcon.colcon_core.verb:set package 'robokross_control' build argument 'cmake_clean_cache' from command line to 'False'
[0.191s] Level 5:colcon.colcon_core.verb:set package 'robokross_control' build argument 'cmake_clean_first' from command line to 'False'
[0.191s] Level 5:colcon.colcon_core.verb:set package 'robokross_control' build argument 'cmake_force_configure' from command line to 'False'
[0.191s] Level 5:colcon.colcon_core.verb:set package 'robokross_control' build argument 'ament_cmake_args' from command line to 'None'
[0.191s] Level 5:colcon.colcon_core.verb:set package 'robokross_control' build argument 'catkin_cmake_args' from command line to 'None'
[0.191s] Level 5:colcon.colcon_core.verb:set package 'robokross_control' build argument 'catkin_skip_building_tests' from command line to 'False'
[0.191s] DEBUG:colcon.colcon_core.verb:Building package 'robokross_control' with the following arguments: {'ament_cmake_args': None, 'build_base': '/home/nockorn/robocross_all/robokross_ws/build/robokross_control', 'catkin_cmake_args': None, 'catkin_skip_building_tests': False, 'cmake_args': None, 'cmake_clean_cache': False, 'cmake_clean_first': False, 'cmake_force_configure': False, 'cmake_target': None, 'cmake_target_skip_unavailable': False, 'install_base': '/home/nockorn/robocross_all/robokross_ws/install/robokross_control', 'merge_install': False, 'path': '/home/nockorn/robocross_all/robokross_ws/src/robokross_control', 'symlink_install': False, 'test_result_base': None}
[0.191s] Level 5:colcon.colcon_core.verb:set package 'robokross_navigation' build argument 'cmake_args' from command line to 'None'
[0.191s] Level 5:colcon.colcon_core.verb:set package 'robokross_navigation' build argument 'cmake_target' from command line to 'None'
[0.191s] Level 5:colcon.colcon_core.verb:set package 'robokross_navigation' build argument 'cmake_target_skip_unavailable' from command line to 'False'
[0.191s] Level 5:colcon.colcon_core.verb:set package 'robokross_navigation' build argument 'cmake_clean_cache' from command line to 'False'
[0.191s] Level 5:colcon.colcon_core.verb:set package 'robokross_navigation' build argument 'cmake_clean_first' from command line to 'False'
[0.191s] Level 5:colcon.colcon_core.verb:set package 'robokross_navigation' build argument 'cmake_force_configure' from command line to 'False'
[0.191s] Level 5:colcon.colcon_core.verb:set package 'robokross_navigation' build argument 'ament_cmake_args' from command line to 'None'
[0.191s] Level 5:colcon.colcon_core.verb:set package 'robokross_navigation' build argument 'catkin_cmake_args' from command line to 'None'
[0.191s] Level 5:colcon.colcon_core.verb:set package 'robokross_navigation' build argument 'catkin_skip_building_tests' from command line to 'False'
[0.191s] DEBUG:colcon.colcon_core.verb:Building package 'robokross_navigation' with the following arguments: {'ament_cmake_args': None, 'build_base': '/home/nockorn/robocross_all/robokross_ws/build/robokross_navigation', 'catkin_cmake_args': None, 'catkin_skip_building_tests': False, 'cmake_args': None, 'cmake_clean_cache': False, 'cmake_clean_first': False, 'cmake_force_configure': False, 'cmake_target': None, 'cmake_target_skip_unavailable': False, 'install_base': '/home/nockorn/robocross_all/robokross_ws/install/robokross_navigation', 'merge_install': False, 'path': '/home/nockorn/robocross_all/robokross_ws/src/robokross_navigation', 'symlink_install': False, 'test_result_base': None}
[0.191s] INFO:colcon.colcon_core.executor:Executing jobs using 'parallel' executor
[0.192s] DEBUG:colcon.colcon_parallel_executor.executor.parallel:run_until_complete
[0.192s] INFO:colcon.colcon_ros.task.ament_cmake.build:Building ROS package in '/home/nockorn/robocross_all/robokross_ws/src/robokross_control' with build type 'ament_cmake'
[0.192s] INFO:colcon.colcon_cmake.task.cmake.build:Building CMake package in '/home/nockorn/robocross_all/robokross_ws/src/robokross_control'
[0.194s] INFO:colcon.colcon_core.plugin_system:Skipping extension 'colcon_core.shell.bat': Not used on non-Windows systems
[0.194s] INFO:colcon.colcon_core.shell:Skip shell extension 'powershell' for command environment: Not usable outside of PowerShell
[0.194s] DEBUG:colcon.colcon_core.shell:Skip shell extension 'dsv' for command environment
[0.196s] INFO:colcon.colcon_ros.task.ament_cmake.build:Building ROS package in '/home/nockorn/robocross_all/robokross_ws/src/robokross_navigation' with build type 'ament_cmake'
[0.197s] INFO:colcon.colcon_cmake.task.cmake.build:Building CMake package in '/home/nockorn/robocross_all/robokross_ws/src/robokross_navigation'
[0.197s] INFO:colcon.colcon_core.shell:Skip shell extension 'powershell' for command environment: Not usable outside of PowerShell
[0.197s] DEBUG:colcon.colcon_core.shell:Skip shell extension 'dsv' for command environment
[0.203s] DEBUG:colcon.colcon_core.event_handler.log_command:Invoking command in '/home/nockorn/robocross_all/robokross_ws/build/robokross_control': CMAKE_PREFIX_PATH=${CMAKE_PREFIX_PATH}:/opt/ros/jazzy DEBUGINFOD_URLS=https://debuginfod.ubuntu.com /usr/bin/cmake --build /home/nockorn/robocross_all/robokross_ws/build/robokross_control -- -j12 -l12
[0.206s] DEBUG:colcon.colcon_core.event_handler.log_command:Invoking command in '/home/nockorn/robocross_all/robokross_ws/build/robokross_navigation': CMAKE_PREFIX_PATH=${CMAKE_PREFIX_PATH}:/opt/ros/jazzy DEBUGINFOD_URLS=https://debuginfod.ubuntu.com /usr/bin/cmake /home/nockorn/robocross_all/robokross_ws/src/robokross_navigation -DCMAKE_INSTALL_PREFIX=/home/nockorn/robocross_all/robokross_ws/install/robokross_navigation
[0.266s] DEBUG:colcon.colcon_core.event_handler.log_command:Invoked command in '/home/nockorn/robocross_all/robokross_ws/build/robokross_control' returned '0': CMAKE_PREFIX_PATH=${CMAKE_PREFIX_PATH}:/opt/ros/jazzy DEBUGINFOD_URLS=https://debuginfod.ubuntu.com /usr/bin/cmake --build /home/nockorn/robocross_all/robokross_ws/build/robokross_control -- -j12 -l12
[0.274s] DEBUG:colcon.colcon_core.event_handler.log_command:Invoking command in '/home/nockorn/robocross_all/robokross_ws/build/robokross_control': CMAKE_PREFIX_PATH=${CMAKE_PREFIX_PATH}:/opt/ros/jazzy DEBUGINFOD_URLS=https://debuginfod.ubuntu.com /usr/bin/cmake --install /home/nockorn/robocross_all/robokross_ws/build/robokross_control
[0.283s] Level 1:colcon.colcon_core.environment:create_environment_scripts_only(robokross_control)
[0.284s] DEBUG:colcon.colcon_core.event_handler.log_command:Invoked command in '/home/nockorn/robocross_all/robokross_ws/build/robokross_control' returned '0': CMAKE_PREFIX_PATH=${CMAKE_PREFIX_PATH}:/opt/ros/jazzy DEBUGINFOD_URLS=https://debuginfod.ubuntu.com /usr/bin/cmake --install /home/nockorn/robocross_all/robokross_ws/build/robokross_control
[0.286s] Level 1:colcon.colcon_core.environment:checking '/home/nockorn/robocross_all/robokross_ws/install/robokross_control' for CMake module files
[0.287s] Level 1:colcon.colcon_core.environment:checking '/home/nockorn/robocross_all/robokross_ws/install/robokross_control' for CMake config files
[0.287s] Level 1:colcon.colcon_core.shell:create_environment_hook('robokross_control', 'cmake_prefix_path')
[0.287s] INFO:colcon.colcon_core.shell:Creating environment hook '/home/nockorn/robocross_all/robokross_ws/install/robokross_control/share/robokross_control/hook/cmake_prefix_path.ps1'
[0.288s] INFO:colcon.colcon_core.shell:Creating environment descriptor '/home/nockorn/robocross_all/robokross_ws/install/robokross_control/share/robokross_control/hook/cmake_prefix_path.dsv'
[0.288s] INFO:colcon.colcon_core.shell:Creating environment hook '/home/nockorn/robocross_all/robokross_ws/install/robokross_control/share/robokross_control/hook/cmake_prefix_path.sh'
[0.289s] Level 1:colcon.colcon_core.environment:checking '/home/nockorn/robocross_all/robokross_ws/install/robokross_control/lib'
[0.289s] Level 1:colcon.colcon_core.environment:checking '/home/nockorn/robocross_all/robokross_ws/install/robokross_control/bin'
[0.290s] Level 1:colcon.colcon_core.environment:checking '/home/nockorn/robocross_all/robokross_ws/install/robokross_control/lib/pkgconfig/robokross_control.pc'
[0.290s] Level 1:colcon.colcon_core.environment:checking '/home/nockorn/robocross_all/robokross_ws/install/robokross_control/lib/python3.12/site-packages'
[0.290s] Level 1:colcon.colcon_core.environment:checking '/home/nockorn/robocross_all/robokross_ws/install/robokross_control/bin'
[0.290s] INFO:colcon.colcon_core.shell:Creating package script '/home/nockorn/robocross_all/robokross_ws/install/robokross_control/share/robokross_control/package.ps1'
[0.291s] INFO:colcon.colcon_core.shell:Creating package descriptor '/home/nockorn/robocross_all/robokross_ws/install/robokross_control/share/robokross_control/package.dsv'
[0.292s] INFO:colcon.colcon_core.shell:Creating package script '/home/nockorn/robocross_all/robokross_ws/install/robokross_control/share/robokross_control/package.sh'
[0.293s] INFO:colcon.colcon_core.shell:Creating package script '/home/nockorn/robocross_all/robokross_ws/install/robokross_control/share/robokross_control/package.bash'
[0.293s] INFO:colcon.colcon_core.shell:Creating package script '/home/nockorn/robocross_all/robokross_ws/install/robokross_control/share/robokross_control/package.zsh'
[0.294s] Level 1:colcon.colcon_core.environment:create_file_with_runtime_dependencies(/home/nockorn/robocross_all/robokross_ws/install/robokross_control/share/colcon-core/packages/robokross_control)
[0.294s] Level 1:colcon.colcon_core.environment:create_environment_scripts_only(robokross_control)
[0.295s] Level 1:colcon.colcon_core.environment:checking '/home/nockorn/robocross_all/robokross_ws/install/robokross_control' for CMake module files
[0.296s] Level 1:colcon.colcon_core.environment:checking '/home/nockorn/robocross_all/robokross_ws/install/robokross_control' for CMake config files
[0.296s] Level 1:colcon.colcon_core.shell:create_environment_hook('robokross_control', 'cmake_prefix_path')
[0.296s] INFO:colcon.colcon_core.shell:Creating environment hook '/home/nockorn/robocross_all/robokross_ws/install/robokross_control/share/robokross_control/hook/cmake_prefix_path.ps1'
[0.297s] INFO:colcon.colcon_core.shell:Creating environment descriptor '/home/nockorn/robocross_all/robokross_ws/install/robokross_control/share/robokross_control/hook/cmake_prefix_path.dsv'
[0.297s] INFO:colcon.colcon_core.shell:Creating environment hook '/home/nockorn/robocross_all/robokross_ws/install/robokross_control/share/robokross_control/hook/cmake_prefix_path.sh'
[0.297s] Level 1:colcon.colcon_core.environment:checking '/home/nockorn/robocross_all/robokross_ws/install/robokross_control/lib'
[0.297s] Level 1:colcon.colcon_core.environment:checking '/home/nockorn/robocross_all/robokross_ws/install/robokross_control/bin'
[0.297s] Level 1:colcon.colcon_core.environment:checking '/home/nockorn/robocross_all/robokross_ws/install/robokross_control/lib/pkgconfig/robokross_control.pc'
[0.298s] Level 1:colcon.colcon_core.environment:checking '/home/nockorn/robocross_all/robokross_ws/install/robokross_control/lib/python3.12/site-packages'
[0.298s] Level 1:colcon.colcon_core.environment:checking '/home/nockorn/robocross_all/robokross_ws/install/robokross_control/bin'
[0.298s] INFO:colcon.colcon_core.shell:Creating package script '/home/nockorn/robocross_all/robokross_ws/install/robokross_control/share/robokross_control/package.ps1'
[0.299s] INFO:colcon.colcon_core.shell:Creating package descriptor '/home/nockorn/robocross_all/robokross_ws/install/robokross_control/share/robokross_control/package.dsv'
[0.299s] INFO:colcon.colcon_core.shell:Creating package script '/home/nockorn/robocross_all/robokross_ws/install/robokross_control/share/robokross_control/package.sh'
[0.300s] INFO:colcon.colcon_core.shell:Creating package script '/home/nockorn/robocross_all/robokross_ws/install/robokross_control/share/robokross_control/package.bash'
[0.300s] INFO:colcon.colcon_core.shell:Creating package script '/home/nockorn/robocross_all/robokross_ws/install/robokross_control/share/robokross_control/package.zsh'
[0.300s] Level 1:colcon.colcon_core.environment:create_file_with_runtime_dependencies(/home/nockorn/robocross_all/robokross_ws/install/robokross_control/share/colcon-core/packages/robokross_control)
[1.224s] DEBUG:colcon.colcon_core.event_handler.log_command:Invoked command in '/home/nockorn/robocross_all/robokross_ws/build/robokross_navigation' returned '0': CMAKE_PREFIX_PATH=${CMAKE_PREFIX_PATH}:/opt/ros/jazzy DEBUGINFOD_URLS=https://debuginfod.ubuntu.com /usr/bin/cmake /home/nockorn/robocross_all/robokross_ws/src/robokross_navigation -DCMAKE_INSTALL_PREFIX=/home/nockorn/robocross_all/robokross_ws/install/robokross_navigation
[1.225s] DEBUG:colcon.colcon_core.event_handler.log_command:Invoking command in '/home/nockorn/robocross_all/robokross_ws/build/robokross_navigation': CMAKE_PREFIX_PATH=${CMAKE_PREFIX_PATH}:/opt/ros/jazzy DEBUGINFOD_URLS=https://debuginfod.ubuntu.com /usr/bin/cmake --build /home/nockorn/robocross_all/robokross_ws/build/robokross_navigation -- -j12 -l12
[10.067s] DEBUG:colcon.colcon_core.event_handler.log_command:Invoked command in '/home/nockorn/robocross_all/robokross_ws/build/robokross_navigation' returned '0': CMAKE_PREFIX_PATH=${CMAKE_PREFIX_PATH}:/opt/ros/jazzy DEBUGINFOD_URLS=https://debuginfod.ubuntu.com /usr/bin/cmake --build /home/nockorn/robocross_all/robokross_ws/build/robokross_navigation -- -j12 -l12
[10.068s] DEBUG:colcon.colcon_core.event_handler.log_command:Invoking command in '/home/nockorn/robocross_all/robokross_ws/build/robokross_navigation': CMAKE_PREFIX_PATH=${CMAKE_PREFIX_PATH}:/opt/ros/jazzy DEBUGINFOD_URLS=https://debuginfod.ubuntu.com /usr/bin/cmake --install /home/nockorn/robocross_all/robokross_ws/build/robokross_navigation
[10.086s] Level 1:colcon.colcon_core.environment:create_environment_scripts_only(robokross_navigation)
[10.087s] Level 1:colcon.colcon_core.environment:checking '/home/nockorn/robocross_all/robokross_ws/install/robokross_navigation' for CMake module files
[10.087s] DEBUG:colcon.colcon_core.event_handler.log_command:Invoked command in '/home/nockorn/robocross_all/robokross_ws/build/robokross_navigation' returned '0': CMAKE_PREFIX_PATH=${CMAKE_PREFIX_PATH}:/opt/ros/jazzy DEBUGINFOD_URLS=https://debuginfod.ubuntu.com /usr/bin/cmake --install /home/nockorn/robocross_all/robokross_ws/build/robokross_navigation
[10.087s] Level 1:colcon.colcon_core.environment:checking '/home/nockorn/robocross_all/robokross_ws/install/robokross_navigation' for CMake config files
[10.088s] Level 1:colcon.colcon_core.shell:create_environment_hook('robokross_navigation', 'cmake_prefix_path')
[10.088s] INFO:colcon.colcon_core.shell:Creating environment hook '/home/nockorn/robocross_all/robokross_ws/install/robokross_navigation/share/robokross_navigation/hook/cmake_prefix_path.ps1'
[10.088s] INFO:colcon.colcon_core.shell:Creating environment descriptor '/home/nockorn/robocross_all/robokross_ws/install/robokross_navigation/share/robokross_navigation/hook/cmake_prefix_path.dsv'
[10.088s] INFO:colcon.colcon_core.shell:Creating environment hook '/home/nockorn/robocross_all/robokross_ws/install/robokross_navigation/share/robokross_navigation/hook/cmake_prefix_path.sh'
[10.089s] Level 1:colcon.colcon_core.environment:checking '/home/nockorn/robocross_all/robokross_ws/install/robokross_navigation/lib'
[10.089s] Level 1:colcon.colcon_core.environment:checking '/home/nockorn/robocross_all/robokross_ws/install/robokross_navigation/bin'
[10.089s] Level 1:colcon.colcon_core.environment:checking '/home/nockorn/robocross_all/robokross_ws/install/robokross_navigation/lib/pkgconfig/robokross_navigation.pc'
[10.089s] Level 1:colcon.colcon_core.environment:checking '/home/nockorn/robocross_all/robokross_ws/install/robokross_navigation/lib/python3.12/site-packages'
[10.089s] Level 1:colcon.colcon_core.environment:checking '/home/nockorn/robocross_all/robokross_ws/install/robokross_navigation/bin'
[10.089s] INFO:colcon.colcon_core.shell:Creating package script '/home/nockorn/robocross_all/robokross_ws/install/robokross_navigation/share/robokross_navigation/package.ps1'
[10.090s] INFO:colcon.colcon_core.shell:Creating package descriptor '/home/nockorn/robocross_all/robokross_ws/install/robokross_navigation/share/robokross_navigation/package.dsv'
[10.090s] INFO:colcon.colcon_core.shell:Creating package script '/home/nockorn/robocross_all/robokross_ws/install/robokross_navigation/share/robokross_navigation/package.sh'
[10.090s] INFO:colcon.colcon_core.shell:Creating package script '/home/nockorn/robocross_all/robokross_ws/install/robokross_navigation/share/robokross_navigation/package.bash'
[10.090s] INFO:colcon.colcon_core.shell:Creating package script '/home/nockorn/robocross_all/robokross_ws/install/robokross_navigation/share/robokross_navigation/package.zsh'
[10.091s] Level 1:colcon.colcon_core.environment:create_file_with_runtime_dependencies(/home/nockorn/robocross_all/robokross_ws/install/robokross_navigation/share/colcon-core/packages/robokross_navigation)
[10.091s] Level 1:colcon.colcon_core.environment:create_environment_scripts_only(robokross_navigation)
[10.091s] Level 1:colcon.colcon_core.environment:checking '/home/nockorn/robocross_all/robokross_ws/install/robokross_navigation' for CMake module files
[10.092s] Level 1:colcon.colcon_core.environment:checking '/home/nockorn/robocross_all/robokross_ws/install/robokross_navigation' for CMake config files
[10.092s] Level 1:colcon.colcon_core.shell:create_environment_hook('robokross_navigation', 'cmake_prefix_path')
[10.092s] INFO:colcon.colcon_core.shell:Creating environment hook '/home/nockorn/robocross_all/robokross_ws/install/robokross_navigation/share/robokross_navigation/hook/cmake_prefix_path.ps1'
[10.092s] INFO:colcon.colcon_core.shell:Creating environment descriptor '/home/nockorn/robocross_all/robokross_ws/install/robokross_navigation/share/robokross_navigation/hook/cmake_prefix_path.dsv'
[10.092s] INFO:colcon.colcon_core.shell:Creating environment hook '/home/nockorn/robocross_all/robokross_ws/install/robokross_navigation/share/robokross_navigation/hook/cmake_prefix_path.sh'
[10.093s] Level 1:colcon.colcon_core.environment:checking '/home/nockorn/robocross_all/robokross_ws/install/robokross_navigation/lib'
[10.093s] Level 1:colcon.colcon_core.environment:checking '/home/nockorn/robocross_all/robokross_ws/install/robokross_navigation/bin'
[10.093s] Level 1:colcon.colcon_core.environment:checking '/home/nockorn/robocross_all/robokross_ws/install/robokross_navigation/lib/pkgconfig/robokross_navigation.pc'
[10.093s] Level 1:colcon.colcon_core.environment:checking '/home/nockorn/robocross_all/robokross_ws/install/robokross_navigation/lib/python3.12/site-packages'
[10.093s] Level 1:colcon.colcon_core.environment:checking '/home/nockorn/robocross_all/robokross_ws/install/robokross_navigation/bin'
[10.093s] INFO:colcon.colcon_core.shell:Creating package script '/home/nockorn/robocross_all/robokross_ws/install/robokross_navigation/share/robokross_navigation/package.ps1'
[10.094s] INFO:colcon.colcon_core.shell:Creating package descriptor '/home/nockorn/robocross_all/robokross_ws/install/robokross_navigation/share/robokross_navigation/package.dsv'
[10.094s] INFO:colcon.colcon_core.shell:Creating package script '/home/nockorn/robocross_all/robokross_ws/install/robokross_navigation/share/robokross_navigation/package.sh'
[10.094s] INFO:colcon.colcon_core.shell:Creating package script '/home/nockorn/robocross_all/robokross_ws/install/robokross_navigation/share/robokross_navigation/package.bash'
[10.094s] INFO:colcon.colcon_core.shell:Creating package script '/home/nockorn/robocross_all/robokross_ws/install/robokross_navigation/share/robokross_navigation/package.zsh'
[10.095s] Level 1:colcon.colcon_core.environment:create_file_with_runtime_dependencies(/home/nockorn/robocross_all/robokross_ws/install/robokross_navigation/share/colcon-core/packages/robokross_navigation)
[10.095s] DEBUG:colcon.colcon_parallel_executor.executor.parallel:closing loop
[10.095s] DEBUG:colcon.colcon_parallel_executor.executor.parallel:loop closed
[10.095s] DEBUG:colcon.colcon_parallel_executor.executor.parallel:run_until_complete finished with '0'
[10.095s] DEBUG:colcon.colcon_core.event_reactor:joining thread
[10.099s] INFO:colcon.colcon_core.plugin_system:Skipping extension 'colcon_notification.desktop_notification.terminal_notifier': Not used on non-Darwin systems
[10.099s] INFO:colcon.colcon_core.plugin_system:Skipping extension 'colcon_notification.desktop_notification.win32': Not used on non-Windows systems
[10.099s] INFO:colcon.colcon_notification.desktop_notification:Sending desktop notification using 'notify2'
[10.110s] DEBUG:colcon.colcon_core.event_reactor:joined thread
[10.110s] INFO:colcon.colcon_core.shell:Creating prefix script '/home/nockorn/robocross_all/robokross_ws/install/local_setup.ps1'
[10.111s] INFO:colcon.colcon_core.shell:Creating prefix util module '/home/nockorn/robocross_all/robokross_ws/install/_local_setup_util_ps1.py'
[10.112s] INFO:colcon.colcon_core.shell:Creating prefix chain script '/home/nockorn/robocross_all/robokross_ws/install/setup.ps1'
[10.112s] INFO:colcon.colcon_core.shell:Creating prefix script '/home/nockorn/robocross_all/robokross_ws/install/local_setup.sh'
[10.113s] INFO:colcon.colcon_core.shell:Creating prefix util module '/home/nockorn/robocross_all/robokross_ws/install/_local_setup_util_sh.py'
[10.113s] INFO:colcon.colcon_core.shell:Creating prefix chain script '/home/nockorn/robocross_all/robokross_ws/install/setup.sh'
[10.114s] INFO:colcon.colcon_core.shell:Creating prefix script '/home/nockorn/robocross_all/robokross_ws/install/local_setup.bash'
[10.115s] INFO:colcon.colcon_core.shell:Creating prefix chain script '/home/nockorn/robocross_all/robokross_ws/install/setup.bash'
[10.115s] INFO:colcon.colcon_core.shell:Creating prefix script '/home/nockorn/robocross_all/robokross_ws/install/local_setup.zsh'
[10.116s] INFO:colcon.colcon_core.shell:Creating prefix chain script '/home/nockorn/robocross_all/robokross_ws/install/setup.zsh'
