[0.008s] Invoking command in '/home/nockorn/robocross_all/robokross_ws/build/robokross_navigation': CMAKE_PREFIX_PATH=${CMAKE_PREFIX_PATH}:/opt/ros/jazzy DEBUGINFOD_URLS=https://debuginfod.ubuntu.com /usr/bin/cmake /home/nockorn/robocross_all/robokross_ws/src/robokross_navigation -DCMAKE_INSTALL_PREFIX=/home/nockorn/robocross_all/robokross_ws/install/robokross_navigation
[0.053s] -- The C compiler identification is GNU 13.3.0
[0.097s] -- The CXX compiler identification is GNU 13.3.0
[0.112s] -- Detecting C compiler ABI info
[0.186s] -- Detecting C compiler ABI info - done
[0.193s] -- Check for working C compiler: /usr/bin/cc - skipped
[0.193s] -- Detecting C compile features
[0.194s] -- Detecting C compile features - done
[0.202s] -- Detecting CXX compiler ABI info
[0.281s] -- Detecting CXX compiler ABI info - done
[0.288s] -- Check for working CXX compiler: /usr/bin/c++ - skipped
[0.288s] -- Detecting CXX compile features
[0.289s] -- Detecting CXX compile features - done
[0.291s] -- Found ament_cmake: 2.5.6 (/opt/ros/jazzy/share/ament_cmake/cmake)
[0.398s] -- Found Python3: /usr/bin/python3 (found version "3.12.3") found components: Interpreter 
[0.472s] -- Found rclcpp: 28.1.18 (/opt/ros/jazzy/share/rclcpp/cmake)
[0.503s] -- Found rosidl_generator_c: 4.6.7 (/opt/ros/jazzy/share/rosidl_generator_c/cmake)
[0.515s] -- Found rosidl_generator_cpp: 4.6.7 (/opt/ros/jazzy/share/rosidl_generator_cpp/cmake)
[0.527s] -- Using all available rosidl_typesupport_c: rosidl_typesupport_fastrtps_c;rosidl_typesupport_introspection_c
[0.542s] -- Using all available rosidl_typesupport_cpp: rosidl_typesupport_fastrtps_cpp;rosidl_typesupport_introspection_cpp
[0.601s] -- Found rmw_implementation_cmake: 7.3.3 (/opt/ros/jazzy/share/rmw_implementation_cmake/cmake)
[0.603s] -- Found rmw_fastrtps_cpp: 8.4.3 (/opt/ros/jazzy/share/rmw_fastrtps_cpp/cmake)
[0.669s] -- Found OpenSSL: /usr/lib/x86_64-linux-gnu/libcrypto.so (found version "3.0.13")  
[0.683s] -- Found FastRTPS: /opt/ros/jazzy/include (Required is at least version "2.13") 
[0.701s] -- Using RMW implementation 'rmw_fastrtps_cpp' as default
[0.760s] -- Found std_msgs: 5.3.7 (/opt/ros/jazzy/share/std_msgs/cmake)
[0.771s] -- Found geometry_msgs: 5.3.7 (/opt/ros/jazzy/share/geometry_msgs/cmake)
[0.784s] -- Found sensor_msgs: 5.3.7 (/opt/ros/jazzy/share/sensor_msgs/cmake)
[0.804s] -- Found nav_msgs: 5.3.7 (/opt/ros/jazzy/share/nav_msgs/cmake)
[0.829s] -- Found ament_lint_auto: 0.17.5 (/opt/ros/jazzy/share/ament_lint_auto/cmake)
[0.917s] -- Added test 'cppcheck' to perform static code analysis on C / C++ code
[0.917s] -- Configured cppcheck include dirs: /home/nockorn/robocross_all/robokross_ws/src/robokross_navigation/include
[0.917s] -- Configured cppcheck exclude dirs and/or files: 
[0.920s] -- Added test 'flake8' to check Python code syntax and style conventions
[0.920s] -- Configured 'flake8' exclude dirs and/or files: 
[0.924s] -- Added test 'lint_cmake' to check CMake code style
[0.926s] -- Added test 'pep257' to check Python code against some of the docstring style conventions in PEP 257
[0.941s] -- Added test 'uncrustify' to check C / C++ code style
[0.941s] -- Configured uncrustify additional arguments: 
[0.944s] -- Added test 'xmllint' to check XML markup files
[0.945s] -- Configuring done (0.9s)
[0.958s] -- Generating done (0.0s)
[0.962s] -- Build files have been written to: /home/nockorn/robocross_all/robokross_ws/build/robokross_navigation
[0.970s] Invoked command in '/home/nockorn/robocross_all/robokross_ws/build/robokross_navigation' returned '0': CMAKE_PREFIX_PATH=${CMAKE_PREFIX_PATH}:/opt/ros/jazzy DEBUGINFOD_URLS=https://debuginfod.ubuntu.com /usr/bin/cmake /home/nockorn/robocross_all/robokross_ws/src/robokross_navigation -DCMAKE_INSTALL_PREFIX=/home/nockorn/robocross_all/robokross_ws/install/robokross_navigation
[0.972s] Invoking command in '/home/nockorn/robocross_all/robokross_ws/build/robokross_navigation': CMAKE_PREFIX_PATH=${CMAKE_PREFIX_PATH}:/opt/ros/jazzy DEBUGINFOD_URLS=https://debuginfod.ubuntu.com /usr/bin/cmake --build /home/nockorn/robocross_all/robokross_ws/build/robokross_navigation -- -j12 -l12
[1.015s] [ 25%] [32mBuilding CXX object CMakeFiles/nav_parser_udp_node.dir/src/nav_parser_udp_node.cpp.o[0m
[1.015s] [ 50%] [32mBuilding CXX object CMakeFiles/nav_logger_node.dir/src/nav_logger_node.cpp.o[0m
[6.919s] [ 75%] [32m[1mLinking CXX executable nav_parser_udp_node[0m
[7.105s] [ 75%] Built target nav_parser_udp_node
[9.533s] [100%] [32m[1mLinking CXX executable nav_logger_node[0m
[9.838s] [100%] Built target nav_logger_node
[9.847s] Invoked command in '/home/nockorn/robocross_all/robokross_ws/build/robokross_navigation' returned '0': CMAKE_PREFIX_PATH=${CMAKE_PREFIX_PATH}:/opt/ros/jazzy DEBUGINFOD_URLS=https://debuginfod.ubuntu.com /usr/bin/cmake --build /home/nockorn/robocross_all/robokross_ws/build/robokross_navigation -- -j12 -l12
[9.856s] Invoking command in '/home/nockorn/robocross_all/robokross_ws/build/robokross_navigation': CMAKE_PREFIX_PATH=${CMAKE_PREFIX_PATH}:/opt/ros/jazzy DEBUGINFOD_URLS=https://debuginfod.ubuntu.com /usr/bin/cmake --install /home/nockorn/robocross_all/robokross_ws/build/robokross_navigation
[9.863s] -- Install configuration: ""
[9.863s] -- Installing: /home/nockorn/robocross_all/robokross_ws/install/robokross_navigation/lib/robokross_navigation/nav_parser_udp_node
[9.865s] -- Set non-toolchain portion of runtime path of "/home/nockorn/robocross_all/robokross_ws/install/robokross_navigation/lib/robokross_navigation/nav_parser_udp_node" to ""
[9.865s] -- Installing: /home/nockorn/robocross_all/robokross_ws/install/robokross_navigation/lib/robokross_navigation/nav_logger_node
[9.871s] -- Set non-toolchain portion of runtime path of "/home/nockorn/robocross_all/robokross_ws/install/robokross_navigation/lib/robokross_navigation/nav_logger_node" to ""
[9.872s] -- Installing: /home/nockorn/robocross_all/robokross_ws/install/robokross_navigation/share/robokross_navigation/logs
[9.872s] -- Installing: /home/nockorn/robocross_all/robokross_ws/install/robokross_navigation/lib/robokross_navigation/mock_nav_publisher.py
[9.872s] -- Installing: /home/nockorn/robocross_all/robokross_ws/install/robokross_navigation/share/robokross_navigation/launch
[9.872s] -- Installing: /home/nockorn/robocross_all/robokross_ws/install/robokross_navigation/share/robokross_navigation/launch/nav_test.launch.py
[9.872s] -- Installing: /home/nockorn/robocross_all/robokross_ws/install/robokross_navigation/share/ament_index/resource_index/package_run_dependencies/robokross_navigation
[9.872s] -- Installing: /home/nockorn/robocross_all/robokross_ws/install/robokross_navigation/share/ament_index/resource_index/parent_prefix_path/robokross_navigation
[9.872s] -- Installing: /home/nockorn/robocross_all/robokross_ws/install/robokross_navigation/share/robokross_navigation/environment/ament_prefix_path.sh
[9.872s] -- Installing: /home/nockorn/robocross_all/robokross_ws/install/robokross_navigation/share/robokross_navigation/environment/ament_prefix_path.dsv
[9.873s] -- Installing: /home/nockorn/robocross_all/robokross_ws/install/robokross_navigation/share/robokross_navigation/environment/path.sh
[9.873s] -- Installing: /home/nockorn/robocross_all/robokross_ws/install/robokross_navigation/share/robokross_navigation/environment/path.dsv
[9.873s] -- Installing: /home/nockorn/robocross_all/robokross_ws/install/robokross_navigation/share/robokross_navigation/local_setup.bash
[9.873s] -- Installing: /home/nockorn/robocross_all/robokross_ws/install/robokross_navigation/share/robokross_navigation/local_setup.sh
[9.873s] -- Installing: /home/nockorn/robocross_all/robokross_ws/install/robokross_navigation/share/robokross_navigation/local_setup.zsh
[9.873s] -- Installing: /home/nockorn/robocross_all/robokross_ws/install/robokross_navigation/share/robokross_navigation/local_setup.dsv
[9.873s] -- Installing: /home/nockorn/robocross_all/robokross_ws/install/robokross_navigation/share/robokross_navigation/package.dsv
[9.874s] -- Installing: /home/nockorn/robocross_all/robokross_ws/install/robokross_navigation/share/ament_index/resource_index/packages/robokross_navigation
[9.874s] -- Installing: /home/nockorn/robocross_all/robokross_ws/install/robokross_navigation/share/robokross_navigation/cmake/robokross_navigationConfig.cmake
[9.874s] -- Installing: /home/nockorn/robocross_all/robokross_ws/install/robokross_navigation/share/robokross_navigation/cmake/robokross_navigationConfig-version.cmake
[9.874s] -- Installing: /home/nockorn/robocross_all/robokross_ws/install/robokross_navigation/share/robokross_navigation/package.xml
[9.876s] Invoked command in '/home/nockorn/robocross_all/robokross_ws/build/robokross_navigation' returned '0': CMAKE_PREFIX_PATH=${CMAKE_PREFIX_PATH}:/opt/ros/jazzy DEBUGINFOD_URLS=https://debuginfod.ubuntu.com /usr/bin/cmake --install /home/nockorn/robocross_all/robokross_ws/build/robokross_navigation
