[0.008s] Invoking command in '/home/nockorn/robokross_ws/build/gkv2_motor_bridge': CMAKE_PREFIX_PATH=${CMAKE_PREFIX_PATH}:/opt/ros/jazzy DEBUGINFOD_URLS=https://debuginfod.ubuntu.com /usr/bin/cmake /home/nockorn/robokross_ws/src/gkv2_motor_bridge -DAMENT_CMAKE_SYMLINK_INSTALL=1 -DCMAKE_INSTALL_PREFIX=/home/nockorn/robokross_ws/install/gkv2_motor_bridge
[0.064s] -- The C compiler identification is GNU 13.3.0
[0.117s] -- The CXX compiler identification is GNU 13.3.0
[0.131s] -- Detecting C compiler ABI info
[0.200s] -- Detecting C compiler ABI info - done
[0.208s] -- Check for working C compiler: /usr/bin/cc - skipped
[0.208s] -- Detecting C compile features
[0.208s] -- Detecting C compile features - done
[0.216s] -- Detecting CXX compiler ABI info
[0.301s] -- Detecting CXX compiler ABI info - done
[0.309s] -- Check for working CXX compiler: /usr/bin/c++ - skipped
[0.309s] -- Detecting CXX compile features
[0.309s] -- Detecting CXX compile features - done
[0.311s] -- Found ament_cmake: 2.5.6 (/opt/ros/jazzy/share/ament_cmake/cmake)
[0.422s] -- Found Python3: /usr/bin/python3 (found version "3.12.3") found components: Interpreter 
[0.476s] -- Override CMake install command with custom implementation using symlinks instead of copying resources
[0.500s] -- Found rclcpp: 28.1.18 (/opt/ros/jazzy/share/rclcpp/cmake)
[0.556s] -- Found rosidl_generator_c: 4.6.7 (/opt/ros/jazzy/share/rosidl_generator_c/cmake)
[0.567s] -- Found rosidl_generator_cpp: 4.6.7 (/opt/ros/jazzy/share/rosidl_generator_cpp/cmake)
[0.579s] -- Using all available rosidl_typesupport_c: rosidl_typesupport_fastrtps_c;rosidl_typesupport_introspection_c
[0.593s] -- Using all available rosidl_typesupport_cpp: rosidl_typesupport_fastrtps_cpp;rosidl_typesupport_introspection_cpp
[0.652s] -- Found rmw_implementation_cmake: 7.3.3 (/opt/ros/jazzy/share/rmw_implementation_cmake/cmake)
[0.654s] -- Found rmw_fastrtps_cpp: 8.4.3 (/opt/ros/jazzy/share/rmw_fastrtps_cpp/cmake)
[0.721s] -- Found OpenSSL: /usr/lib/x86_64-linux-gnu/libcrypto.so (found version "3.0.13")  
[0.736s] -- Found FastRTPS: /opt/ros/jazzy/include (Required is at least version "2.13") 
[0.755s] -- Using RMW implementation 'rmw_fastrtps_cpp' as default
[0.813s] -- Found geometry_msgs: 5.3.7 (/opt/ros/jazzy/share/geometry_msgs/cmake)
[0.840s] -- Found sensor_msgs: 5.3.7 (/opt/ros/jazzy/share/sensor_msgs/cmake)
[0.860s] -- Found nav_msgs: 5.3.7 (/opt/ros/jazzy/share/nav_msgs/cmake)
[0.888s] -- Found Boost: /usr/lib/x86_64-linux-gnu/cmake/Boost-1.83.0/BoostConfig.cmake (found version "1.83.0") found components: system 
[0.917s] -- Found rosidl_default_generators: 1.6.0 (/opt/ros/jazzy/share/rosidl_default_generators/cmake)
[0.932s] -- Found rosidl_adapter: 4.6.7 (/opt/ros/jazzy/share/rosidl_adapter/cmake)
[0.934s] -- Found tf2_ros: 0.36.20 (/opt/ros/jazzy/share/tf2_ros/cmake)
[1.518s] -- Found ament_cmake_ros: 0.12.0 (/opt/ros/jazzy/share/ament_cmake_ros/cmake)
[2.124s] -- Using all available rosidl_typesupport_c: rosidl_typesupport_fastrtps_c;rosidl_typesupport_introspection_c
[2.359s] -- Using all available rosidl_typesupport_cpp: rosidl_typesupport_fastrtps_cpp;rosidl_typesupport_introspection_cpp
[2.361s] -- Found python_cmake_module: 0.11.1 (/opt/ros/jazzy/share/python_cmake_module/cmake)
[2.470s] -- Found PythonExtra: /usr/bin/python3  
[2.799s] -- Found Python3: /usr/bin/python3 (found version "3.12.3") found components: Interpreter Development NumPy Development.Module Development.Embed 
[2.867s] -- Found Python3: /usr/bin/python3 (found version "3.12.3") found components: Interpreter 
[2.885s] -- Configuring done (2.9s)
[2.944s] -- Generating done (0.0s)
[2.960s] -- Build files have been written to: /home/nockorn/robokross_ws/build/gkv2_motor_bridge
[2.973s] Invoked command in '/home/nockorn/robokross_ws/build/gkv2_motor_bridge' returned '0': CMAKE_PREFIX_PATH=${CMAKE_PREFIX_PATH}:/opt/ros/jazzy DEBUGINFOD_URLS=https://debuginfod.ubuntu.com /usr/bin/cmake /home/nockorn/robokross_ws/src/gkv2_motor_bridge -DAMENT_CMAKE_SYMLINK_INSTALL=1 -DCMAKE_INSTALL_PREFIX=/home/nockorn/robokross_ws/install/gkv2_motor_bridge
[2.973s] Invoking command in '/home/nockorn/robokross_ws/build/gkv2_motor_bridge': CMAKE_PREFIX_PATH=${CMAKE_PREFIX_PATH}:/opt/ros/jazzy DEBUGINFOD_URLS=https://debuginfod.ubuntu.com /usr/bin/cmake --build /home/nockorn/robokross_ws/build/gkv2_motor_bridge -- -j12 -l12
[3.021s] [  4%] [34m[1mGenerating type hashes for ROS interfaces[0m
[3.021s] [  4%] [32mBuilding CXX object CMakeFiles/odometer_node.dir/src/odometer_node.cpp.o[0m
[3.021s] [  4%] [34m[1mGenerating Rust code for ROS interfaces[0m
[3.021s] [  5%] [32mBuilding CXX object CMakeFiles/gkv2_driver_node.dir/src/gkv2_driver_node.cpp.o[0m
[3.021s] [  7%] [32mBuilding CXX object CMakeFiles/navigation_controller_node.dir/src/navigation_controller_node.cpp.o[0m
[3.021s] [  8%] [32mBuilding CXX object CMakeFiles/cmd_vel_bridge_node.dir/src/cmd_vel_bridge_node.cpp.o[0m
[3.029s] [  8%] Built target ament_cmake_python_symlink_gkv2_motor_bridge
[3.242s] running egg_info
[3.243s] creating gkv2_motor_bridge.egg-info
[3.258s] writing gkv2_motor_bridge.egg-info/PKG-INFO
[3.258s] writing dependency_links to gkv2_motor_bridge.egg-info/dependency_links.txt
[3.258s] writing top-level names to gkv2_motor_bridge.egg-info/top_level.txt
[3.258s] writing manifest file 'gkv2_motor_bridge.egg-info/SOURCES.txt'
[3.307s] reading manifest file 'gkv2_motor_bridge.egg-info/SOURCES.txt'
[3.308s] writing manifest file 'gkv2_motor_bridge.egg-info/SOURCES.txt'
[3.331s] [  8%] Built target ament_cmake_python_build_gkv2_motor_bridge_egg
[3.638s] [  8%] Built target gkv2_motor_bridge__rosidl_generator_type_description
[3.650s] [ 10%] [34m[1mGenerating C code for ROS interfaces[0m
[3.664s] [ 11%] [34m[1mGenerating C++ code for ROS interfaces[0m
[3.898s] [ 11%] Built target gkv2_motor_bridge__rs
[4.419s] [ 15%] [32mBuilding C object CMakeFiles/gkv2_motor_bridge__rosidl_generator_c.dir/rosidl_generator_c/gkv2_motor_bridge/msg/detail/gkv2_status__functions.c.o[0m
[4.419s] [ 15%] [32mBuilding C object CMakeFiles/gkv2_motor_bridge__rosidl_generator_c.dir/rosidl_generator_c/gkv2_motor_bridge/msg/detail/gkv2_status__type_support.c.o[0m
[4.419s] [ 15%] [32mBuilding C object CMakeFiles/gkv2_motor_bridge__rosidl_generator_c.dir/rosidl_generator_c/gkv2_motor_bridge/msg/detail/gkv2_status__description.c.o[0m
[4.419s] [ 17%] [32mBuilding C object CMakeFiles/gkv2_motor_bridge__rosidl_generator_c.dir/rosidl_generator_c/gkv2_motor_bridge/msg/detail/navigation_status__description.c.o[0m
[4.423s] [ 18%] [32mBuilding C object CMakeFiles/gkv2_motor_bridge__rosidl_generator_c.dir/rosidl_generator_c/gkv2_motor_bridge/msg/detail/navigation_status__functions.c.o[0m
[4.424s] [ 20%] [32mBuilding C object CMakeFiles/gkv2_motor_bridge__rosidl_generator_c.dir/rosidl_generator_c/gkv2_motor_bridge/msg/detail/navigation_status__type_support.c.o[0m
[4.435s] [ 21%] [32mBuilding C object CMakeFiles/gkv2_motor_bridge__rosidl_generator_c.dir/rosidl_generator_c/gkv2_motor_bridge/msg/detail/gkv2_config_status__description.c.o[0m
[4.470s] [ 23%] [32mBuilding C object CMakeFiles/gkv2_motor_bridge__rosidl_generator_c.dir/rosidl_generator_c/gkv2_motor_bridge/msg/detail/gkv2_config_status__type_support.c.o[0m
[4.470s] [ 24%] [32mBuilding C object CMakeFiles/gkv2_motor_bridge__rosidl_generator_c.dir/rosidl_generator_c/gkv2_motor_bridge/msg/detail/gkv2_config_status__functions.c.o[0m
[4.529s] [ 26%] [32m[1mLinking C shared library libgkv2_motor_bridge__rosidl_generator_c.so[0m
[4.540s] [ 26%] Built target gkv2_motor_bridge__cpp
[4.562s] [ 26%] Built target gkv2_motor_bridge__rosidl_generator_c
[4.573s] [ 28%] [34m[1mGenerating C type support for eProsima Fast-RTPS[0m
[4.573s] [ 30%] [34m[1mGenerating C introspection for ROS interfaces[0m
[4.573s] [ 28%] [34m[1mGenerating C++ type support for eProsima Fast-RTPS[0m
[4.574s] [ 31%] [34m[1mGenerating C++ type support dispatch for ROS interfaces[0m
[4.576s] [ 33%] [34m[1mGenerating C++ introspection for ROS interfaces[0m
[4.578s] [ 34%] [34m[1mGenerating C type support dispatch for ROS interfaces[0m
[5.533s] [ 36%] [32mBuilding CXX object CMakeFiles/gkv2_motor_bridge__rosidl_typesupport_cpp.dir/rosidl_typesupport_cpp/gkv2_motor_bridge/msg/gkv2_status__type_support.cpp.o[0m
[5.544s] [ 37%] [32mBuilding CXX object CMakeFiles/gkv2_motor_bridge__rosidl_typesupport_cpp.dir/rosidl_typesupport_cpp/gkv2_motor_bridge/msg/navigation_status__type_support.cpp.o[0m
[5.544s] [ 39%] [32mBuilding CXX object CMakeFiles/gkv2_motor_bridge__rosidl_typesupport_cpp.dir/rosidl_typesupport_cpp/gkv2_motor_bridge/msg/gkv2_config_status__type_support.cpp.o[0m
[5.669s] [ 40%] [32mBuilding CXX object CMakeFiles/gkv2_motor_bridge__rosidl_typesupport_c.dir/rosidl_typesupport_c/gkv2_motor_bridge/msg/gkv2_status__type_support.cpp.o[0m
[5.695s] [ 42%] [32mBuilding C object CMakeFiles/gkv2_motor_bridge__rosidl_typesupport_introspection_c.dir/rosidl_typesupport_introspection_c/gkv2_motor_bridge/msg/detail/gkv2_status__type_support.c.o[0m
[5.733s] [ 43%] [32mBuilding CXX object CMakeFiles/gkv2_motor_bridge__rosidl_typesupport_c.dir/rosidl_typesupport_c/gkv2_motor_bridge/msg/navigation_status__type_support.cpp.o[0m
[5.757s] [ 44%] [32mBuilding C object CMakeFiles/gkv2_motor_bridge__rosidl_typesupport_introspection_c.dir/rosidl_typesupport_introspection_c/gkv2_motor_bridge/msg/detail/navigation_status__type_support.c.o[0m
[5.779s] [ 46%] [32mBuilding CXX object CMakeFiles/gkv2_motor_bridge__rosidl_typesupport_introspection_cpp.dir/rosidl_typesupport_introspection_cpp/gkv2_motor_bridge/msg/detail/gkv2_status__type_support.cpp.o[0m
[5.808s] [ 47%] [32mBuilding C object CMakeFiles/gkv2_motor_bridge__rosidl_typesupport_introspection_c.dir/rosidl_typesupport_introspection_c/gkv2_motor_bridge/msg/detail/gkv2_config_status__type_support.c.o[0m
[5.810s] [ 49%] [32mBuilding CXX object CMakeFiles/gkv2_motor_bridge__rosidl_typesupport_fastrtps_c.dir/rosidl_typesupport_fastrtps_c/gkv2_motor_bridge/msg/detail/gkv2_status__type_support_c.cpp.o[0m
[5.815s] [ 50%] [32mBuilding CXX object CMakeFiles/gkv2_motor_bridge__rosidl_typesupport_c.dir/rosidl_typesupport_c/gkv2_motor_bridge/msg/gkv2_config_status__type_support.cpp.o[0m
[5.898s] [ 52%] [32m[1mLinking C shared library libgkv2_motor_bridge__rosidl_typesupport_introspection_c.so[0m
[5.899s] [ 53%] [32m[1mLinking CXX shared library libgkv2_motor_bridge__rosidl_typesupport_c.so[0m
[5.912s] [ 55%] [32mBuilding CXX object CMakeFiles/gkv2_motor_bridge__rosidl_typesupport_fastrtps_cpp.dir/rosidl_typesupport_fastrtps_cpp/gkv2_motor_bridge/msg/detail/dds_fastrtps/gkv2_status__type_support.cpp.o[0m
[5.942s] [ 56%] [32mBuilding CXX object CMakeFiles/gkv2_motor_bridge__rosidl_typesupport_fastrtps_cpp.dir/rosidl_typesupport_fastrtps_cpp/gkv2_motor_bridge/msg/detail/dds_fastrtps/navigation_status__type_support.cpp.o[0m
[5.954s] [ 56%] Built target gkv2_motor_bridge__rosidl_typesupport_c
[5.966s] [ 57%] [32mBuilding CXX object CMakeFiles/gkv2_motor_bridge__rosidl_typesupport_introspection_cpp.dir/rosidl_typesupport_introspection_cpp/gkv2_motor_bridge/msg/detail/navigation_status__type_support.cpp.o[0m
[5.975s] [ 57%] Built target gkv2_motor_bridge__rosidl_typesupport_introspection_c
[5.982s] [ 59%] [32mBuilding CXX object CMakeFiles/gkv2_motor_bridge__rosidl_typesupport_fastrtps_c.dir/rosidl_typesupport_fastrtps_c/gkv2_motor_bridge/msg/detail/navigation_status__type_support_c.cpp.o[0m
[5.987s] [ 60%] [32mBuilding CXX object CMakeFiles/gkv2_motor_bridge__rosidl_typesupport_fastrtps_cpp.dir/rosidl_typesupport_fastrtps_cpp/gkv2_motor_bridge/msg/detail/dds_fastrtps/gkv2_config_status__type_support.cpp.o[0m
[6.055s] [ 62%] [32m[1mLinking CXX shared library libgkv2_motor_bridge__rosidl_typesupport_cpp.so[0m
[6.170s] [ 62%] Built target gkv2_motor_bridge__rosidl_typesupport_cpp
[6.196s] [ 63%] [32mBuilding CXX object CMakeFiles/gkv2_motor_bridge__rosidl_typesupport_fastrtps_c.dir/rosidl_typesupport_fastrtps_c/gkv2_motor_bridge/msg/detail/gkv2_config_status__type_support_c.cpp.o[0m
[6.234s] [ 65%] [32mBuilding CXX object CMakeFiles/gkv2_motor_bridge__rosidl_typesupport_introspection_cpp.dir/rosidl_typesupport_introspection_cpp/gkv2_motor_bridge/msg/detail/gkv2_config_status__type_support.cpp.o[0m
[6.543s] [ 66%] [32mBuilding CXX object CMakeFiles/gkv2_nav_parser_node.dir/src/gkv2_nav_parser_node.cpp.o[0m
[6.786s] [ 68%] [32mBuilding CXX object CMakeFiles/navigation_fusion_node.dir/src/navigation_fusion_node.cpp.o[0m
[6.816s] [ 69%] [32m[1mLinking CXX shared library libgkv2_motor_bridge__rosidl_typesupport_introspection_cpp.so[0m
[6.838s] [ 71%] [32mBuilding CXX object CMakeFiles/gkv2_config_node.dir/src/gkv2_config_node.cpp.o[0m
[6.904s] [ 72%] [32m[1mLinking CXX shared library libgkv2_motor_bridge__rosidl_typesupport_fastrtps_cpp.so[0m
[6.936s] [ 72%] Built target gkv2_motor_bridge__rosidl_typesupport_introspection_cpp
[6.988s] [ 72%] Built target gkv2_motor_bridge__rosidl_typesupport_fastrtps_cpp
[7.137s] [ 73%] [32m[1mLinking CXX shared library libgkv2_motor_bridge__rosidl_typesupport_fastrtps_c.so[0m
[7.214s] [ 73%] Built target gkv2_motor_bridge__rosidl_typesupport_fastrtps_c
[7.243s] [ 73%] Built target gkv2_motor_bridge
[7.272s] [ 75%] [34m[1mGenerating Python code for ROS interfaces[0m
[8.775s] [ 75%] Built target gkv2_motor_bridge__py
[8.795s] [ 79%] [32mBuilding C object CMakeFiles/gkv2_motor_bridge__rosidl_generator_py.dir/rosidl_generator_py/gkv2_motor_bridge/msg/_gkv2_config_status_s.c.o[0m
[8.795s] [ 79%] [32mBuilding C object CMakeFiles/gkv2_motor_bridge__rosidl_generator_py.dir/rosidl_generator_py/gkv2_motor_bridge/msg/_navigation_status_s.c.o[0m
[8.795s] [ 79%] [32mBuilding C object CMakeFiles/gkv2_motor_bridge__rosidl_generator_py.dir/rosidl_generator_py/gkv2_motor_bridge/msg/_gkv2_status_s.c.o[0m
[8.971s] [ 81%] [32m[1mLinking C shared library libgkv2_motor_bridge__rosidl_generator_py.so[0m
[9.008s] [ 81%] Built target gkv2_motor_bridge__rosidl_generator_py
[9.028s] [ 82%] [32mBuilding C object CMakeFiles/gkv2_motor_bridge_s__rosidl_typesupport_fastrtps_c.dir/rosidl_generator_py/gkv2_motor_bridge/_gkv2_motor_bridge_s.ep.rosidl_typesupport_fastrtps_c.c.o[0m
[9.034s] [ 85%] [32mBuilding C object CMakeFiles/gkv2_motor_bridge_s__rosidl_typesupport_introspection_c.dir/rosidl_generator_py/gkv2_motor_bridge/_gkv2_motor_bridge_s.ep.rosidl_typesupport_introspection_c.c.o[0m
[9.034s] [ 85%] [32mBuilding C object CMakeFiles/gkv2_motor_bridge_s__rosidl_typesupport_c.dir/rosidl_generator_py/gkv2_motor_bridge/_gkv2_motor_bridge_s.ep.rosidl_typesupport_c.c.o[0m
[9.149s] [ 86%] [32m[1mLinking C shared module rosidl_generator_py/gkv2_motor_bridge/gkv2_motor_bridge_s__rosidl_typesupport_fastrtps_c.so[0m
[9.153s] [ 88%] [32m[1mLinking C shared module rosidl_generator_py/gkv2_motor_bridge/gkv2_motor_bridge_s__rosidl_typesupport_c.so[0m
[9.183s] [ 89%] [32m[1mLinking C shared module rosidl_generator_py/gkv2_motor_bridge/gkv2_motor_bridge_s__rosidl_typesupport_introspection_c.so[0m
[9.183s] [ 89%] Built target gkv2_motor_bridge_s__rosidl_typesupport_c
[9.186s] [ 89%] Built target gkv2_motor_bridge_s__rosidl_typesupport_fastrtps_c
[9.215s] [ 89%] Built target gkv2_motor_bridge_s__rosidl_typesupport_introspection_c
[12.013s] [ 91%] [32m[1mLinking CXX executable gkv2_driver_node[0m
[12.180s] [ 91%] Built target gkv2_driver_node
[13.504s] [ 92%] [32m[1mLinking CXX executable navigation_controller_node[0m
[13.624s] [ 92%] Built target navigation_controller_node
[14.065s] [ 94%] [32m[1mLinking CXX executable odometer_node[0m
[14.182s] [ 94%] Built target odometer_node
[14.922s] [ 95%] [32m[1mLinking CXX executable gkv2_config_node[0m
[15.018s] [ 95%] Built target gkv2_config_node
[15.993s] [ 97%] [32m[1mLinking CXX executable gkv2_nav_parser_node[0m
[16.104s] [ 97%] Built target gkv2_nav_parser_node
[17.245s] [ 98%] [32m[1mLinking CXX executable cmd_vel_bridge_node[0m
[17.370s] [ 98%] Built target cmd_vel_bridge_node
[22.770s] [100%] [32m[1mLinking CXX executable navigation_fusion_node[0m
[22.919s] [100%] Built target navigation_fusion_node
[22.930s] Invoked command in '/home/nockorn/robokross_ws/build/gkv2_motor_bridge' returned '0': CMAKE_PREFIX_PATH=${CMAKE_PREFIX_PATH}:/opt/ros/jazzy DEBUGINFOD_URLS=https://debuginfod.ubuntu.com /usr/bin/cmake --build /home/nockorn/robokross_ws/build/gkv2_motor_bridge -- -j12 -l12
[22.938s] Invoking command in '/home/nockorn/robokross_ws/build/gkv2_motor_bridge': CMAKE_PREFIX_PATH=${CMAKE_PREFIX_PATH}:/opt/ros/jazzy DEBUGINFOD_URLS=https://debuginfod.ubuntu.com /usr/bin/cmake --install /home/nockorn/robokross_ws/build/gkv2_motor_bridge
[22.944s] -- Install configuration: ""
[22.944s] -- Execute custom install script
[22.944s] -- Symlinking: /home/nockorn/robokross_ws/install/gkv2_motor_bridge/share/ament_index/resource_index/rosidl_interfaces/gkv2_motor_bridge
[22.951s] -- Symlinking: /home/nockorn/robokross_ws/install/gkv2_motor_bridge/share/gkv2_motor_bridge/msg/GKV2Status.json
[22.958s] -- Symlinking: /home/nockorn/robokross_ws/install/gkv2_motor_bridge/share/gkv2_motor_bridge/msg/NavigationStatus.json
[22.964s] -- Symlinking: /home/nockorn/robokross_ws/install/gkv2_motor_bridge/share/gkv2_motor_bridge/msg/GKV2ConfigStatus.json
[22.971s] -- Symlinking: /home/nockorn/robokross_ws/install/gkv2_motor_bridge/include/gkv2_motor_bridge/gkv2_motor_bridge/msg/detail/gkv2_config_status__functions.h
[22.977s] -- Symlinking: /home/nockorn/robokross_ws/install/gkv2_motor_bridge/include/gkv2_motor_bridge/gkv2_motor_bridge/msg/detail/gkv2_config_status__struct.h
[22.984s] -- Symlinking: /home/nockorn/robokross_ws/install/gkv2_motor_bridge/include/gkv2_motor_bridge/gkv2_motor_bridge/msg/detail/gkv2_config_status__type_support.h
[22.991s] -- Symlinking: /home/nockorn/robokross_ws/install/gkv2_motor_bridge/include/gkv2_motor_bridge/gkv2_motor_bridge/msg/detail/gkv2_status__functions.h
[22.998s] -- Symlinking: /home/nockorn/robokross_ws/install/gkv2_motor_bridge/include/gkv2_motor_bridge/gkv2_motor_bridge/msg/detail/gkv2_status__struct.h
[23.004s] -- Symlinking: /home/nockorn/robokross_ws/install/gkv2_motor_bridge/include/gkv2_motor_bridge/gkv2_motor_bridge/msg/detail/gkv2_status__type_support.h
[23.011s] -- Symlinking: /home/nockorn/robokross_ws/install/gkv2_motor_bridge/include/gkv2_motor_bridge/gkv2_motor_bridge/msg/detail/navigation_status__functions.h
[23.018s] -- Symlinking: /home/nockorn/robokross_ws/install/gkv2_motor_bridge/include/gkv2_motor_bridge/gkv2_motor_bridge/msg/detail/navigation_status__struct.h
[23.025s] -- Symlinking: /home/nockorn/robokross_ws/install/gkv2_motor_bridge/include/gkv2_motor_bridge/gkv2_motor_bridge/msg/detail/navigation_status__type_support.h
[23.031s] -- Symlinking: /home/nockorn/robokross_ws/install/gkv2_motor_bridge/include/gkv2_motor_bridge/gkv2_motor_bridge/msg/gkv2_config_status.h
[23.037s] -- Symlinking: /home/nockorn/robokross_ws/install/gkv2_motor_bridge/include/gkv2_motor_bridge/gkv2_motor_bridge/msg/gkv2_status.h
[23.042s] -- Symlinking: /home/nockorn/robokross_ws/install/gkv2_motor_bridge/include/gkv2_motor_bridge/gkv2_motor_bridge/msg/navigation_status.h
[23.048s] -- Symlinking: /home/nockorn/robokross_ws/install/gkv2_motor_bridge/include/gkv2_motor_bridge/gkv2_motor_bridge/msg/rosidl_generator_c__visibility_control.h
[23.055s] -- Symlinking: /home/nockorn/robokross_ws/install/gkv2_motor_bridge/share/gkv2_motor_bridge/environment/library_path.sh
[23.061s] -- Symlinking: /home/nockorn/robokross_ws/install/gkv2_motor_bridge/share/gkv2_motor_bridge/environment/library_path.dsv
[23.069s] -- Symlinking: /home/nockorn/robokross_ws/install/gkv2_motor_bridge/include/gkv2_motor_bridge/gkv2_motor_bridge/msg/detail/gkv2_config_status__rosidl_typesupport_fastrtps_c.h
[23.075s] -- Symlinking: /home/nockorn/robokross_ws/install/gkv2_motor_bridge/include/gkv2_motor_bridge/gkv2_motor_bridge/msg/detail/gkv2_status__rosidl_typesupport_fastrtps_c.h
[23.082s] -- Symlinking: /home/nockorn/robokross_ws/install/gkv2_motor_bridge/include/gkv2_motor_bridge/gkv2_motor_bridge/msg/detail/navigation_status__rosidl_typesupport_fastrtps_c.h
[23.090s] -- Symlinking: /home/nockorn/robokross_ws/install/gkv2_motor_bridge/include/gkv2_motor_bridge/gkv2_motor_bridge/msg/rosidl_typesupport_fastrtps_c__visibility_control.h
[23.097s] -- Symlinking: /home/nockorn/robokross_ws/install/gkv2_motor_bridge/include/gkv2_motor_bridge/gkv2_motor_bridge/msg/detail/gkv2_config_status__builder.hpp
[23.104s] -- Symlinking: /home/nockorn/robokross_ws/install/gkv2_motor_bridge/include/gkv2_motor_bridge/gkv2_motor_bridge/msg/detail/gkv2_config_status__struct.hpp
[23.110s] -- Symlinking: /home/nockorn/robokross_ws/install/gkv2_motor_bridge/include/gkv2_motor_bridge/gkv2_motor_bridge/msg/detail/gkv2_config_status__traits.hpp
[23.117s] -- Symlinking: /home/nockorn/robokross_ws/install/gkv2_motor_bridge/include/gkv2_motor_bridge/gkv2_motor_bridge/msg/detail/gkv2_config_status__type_support.hpp
[23.124s] -- Symlinking: /home/nockorn/robokross_ws/install/gkv2_motor_bridge/include/gkv2_motor_bridge/gkv2_motor_bridge/msg/detail/gkv2_status__builder.hpp
[23.131s] -- Symlinking: /home/nockorn/robokross_ws/install/gkv2_motor_bridge/include/gkv2_motor_bridge/gkv2_motor_bridge/msg/detail/gkv2_status__struct.hpp
[23.137s] -- Symlinking: /home/nockorn/robokross_ws/install/gkv2_motor_bridge/include/gkv2_motor_bridge/gkv2_motor_bridge/msg/detail/gkv2_status__traits.hpp
[23.144s] -- Symlinking: /home/nockorn/robokross_ws/install/gkv2_motor_bridge/include/gkv2_motor_bridge/gkv2_motor_bridge/msg/detail/gkv2_status__type_support.hpp
[23.151s] -- Symlinking: /home/nockorn/robokross_ws/install/gkv2_motor_bridge/include/gkv2_motor_bridge/gkv2_motor_bridge/msg/detail/navigation_status__builder.hpp
[23.157s] -- Symlinking: /home/nockorn/robokross_ws/install/gkv2_motor_bridge/include/gkv2_motor_bridge/gkv2_motor_bridge/msg/detail/navigation_status__struct.hpp
[23.163s] -- Symlinking: /home/nockorn/robokross_ws/install/gkv2_motor_bridge/include/gkv2_motor_bridge/gkv2_motor_bridge/msg/detail/navigation_status__traits.hpp
[23.169s] -- Symlinking: /home/nockorn/robokross_ws/install/gkv2_motor_bridge/include/gkv2_motor_bridge/gkv2_motor_bridge/msg/detail/navigation_status__type_support.hpp
[23.175s] -- Symlinking: /home/nockorn/robokross_ws/install/gkv2_motor_bridge/include/gkv2_motor_bridge/gkv2_motor_bridge/msg/gkv2_config_status.hpp
[23.181s] -- Symlinking: /home/nockorn/robokross_ws/install/gkv2_motor_bridge/include/gkv2_motor_bridge/gkv2_motor_bridge/msg/gkv2_status.hpp
[23.187s] -- Symlinking: /home/nockorn/robokross_ws/install/gkv2_motor_bridge/include/gkv2_motor_bridge/gkv2_motor_bridge/msg/navigation_status.hpp
[23.192s] -- Symlinking: /home/nockorn/robokross_ws/install/gkv2_motor_bridge/include/gkv2_motor_bridge/gkv2_motor_bridge/msg/rosidl_generator_cpp__visibility_control.hpp
[23.199s] -- Symlinking: /home/nockorn/robokross_ws/install/gkv2_motor_bridge/include/gkv2_motor_bridge/gkv2_motor_bridge/msg/detail/gkv2_config_status__rosidl_typesupport_fastrtps_cpp.hpp
[23.205s] -- Symlinking: /home/nockorn/robokross_ws/install/gkv2_motor_bridge/include/gkv2_motor_bridge/gkv2_motor_bridge/msg/detail/gkv2_status__rosidl_typesupport_fastrtps_cpp.hpp
[23.212s] -- Symlinking: /home/nockorn/robokross_ws/install/gkv2_motor_bridge/include/gkv2_motor_bridge/gkv2_motor_bridge/msg/detail/navigation_status__rosidl_typesupport_fastrtps_cpp.hpp
[23.219s] -- Symlinking: /home/nockorn/robokross_ws/install/gkv2_motor_bridge/include/gkv2_motor_bridge/gkv2_motor_bridge/msg/rosidl_typesupport_fastrtps_cpp__visibility_control.h
[23.226s] -- Symlinking: /home/nockorn/robokross_ws/install/gkv2_motor_bridge/include/gkv2_motor_bridge/gkv2_motor_bridge/msg/detail/gkv2_config_status__rosidl_typesupport_introspection_c.h
[23.233s] -- Symlinking: /home/nockorn/robokross_ws/install/gkv2_motor_bridge/include/gkv2_motor_bridge/gkv2_motor_bridge/msg/detail/gkv2_status__rosidl_typesupport_introspection_c.h
[23.240s] -- Symlinking: /home/nockorn/robokross_ws/install/gkv2_motor_bridge/include/gkv2_motor_bridge/gkv2_motor_bridge/msg/detail/navigation_status__rosidl_typesupport_introspection_c.h
[23.246s] -- Symlinking: /home/nockorn/robokross_ws/install/gkv2_motor_bridge/include/gkv2_motor_bridge/gkv2_motor_bridge/msg/rosidl_typesupport_introspection_c__visibility_control.h
[23.253s] -- Symlinking: /home/nockorn/robokross_ws/install/gkv2_motor_bridge/include/gkv2_motor_bridge/gkv2_motor_bridge/msg/detail/gkv2_config_status__rosidl_typesupport_introspection_cpp.hpp
[23.260s] -- Symlinking: /home/nockorn/robokross_ws/install/gkv2_motor_bridge/include/gkv2_motor_bridge/gkv2_motor_bridge/msg/detail/gkv2_status__rosidl_typesupport_introspection_cpp.hpp
[23.266s] -- Symlinking: /home/nockorn/robokross_ws/install/gkv2_motor_bridge/include/gkv2_motor_bridge/gkv2_motor_bridge/msg/detail/navigation_status__rosidl_typesupport_introspection_cpp.hpp
[23.272s] -- Symlinking: /home/nockorn/robokross_ws/install/gkv2_motor_bridge/share/gkv2_motor_bridge/environment/pythonpath.sh
[23.279s] -- Symlinking: /home/nockorn/robokross_ws/install/gkv2_motor_bridge/share/gkv2_motor_bridge/environment/pythonpath.dsv
[23.287s] -- Symlinking: /home/nockorn/robokross_ws/install/gkv2_motor_bridge/lib/python3.12/site-packages/gkv2_motor_bridge-0.0.1-py3.12.egg-info/PKG-INFO
[23.294s] -- Symlinking: /home/nockorn/robokross_ws/install/gkv2_motor_bridge/lib/python3.12/site-packages/gkv2_motor_bridge-0.0.1-py3.12.egg-info/SOURCES.txt
[23.300s] -- Symlinking: /home/nockorn/robokross_ws/install/gkv2_motor_bridge/lib/python3.12/site-packages/gkv2_motor_bridge-0.0.1-py3.12.egg-info/dependency_links.txt
[23.307s] -- Symlinking: /home/nockorn/robokross_ws/install/gkv2_motor_bridge/lib/python3.12/site-packages/gkv2_motor_bridge-0.0.1-py3.12.egg-info/top_level.txt
[23.314s] -- Symlinking: /home/nockorn/robokross_ws/install/gkv2_motor_bridge/lib/python3.12/site-packages/gkv2_motor_bridge/__init__.py
[23.321s] -- Symlinking: /home/nockorn/robokross_ws/install/gkv2_motor_bridge/lib/python3.12/site-packages/gkv2_motor_bridge/_gkv2_motor_bridge_s.ep.rosidl_typesupport_c.c
[23.328s] -- Symlinking: /home/nockorn/robokross_ws/install/gkv2_motor_bridge/lib/python3.12/site-packages/gkv2_motor_bridge/_gkv2_motor_bridge_s.ep.rosidl_typesupport_fastrtps_c.c
[23.334s] -- Symlinking: /home/nockorn/robokross_ws/install/gkv2_motor_bridge/lib/python3.12/site-packages/gkv2_motor_bridge/_gkv2_motor_bridge_s.ep.rosidl_typesupport_introspection_c.c
[23.341s] -- Symlinking: /home/nockorn/robokross_ws/install/gkv2_motor_bridge/lib/python3.12/site-packages/gkv2_motor_bridge/gkv2_motor_bridge_s__rosidl_typesupport_c.so
[23.348s] -- Symlinking: /home/nockorn/robokross_ws/install/gkv2_motor_bridge/lib/python3.12/site-packages/gkv2_motor_bridge/gkv2_motor_bridge_s__rosidl_typesupport_fastrtps_c.so
[23.354s] -- Symlinking: /home/nockorn/robokross_ws/install/gkv2_motor_bridge/lib/python3.12/site-packages/gkv2_motor_bridge/gkv2_motor_bridge_s__rosidl_typesupport_introspection_c.so
[23.361s] -- Symlinking: /home/nockorn/robokross_ws/install/gkv2_motor_bridge/lib/python3.12/site-packages/gkv2_motor_bridge/msg/__init__.py
[23.368s] -- Symlinking: /home/nockorn/robokross_ws/install/gkv2_motor_bridge/lib/python3.12/site-packages/gkv2_motor_bridge/msg/_gkv2_config_status.py
[23.375s] -- Symlinking: /home/nockorn/robokross_ws/install/gkv2_motor_bridge/lib/python3.12/site-packages/gkv2_motor_bridge/msg/_gkv2_config_status_s.c
[23.382s] -- Symlinking: /home/nockorn/robokross_ws/install/gkv2_motor_bridge/lib/python3.12/site-packages/gkv2_motor_bridge/msg/_gkv2_status.py
[23.389s] -- Symlinking: /home/nockorn/robokross_ws/install/gkv2_motor_bridge/lib/python3.12/site-packages/gkv2_motor_bridge/msg/_gkv2_status_s.c
[23.396s] -- Symlinking: /home/nockorn/robokross_ws/install/gkv2_motor_bridge/lib/python3.12/site-packages/gkv2_motor_bridge/msg/_navigation_status.py
[23.403s] -- Symlinking: /home/nockorn/robokross_ws/install/gkv2_motor_bridge/lib/python3.12/site-packages/gkv2_motor_bridge/msg/_navigation_status_s.c
[23.409s] -- Up-to-date symlink: /home/nockorn/robokross_ws/install/gkv2_motor_bridge/lib/python3.12/site-packages/gkv2_motor_bridge/gkv2_motor_bridge_s__rosidl_typesupport_fastrtps_c.so
[23.410s] -- Up-to-date symlink: /home/nockorn/robokross_ws/install/gkv2_motor_bridge/lib/python3.12/site-packages/gkv2_motor_bridge/gkv2_motor_bridge_s__rosidl_typesupport_introspection_c.so
[23.410s] -- Up-to-date symlink: /home/nockorn/robokross_ws/install/gkv2_motor_bridge/lib/python3.12/site-packages/gkv2_motor_bridge/gkv2_motor_bridge_s__rosidl_typesupport_c.so
[23.410s] -- Symlinking: /home/nockorn/robokross_ws/install/gkv2_motor_bridge/share/ament_index/resource_index/rust_packages/gkv2_motor_bridge
[23.417s] -- Symlinking: /home/nockorn/robokross_ws/install/gkv2_motor_bridge/share/gkv2_motor_bridge/rust/Cargo.toml
[23.424s] -- Symlinking: /home/nockorn/robokross_ws/install/gkv2_motor_bridge/share/gkv2_motor_bridge/rust/build.rs
[23.431s] -- Symlinking: /home/nockorn/robokross_ws/install/gkv2_motor_bridge/share/gkv2_motor_bridge/rust/src/lib.rs
[23.438s] -- Symlinking: /home/nockorn/robokross_ws/install/gkv2_motor_bridge/share/gkv2_motor_bridge/rust/src/msg.rs
[23.445s] -- Symlinking: /home/nockorn/robokross_ws/install/gkv2_motor_bridge/share/gkv2_motor_bridge/rust/src/msg/rmw.rs
[23.452s] -- Symlinking: /home/nockorn/robokross_ws/install/gkv2_motor_bridge/share/gkv2_motor_bridge/msg/GKV2Status.idl
[23.459s] -- Symlinking: /home/nockorn/robokross_ws/install/gkv2_motor_bridge/share/gkv2_motor_bridge/msg/NavigationStatus.idl
[23.466s] -- Symlinking: /home/nockorn/robokross_ws/install/gkv2_motor_bridge/share/gkv2_motor_bridge/msg/GKV2ConfigStatus.idl
[23.473s] -- Symlinking: /home/nockorn/robokross_ws/install/gkv2_motor_bridge/share/gkv2_motor_bridge/msg/GKV2Status.msg
[23.481s] -- Symlinking: /home/nockorn/robokross_ws/install/gkv2_motor_bridge/share/gkv2_motor_bridge/msg/NavigationStatus.msg
[23.488s] -- Symlinking: /home/nockorn/robokross_ws/install/gkv2_motor_bridge/share/gkv2_motor_bridge/msg/GKV2ConfigStatus.msg
[23.494s] -- Symlinking: /home/nockorn/robokross_ws/install/gkv2_motor_bridge/lib/gkv2_motor_bridge/gkv2_driver_node
[23.500s] -- Symlinking: /home/nockorn/robokross_ws/install/gkv2_motor_bridge/lib/gkv2_motor_bridge/cmd_vel_bridge_node
[23.508s] -- Symlinking: /home/nockorn/robokross_ws/install/gkv2_motor_bridge/lib/gkv2_motor_bridge/gkv2_nav_parser_node
[23.515s] -- Symlinking: /home/nockorn/robokross_ws/install/gkv2_motor_bridge/lib/gkv2_motor_bridge/gkv2_config_node
[23.522s] -- Symlinking: /home/nockorn/robokross_ws/install/gkv2_motor_bridge/lib/gkv2_motor_bridge/navigation_controller_node
[23.528s] -- Symlinking: /home/nockorn/robokross_ws/install/gkv2_motor_bridge/lib/gkv2_motor_bridge/navigation_fusion_node
[23.534s] -- Symlinking: /home/nockorn/robokross_ws/install/gkv2_motor_bridge/lib/gkv2_motor_bridge/odometer_node
[23.541s] -- Symlinking: /home/nockorn/robokross_ws/install/gkv2_motor_bridge/share/gkv2_motor_bridge/launch/main.launch.py
[23.547s] -- Symlinking: /home/nockorn/robokross_ws/install/gkv2_motor_bridge/share/gkv2_motor_bridge/config/params.yaml
[23.554s] -- Symlinking: /home/nockorn/robokross_ws/install/gkv2_motor_bridge/share/gkv2_motor_bridge/config/waypoints.yaml
[23.561s] -- Symlinking: /home/nockorn/robokross_ws/install/gkv2_motor_bridge/share/ament_index/resource_index/package_run_dependencies/gkv2_motor_bridge
[23.567s] -- Symlinking: /home/nockorn/robokross_ws/install/gkv2_motor_bridge/share/ament_index/resource_index/parent_prefix_path/gkv2_motor_bridge
[23.573s] -- Symlinking: /home/nockorn/robokross_ws/install/gkv2_motor_bridge/share/gkv2_motor_bridge/environment/ament_prefix_path.sh
[23.581s] -- Symlinking: /home/nockorn/robokross_ws/install/gkv2_motor_bridge/share/gkv2_motor_bridge/environment/ament_prefix_path.dsv
[23.588s] -- Symlinking: /home/nockorn/robokross_ws/install/gkv2_motor_bridge/share/gkv2_motor_bridge/environment/path.sh
[23.594s] -- Symlinking: /home/nockorn/robokross_ws/install/gkv2_motor_bridge/share/gkv2_motor_bridge/environment/path.dsv
[23.599s] -- Symlinking: /home/nockorn/robokross_ws/install/gkv2_motor_bridge/share/gkv2_motor_bridge/local_setup.bash
[23.606s] -- Symlinking: /home/nockorn/robokross_ws/install/gkv2_motor_bridge/share/gkv2_motor_bridge/local_setup.sh
[23.613s] -- Symlinking: /home/nockorn/robokross_ws/install/gkv2_motor_bridge/share/gkv2_motor_bridge/local_setup.zsh
[23.620s] -- Symlinking: /home/nockorn/robokross_ws/install/gkv2_motor_bridge/share/gkv2_motor_bridge/local_setup.dsv
[23.627s] -- Symlinking: /home/nockorn/robokross_ws/install/gkv2_motor_bridge/share/gkv2_motor_bridge/package.dsv
[23.633s] -- Symlinking: /home/nockorn/robokross_ws/install/gkv2_motor_bridge/share/ament_index/resource_index/packages/gkv2_motor_bridge
[23.640s] -- Symlinking: /home/nockorn/robokross_ws/install/gkv2_motor_bridge/share/gkv2_motor_bridge/cmake/rosidl_cmake-extras.cmake
[23.647s] -- Symlinking: /home/nockorn/robokross_ws/install/gkv2_motor_bridge/share/gkv2_motor_bridge/cmake/ament_cmake_export_dependencies-extras.cmake
[23.654s] -- Symlinking: /home/nockorn/robokross_ws/install/gkv2_motor_bridge/share/gkv2_motor_bridge/cmake/ament_cmake_export_include_directories-extras.cmake
[23.661s] -- Symlinking: /home/nockorn/robokross_ws/install/gkv2_motor_bridge/share/gkv2_motor_bridge/cmake/ament_cmake_export_libraries-extras.cmake
[23.669s] -- Symlinking: /home/nockorn/robokross_ws/install/gkv2_motor_bridge/share/gkv2_motor_bridge/cmake/ament_cmake_export_targets-extras.cmake
[23.677s] -- Symlinking: /home/nockorn/robokross_ws/install/gkv2_motor_bridge/share/gkv2_motor_bridge/cmake/rosidl_cmake_export_typesupport_targets-extras.cmake
[23.683s] -- Symlinking: /home/nockorn/robokross_ws/install/gkv2_motor_bridge/share/gkv2_motor_bridge/cmake/rosidl_cmake_export_typesupport_libraries-extras.cmake
[23.689s] -- Symlinking: /home/nockorn/robokross_ws/install/gkv2_motor_bridge/share/gkv2_motor_bridge/cmake/gkv2_motor_bridgeConfig.cmake
[23.697s] -- Symlinking: /home/nockorn/robokross_ws/install/gkv2_motor_bridge/share/gkv2_motor_bridge/cmake/gkv2_motor_bridgeConfig-version.cmake
[23.703s] -- Symlinking: /home/nockorn/robokross_ws/install/gkv2_motor_bridge/share/gkv2_motor_bridge/package.xml
[23.710s] -- Installing: /home/nockorn/robokross_ws/install/gkv2_motor_bridge/lib/libgkv2_motor_bridge__rosidl_generator_c.so
[23.710s] -- Set non-toolchain portion of runtime path of "/home/nockorn/robokross_ws/install/gkv2_motor_bridge/lib/libgkv2_motor_bridge__rosidl_generator_c.so" to ""
[23.711s] -- Installing: /home/nockorn/robokross_ws/install/gkv2_motor_bridge/lib/libgkv2_motor_bridge__rosidl_typesupport_fastrtps_c.so
[23.711s] -- Set non-toolchain portion of runtime path of "/home/nockorn/robokross_ws/install/gkv2_motor_bridge/lib/libgkv2_motor_bridge__rosidl_typesupport_fastrtps_c.so" to ""
[23.711s] -- Installing: /home/nockorn/robokross_ws/install/gkv2_motor_bridge/lib/libgkv2_motor_bridge__rosidl_typesupport_fastrtps_cpp.so
[23.712s] -- Set non-toolchain portion of runtime path of "/home/nockorn/robokross_ws/install/gkv2_motor_bridge/lib/libgkv2_motor_bridge__rosidl_typesupport_fastrtps_cpp.so" to ""
[23.712s] -- Installing: /home/nockorn/robokross_ws/install/gkv2_motor_bridge/lib/libgkv2_motor_bridge__rosidl_typesupport_introspection_c.so
[23.712s] -- Set non-toolchain portion of runtime path of "/home/nockorn/robokross_ws/install/gkv2_motor_bridge/lib/libgkv2_motor_bridge__rosidl_typesupport_introspection_c.so" to ""
[23.712s] -- Installing: /home/nockorn/robokross_ws/install/gkv2_motor_bridge/lib/libgkv2_motor_bridge__rosidl_typesupport_c.so
[23.713s] -- Set non-toolchain portion of runtime path of "/home/nockorn/robokross_ws/install/gkv2_motor_bridge/lib/libgkv2_motor_bridge__rosidl_typesupport_c.so" to ""
[23.713s] -- Installing: /home/nockorn/robokross_ws/install/gkv2_motor_bridge/lib/libgkv2_motor_bridge__rosidl_typesupport_introspection_cpp.so
[23.713s] -- Set non-toolchain portion of runtime path of "/home/nockorn/robokross_ws/install/gkv2_motor_bridge/lib/libgkv2_motor_bridge__rosidl_typesupport_introspection_cpp.so" to ""
[23.713s] -- Installing: /home/nockorn/robokross_ws/install/gkv2_motor_bridge/lib/libgkv2_motor_bridge__rosidl_typesupport_cpp.so
[23.714s] -- Set non-toolchain portion of runtime path of "/home/nockorn/robokross_ws/install/gkv2_motor_bridge/lib/libgkv2_motor_bridge__rosidl_typesupport_cpp.so" to ""
[23.747s] Listing '/home/nockorn/robokross_ws/install/gkv2_motor_bridge/lib/python3.12/site-packages/gkv2_motor_bridge'...
[23.748s] Compiling '/home/nockorn/robokross_ws/install/gkv2_motor_bridge/lib/python3.12/site-packages/gkv2_motor_bridge/__init__.py'...
[23.748s] Listing '/home/nockorn/robokross_ws/install/gkv2_motor_bridge/lib/python3.12/site-packages/gkv2_motor_bridge/msg'...
[23.748s] Compiling '/home/nockorn/robokross_ws/install/gkv2_motor_bridge/lib/python3.12/site-packages/gkv2_motor_bridge/msg/__init__.py'...
[23.748s] Compiling '/home/nockorn/robokross_ws/install/gkv2_motor_bridge/lib/python3.12/site-packages/gkv2_motor_bridge/msg/_gkv2_config_status.py'...
[23.748s] Compiling '/home/nockorn/robokross_ws/install/gkv2_motor_bridge/lib/python3.12/site-packages/gkv2_motor_bridge/msg/_gkv2_status.py'...
[23.748s] Compiling '/home/nockorn/robokross_ws/install/gkv2_motor_bridge/lib/python3.12/site-packages/gkv2_motor_bridge/msg/_navigation_status.py'...
[23.751s] -- Installing: /home/nockorn/robokross_ws/install/gkv2_motor_bridge/lib/libgkv2_motor_bridge__rosidl_generator_py.so
[23.752s] -- Set non-toolchain portion of runtime path of "/home/nockorn/robokross_ws/install/gkv2_motor_bridge/lib/libgkv2_motor_bridge__rosidl_generator_py.so" to ""
[23.752s] -- Installing: /home/nockorn/robokross_ws/install/gkv2_motor_bridge/share/gkv2_motor_bridge/cmake/export_gkv2_motor_bridge__rosidl_generator_cExport.cmake
[23.752s] -- Installing: /home/nockorn/robokross_ws/install/gkv2_motor_bridge/share/gkv2_motor_bridge/cmake/export_gkv2_motor_bridge__rosidl_generator_cExport-noconfig.cmake
[23.752s] -- Installing: /home/nockorn/robokross_ws/install/gkv2_motor_bridge/share/gkv2_motor_bridge/cmake/export_gkv2_motor_bridge__rosidl_typesupport_fastrtps_cExport.cmake
[23.752s] -- Installing: /home/nockorn/robokross_ws/install/gkv2_motor_bridge/share/gkv2_motor_bridge/cmake/export_gkv2_motor_bridge__rosidl_typesupport_fastrtps_cExport-noconfig.cmake
[23.753s] -- Installing: /home/nockorn/robokross_ws/install/gkv2_motor_bridge/share/gkv2_motor_bridge/cmake/export_gkv2_motor_bridge__rosidl_generator_cppExport.cmake
[23.753s] -- Installing: /home/nockorn/robokross_ws/install/gkv2_motor_bridge/share/gkv2_motor_bridge/cmake/export_gkv2_motor_bridge__rosidl_typesupport_fastrtps_cppExport.cmake
[23.753s] -- Installing: /home/nockorn/robokross_ws/install/gkv2_motor_bridge/share/gkv2_motor_bridge/cmake/export_gkv2_motor_bridge__rosidl_typesupport_fastrtps_cppExport-noconfig.cmake
[23.753s] -- Installing: /home/nockorn/robokross_ws/install/gkv2_motor_bridge/share/gkv2_motor_bridge/cmake/gkv2_motor_bridge__rosidl_typesupport_introspection_cExport.cmake
[23.753s] -- Installing: /home/nockorn/robokross_ws/install/gkv2_motor_bridge/share/gkv2_motor_bridge/cmake/gkv2_motor_bridge__rosidl_typesupport_introspection_cExport-noconfig.cmake
[23.753s] -- Installing: /home/nockorn/robokross_ws/install/gkv2_motor_bridge/share/gkv2_motor_bridge/cmake/gkv2_motor_bridge__rosidl_typesupport_cExport.cmake
[23.754s] -- Installing: /home/nockorn/robokross_ws/install/gkv2_motor_bridge/share/gkv2_motor_bridge/cmake/gkv2_motor_bridge__rosidl_typesupport_cExport-noconfig.cmake
[23.754s] -- Installing: /home/nockorn/robokross_ws/install/gkv2_motor_bridge/share/gkv2_motor_bridge/cmake/gkv2_motor_bridge__rosidl_typesupport_introspection_cppExport.cmake
[23.754s] -- Installing: /home/nockorn/robokross_ws/install/gkv2_motor_bridge/share/gkv2_motor_bridge/cmake/gkv2_motor_bridge__rosidl_typesupport_introspection_cppExport-noconfig.cmake
[23.754s] -- Installing: /home/nockorn/robokross_ws/install/gkv2_motor_bridge/share/gkv2_motor_bridge/cmake/gkv2_motor_bridge__rosidl_typesupport_cppExport.cmake
[23.754s] -- Installing: /home/nockorn/robokross_ws/install/gkv2_motor_bridge/share/gkv2_motor_bridge/cmake/gkv2_motor_bridge__rosidl_typesupport_cppExport-noconfig.cmake
[23.754s] -- Installing: /home/nockorn/robokross_ws/install/gkv2_motor_bridge/share/gkv2_motor_bridge/cmake/export_gkv2_motor_bridge__rosidl_generator_pyExport.cmake
[23.755s] -- Installing: /home/nockorn/robokross_ws/install/gkv2_motor_bridge/share/gkv2_motor_bridge/cmake/export_gkv2_motor_bridge__rosidl_generator_pyExport-noconfig.cmake
[23.757s] Invoked command in '/home/nockorn/robokross_ws/build/gkv2_motor_bridge' returned '0': CMAKE_PREFIX_PATH=${CMAKE_PREFIX_PATH}:/opt/ros/jazzy DEBUGINFOD_URLS=https://debuginfod.ubuntu.com /usr/bin/cmake --install /home/nockorn/robokross_ws/build/gkv2_motor_bridge
