[0.010s] Invoking command in '/home/nockorn/robokross_ws/build/gkv2_motor_bridge': CMAKE_PREFIX_PATH=${CMAKE_PREFIX_PATH}:/opt/ros/jazzy DEBUGINFOD_URLS=https://debuginfod.ubuntu.com /usr/bin/cmake --build /home/nockorn/robokross_ws/build/gkv2_motor_bridge -- -j12 -l12
[0.053s] [  2%] Built target gkv2_motor_bridge__rs
[0.054s] [  4%] Built target gkv2_motor_bridge__rosidl_generator_type_description
[0.058s] [  4%] Built target ament_cmake_python_symlink_gkv2_motor_bridge
[0.067s] [  9%] Built target cmd_vel_bridge_node
[0.068s] [ 14%] Built target gkv2_driver_node
[0.069s] [ 17%] Built target gkv2_motor_bridge__cpp
[0.070s] [ 29%] Built target gkv2_motor_bridge__rosidl_generator_c
[0.089s] [ 41%] Built target gkv2_motor_bridge__rosidl_typesupport_cpp
[0.089s] [ 43%] Built target gkv2_motor_bridge__rosidl_typesupport_fastrtps_cpp
[0.089s] [ 51%] Built target gkv2_motor_bridge__rosidl_typesupport_introspection_c
[0.090s] [ 65%] Built target gkv2_motor_bridge__rosidl_typesupport_fastrtps_c
[0.090s] [ 65%] Built target gkv2_motor_bridge__rosidl_typesupport_c
[0.092s] [ 73%] Built target gkv2_motor_bridge__rosidl_typesupport_introspection_cpp
[0.109s] [ 73%] Built target gkv2_motor_bridge
[0.127s] [ 75%] Built target gkv2_motor_bridge__py
[0.132s] [ 78%] [32mBuilding CXX object CMakeFiles/gkv2_nav_parser_node.dir/src/gkv2_nav_parser_node.cpp.o[0m
[0.147s] [ 82%] Built target gkv2_motor_bridge__rosidl_generator_py
[0.167s] [ 92%] Built target gkv2_motor_bridge_s__rosidl_typesupport_c
[0.167s] [ 92%] Built target gkv2_motor_bridge_s__rosidl_typesupport_fastrtps_c
[0.167s] [ 97%] Built target gkv2_motor_bridge_s__rosidl_typesupport_introspection_c
[0.229s] running egg_info
[0.245s] writing gkv2_motor_bridge.egg-info/PKG-INFO
[0.245s] writing dependency_links to gkv2_motor_bridge.egg-info/dependency_links.txt
[0.245s] writing top-level names to gkv2_motor_bridge.egg-info/top_level.txt
[0.296s] reading manifest file 'gkv2_motor_bridge.egg-info/SOURCES.txt'
[0.297s] writing manifest file 'gkv2_motor_bridge.egg-info/SOURCES.txt'
[0.318s] [ 97%] Built target ament_cmake_python_build_gkv2_motor_bridge_egg
[7.737s] [100%] [32m[1mLinking CXX executable gkv2_nav_parser_node[0m
[7.849s] [100%] Built target gkv2_nav_parser_node
[7.860s] Invoked command in '/home/nockorn/robokross_ws/build/gkv2_motor_bridge' returned '0': CMAKE_PREFIX_PATH=${CMAKE_PREFIX_PATH}:/opt/ros/jazzy DEBUGINFOD_URLS=https://debuginfod.ubuntu.com /usr/bin/cmake --build /home/nockorn/robokross_ws/build/gkv2_motor_bridge -- -j12 -l12
[7.868s] Invoking command in '/home/nockorn/robokross_ws/build/gkv2_motor_bridge': CMAKE_PREFIX_PATH=${CMAKE_PREFIX_PATH}:/opt/ros/jazzy DEBUGINFOD_URLS=https://debuginfod.ubuntu.com /usr/bin/cmake --install /home/nockorn/robokross_ws/build/gkv2_motor_bridge
[7.875s] -- Install configuration: ""
[7.875s] -- Execute custom install script
[7.876s] -- Up-to-date symlink: /home/nockorn/robokross_ws/install/gkv2_motor_bridge/share/ament_index/resource_index/rosidl_interfaces/gkv2_motor_bridge
[7.876s] -- Up-to-date symlink: /home/nockorn/robokross_ws/install/gkv2_motor_bridge/share/gkv2_motor_bridge/msg/GKV2Status.json
[7.876s] -- Up-to-date symlink: /home/nockorn/robokross_ws/install/gkv2_motor_bridge/include/gkv2_motor_bridge/gkv2_motor_bridge/msg/detail/gkv2_status__functions.h
[7.876s] -- Up-to-date symlink: /home/nockorn/robokross_ws/install/gkv2_motor_bridge/include/gkv2_motor_bridge/gkv2_motor_bridge/msg/detail/gkv2_status__struct.h
[7.876s] -- Up-to-date symlink: /home/nockorn/robokross_ws/install/gkv2_motor_bridge/include/gkv2_motor_bridge/gkv2_motor_bridge/msg/detail/gkv2_status__type_support.h
[7.877s] -- Up-to-date symlink: /home/nockorn/robokross_ws/install/gkv2_motor_bridge/include/gkv2_motor_bridge/gkv2_motor_bridge/msg/gkv2_status.h
[7.877s] -- Up-to-date symlink: /home/nockorn/robokross_ws/install/gkv2_motor_bridge/include/gkv2_motor_bridge/gkv2_motor_bridge/msg/rosidl_generator_c__visibility_control.h
[7.877s] -- Up-to-date symlink: /home/nockorn/robokross_ws/install/gkv2_motor_bridge/share/gkv2_motor_bridge/environment/library_path.sh
[7.877s] -- Up-to-date symlink: /home/nockorn/robokross_ws/install/gkv2_motor_bridge/share/gkv2_motor_bridge/environment/library_path.dsv
[7.877s] -- Up-to-date symlink: /home/nockorn/robokross_ws/install/gkv2_motor_bridge/include/gkv2_motor_bridge/gkv2_motor_bridge/msg/detail/gkv2_status__rosidl_typesupport_fastrtps_c.h
[7.878s] -- Up-to-date symlink: /home/nockorn/robokross_ws/install/gkv2_motor_bridge/include/gkv2_motor_bridge/gkv2_motor_bridge/msg/rosidl_typesupport_fastrtps_c__visibility_control.h
[7.878s] -- Up-to-date symlink: /home/nockorn/robokross_ws/install/gkv2_motor_bridge/include/gkv2_motor_bridge/gkv2_motor_bridge/msg/detail/gkv2_status__builder.hpp
[7.878s] -- Up-to-date symlink: /home/nockorn/robokross_ws/install/gkv2_motor_bridge/include/gkv2_motor_bridge/gkv2_motor_bridge/msg/detail/gkv2_status__struct.hpp
[7.878s] -- Up-to-date symlink: /home/nockorn/robokross_ws/install/gkv2_motor_bridge/include/gkv2_motor_bridge/gkv2_motor_bridge/msg/detail/gkv2_status__traits.hpp
[7.878s] -- Up-to-date symlink: /home/nockorn/robokross_ws/install/gkv2_motor_bridge/include/gkv2_motor_bridge/gkv2_motor_bridge/msg/detail/gkv2_status__type_support.hpp
[7.879s] -- Up-to-date symlink: /home/nockorn/robokross_ws/install/gkv2_motor_bridge/include/gkv2_motor_bridge/gkv2_motor_bridge/msg/gkv2_status.hpp
[7.879s] -- Up-to-date symlink: /home/nockorn/robokross_ws/install/gkv2_motor_bridge/include/gkv2_motor_bridge/gkv2_motor_bridge/msg/rosidl_generator_cpp__visibility_control.hpp
[7.879s] -- Up-to-date symlink: /home/nockorn/robokross_ws/install/gkv2_motor_bridge/include/gkv2_motor_bridge/gkv2_motor_bridge/msg/detail/gkv2_status__rosidl_typesupport_fastrtps_cpp.hpp
[7.879s] -- Up-to-date symlink: /home/nockorn/robokross_ws/install/gkv2_motor_bridge/include/gkv2_motor_bridge/gkv2_motor_bridge/msg/rosidl_typesupport_fastrtps_cpp__visibility_control.h
[7.880s] -- Up-to-date symlink: /home/nockorn/robokross_ws/install/gkv2_motor_bridge/include/gkv2_motor_bridge/gkv2_motor_bridge/msg/detail/gkv2_status__rosidl_typesupport_introspection_c.h
[7.880s] -- Up-to-date symlink: /home/nockorn/robokross_ws/install/gkv2_motor_bridge/include/gkv2_motor_bridge/gkv2_motor_bridge/msg/rosidl_typesupport_introspection_c__visibility_control.h
[7.880s] -- Up-to-date symlink: /home/nockorn/robokross_ws/install/gkv2_motor_bridge/include/gkv2_motor_bridge/gkv2_motor_bridge/msg/detail/gkv2_status__rosidl_typesupport_introspection_cpp.hpp
[7.880s] -- Up-to-date symlink: /home/nockorn/robokross_ws/install/gkv2_motor_bridge/share/gkv2_motor_bridge/environment/pythonpath.sh
[7.880s] -- Up-to-date symlink: /home/nockorn/robokross_ws/install/gkv2_motor_bridge/share/gkv2_motor_bridge/environment/pythonpath.dsv
[7.881s] -- Up-to-date symlink: /home/nockorn/robokross_ws/install/gkv2_motor_bridge/lib/python3.12/site-packages/gkv2_motor_bridge-0.0.1-py3.12.egg-info/PKG-INFO
[7.881s] -- Up-to-date symlink: /home/nockorn/robokross_ws/install/gkv2_motor_bridge/lib/python3.12/site-packages/gkv2_motor_bridge-0.0.1-py3.12.egg-info/SOURCES.txt
[7.881s] -- Up-to-date symlink: /home/nockorn/robokross_ws/install/gkv2_motor_bridge/lib/python3.12/site-packages/gkv2_motor_bridge-0.0.1-py3.12.egg-info/dependency_links.txt
[7.881s] -- Up-to-date symlink: /home/nockorn/robokross_ws/install/gkv2_motor_bridge/lib/python3.12/site-packages/gkv2_motor_bridge-0.0.1-py3.12.egg-info/top_level.txt
[7.882s] -- Up-to-date symlink: /home/nockorn/robokross_ws/install/gkv2_motor_bridge/lib/python3.12/site-packages/gkv2_motor_bridge/__init__.py
[7.882s] -- Up-to-date symlink: /home/nockorn/robokross_ws/install/gkv2_motor_bridge/lib/python3.12/site-packages/gkv2_motor_bridge/_gkv2_motor_bridge_s.ep.rosidl_typesupport_c.c
[7.882s] -- Up-to-date symlink: /home/nockorn/robokross_ws/install/gkv2_motor_bridge/lib/python3.12/site-packages/gkv2_motor_bridge/_gkv2_motor_bridge_s.ep.rosidl_typesupport_fastrtps_c.c
[7.882s] -- Up-to-date symlink: /home/nockorn/robokross_ws/install/gkv2_motor_bridge/lib/python3.12/site-packages/gkv2_motor_bridge/_gkv2_motor_bridge_s.ep.rosidl_typesupport_introspection_c.c
[7.882s] -- Up-to-date symlink: /home/nockorn/robokross_ws/install/gkv2_motor_bridge/lib/python3.12/site-packages/gkv2_motor_bridge/gkv2_motor_bridge_s__rosidl_typesupport_c.so
[7.882s] -- Up-to-date symlink: /home/nockorn/robokross_ws/install/gkv2_motor_bridge/lib/python3.12/site-packages/gkv2_motor_bridge/gkv2_motor_bridge_s__rosidl_typesupport_fastrtps_c.so
[7.882s] -- Up-to-date symlink: /home/nockorn/robokross_ws/install/gkv2_motor_bridge/lib/python3.12/site-packages/gkv2_motor_bridge/gkv2_motor_bridge_s__rosidl_typesupport_introspection_c.so
[7.882s] -- Up-to-date symlink: /home/nockorn/robokross_ws/install/gkv2_motor_bridge/lib/python3.12/site-packages/gkv2_motor_bridge/msg/__init__.py
[7.882s] -- Up-to-date symlink: /home/nockorn/robokross_ws/install/gkv2_motor_bridge/lib/python3.12/site-packages/gkv2_motor_bridge/msg/_gkv2_status.py
[7.883s] -- Up-to-date symlink: /home/nockorn/robokross_ws/install/gkv2_motor_bridge/lib/python3.12/site-packages/gkv2_motor_bridge/msg/_gkv2_status_s.c
[7.883s] -- Up-to-date symlink: /home/nockorn/robokross_ws/install/gkv2_motor_bridge/lib/python3.12/site-packages/gkv2_motor_bridge/gkv2_motor_bridge_s__rosidl_typesupport_fastrtps_c.so
[7.883s] -- Up-to-date symlink: /home/nockorn/robokross_ws/install/gkv2_motor_bridge/lib/python3.12/site-packages/gkv2_motor_bridge/gkv2_motor_bridge_s__rosidl_typesupport_introspection_c.so
[7.883s] -- Up-to-date symlink: /home/nockorn/robokross_ws/install/gkv2_motor_bridge/lib/python3.12/site-packages/gkv2_motor_bridge/gkv2_motor_bridge_s__rosidl_typesupport_c.so
[7.883s] -- Up-to-date symlink: /home/nockorn/robokross_ws/install/gkv2_motor_bridge/share/ament_index/resource_index/rust_packages/gkv2_motor_bridge
[7.884s] -- Up-to-date symlink: /home/nockorn/robokross_ws/install/gkv2_motor_bridge/share/gkv2_motor_bridge/rust/Cargo.toml
[7.884s] -- Up-to-date symlink: /home/nockorn/robokross_ws/install/gkv2_motor_bridge/share/gkv2_motor_bridge/rust/build.rs
[7.884s] -- Up-to-date symlink: /home/nockorn/robokross_ws/install/gkv2_motor_bridge/share/gkv2_motor_bridge/rust/src/lib.rs
[7.884s] -- Up-to-date symlink: /home/nockorn/robokross_ws/install/gkv2_motor_bridge/share/gkv2_motor_bridge/rust/src/msg.rs
[7.884s] -- Up-to-date symlink: /home/nockorn/robokross_ws/install/gkv2_motor_bridge/share/gkv2_motor_bridge/rust/src/msg/rmw.rs
[7.884s] -- Up-to-date symlink: /home/nockorn/robokross_ws/install/gkv2_motor_bridge/share/gkv2_motor_bridge/msg/GKV2Status.idl
[7.884s] -- Up-to-date symlink: /home/nockorn/robokross_ws/install/gkv2_motor_bridge/share/gkv2_motor_bridge/msg/GKV2Status.msg
[7.885s] -- Up-to-date symlink: /home/nockorn/robokross_ws/install/gkv2_motor_bridge/lib/gkv2_motor_bridge/gkv2_driver_node
[7.885s] -- Up-to-date symlink: /home/nockorn/robokross_ws/install/gkv2_motor_bridge/lib/gkv2_motor_bridge/cmd_vel_bridge_node
[7.885s] -- Up-to-date symlink: /home/nockorn/robokross_ws/install/gkv2_motor_bridge/lib/gkv2_motor_bridge/gkv2_nav_parser_node
[7.885s] -- Up-to-date symlink: /home/nockorn/robokross_ws/install/gkv2_motor_bridge/share/gkv2_motor_bridge/launch/main.launch.py
[7.885s] -- Up-to-date symlink: /home/nockorn/robokross_ws/install/gkv2_motor_bridge/share/gkv2_motor_bridge/config/params.yaml
[7.885s] -- Up-to-date symlink: /home/nockorn/robokross_ws/install/gkv2_motor_bridge/share/ament_index/resource_index/package_run_dependencies/gkv2_motor_bridge
[7.885s] -- Up-to-date symlink: /home/nockorn/robokross_ws/install/gkv2_motor_bridge/share/ament_index/resource_index/parent_prefix_path/gkv2_motor_bridge
[7.886s] -- Up-to-date symlink: /home/nockorn/robokross_ws/install/gkv2_motor_bridge/share/gkv2_motor_bridge/environment/ament_prefix_path.sh
[7.886s] -- Up-to-date symlink: /home/nockorn/robokross_ws/install/gkv2_motor_bridge/share/gkv2_motor_bridge/environment/ament_prefix_path.dsv
[7.886s] -- Up-to-date symlink: /home/nockorn/robokross_ws/install/gkv2_motor_bridge/share/gkv2_motor_bridge/environment/path.sh
[7.886s] -- Up-to-date symlink: /home/nockorn/robokross_ws/install/gkv2_motor_bridge/share/gkv2_motor_bridge/environment/path.dsv
[7.886s] -- Up-to-date symlink: /home/nockorn/robokross_ws/install/gkv2_motor_bridge/share/gkv2_motor_bridge/local_setup.bash
[7.886s] -- Up-to-date symlink: /home/nockorn/robokross_ws/install/gkv2_motor_bridge/share/gkv2_motor_bridge/local_setup.sh
[7.886s] -- Up-to-date symlink: /home/nockorn/robokross_ws/install/gkv2_motor_bridge/share/gkv2_motor_bridge/local_setup.zsh
[7.886s] -- Up-to-date symlink: /home/nockorn/robokross_ws/install/gkv2_motor_bridge/share/gkv2_motor_bridge/local_setup.dsv
[7.887s] -- Symlinking: /home/nockorn/robokross_ws/install/gkv2_motor_bridge/share/gkv2_motor_bridge/package.dsv
[7.894s] -- Up-to-date symlink: /home/nockorn/robokross_ws/install/gkv2_motor_bridge/share/ament_index/resource_index/packages/gkv2_motor_bridge
[7.895s] -- Up-to-date symlink: /home/nockorn/robokross_ws/install/gkv2_motor_bridge/share/gkv2_motor_bridge/cmake/rosidl_cmake-extras.cmake
[7.895s] -- Up-to-date symlink: /home/nockorn/robokross_ws/install/gkv2_motor_bridge/share/gkv2_motor_bridge/cmake/ament_cmake_export_dependencies-extras.cmake
[7.895s] -- Up-to-date symlink: /home/nockorn/robokross_ws/install/gkv2_motor_bridge/share/gkv2_motor_bridge/cmake/ament_cmake_export_include_directories-extras.cmake
[7.895s] -- Up-to-date symlink: /home/nockorn/robokross_ws/install/gkv2_motor_bridge/share/gkv2_motor_bridge/cmake/ament_cmake_export_libraries-extras.cmake
[7.895s] -- Up-to-date symlink: /home/nockorn/robokross_ws/install/gkv2_motor_bridge/share/gkv2_motor_bridge/cmake/ament_cmake_export_targets-extras.cmake
[7.895s] -- Up-to-date symlink: /home/nockorn/robokross_ws/install/gkv2_motor_bridge/share/gkv2_motor_bridge/cmake/rosidl_cmake_export_typesupport_targets-extras.cmake
[7.895s] -- Up-to-date symlink: /home/nockorn/robokross_ws/install/gkv2_motor_bridge/share/gkv2_motor_bridge/cmake/rosidl_cmake_export_typesupport_libraries-extras.cmake
[7.896s] -- Up-to-date symlink: /home/nockorn/robokross_ws/install/gkv2_motor_bridge/share/gkv2_motor_bridge/cmake/gkv2_motor_bridgeConfig.cmake
[7.896s] -- Up-to-date symlink: /home/nockorn/robokross_ws/install/gkv2_motor_bridge/share/gkv2_motor_bridge/cmake/gkv2_motor_bridgeConfig-version.cmake
[7.896s] -- Up-to-date symlink: /home/nockorn/robokross_ws/install/gkv2_motor_bridge/share/gkv2_motor_bridge/package.xml
[7.896s] -- Up-to-date: /home/nockorn/robokross_ws/install/gkv2_motor_bridge/lib/libgkv2_motor_bridge__rosidl_generator_c.so
[7.896s] -- Up-to-date: /home/nockorn/robokross_ws/install/gkv2_motor_bridge/lib/libgkv2_motor_bridge__rosidl_typesupport_fastrtps_c.so
[7.897s] -- Up-to-date: /home/nockorn/robokross_ws/install/gkv2_motor_bridge/lib/libgkv2_motor_bridge__rosidl_typesupport_fastrtps_cpp.so
[7.897s] -- Up-to-date: /home/nockorn/robokross_ws/install/gkv2_motor_bridge/lib/libgkv2_motor_bridge__rosidl_typesupport_introspection_c.so
[7.897s] -- Up-to-date: /home/nockorn/robokross_ws/install/gkv2_motor_bridge/lib/libgkv2_motor_bridge__rosidl_typesupport_c.so
[7.898s] -- Up-to-date: /home/nockorn/robokross_ws/install/gkv2_motor_bridge/lib/libgkv2_motor_bridge__rosidl_typesupport_introspection_cpp.so
[7.898s] -- Up-to-date: /home/nockorn/robokross_ws/install/gkv2_motor_bridge/lib/libgkv2_motor_bridge__rosidl_typesupport_cpp.so
[7.922s] Listing '/home/nockorn/robokross_ws/install/gkv2_motor_bridge/lib/python3.12/site-packages/gkv2_motor_bridge'...
[7.922s] Listing '/home/nockorn/robokross_ws/install/gkv2_motor_bridge/lib/python3.12/site-packages/gkv2_motor_bridge/msg'...
[7.926s] -- Up-to-date: /home/nockorn/robokross_ws/install/gkv2_motor_bridge/lib/libgkv2_motor_bridge__rosidl_generator_py.so
[7.926s] -- Up-to-date: /home/nockorn/robokross_ws/install/gkv2_motor_bridge/share/gkv2_motor_bridge/cmake/export_gkv2_motor_bridge__rosidl_generator_cExport.cmake
[7.926s] -- Up-to-date: /home/nockorn/robokross_ws/install/gkv2_motor_bridge/share/gkv2_motor_bridge/cmake/export_gkv2_motor_bridge__rosidl_generator_cExport-noconfig.cmake
[7.926s] -- Up-to-date: /home/nockorn/robokross_ws/install/gkv2_motor_bridge/share/gkv2_motor_bridge/cmake/export_gkv2_motor_bridge__rosidl_typesupport_fastrtps_cExport.cmake
[7.926s] -- Up-to-date: /home/nockorn/robokross_ws/install/gkv2_motor_bridge/share/gkv2_motor_bridge/cmake/export_gkv2_motor_bridge__rosidl_typesupport_fastrtps_cExport-noconfig.cmake
[7.927s] -- Up-to-date: /home/nockorn/robokross_ws/install/gkv2_motor_bridge/share/gkv2_motor_bridge/cmake/export_gkv2_motor_bridge__rosidl_generator_cppExport.cmake
[7.927s] -- Up-to-date: /home/nockorn/robokross_ws/install/gkv2_motor_bridge/share/gkv2_motor_bridge/cmake/export_gkv2_motor_bridge__rosidl_typesupport_fastrtps_cppExport.cmake
[7.927s] -- Up-to-date: /home/nockorn/robokross_ws/install/gkv2_motor_bridge/share/gkv2_motor_bridge/cmake/export_gkv2_motor_bridge__rosidl_typesupport_fastrtps_cppExport-noconfig.cmake
[7.927s] -- Up-to-date: /home/nockorn/robokross_ws/install/gkv2_motor_bridge/share/gkv2_motor_bridge/cmake/gkv2_motor_bridge__rosidl_typesupport_introspection_cExport.cmake
[7.927s] -- Up-to-date: /home/nockorn/robokross_ws/install/gkv2_motor_bridge/share/gkv2_motor_bridge/cmake/gkv2_motor_bridge__rosidl_typesupport_introspection_cExport-noconfig.cmake
[7.927s] -- Up-to-date: /home/nockorn/robokross_ws/install/gkv2_motor_bridge/share/gkv2_motor_bridge/cmake/gkv2_motor_bridge__rosidl_typesupport_cExport.cmake
[7.927s] -- Up-to-date: /home/nockorn/robokross_ws/install/gkv2_motor_bridge/share/gkv2_motor_bridge/cmake/gkv2_motor_bridge__rosidl_typesupport_cExport-noconfig.cmake
[7.927s] -- Up-to-date: /home/nockorn/robokross_ws/install/gkv2_motor_bridge/share/gkv2_motor_bridge/cmake/gkv2_motor_bridge__rosidl_typesupport_introspection_cppExport.cmake
[7.927s] -- Up-to-date: /home/nockorn/robokross_ws/install/gkv2_motor_bridge/share/gkv2_motor_bridge/cmake/gkv2_motor_bridge__rosidl_typesupport_introspection_cppExport-noconfig.cmake
[7.928s] -- Up-to-date: /home/nockorn/robokross_ws/install/gkv2_motor_bridge/share/gkv2_motor_bridge/cmake/gkv2_motor_bridge__rosidl_typesupport_cppExport.cmake
[7.928s] -- Up-to-date: /home/nockorn/robokross_ws/install/gkv2_motor_bridge/share/gkv2_motor_bridge/cmake/gkv2_motor_bridge__rosidl_typesupport_cppExport-noconfig.cmake
[7.928s] -- Up-to-date: /home/nockorn/robokross_ws/install/gkv2_motor_bridge/share/gkv2_motor_bridge/cmake/export_gkv2_motor_bridge__rosidl_generator_pyExport.cmake
[7.928s] -- Up-to-date: /home/nockorn/robokross_ws/install/gkv2_motor_bridge/share/gkv2_motor_bridge/cmake/export_gkv2_motor_bridge__rosidl_generator_pyExport-noconfig.cmake
[7.930s] Invoked command in '/home/nockorn/robokross_ws/build/gkv2_motor_bridge' returned '0': CMAKE_PREFIX_PATH=${CMAKE_PREFIX_PATH}:/opt/ros/jazzy DEBUGINFOD_URLS=https://debuginfod.ubuntu.com /usr/bin/cmake --install /home/nockorn/robokross_ws/build/gkv2_motor_bridge
