[0.016s] Invoking command in '/home/nockorn/robokross_ws/build/gkv2_motor_bridge': CMAKE_PREFIX_PATH=${CMAKE_PREFIX_PATH}:/opt/ros/jazzy DEBUGINFOD_URLS=https://debuginfod.ubuntu.com /usr/bin/cmake --build /home/nockorn/robokross_ws/build/gkv2_motor_bridge -- -j12 -l12
[0.057s] [  1%] Built target gkv2_motor_bridge__rosidl_generator_type_description
[0.057s] [  2%] Built target gkv2_motor_bridge__rs
[0.063s] [  2%] Built target ament_cmake_python_symlink_gkv2_motor_bridge
[0.064s] [  5%] Built target odometer_node
[0.066s] [  8%] Built target navigation_controller_node
[0.069s] [ 11%] Built target cmd_vel_bridge_node
[0.071s] [ 14%] Built target gkv2_driver_node
[0.071s] [ 15%] Built target gkv2_motor_bridge__cpp
[0.074s] [ 31%] Built target gkv2_motor_bridge__rosidl_generator_c
[0.090s] [ 46%] Built target gkv2_motor_bridge__rosidl_typesupport_introspection_c
[0.090s] [ 46%] Built target gkv2_motor_bridge__rosidl_typesupport_c
[0.090s] [ 53%] Built target gkv2_motor_bridge__rosidl_typesupport_cpp
[0.091s] [ 60%] Built target gkv2_motor_bridge__rosidl_typesupport_fastrtps_c
[0.093s] [ 68%] Built target gkv2_motor_bridge__rosidl_typesupport_introspection_cpp
[0.095s] [ 75%] Built target gkv2_motor_bridge__rosidl_typesupport_fastrtps_cpp
[0.110s] [ 75%] Built target gkv2_motor_bridge
[0.110s] [ 76%] [32mBuilding CXX object CMakeFiles/navigation_fusion_node.dir/src/navigation_fusion_node.cpp.o[0m
[0.116s] [ 79%] Built target gkv2_nav_parser_node
[0.125s] [ 81%] Built target gkv2_motor_bridge__py
[0.131s] [ 82%] [32mBuilding CXX object CMakeFiles/gkv2_config_node.dir/src/gkv2_config_node.cpp.o[0m
[0.146s] [ 88%] Built target gkv2_motor_bridge__rosidl_generator_py
[0.163s] [ 91%] Built target gkv2_motor_bridge_s__rosidl_typesupport_introspection_c
[0.164s] [ 94%] Built target gkv2_motor_bridge_s__rosidl_typesupport_fastrtps_c
[0.165s] [ 97%] Built target gkv2_motor_bridge_s__rosidl_typesupport_c
[0.229s] running egg_info
[0.244s] writing gkv2_motor_bridge.egg-info/PKG-INFO
[0.244s] writing dependency_links to gkv2_motor_bridge.egg-info/dependency_links.txt
[0.245s] writing top-level names to gkv2_motor_bridge.egg-info/top_level.txt
[0.290s] reading manifest file 'gkv2_motor_bridge.egg-info/SOURCES.txt'
[0.290s] writing manifest file 'gkv2_motor_bridge.egg-info/SOURCES.txt'
[0.310s] [ 97%] Built target ament_cmake_python_build_gkv2_motor_bridge_egg
[7.351s] [ 98%] [32m[1mLinking CXX executable gkv2_config_node[0m
[7.445s] [ 98%] Built target gkv2_config_node
[13.258s] [100%] [32m[1mLinking CXX executable navigation_fusion_node[0m
[13.401s] [100%] Built target navigation_fusion_node
[13.412s] Invoked command in '/home/nockorn/robokross_ws/build/gkv2_motor_bridge' returned '0': CMAKE_PREFIX_PATH=${CMAKE_PREFIX_PATH}:/opt/ros/jazzy DEBUGINFOD_URLS=https://debuginfod.ubuntu.com /usr/bin/cmake --build /home/nockorn/robokross_ws/build/gkv2_motor_bridge -- -j12 -l12
[13.420s] Invoking command in '/home/nockorn/robokross_ws/build/gkv2_motor_bridge': CMAKE_PREFIX_PATH=${CMAKE_PREFIX_PATH}:/opt/ros/jazzy DEBUGINFOD_URLS=https://debuginfod.ubuntu.com /usr/bin/cmake --install /home/nockorn/robokross_ws/build/gkv2_motor_bridge
[13.426s] -- Install configuration: ""
[13.426s] -- Execute custom install script
[13.427s] -- Up-to-date symlink: /home/nockorn/robokross_ws/install/gkv2_motor_bridge/share/ament_index/resource_index/rosidl_interfaces/gkv2_motor_bridge
[13.427s] -- Up-to-date symlink: /home/nockorn/robokross_ws/install/gkv2_motor_bridge/share/gkv2_motor_bridge/msg/GKV2Status.json
[13.427s] -- Up-to-date symlink: /home/nockorn/robokross_ws/install/gkv2_motor_bridge/share/gkv2_motor_bridge/msg/NavigationStatus.json
[13.427s] -- Up-to-date symlink: /home/nockorn/robokross_ws/install/gkv2_motor_bridge/share/gkv2_motor_bridge/msg/GKV2ConfigStatus.json
[13.427s] -- Up-to-date symlink: /home/nockorn/robokross_ws/install/gkv2_motor_bridge/include/gkv2_motor_bridge/gkv2_motor_bridge/msg/detail/gkv2_config_status__functions.h
[13.427s] -- Up-to-date symlink: /home/nockorn/robokross_ws/install/gkv2_motor_bridge/include/gkv2_motor_bridge/gkv2_motor_bridge/msg/detail/gkv2_config_status__struct.h
[13.428s] -- Up-to-date symlink: /home/nockorn/robokross_ws/install/gkv2_motor_bridge/include/gkv2_motor_bridge/gkv2_motor_bridge/msg/detail/gkv2_config_status__type_support.h
[13.428s] -- Up-to-date symlink: /home/nockorn/robokross_ws/install/gkv2_motor_bridge/include/gkv2_motor_bridge/gkv2_motor_bridge/msg/detail/gkv2_status__functions.h
[13.428s] -- Up-to-date symlink: /home/nockorn/robokross_ws/install/gkv2_motor_bridge/include/gkv2_motor_bridge/gkv2_motor_bridge/msg/detail/gkv2_status__struct.h
[13.428s] -- Up-to-date symlink: /home/nockorn/robokross_ws/install/gkv2_motor_bridge/include/gkv2_motor_bridge/gkv2_motor_bridge/msg/detail/gkv2_status__type_support.h
[13.428s] -- Up-to-date symlink: /home/nockorn/robokross_ws/install/gkv2_motor_bridge/include/gkv2_motor_bridge/gkv2_motor_bridge/msg/detail/navigation_status__functions.h
[13.428s] -- Up-to-date symlink: /home/nockorn/robokross_ws/install/gkv2_motor_bridge/include/gkv2_motor_bridge/gkv2_motor_bridge/msg/detail/navigation_status__struct.h
[13.428s] -- Up-to-date symlink: /home/nockorn/robokross_ws/install/gkv2_motor_bridge/include/gkv2_motor_bridge/gkv2_motor_bridge/msg/detail/navigation_status__type_support.h
[13.428s] -- Up-to-date symlink: /home/nockorn/robokross_ws/install/gkv2_motor_bridge/include/gkv2_motor_bridge/gkv2_motor_bridge/msg/gkv2_config_status.h
[13.428s] -- Up-to-date symlink: /home/nockorn/robokross_ws/install/gkv2_motor_bridge/include/gkv2_motor_bridge/gkv2_motor_bridge/msg/gkv2_status.h
[13.428s] -- Up-to-date symlink: /home/nockorn/robokross_ws/install/gkv2_motor_bridge/include/gkv2_motor_bridge/gkv2_motor_bridge/msg/navigation_status.h
[13.429s] -- Up-to-date symlink: /home/nockorn/robokross_ws/install/gkv2_motor_bridge/include/gkv2_motor_bridge/gkv2_motor_bridge/msg/rosidl_generator_c__visibility_control.h
[13.429s] -- Up-to-date symlink: /home/nockorn/robokross_ws/install/gkv2_motor_bridge/share/gkv2_motor_bridge/environment/library_path.sh
[13.429s] -- Up-to-date symlink: /home/nockorn/robokross_ws/install/gkv2_motor_bridge/share/gkv2_motor_bridge/environment/library_path.dsv
[13.429s] -- Up-to-date symlink: /home/nockorn/robokross_ws/install/gkv2_motor_bridge/include/gkv2_motor_bridge/gkv2_motor_bridge/msg/detail/gkv2_config_status__rosidl_typesupport_fastrtps_c.h
[13.429s] -- Up-to-date symlink: /home/nockorn/robokross_ws/install/gkv2_motor_bridge/include/gkv2_motor_bridge/gkv2_motor_bridge/msg/detail/gkv2_status__rosidl_typesupport_fastrtps_c.h
[13.429s] -- Up-to-date symlink: /home/nockorn/robokross_ws/install/gkv2_motor_bridge/include/gkv2_motor_bridge/gkv2_motor_bridge/msg/detail/navigation_status__rosidl_typesupport_fastrtps_c.h
[13.430s] -- Up-to-date symlink: /home/nockorn/robokross_ws/install/gkv2_motor_bridge/include/gkv2_motor_bridge/gkv2_motor_bridge/msg/rosidl_typesupport_fastrtps_c__visibility_control.h
[13.430s] -- Up-to-date symlink: /home/nockorn/robokross_ws/install/gkv2_motor_bridge/include/gkv2_motor_bridge/gkv2_motor_bridge/msg/detail/gkv2_config_status__builder.hpp
[13.430s] -- Up-to-date symlink: /home/nockorn/robokross_ws/install/gkv2_motor_bridge/include/gkv2_motor_bridge/gkv2_motor_bridge/msg/detail/gkv2_config_status__struct.hpp
[13.430s] -- Up-to-date symlink: /home/nockorn/robokross_ws/install/gkv2_motor_bridge/include/gkv2_motor_bridge/gkv2_motor_bridge/msg/detail/gkv2_config_status__traits.hpp
[13.430s] -- Up-to-date symlink: /home/nockorn/robokross_ws/install/gkv2_motor_bridge/include/gkv2_motor_bridge/gkv2_motor_bridge/msg/detail/gkv2_config_status__type_support.hpp
[13.430s] -- Up-to-date symlink: /home/nockorn/robokross_ws/install/gkv2_motor_bridge/include/gkv2_motor_bridge/gkv2_motor_bridge/msg/detail/gkv2_status__builder.hpp
[13.430s] -- Up-to-date symlink: /home/nockorn/robokross_ws/install/gkv2_motor_bridge/include/gkv2_motor_bridge/gkv2_motor_bridge/msg/detail/gkv2_status__struct.hpp
[13.430s] -- Up-to-date symlink: /home/nockorn/robokross_ws/install/gkv2_motor_bridge/include/gkv2_motor_bridge/gkv2_motor_bridge/msg/detail/gkv2_status__traits.hpp
[13.431s] -- Up-to-date symlink: /home/nockorn/robokross_ws/install/gkv2_motor_bridge/include/gkv2_motor_bridge/gkv2_motor_bridge/msg/detail/gkv2_status__type_support.hpp
[13.431s] -- Up-to-date symlink: /home/nockorn/robokross_ws/install/gkv2_motor_bridge/include/gkv2_motor_bridge/gkv2_motor_bridge/msg/detail/navigation_status__builder.hpp
[13.431s] -- Up-to-date symlink: /home/nockorn/robokross_ws/install/gkv2_motor_bridge/include/gkv2_motor_bridge/gkv2_motor_bridge/msg/detail/navigation_status__struct.hpp
[13.431s] -- Up-to-date symlink: /home/nockorn/robokross_ws/install/gkv2_motor_bridge/include/gkv2_motor_bridge/gkv2_motor_bridge/msg/detail/navigation_status__traits.hpp
[13.431s] -- Up-to-date symlink: /home/nockorn/robokross_ws/install/gkv2_motor_bridge/include/gkv2_motor_bridge/gkv2_motor_bridge/msg/detail/navigation_status__type_support.hpp
[13.431s] -- Up-to-date symlink: /home/nockorn/robokross_ws/install/gkv2_motor_bridge/include/gkv2_motor_bridge/gkv2_motor_bridge/msg/gkv2_config_status.hpp
[13.431s] -- Up-to-date symlink: /home/nockorn/robokross_ws/install/gkv2_motor_bridge/include/gkv2_motor_bridge/gkv2_motor_bridge/msg/gkv2_status.hpp
[13.431s] -- Up-to-date symlink: /home/nockorn/robokross_ws/install/gkv2_motor_bridge/include/gkv2_motor_bridge/gkv2_motor_bridge/msg/navigation_status.hpp
[13.431s] -- Up-to-date symlink: /home/nockorn/robokross_ws/install/gkv2_motor_bridge/include/gkv2_motor_bridge/gkv2_motor_bridge/msg/rosidl_generator_cpp__visibility_control.hpp
[13.432s] -- Up-to-date symlink: /home/nockorn/robokross_ws/install/gkv2_motor_bridge/include/gkv2_motor_bridge/gkv2_motor_bridge/msg/detail/gkv2_config_status__rosidl_typesupport_fastrtps_cpp.hpp
[13.432s] -- Up-to-date symlink: /home/nockorn/robokross_ws/install/gkv2_motor_bridge/include/gkv2_motor_bridge/gkv2_motor_bridge/msg/detail/gkv2_status__rosidl_typesupport_fastrtps_cpp.hpp
[13.432s] -- Up-to-date symlink: /home/nockorn/robokross_ws/install/gkv2_motor_bridge/include/gkv2_motor_bridge/gkv2_motor_bridge/msg/detail/navigation_status__rosidl_typesupport_fastrtps_cpp.hpp
[13.432s] -- Up-to-date symlink: /home/nockorn/robokross_ws/install/gkv2_motor_bridge/include/gkv2_motor_bridge/gkv2_motor_bridge/msg/rosidl_typesupport_fastrtps_cpp__visibility_control.h
[13.432s] -- Up-to-date symlink: /home/nockorn/robokross_ws/install/gkv2_motor_bridge/include/gkv2_motor_bridge/gkv2_motor_bridge/msg/detail/gkv2_config_status__rosidl_typesupport_introspection_c.h
[13.432s] -- Up-to-date symlink: /home/nockorn/robokross_ws/install/gkv2_motor_bridge/include/gkv2_motor_bridge/gkv2_motor_bridge/msg/detail/gkv2_status__rosidl_typesupport_introspection_c.h
[13.433s] -- Up-to-date symlink: /home/nockorn/robokross_ws/install/gkv2_motor_bridge/include/gkv2_motor_bridge/gkv2_motor_bridge/msg/detail/navigation_status__rosidl_typesupport_introspection_c.h
[13.433s] -- Up-to-date symlink: /home/nockorn/robokross_ws/install/gkv2_motor_bridge/include/gkv2_motor_bridge/gkv2_motor_bridge/msg/rosidl_typesupport_introspection_c__visibility_control.h
[13.433s] -- Up-to-date symlink: /home/nockorn/robokross_ws/install/gkv2_motor_bridge/include/gkv2_motor_bridge/gkv2_motor_bridge/msg/detail/gkv2_config_status__rosidl_typesupport_introspection_cpp.hpp
[13.433s] -- Up-to-date symlink: /home/nockorn/robokross_ws/install/gkv2_motor_bridge/include/gkv2_motor_bridge/gkv2_motor_bridge/msg/detail/gkv2_status__rosidl_typesupport_introspection_cpp.hpp
[13.433s] -- Up-to-date symlink: /home/nockorn/robokross_ws/install/gkv2_motor_bridge/include/gkv2_motor_bridge/gkv2_motor_bridge/msg/detail/navigation_status__rosidl_typesupport_introspection_cpp.hpp
[13.433s] -- Up-to-date symlink: /home/nockorn/robokross_ws/install/gkv2_motor_bridge/share/gkv2_motor_bridge/environment/pythonpath.sh
[13.433s] -- Up-to-date symlink: /home/nockorn/robokross_ws/install/gkv2_motor_bridge/share/gkv2_motor_bridge/environment/pythonpath.dsv
[13.434s] -- Up-to-date symlink: /home/nockorn/robokross_ws/install/gkv2_motor_bridge/lib/python3.12/site-packages/gkv2_motor_bridge-0.0.1-py3.12.egg-info/PKG-INFO
[13.434s] -- Up-to-date symlink: /home/nockorn/robokross_ws/install/gkv2_motor_bridge/lib/python3.12/site-packages/gkv2_motor_bridge-0.0.1-py3.12.egg-info/SOURCES.txt
[13.434s] -- Up-to-date symlink: /home/nockorn/robokross_ws/install/gkv2_motor_bridge/lib/python3.12/site-packages/gkv2_motor_bridge-0.0.1-py3.12.egg-info/dependency_links.txt
[13.434s] -- Up-to-date symlink: /home/nockorn/robokross_ws/install/gkv2_motor_bridge/lib/python3.12/site-packages/gkv2_motor_bridge-0.0.1-py3.12.egg-info/top_level.txt
[13.434s] -- Up-to-date symlink: /home/nockorn/robokross_ws/install/gkv2_motor_bridge/lib/python3.12/site-packages/gkv2_motor_bridge/__init__.py
[13.434s] -- Up-to-date symlink: /home/nockorn/robokross_ws/install/gkv2_motor_bridge/lib/python3.12/site-packages/gkv2_motor_bridge/_gkv2_motor_bridge_s.ep.rosidl_typesupport_c.c
[13.435s] -- Up-to-date symlink: /home/nockorn/robokross_ws/install/gkv2_motor_bridge/lib/python3.12/site-packages/gkv2_motor_bridge/_gkv2_motor_bridge_s.ep.rosidl_typesupport_fastrtps_c.c
[13.435s] -- Up-to-date symlink: /home/nockorn/robokross_ws/install/gkv2_motor_bridge/lib/python3.12/site-packages/gkv2_motor_bridge/_gkv2_motor_bridge_s.ep.rosidl_typesupport_introspection_c.c
[13.435s] -- Up-to-date symlink: /home/nockorn/robokross_ws/install/gkv2_motor_bridge/lib/python3.12/site-packages/gkv2_motor_bridge/gkv2_motor_bridge_s__rosidl_typesupport_c.so
[13.435s] -- Up-to-date symlink: /home/nockorn/robokross_ws/install/gkv2_motor_bridge/lib/python3.12/site-packages/gkv2_motor_bridge/gkv2_motor_bridge_s__rosidl_typesupport_fastrtps_c.so
[13.435s] -- Up-to-date symlink: /home/nockorn/robokross_ws/install/gkv2_motor_bridge/lib/python3.12/site-packages/gkv2_motor_bridge/gkv2_motor_bridge_s__rosidl_typesupport_introspection_c.so
[13.435s] -- Up-to-date symlink: /home/nockorn/robokross_ws/install/gkv2_motor_bridge/lib/python3.12/site-packages/gkv2_motor_bridge/msg/__init__.py
[13.435s] -- Up-to-date symlink: /home/nockorn/robokross_ws/install/gkv2_motor_bridge/lib/python3.12/site-packages/gkv2_motor_bridge/msg/_gkv2_config_status.py
[13.435s] -- Up-to-date symlink: /home/nockorn/robokross_ws/install/gkv2_motor_bridge/lib/python3.12/site-packages/gkv2_motor_bridge/msg/_gkv2_config_status_s.c
[13.435s] -- Up-to-date symlink: /home/nockorn/robokross_ws/install/gkv2_motor_bridge/lib/python3.12/site-packages/gkv2_motor_bridge/msg/_gkv2_status.py
[13.435s] -- Up-to-date symlink: /home/nockorn/robokross_ws/install/gkv2_motor_bridge/lib/python3.12/site-packages/gkv2_motor_bridge/msg/_gkv2_status_s.c
[13.436s] -- Up-to-date symlink: /home/nockorn/robokross_ws/install/gkv2_motor_bridge/lib/python3.12/site-packages/gkv2_motor_bridge/msg/_navigation_status.py
[13.436s] -- Up-to-date symlink: /home/nockorn/robokross_ws/install/gkv2_motor_bridge/lib/python3.12/site-packages/gkv2_motor_bridge/msg/_navigation_status_s.c
[13.436s] -- Up-to-date symlink: /home/nockorn/robokross_ws/install/gkv2_motor_bridge/lib/python3.12/site-packages/gkv2_motor_bridge/gkv2_motor_bridge_s__rosidl_typesupport_fastrtps_c.so
[13.436s] -- Up-to-date symlink: /home/nockorn/robokross_ws/install/gkv2_motor_bridge/lib/python3.12/site-packages/gkv2_motor_bridge/gkv2_motor_bridge_s__rosidl_typesupport_introspection_c.so
[13.436s] -- Up-to-date symlink: /home/nockorn/robokross_ws/install/gkv2_motor_bridge/lib/python3.12/site-packages/gkv2_motor_bridge/gkv2_motor_bridge_s__rosidl_typesupport_c.so
[13.436s] -- Up-to-date symlink: /home/nockorn/robokross_ws/install/gkv2_motor_bridge/share/ament_index/resource_index/rust_packages/gkv2_motor_bridge
[13.436s] -- Up-to-date symlink: /home/nockorn/robokross_ws/install/gkv2_motor_bridge/share/gkv2_motor_bridge/rust/Cargo.toml
[13.436s] -- Up-to-date symlink: /home/nockorn/robokross_ws/install/gkv2_motor_bridge/share/gkv2_motor_bridge/rust/build.rs
[13.437s] -- Up-to-date symlink: /home/nockorn/robokross_ws/install/gkv2_motor_bridge/share/gkv2_motor_bridge/rust/src/lib.rs
[13.437s] -- Up-to-date symlink: /home/nockorn/robokross_ws/install/gkv2_motor_bridge/share/gkv2_motor_bridge/rust/src/msg.rs
[13.437s] -- Up-to-date symlink: /home/nockorn/robokross_ws/install/gkv2_motor_bridge/share/gkv2_motor_bridge/rust/src/msg/rmw.rs
[13.437s] -- Up-to-date symlink: /home/nockorn/robokross_ws/install/gkv2_motor_bridge/share/gkv2_motor_bridge/msg/GKV2Status.idl
[13.437s] -- Up-to-date symlink: /home/nockorn/robokross_ws/install/gkv2_motor_bridge/share/gkv2_motor_bridge/msg/NavigationStatus.idl
[13.437s] -- Up-to-date symlink: /home/nockorn/robokross_ws/install/gkv2_motor_bridge/share/gkv2_motor_bridge/msg/GKV2ConfigStatus.idl
[13.437s] -- Up-to-date symlink: /home/nockorn/robokross_ws/install/gkv2_motor_bridge/share/gkv2_motor_bridge/msg/GKV2Status.msg
[13.437s] -- Up-to-date symlink: /home/nockorn/robokross_ws/install/gkv2_motor_bridge/share/gkv2_motor_bridge/msg/NavigationStatus.msg
[13.437s] -- Up-to-date symlink: /home/nockorn/robokross_ws/install/gkv2_motor_bridge/share/gkv2_motor_bridge/msg/GKV2ConfigStatus.msg
[13.438s] -- Up-to-date symlink: /home/nockorn/robokross_ws/install/gkv2_motor_bridge/lib/gkv2_motor_bridge/gkv2_driver_node
[13.438s] -- Up-to-date symlink: /home/nockorn/robokross_ws/install/gkv2_motor_bridge/lib/gkv2_motor_bridge/cmd_vel_bridge_node
[13.438s] -- Up-to-date symlink: /home/nockorn/robokross_ws/install/gkv2_motor_bridge/lib/gkv2_motor_bridge/gkv2_nav_parser_node
[13.438s] -- Up-to-date symlink: /home/nockorn/robokross_ws/install/gkv2_motor_bridge/lib/gkv2_motor_bridge/gkv2_config_node
[13.438s] -- Up-to-date symlink: /home/nockorn/robokross_ws/install/gkv2_motor_bridge/lib/gkv2_motor_bridge/navigation_controller_node
[13.438s] -- Up-to-date symlink: /home/nockorn/robokross_ws/install/gkv2_motor_bridge/lib/gkv2_motor_bridge/navigation_fusion_node
[13.438s] -- Up-to-date symlink: /home/nockorn/robokross_ws/install/gkv2_motor_bridge/lib/gkv2_motor_bridge/odometer_node
[13.438s] -- Up-to-date symlink: /home/nockorn/robokross_ws/install/gkv2_motor_bridge/share/gkv2_motor_bridge/launch/main.launch.py
[13.439s] -- Up-to-date symlink: /home/nockorn/robokross_ws/install/gkv2_motor_bridge/share/gkv2_motor_bridge/config/params.yaml
[13.439s] -- Up-to-date symlink: /home/nockorn/robokross_ws/install/gkv2_motor_bridge/share/gkv2_motor_bridge/config/waypoints.yaml
[13.439s] -- Up-to-date symlink: /home/nockorn/robokross_ws/install/gkv2_motor_bridge/share/ament_index/resource_index/package_run_dependencies/gkv2_motor_bridge
[13.439s] -- Up-to-date symlink: /home/nockorn/robokross_ws/install/gkv2_motor_bridge/share/ament_index/resource_index/parent_prefix_path/gkv2_motor_bridge
[13.439s] -- Up-to-date symlink: /home/nockorn/robokross_ws/install/gkv2_motor_bridge/share/gkv2_motor_bridge/environment/ament_prefix_path.sh
[13.439s] -- Up-to-date symlink: /home/nockorn/robokross_ws/install/gkv2_motor_bridge/share/gkv2_motor_bridge/environment/ament_prefix_path.dsv
[13.439s] -- Up-to-date symlink: /home/nockorn/robokross_ws/install/gkv2_motor_bridge/share/gkv2_motor_bridge/environment/path.sh
[13.439s] -- Up-to-date symlink: /home/nockorn/robokross_ws/install/gkv2_motor_bridge/share/gkv2_motor_bridge/environment/path.dsv
[13.439s] -- Up-to-date symlink: /home/nockorn/robokross_ws/install/gkv2_motor_bridge/share/gkv2_motor_bridge/local_setup.bash
[13.440s] -- Up-to-date symlink: /home/nockorn/robokross_ws/install/gkv2_motor_bridge/share/gkv2_motor_bridge/local_setup.sh
[13.440s] -- Up-to-date symlink: /home/nockorn/robokross_ws/install/gkv2_motor_bridge/share/gkv2_motor_bridge/local_setup.zsh
[13.440s] -- Up-to-date symlink: /home/nockorn/robokross_ws/install/gkv2_motor_bridge/share/gkv2_motor_bridge/local_setup.dsv
[13.440s] -- Symlinking: /home/nockorn/robokross_ws/install/gkv2_motor_bridge/share/gkv2_motor_bridge/package.dsv
[13.447s] -- Up-to-date symlink: /home/nockorn/robokross_ws/install/gkv2_motor_bridge/share/ament_index/resource_index/packages/gkv2_motor_bridge
[13.447s] -- Up-to-date symlink: /home/nockorn/robokross_ws/install/gkv2_motor_bridge/share/gkv2_motor_bridge/cmake/rosidl_cmake-extras.cmake
[13.447s] -- Up-to-date symlink: /home/nockorn/robokross_ws/install/gkv2_motor_bridge/share/gkv2_motor_bridge/cmake/ament_cmake_export_dependencies-extras.cmake
[13.447s] -- Up-to-date symlink: /home/nockorn/robokross_ws/install/gkv2_motor_bridge/share/gkv2_motor_bridge/cmake/ament_cmake_export_include_directories-extras.cmake
[13.447s] -- Up-to-date symlink: /home/nockorn/robokross_ws/install/gkv2_motor_bridge/share/gkv2_motor_bridge/cmake/ament_cmake_export_libraries-extras.cmake
[13.447s] -- Up-to-date symlink: /home/nockorn/robokross_ws/install/gkv2_motor_bridge/share/gkv2_motor_bridge/cmake/ament_cmake_export_targets-extras.cmake
[13.448s] -- Up-to-date symlink: /home/nockorn/robokross_ws/install/gkv2_motor_bridge/share/gkv2_motor_bridge/cmake/rosidl_cmake_export_typesupport_targets-extras.cmake
[13.448s] -- Up-to-date symlink: /home/nockorn/robokross_ws/install/gkv2_motor_bridge/share/gkv2_motor_bridge/cmake/rosidl_cmake_export_typesupport_libraries-extras.cmake
[13.448s] -- Up-to-date symlink: /home/nockorn/robokross_ws/install/gkv2_motor_bridge/share/gkv2_motor_bridge/cmake/gkv2_motor_bridgeConfig.cmake
[13.448s] -- Up-to-date symlink: /home/nockorn/robokross_ws/install/gkv2_motor_bridge/share/gkv2_motor_bridge/cmake/gkv2_motor_bridgeConfig-version.cmake
[13.448s] -- Up-to-date symlink: /home/nockorn/robokross_ws/install/gkv2_motor_bridge/share/gkv2_motor_bridge/package.xml
[13.448s] -- Up-to-date: /home/nockorn/robokross_ws/install/gkv2_motor_bridge/lib/libgkv2_motor_bridge__rosidl_generator_c.so
[13.449s] -- Up-to-date: /home/nockorn/robokross_ws/install/gkv2_motor_bridge/lib/libgkv2_motor_bridge__rosidl_typesupport_fastrtps_c.so
[13.449s] -- Up-to-date: /home/nockorn/robokross_ws/install/gkv2_motor_bridge/lib/libgkv2_motor_bridge__rosidl_typesupport_fastrtps_cpp.so
[13.449s] -- Up-to-date: /home/nockorn/robokross_ws/install/gkv2_motor_bridge/lib/libgkv2_motor_bridge__rosidl_typesupport_introspection_c.so
[13.449s] -- Up-to-date: /home/nockorn/robokross_ws/install/gkv2_motor_bridge/lib/libgkv2_motor_bridge__rosidl_typesupport_c.so
[13.450s] -- Up-to-date: /home/nockorn/robokross_ws/install/gkv2_motor_bridge/lib/libgkv2_motor_bridge__rosidl_typesupport_introspection_cpp.so
[13.450s] -- Up-to-date: /home/nockorn/robokross_ws/install/gkv2_motor_bridge/lib/libgkv2_motor_bridge__rosidl_typesupport_cpp.so
[13.474s] Listing '/home/nockorn/robokross_ws/install/gkv2_motor_bridge/lib/python3.12/site-packages/gkv2_motor_bridge'...
[13.475s] Listing '/home/nockorn/robokross_ws/install/gkv2_motor_bridge/lib/python3.12/site-packages/gkv2_motor_bridge/msg'...
[13.478s] -- Up-to-date: /home/nockorn/robokross_ws/install/gkv2_motor_bridge/lib/libgkv2_motor_bridge__rosidl_generator_py.so
[13.478s] -- Up-to-date: /home/nockorn/robokross_ws/install/gkv2_motor_bridge/share/gkv2_motor_bridge/cmake/export_gkv2_motor_bridge__rosidl_generator_cExport.cmake
[13.478s] -- Up-to-date: /home/nockorn/robokross_ws/install/gkv2_motor_bridge/share/gkv2_motor_bridge/cmake/export_gkv2_motor_bridge__rosidl_generator_cExport-noconfig.cmake
[13.478s] -- Up-to-date: /home/nockorn/robokross_ws/install/gkv2_motor_bridge/share/gkv2_motor_bridge/cmake/export_gkv2_motor_bridge__rosidl_typesupport_fastrtps_cExport.cmake
[13.479s] -- Up-to-date: /home/nockorn/robokross_ws/install/gkv2_motor_bridge/share/gkv2_motor_bridge/cmake/export_gkv2_motor_bridge__rosidl_typesupport_fastrtps_cExport-noconfig.cmake
[13.479s] -- Up-to-date: /home/nockorn/robokross_ws/install/gkv2_motor_bridge/share/gkv2_motor_bridge/cmake/export_gkv2_motor_bridge__rosidl_generator_cppExport.cmake
[13.479s] -- Up-to-date: /home/nockorn/robokross_ws/install/gkv2_motor_bridge/share/gkv2_motor_bridge/cmake/export_gkv2_motor_bridge__rosidl_typesupport_fastrtps_cppExport.cmake
[13.479s] -- Up-to-date: /home/nockorn/robokross_ws/install/gkv2_motor_bridge/share/gkv2_motor_bridge/cmake/export_gkv2_motor_bridge__rosidl_typesupport_fastrtps_cppExport-noconfig.cmake
[13.479s] -- Up-to-date: /home/nockorn/robokross_ws/install/gkv2_motor_bridge/share/gkv2_motor_bridge/cmake/gkv2_motor_bridge__rosidl_typesupport_introspection_cExport.cmake
[13.479s] -- Up-to-date: /home/nockorn/robokross_ws/install/gkv2_motor_bridge/share/gkv2_motor_bridge/cmake/gkv2_motor_bridge__rosidl_typesupport_introspection_cExport-noconfig.cmake
[13.479s] -- Up-to-date: /home/nockorn/robokross_ws/install/gkv2_motor_bridge/share/gkv2_motor_bridge/cmake/gkv2_motor_bridge__rosidl_typesupport_cExport.cmake
[13.479s] -- Up-to-date: /home/nockorn/robokross_ws/install/gkv2_motor_bridge/share/gkv2_motor_bridge/cmake/gkv2_motor_bridge__rosidl_typesupport_cExport-noconfig.cmake
[13.480s] -- Up-to-date: /home/nockorn/robokross_ws/install/gkv2_motor_bridge/share/gkv2_motor_bridge/cmake/gkv2_motor_bridge__rosidl_typesupport_introspection_cppExport.cmake
[13.480s] -- Up-to-date: /home/nockorn/robokross_ws/install/gkv2_motor_bridge/share/gkv2_motor_bridge/cmake/gkv2_motor_bridge__rosidl_typesupport_introspection_cppExport-noconfig.cmake
[13.480s] -- Up-to-date: /home/nockorn/robokross_ws/install/gkv2_motor_bridge/share/gkv2_motor_bridge/cmake/gkv2_motor_bridge__rosidl_typesupport_cppExport.cmake
[13.480s] -- Up-to-date: /home/nockorn/robokross_ws/install/gkv2_motor_bridge/share/gkv2_motor_bridge/cmake/gkv2_motor_bridge__rosidl_typesupport_cppExport-noconfig.cmake
[13.480s] -- Up-to-date: /home/nockorn/robokross_ws/install/gkv2_motor_bridge/share/gkv2_motor_bridge/cmake/export_gkv2_motor_bridge__rosidl_generator_pyExport.cmake
[13.480s] -- Up-to-date: /home/nockorn/robokross_ws/install/gkv2_motor_bridge/share/gkv2_motor_bridge/cmake/export_gkv2_motor_bridge__rosidl_generator_pyExport-noconfig.cmake
[13.482s] Invoked command in '/home/nockorn/robokross_ws/build/gkv2_motor_bridge' returned '0': CMAKE_PREFIX_PATH=${CMAKE_PREFIX_PATH}:/opt/ros/jazzy DEBUGINFOD_URLS=https://debuginfod.ubuntu.com /usr/bin/cmake --install /home/nockorn/robokross_ws/build/gkv2_motor_bridge
