[  1%] Built target gkv2_motor_bridge__rs
[  2%] Built target gkv2_motor_bridge__rosidl_generator_type_description
[  5%] Built target navigation_controller_node
[  8%] Built target odometer_node
[  8%] Built target ament_cmake_python_symlink_gkv2_motor_bridge
[ 11%] Built target gkv2_driver_node
[ 13%] Built target gkv2_motor_bridge__cpp
[ 28%] Built target gkv2_motor_bridge__rosidl_generator_c
[ 30%] [32mBuilding CXX object CMakeFiles/cmd_vel_bridge_node.dir/src/cmd_vel_bridge_node.cpp.o[0m
[ 44%] Built target gkv2_motor_bridge__rosidl_typesupport_c
[ 44%] Built target gkv2_motor_bridge__rosidl_typesupport_introspection_c
[ 52%] Built target gkv2_motor_bridge__rosidl_typesupport_fastrtps_c
[ 62%] Built target gkv2_motor_bridge__rosidl_typesupport_introspection_cpp
[ 66%] Built target gkv2_motor_bridge__rosidl_typesupport_fastrtps_cpp
[ 73%] Built target gkv2_motor_bridge__rosidl_typesupport_cpp
[ 73%] Built target gkv2_motor_bridge
[ 76%] Built target navigation_fusion_node
[ 79%] Built target gkv2_nav_parser_node
[ 82%] Built target gkv2_config_node
[ 84%] Built target gkv2_motor_bridge__py
[ 89%] Built target gkv2_motor_bridge__rosidl_generator_py
[ 98%] Built target gkv2_motor_bridge_s__rosidl_typesupport_fastrtps_c
[ 98%] Built target gkv2_motor_bridge_s__rosidl_typesupport_introspection_c
[ 98%] Built target gkv2_motor_bridge_s__rosidl_typesupport_c
running egg_info
writing gkv2_motor_bridge.egg-info/PKG-INFO
writing dependency_links to gkv2_motor_bridge.egg-info/dependency_links.txt
writing top-level names to gkv2_motor_bridge.egg-info/top_level.txt
reading manifest file 'gkv2_motor_bridge.egg-info/SOURCES.txt'
writing manifest file 'gkv2_motor_bridge.egg-info/SOURCES.txt'
[ 98%] Built target ament_cmake_python_build_gkv2_motor_bridge_egg
[01m[K/home/nockorn/robokross_ws/src/gkv2_motor_bridge/src/cmd_vel_bridge_node.cpp:272:35:[m[K [01;31m[Kerror: [m[K‘[01m[KMotorCommand[m[K’ does not name a type
  272 |     void send_motor_command(const [01;31m[KMotorCommand[m[K& cmd) {
      |                                   [01;31m[K^~~~~~~~~~~~[m[K
[01m[K/home/nockorn/robokross_ws/src/gkv2_motor_bridge/src/cmd_vel_bridge_node.cpp:[m[K In member function ‘[01m[Kvoid CmdVelBridge::[01;32m[Ksend_callback[m[K()[m[K’:
[01m[K/home/nockorn/robokross_ws/src/gkv2_motor_bridge/src/cmd_vel_bridge_node.cpp:231:34:[m[K [01;31m[Kerror: [m[K‘[01m[Kusing std::__shared_ptr_access<IMotorProtocol, __gnu_cxx::_S_atomic, false, false>::element_type = class IMotorProtocol[m[K’ {aka ‘[01m[Kclass IMotorProtocol[m[K’} has no member named ‘[01m[Kbuild_packet[m[K’
  231 |         auto packet = protocol_->[01;31m[Kbuild_packet[m[K(
      |                                  [01;31m[K^~~~~~~~~~~~[m[K
[01m[K/home/nockorn/robokross_ws/src/gkv2_motor_bridge/src/cmd_vel_bridge_node.cpp:[m[K In member function ‘[01m[Kvoid CmdVelBridge::[01;32m[Ksend_motor_command[m[K(const int&)[m[K’:
[01m[K/home/nockorn/robokross_ws/src/gkv2_motor_bridge/src/cmd_vel_bridge_node.cpp:276:61:[m[K [01;31m[Kerror: [m[Krequest for member ‘[01m[Kdata[m[K’ in ‘[01m[Kcmd[m[K’, which is of non-class type ‘[01m[Kconst int[m[K’
  276 |             serial_port_.write_some(boost::asio::buffer(cmd.[01;31m[Kdata[m[K(), cmd.size()));
      |                                                             [01;31m[K^~~~[m[K
[01m[K/home/nockorn/robokross_ws/src/gkv2_motor_bridge/src/cmd_vel_bridge_node.cpp:276:73:[m[K [01;31m[Kerror: [m[Krequest for member ‘[01m[Ksize[m[K’ in ‘[01m[Kcmd[m[K’, which is of non-class type ‘[01m[Kconst int[m[K’
  276 |             serial_port_.write_some(boost::asio::buffer(cmd.data(), cmd.[01;31m[Ksize[m[K()));
      |                                                                         [01;31m[K^~~~[m[K
gmake[2]: *** [CMakeFiles/cmd_vel_bridge_node.dir/build.make:76: CMakeFiles/cmd_vel_bridge_node.dir/src/cmd_vel_bridge_node.cpp.o] Ошибка 1
gmake[1]: *** [CMakeFiles/Makefile2:680: CMakeFiles/cmd_vel_bridge_node.dir/all] Ошибка 2
gmake: *** [Makefile:146: all] Ошибка 2
