[  1%] Built target gkv2_motor_bridge__rs
[  2%] Built target gkv2_motor_bridge__rosidl_generator_type_description
[  5%] Built target navigation_controller_node
[  8%] Built target odometer_node
[  8%] Built target ament_cmake_python_symlink_gkv2_motor_bridge
[ 11%] Built target gkv2_driver_node
[ 13%] Built target gkv2_motor_bridge__cpp
[ 28%] Built target gkv2_motor_bridge__rosidl_generator_c
[ 30%] [32mBuilding CXX object CMakeFiles/cmd_vel_bridge_node.dir/src/cmd_vel_bridge_node.cpp.o[0m
[ 44%] Built target gkv2_motor_bridge__rosidl_typesupport_c
[ 44%] Built target gkv2_motor_bridge__rosidl_typesupport_introspection_c
[ 52%] Built target gkv2_motor_bridge__rosidl_typesupport_fastrtps_c
[ 62%] Built target gkv2_motor_bridge__rosidl_typesupport_introspection_cpp
[ 66%] Built target gkv2_motor_bridge__rosidl_typesupport_fastrtps_cpp
[ 73%] Built target gkv2_motor_bridge__rosidl_typesupport_cpp
[ 73%] Built target gkv2_motor_bridge
[ 76%] Built target navigation_fusion_node
[ 79%] Built target gkv2_nav_parser_node
[ 82%] Built target gkv2_config_node
[ 84%] Built target gkv2_motor_bridge__py
[ 89%] Built target gkv2_motor_bridge__rosidl_generator_py
[ 98%] Built target gkv2_motor_bridge_s__rosidl_typesupport_fastrtps_c
[ 98%] Built target gkv2_motor_bridge_s__rosidl_typesupport_introspection_c
[ 98%] Built target gkv2_motor_bridge_s__rosidl_typesupport_c
running egg_info
writing gkv2_motor_bridge.egg-info/PKG-INFO
writing dependency_links to gkv2_motor_bridge.egg-info/dependency_links.txt
writing top-level names to gkv2_motor_bridge.egg-info/top_level.txt
reading manifest file 'gkv2_motor_bridge.egg-info/SOURCES.txt'
writing manifest file 'gkv2_motor_bridge.egg-info/SOURCES.txt'
[ 98%] Built target ament_cmake_python_build_gkv2_motor_bridge_egg
