[0.008s] Invoking command in '/home/nockorn/robokross_ws/build/gkv2_motor_bridge': CMAKE_PREFIX_PATH=${CMAKE_PREFIX_PATH}:/opt/ros/jazzy DEBUGINFOD_URLS=https://debuginfod.ubuntu.com /usr/bin/cmake --build /home/nockorn/robokross_ws/build/gkv2_motor_bridge -- -j12 -l12
[0.052s] [  1%] Built target gkv2_motor_bridge__rs
[0.052s] [  2%] Built target gkv2_motor_bridge__rosidl_generator_type_description
[0.057s] [  5%] Built target navigation_controller_node
[0.057s] [  8%] Built target odometer_node
[0.059s] [  8%] Built target ament_cmake_python_symlink_gkv2_motor_bridge
[0.066s] [ 11%] Built target gkv2_driver_node
[0.067s] [ 13%] Built target gkv2_motor_bridge__cpp
[0.068s] [ 28%] Built target gkv2_motor_bridge__rosidl_generator_c
[0.082s] [ 30%] [32mBuilding CXX object CMakeFiles/cmd_vel_bridge_node.dir/src/cmd_vel_bridge_node.cpp.o[0m
[0.084s] [ 44%] Built target gkv2_motor_bridge__rosidl_typesupport_c
[0.084s] [ 44%] Built target gkv2_motor_bridge__rosidl_typesupport_introspection_c
[0.087s] [ 52%] Built target gkv2_motor_bridge__rosidl_typesupport_fastrtps_c
[0.087s] [ 62%] Built target gkv2_motor_bridge__rosidl_typesupport_introspection_cpp
[0.088s] [ 66%] Built target gkv2_motor_bridge__rosidl_typesupport_fastrtps_cpp
[0.089s] [ 73%] Built target gkv2_motor_bridge__rosidl_typesupport_cpp
[0.104s] [ 73%] Built target gkv2_motor_bridge
[0.111s] [ 76%] Built target navigation_fusion_node
[0.115s] [ 79%] Built target gkv2_nav_parser_node
[0.116s] [ 82%] Built target gkv2_config_node
[0.119s] [ 84%] Built target gkv2_motor_bridge__py
[0.139s] [ 89%] Built target gkv2_motor_bridge__rosidl_generator_py
[0.156s] [ 98%] Built target gkv2_motor_bridge_s__rosidl_typesupport_fastrtps_c
[0.156s] [ 98%] Built target gkv2_motor_bridge_s__rosidl_typesupport_introspection_c
[0.156s] [ 98%] Built target gkv2_motor_bridge_s__rosidl_typesupport_c
[0.221s] running egg_info
[0.236s] writing gkv2_motor_bridge.egg-info/PKG-INFO
[0.236s] writing dependency_links to gkv2_motor_bridge.egg-info/dependency_links.txt
[0.236s] writing top-level names to gkv2_motor_bridge.egg-info/top_level.txt
[0.278s] reading manifest file 'gkv2_motor_bridge.egg-info/SOURCES.txt'
[0.279s] writing manifest file 'gkv2_motor_bridge.egg-info/SOURCES.txt'
[0.298s] [ 98%] Built target ament_cmake_python_build_gkv2_motor_bridge_egg
[2.412s] [01m[K/home/nockorn/robokross_ws/src/gkv2_motor_bridge/src/cmd_vel_bridge_node.cpp:272:35:[m[K [01;31m[Kerror: [m[K‘[01m[KMotorCommand[m[K’ does not name a type
[2.412s]   272 |     void send_motor_command(const [01;31m[KMotorCommand[m[K& cmd) {
[2.412s]       |                                   [01;31m[K^~~~~~~~~~~~[m[K
[2.461s] [01m[K/home/nockorn/robokross_ws/src/gkv2_motor_bridge/src/cmd_vel_bridge_node.cpp:[m[K In member function ‘[01m[Kvoid CmdVelBridge::[01;32m[Ksend_callback[m[K()[m[K’:
[2.461s] [01m[K/home/nockorn/robokross_ws/src/gkv2_motor_bridge/src/cmd_vel_bridge_node.cpp:231:34:[m[K [01;31m[Kerror: [m[K‘[01m[Kusing std::__shared_ptr_access<IMotorProtocol, __gnu_cxx::_S_atomic, false, false>::element_type = class IMotorProtocol[m[K’ {aka ‘[01m[Kclass IMotorProtocol[m[K’} has no member named ‘[01m[Kbuild_packet[m[K’
[2.461s]   231 |         auto packet = protocol_->[01;31m[Kbuild_packet[m[K(
[2.461s]       |                                  [01;31m[K^~~~~~~~~~~~[m[K
[2.462s] [01m[K/home/nockorn/robokross_ws/src/gkv2_motor_bridge/src/cmd_vel_bridge_node.cpp:[m[K In member function ‘[01m[Kvoid CmdVelBridge::[01;32m[Ksend_motor_command[m[K(const int&)[m[K’:
[2.462s] [01m[K/home/nockorn/robokross_ws/src/gkv2_motor_bridge/src/cmd_vel_bridge_node.cpp:276:61:[m[K [01;31m[Kerror: [m[Krequest for member ‘[01m[Kdata[m[K’ in ‘[01m[Kcmd[m[K’, which is of non-class type ‘[01m[Kconst int[m[K’
[2.462s]   276 |             serial_port_.write_some(boost::asio::buffer(cmd.[01;31m[Kdata[m[K(), cmd.size()));
[2.462s]       |                                                             [01;31m[K^~~~[m[K
[2.462s] [01m[K/home/nockorn/robokross_ws/src/gkv2_motor_bridge/src/cmd_vel_bridge_node.cpp:276:73:[m[K [01;31m[Kerror: [m[Krequest for member ‘[01m[Ksize[m[K’ in ‘[01m[Kcmd[m[K’, which is of non-class type ‘[01m[Kconst int[m[K’
[2.463s]   276 |             serial_port_.write_some(boost::asio::buffer(cmd.data(), cmd.[01;31m[Ksize[m[K()));
[2.463s]       |                                                                         [01;31m[K^~~~[m[K
[4.469s] gmake[2]: *** [CMakeFiles/cmd_vel_bridge_node.dir/build.make:76: CMakeFiles/cmd_vel_bridge_node.dir/src/cmd_vel_bridge_node.cpp.o] Ошибка 1
[4.469s] gmake[1]: *** [CMakeFiles/Makefile2:680: CMakeFiles/cmd_vel_bridge_node.dir/all] Ошибка 2
[4.469s] gmake: *** [Makefile:146: all] Ошибка 2
[4.471s] Invoked command in '/home/nockorn/robokross_ws/build/gkv2_motor_bridge' returned '2': CMAKE_PREFIX_PATH=${CMAKE_PREFIX_PATH}:/opt/ros/jazzy DEBUGINFOD_URLS=https://debuginfod.ubuntu.com /usr/bin/cmake --build /home/nockorn/robokross_ws/build/gkv2_motor_bridge -- -j12 -l12
