-- Found ament_cmake: 2.5.6 (/opt/ros/jazzy/share/ament_cmake/cmake)
-- Found rclcpp: 28.1.18 (/opt/ros/jazzy/share/rclcpp/cmake)
-- Found rosidl_generator_c: 4.6.7 (/opt/ros/jazzy/share/rosidl_generator_c/cmake)
-- Found rosidl_generator_cpp: 4.6.7 (/opt/ros/jazzy/share/rosidl_generator_cpp/cmake)
-- Using all available rosidl_typesupport_c: rosidl_typesupport_fastrtps_c;rosidl_typesupport_introspection_c
-- Using all available rosidl_typesupport_cpp: rosidl_typesupport_fastrtps_cpp;rosidl_typesupport_introspection_cpp
-- Found rmw_implementation_cmake: 7.3.3 (/opt/ros/jazzy/share/rmw_implementation_cmake/cmake)
-- Found rmw_fastrtps_cpp: 8.4.3 (/opt/ros/jazzy/share/rmw_fastrtps_cpp/cmake)
-- Using RMW implementation 'rmw_fastrtps_cpp' as default
-- Found std_msgs: 5.3.7 (/opt/ros/jazzy/share/std_msgs/cmake)
-- Found geometry_msgs: 5.3.7 (/opt/ros/jazzy/share/geometry_msgs/cmake)
-- Found ament_lint_auto: 0.17.5 (/opt/ros/jazzy/share/ament_lint_auto/cmake)
-- Added test 'cppcheck' to perform static code analysis on C / C++ code
-- Configured cppcheck include dirs: 
-- Configured cppcheck exclude dirs and/or files: 
-- Added test 'flake8' to check Python code syntax and style conventions
-- Configured 'flake8' exclude dirs and/or files: 
-- Added test 'lint_cmake' to check CMake code style
-- Added test 'pep257' to check Python code against some of the docstring style conventions in PEP 257
-- Added test 'uncrustify' to check C / C++ code style
-- Configured uncrustify additional arguments: 
-- Added test 'xmllint' to check XML markup files
-- Configuring done (0.5s)
-- Generating done (0.0s)
-- Build files have been written to: /home/nockorn/robocross_all/robokross_ws/build/robokross_control
[ 25%] [32mBuilding CXX object CMakeFiles/vehicle_mode_manager_node.dir/src/vehicle_mode_manager_node.cpp.o[0m
[ 75%] Built target stm32_bridge_node
[100%] [32m[1mLinking CXX executable vehicle_mode_manager_node[0m
[100%] Built target vehicle_mode_manager_node
-- Install configuration: ""
-- Up-to-date: /home/nockorn/robocross_all/robokross_ws/install/robokross_control/lib/robokross_control/stm32_bridge_node
-- Installing: /home/nockorn/robocross_all/robokross_ws/install/robokross_control/lib/robokross_control/vehicle_mode_manager_node
-- Set non-toolchain portion of runtime path of "/home/nockorn/robocross_all/robokross_ws/install/robokross_control/lib/robokross_control/vehicle_mode_manager_node" to ""
-- Up-to-date: /home/nockorn/robocross_all/robokross_ws/install/robokross_control/share/robokross_control/launch
-- Up-to-date: /home/nockorn/robocross_all/robokross_ws/install/robokross_control/share/robokross_control/config
-- Up-to-date: /home/nockorn/robocross_all/robokross_ws/install/robokross_control/share/ament_index/resource_index/package_run_dependencies/robokross_control
-- Up-to-date: /home/nockorn/robocross_all/robokross_ws/install/robokross_control/share/ament_index/resource_index/parent_prefix_path/robokross_control
-- Up-to-date: /home/nockorn/robocross_all/robokross_ws/install/robokross_control/share/robokross_control/environment/ament_prefix_path.sh
-- Up-to-date: /home/nockorn/robocross_all/robokross_ws/install/robokross_control/share/robokross_control/environment/ament_prefix_path.dsv
-- Up-to-date: /home/nockorn/robocross_all/robokross_ws/install/robokross_control/share/robokross_control/environment/path.sh
-- Up-to-date: /home/nockorn/robocross_all/robokross_ws/install/robokross_control/share/robokross_control/environment/path.dsv
-- Up-to-date: /home/nockorn/robocross_all/robokross_ws/install/robokross_control/share/robokross_control/local_setup.bash
-- Up-to-date: /home/nockorn/robocross_all/robokross_ws/install/robokross_control/share/robokross_control/local_setup.sh
-- Up-to-date: /home/nockorn/robocross_all/robokross_ws/install/robokross_control/share/robokross_control/local_setup.zsh
-- Up-to-date: /home/nockorn/robocross_all/robokross_ws/install/robokross_control/share/robokross_control/local_setup.dsv
-- Installing: /home/nockorn/robocross_all/robokross_ws/install/robokross_control/share/robokross_control/package.dsv
-- Up-to-date: /home/nockorn/robocross_all/robokross_ws/install/robokross_control/share/ament_index/resource_index/packages/robokross_control
-- Up-to-date: /home/nockorn/robocross_all/robokross_ws/install/robokross_control/share/robokross_control/cmake/robokross_controlConfig.cmake
-- Up-to-date: /home/nockorn/robocross_all/robokross_ws/install/robokross_control/share/robokross_control/cmake/robokross_controlConfig-version.cmake
-- Up-to-date: /home/nockorn/robocross_all/robokross_ws/install/robokross_control/share/robokross_control/package.xml
