[0.080s] DEBUG:colcon:Command line arguments: ['/usr/bin/colcon', 'build', '--packages-select', 'robokross_control']
[0.080s] DEBUG:colcon:Parsed command line arguments: Namespace(log_base=None, log_level=None, verb_name='build', build_base='build', install_base='install', merge_install=False, symlink_install=False, test_result_base=None, continue_on_error=False, executor='parallel', parallel_workers=12, event_handlers=None, ignore_user_meta=False, metas=['./colcon.meta'], base_paths=['.'], packages_ignore=None, packages_ignore_regex=None, paths=None, packages_up_to=None, packages_up_to_regex=None, packages_above=None, packages_above_and_dependencies=None, packages_above_depth=None, packages_select_by_dep=None, packages_skip_by_dep=None, packages_skip_up_to=None, packages_select_build_failed=False, packages_skip_build_finished=False, packages_select_test_failures=False, packages_skip_test_passed=False, packages_select=['robokross_control'], packages_skip=None, packages_select_regex=None, packages_skip_regex=None, packages_start=None, packages_end=None, allow_overriding=[], cmake_args=None, cmake_target=None, cmake_target_skip_unavailable=False, cmake_clean_cache=False, cmake_clean_first=False, cmake_force_configure=False, ament_cmake_args=None, catkin_cmake_args=None, catkin_skip_building_tests=False, mixin_files=None, mixin=None, verb_parser=<colcon_mixin.mixin.mixin_argument.MixinArgumentDecorator object at 0x72f8af1e2ae0>, verb_extension=<colcon_core.verb.build.BuildVerb object at 0x72f8ae2940b0>, main=<bound method BuildVerb.main of <colcon_core.verb.build.BuildVerb object at 0x72f8ae2940b0>>, mixin_verb=('build',))
[0.108s] Level 1:colcon.colcon_core.package_discovery:discover_packages(colcon_meta) check parameters
[0.108s] Level 1:colcon.colcon_core.package_discovery:discover_packages(recursive) check parameters
[0.109s] Level 1:colcon.colcon_core.package_discovery:discover_packages(ignore) check parameters
[0.109s] Level 1:colcon.colcon_core.package_discovery:discover_packages(path) check parameters
[0.109s] Level 1:colcon.colcon_core.package_discovery:discover_packages(colcon_meta) discover
[0.109s] Level 1:colcon.colcon_core.package_discovery:discover_packages(recursive) discover
[0.109s] INFO:colcon.colcon_core.package_discovery:Crawling recursively for packages in '/home/nockorn/robocross_all/robokross_ws'
[0.109s] Level 1:colcon.colcon_core.package_identification:_identify(.) by extensions ['ignore', 'ignore_ament_install']
[0.109s] Level 1:colcon.colcon_core.package_identification:_identify(.) by extension 'ignore'
[0.109s] Level 1:colcon.colcon_core.package_identification:_identify(.) by extension 'ignore_ament_install'
[0.109s] Level 1:colcon.colcon_core.package_identification:_identify(.) by extensions ['colcon_pkg']
[0.109s] Level 1:colcon.colcon_core.package_identification:_identify(.) by extension 'colcon_pkg'
[0.109s] Level 1:colcon.colcon_core.package_identification:_identify(.) by extensions ['colcon_meta']
[0.109s] Level 1:colcon.colcon_core.package_identification:_identify(.) by extension 'colcon_meta'
[0.109s] Level 1:colcon.colcon_core.package_identification:_identify(.) by extensions ['ros']
[0.109s] Level 1:colcon.colcon_core.package_identification:_identify(.) by extension 'ros'
[0.127s] Level 1:colcon.colcon_core.package_identification:_identify(.) by extensions ['cmake', 'python']
[0.127s] Level 1:colcon.colcon_core.package_identification:_identify(.) by extension 'cmake'
[0.127s] Level 1:colcon.colcon_core.package_identification:_identify(.) by extension 'python'
[0.127s] Level 1:colcon.colcon_core.package_identification:_identify(.) by extensions ['python_setup_py']
[0.127s] Level 1:colcon.colcon_core.package_identification:_identify(.) by extension 'python_setup_py'
[0.127s] Level 1:colcon.colcon_core.package_identification:_identify(build) by extensions ['ignore', 'ignore_ament_install']
[0.127s] Level 1:colcon.colcon_core.package_identification:_identify(build) by extension 'ignore'
[0.127s] Level 1:colcon.colcon_core.package_identification:_identify(build) ignored
[0.127s] Level 1:colcon.colcon_core.package_identification:_identify(install) by extensions ['ignore', 'ignore_ament_install']
[0.127s] Level 1:colcon.colcon_core.package_identification:_identify(install) by extension 'ignore'
[0.127s] Level 1:colcon.colcon_core.package_identification:_identify(install) ignored
[0.127s] Level 1:colcon.colcon_core.package_identification:_identify(log) by extensions ['ignore', 'ignore_ament_install']
[0.127s] Level 1:colcon.colcon_core.package_identification:_identify(log) by extension 'ignore'
[0.127s] Level 1:colcon.colcon_core.package_identification:_identify(log) ignored
[0.127s] Level 1:colcon.colcon_core.package_identification:_identify(logs) by extensions ['ignore', 'ignore_ament_install']
[0.128s] Level 1:colcon.colcon_core.package_identification:_identify(logs) by extension 'ignore'
[0.128s] Level 1:colcon.colcon_core.package_identification:_identify(logs) by extension 'ignore_ament_install'
[0.128s] Level 1:colcon.colcon_core.package_identification:_identify(logs) by extensions ['colcon_pkg']
[0.128s] Level 1:colcon.colcon_core.package_identification:_identify(logs) by extension 'colcon_pkg'
[0.128s] Level 1:colcon.colcon_core.package_identification:_identify(logs) by extensions ['colcon_meta']
[0.128s] Level 1:colcon.colcon_core.package_identification:_identify(logs) by extension 'colcon_meta'
[0.128s] Level 1:colcon.colcon_core.package_identification:_identify(logs) by extensions ['ros']
[0.128s] Level 1:colcon.colcon_core.package_identification:_identify(logs) by extension 'ros'
[0.128s] Level 1:colcon.colcon_core.package_identification:_identify(logs) by extensions ['cmake', 'python']
[0.128s] Level 1:colcon.colcon_core.package_identification:_identify(logs) by extension 'cmake'
[0.128s] Level 1:colcon.colcon_core.package_identification:_identify(logs) by extension 'python'
[0.128s] Level 1:colcon.colcon_core.package_identification:_identify(logs) by extensions ['python_setup_py']
[0.128s] Level 1:colcon.colcon_core.package_identification:_identify(logs) by extension 'python_setup_py'
[0.128s] Level 1:colcon.colcon_core.package_identification:_identify(plc_ss_interface) by extensions ['ignore', 'ignore_ament_install']
[0.128s] Level 1:colcon.colcon_core.package_identification:_identify(plc_ss_interface) by extension 'ignore'
[0.128s] Level 1:colcon.colcon_core.package_identification:_identify(plc_ss_interface) by extension 'ignore_ament_install'
[0.128s] Level 1:colcon.colcon_core.package_identification:_identify(plc_ss_interface) by extensions ['colcon_pkg']
[0.128s] Level 1:colcon.colcon_core.package_identification:_identify(plc_ss_interface) by extension 'colcon_pkg'
[0.128s] Level 1:colcon.colcon_core.package_identification:_identify(plc_ss_interface) by extensions ['colcon_meta']
[0.128s] Level 1:colcon.colcon_core.package_identification:_identify(plc_ss_interface) by extension 'colcon_meta'
[0.128s] Level 1:colcon.colcon_core.package_identification:_identify(plc_ss_interface) by extensions ['ros']
[0.128s] Level 1:colcon.colcon_core.package_identification:_identify(plc_ss_interface) by extension 'ros'
[0.128s] Level 1:colcon.colcon_core.package_identification:_identify(plc_ss_interface) by extensions ['cmake', 'python']
[0.128s] Level 1:colcon.colcon_core.package_identification:_identify(plc_ss_interface) by extension 'cmake'
[0.128s] Level 1:colcon.colcon_core.package_identification:_identify(plc_ss_interface) by extension 'python'
[0.128s] Level 1:colcon.colcon_core.package_identification:_identify(plc_ss_interface) by extensions ['python_setup_py']
[0.128s] Level 1:colcon.colcon_core.package_identification:_identify(plc_ss_interface) by extension 'python_setup_py'
[0.128s] Level 1:colcon.colcon_core.package_identification:_identify(plc_ss_interface/plc_ss_interface) by extensions ['ignore', 'ignore_ament_install']
[0.129s] Level 1:colcon.colcon_core.package_identification:_identify(plc_ss_interface/plc_ss_interface) by extension 'ignore'
[0.129s] Level 1:colcon.colcon_core.package_identification:_identify(plc_ss_interface/plc_ss_interface) by extension 'ignore_ament_install'
[0.129s] Level 1:colcon.colcon_core.package_identification:_identify(plc_ss_interface/plc_ss_interface) by extensions ['colcon_pkg']
[0.129s] Level 1:colcon.colcon_core.package_identification:_identify(plc_ss_interface/plc_ss_interface) by extension 'colcon_pkg'
[0.129s] Level 1:colcon.colcon_core.package_identification:_identify(plc_ss_interface/plc_ss_interface) by extensions ['colcon_meta']
[0.129s] Level 1:colcon.colcon_core.package_identification:_identify(plc_ss_interface/plc_ss_interface) by extension 'colcon_meta'
[0.129s] Level 1:colcon.colcon_core.package_identification:_identify(plc_ss_interface/plc_ss_interface) by extensions ['ros']
[0.129s] Level 1:colcon.colcon_core.package_identification:_identify(plc_ss_interface/plc_ss_interface) by extension 'ros'
[0.130s] DEBUG:colcon.colcon_core.package_identification:Package 'plc_ss_interface/plc_ss_interface' with type 'ros.ament_python' and name 'plc_ss_interface'
[0.130s] Level 1:colcon.colcon_core.package_identification:_identify(src) by extensions ['ignore', 'ignore_ament_install']
[0.131s] Level 1:colcon.colcon_core.package_identification:_identify(src) by extension 'ignore'
[0.131s] Level 1:colcon.colcon_core.package_identification:_identify(src) by extension 'ignore_ament_install'
[0.131s] Level 1:colcon.colcon_core.package_identification:_identify(src) by extensions ['colcon_pkg']
[0.131s] Level 1:colcon.colcon_core.package_identification:_identify(src) by extension 'colcon_pkg'
[0.131s] Level 1:colcon.colcon_core.package_identification:_identify(src) by extensions ['colcon_meta']
[0.131s] Level 1:colcon.colcon_core.package_identification:_identify(src) by extension 'colcon_meta'
[0.131s] Level 1:colcon.colcon_core.package_identification:_identify(src) by extensions ['ros']
[0.131s] Level 1:colcon.colcon_core.package_identification:_identify(src) by extension 'ros'
[0.131s] Level 1:colcon.colcon_core.package_identification:_identify(src) by extensions ['cmake', 'python']
[0.131s] Level 1:colcon.colcon_core.package_identification:_identify(src) by extension 'cmake'
[0.131s] Level 1:colcon.colcon_core.package_identification:_identify(src) by extension 'python'
[0.131s] Level 1:colcon.colcon_core.package_identification:_identify(src) by extensions ['python_setup_py']
[0.131s] Level 1:colcon.colcon_core.package_identification:_identify(src) by extension 'python_setup_py'
[0.131s] Level 1:colcon.colcon_core.package_identification:_identify(src/build) by extensions ['ignore', 'ignore_ament_install']
[0.131s] Level 1:colcon.colcon_core.package_identification:_identify(src/build) by extension 'ignore'
[0.131s] Level 1:colcon.colcon_core.package_identification:_identify(src/build) ignored
[0.131s] Level 1:colcon.colcon_core.package_identification:_identify(src/gkv2_motor_bridge) by extensions ['ignore', 'ignore_ament_install']
[0.131s] Level 1:colcon.colcon_core.package_identification:_identify(src/gkv2_motor_bridge) by extension 'ignore'
[0.131s] Level 1:colcon.colcon_core.package_identification:_identify(src/gkv2_motor_bridge) by extension 'ignore_ament_install'
[0.131s] Level 1:colcon.colcon_core.package_identification:_identify(src/gkv2_motor_bridge) by extensions ['colcon_pkg']
[0.131s] Level 1:colcon.colcon_core.package_identification:_identify(src/gkv2_motor_bridge) by extension 'colcon_pkg'
[0.131s] Level 1:colcon.colcon_core.package_identification:_identify(src/gkv2_motor_bridge) by extensions ['colcon_meta']
[0.131s] Level 1:colcon.colcon_core.package_identification:_identify(src/gkv2_motor_bridge) by extension 'colcon_meta'
[0.131s] Level 1:colcon.colcon_core.package_identification:_identify(src/gkv2_motor_bridge) by extensions ['ros']
[0.131s] Level 1:colcon.colcon_core.package_identification:_identify(src/gkv2_motor_bridge) by extension 'ros'
[0.132s] DEBUG:colcon.colcon_core.package_identification:Package 'src/gkv2_motor_bridge' with type 'ros.ament_cmake' and name 'gkv2_motor_bridge'
[0.132s] Level 1:colcon.colcon_core.package_identification:_identify(src/install) by extensions ['ignore', 'ignore_ament_install']
[0.132s] Level 1:colcon.colcon_core.package_identification:_identify(src/install) by extension 'ignore'
[0.132s] Level 1:colcon.colcon_core.package_identification:_identify(src/install) ignored
[0.132s] Level 1:colcon.colcon_core.package_identification:_identify(src/log) by extensions ['ignore', 'ignore_ament_install']
[0.132s] Level 1:colcon.colcon_core.package_identification:_identify(src/log) by extension 'ignore'
[0.132s] Level 1:colcon.colcon_core.package_identification:_identify(src/log) ignored
[0.132s] Level 1:colcon.colcon_core.package_identification:_identify(src/robokross_control) by extensions ['ignore', 'ignore_ament_install']
[0.132s] Level 1:colcon.colcon_core.package_identification:_identify(src/robokross_control) by extension 'ignore'
[0.132s] Level 1:colcon.colcon_core.package_identification:_identify(src/robokross_control) by extension 'ignore_ament_install'
[0.133s] Level 1:colcon.colcon_core.package_identification:_identify(src/robokross_control) by extensions ['colcon_pkg']
[0.133s] Level 1:colcon.colcon_core.package_identification:_identify(src/robokross_control) by extension 'colcon_pkg'
[0.133s] Level 1:colcon.colcon_core.package_identification:_identify(src/robokross_control) by extensions ['colcon_meta']
[0.133s] Level 1:colcon.colcon_core.package_identification:_identify(src/robokross_control) by extension 'colcon_meta'
[0.133s] Level 1:colcon.colcon_core.package_identification:_identify(src/robokross_control) by extensions ['ros']
[0.133s] Level 1:colcon.colcon_core.package_identification:_identify(src/robokross_control) by extension 'ros'
[0.133s] DEBUG:colcon.colcon_core.package_identification:Package 'src/robokross_control' with type 'ros.ament_cmake' and name 'robokross_control'
[0.133s] Level 1:colcon.colcon_core.package_identification:_identify(src/robokross_navigation) by extensions ['ignore', 'ignore_ament_install']
[0.133s] Level 1:colcon.colcon_core.package_identification:_identify(src/robokross_navigation) by extension 'ignore'
[0.133s] Level 1:colcon.colcon_core.package_identification:_identify(src/robokross_navigation) by extension 'ignore_ament_install'
[0.133s] Level 1:colcon.colcon_core.package_identification:_identify(src/robokross_navigation) by extensions ['colcon_pkg']
[0.133s] Level 1:colcon.colcon_core.package_identification:_identify(src/robokross_navigation) by extension 'colcon_pkg'
[0.133s] Level 1:colcon.colcon_core.package_identification:_identify(src/robokross_navigation) by extensions ['colcon_meta']
[0.133s] Level 1:colcon.colcon_core.package_identification:_identify(src/robokross_navigation) by extension 'colcon_meta'
[0.133s] Level 1:colcon.colcon_core.package_identification:_identify(src/robokross_navigation) by extensions ['ros']
[0.133s] Level 1:colcon.colcon_core.package_identification:_identify(src/robokross_navigation) by extension 'ros'
[0.134s] DEBUG:colcon.colcon_core.package_identification:Package 'src/robokross_navigation' with type 'ros.ament_cmake' and name 'robokross_navigation'
[0.134s] Level 1:colcon.colcon_core.package_discovery:discover_packages(recursive) using defaults
[0.134s] Level 1:colcon.colcon_core.package_discovery:discover_packages(ignore) discover
[0.134s] Level 1:colcon.colcon_core.package_discovery:discover_packages(ignore) using defaults
[0.134s] Level 1:colcon.colcon_core.package_discovery:discover_packages(path) discover
[0.134s] Level 1:colcon.colcon_core.package_discovery:discover_packages(path) using defaults
[0.146s] INFO:colcon.colcon_core.package_selection:Skipping not selected package 'gkv2_motor_bridge' in 'src/gkv2_motor_bridge'
[0.146s] INFO:colcon.colcon_core.package_selection:Skipping not selected package 'plc_ss_interface' in 'plc_ss_interface/plc_ss_interface'
[0.146s] INFO:colcon.colcon_core.package_selection:Skipping not selected package 'robokross_navigation' in 'src/robokross_navigation'
[0.147s] Level 1:colcon.colcon_core.package_discovery:discover_packages(prefix_path) check parameters
[0.147s] Level 1:colcon.colcon_core.package_discovery:discover_packages(prefix_path) discover
[0.148s] DEBUG:colcon.colcon_installed_package_information.package_discovery:Found 3 installed packages in /home/nockorn/robocross_all/robokross_ws/install
[0.149s] DEBUG:colcon.colcon_installed_package_information.package_discovery:Found 287 installed packages in /opt/ros/jazzy
[0.150s] Level 1:colcon.colcon_core.package_discovery:discover_packages(prefix_path) using defaults
[0.180s] Level 5:colcon.colcon_core.verb:set package 'robokross_control' build argument 'cmake_args' from command line to 'None'
[0.181s] Level 5:colcon.colcon_core.verb:set package 'robokross_control' build argument 'cmake_target' from command line to 'None'
[0.181s] Level 5:colcon.colcon_core.verb:set package 'robokross_control' build argument 'cmake_target_skip_unavailable' from command line to 'False'
[0.181s] Level 5:colcon.colcon_core.verb:set package 'robokross_control' build argument 'cmake_clean_cache' from command line to 'False'
[0.181s] Level 5:colcon.colcon_core.verb:set package 'robokross_control' build argument 'cmake_clean_first' from command line to 'False'
[0.181s] Level 5:colcon.colcon_core.verb:set package 'robokross_control' build argument 'cmake_force_configure' from command line to 'False'
[0.181s] Level 5:colcon.colcon_core.verb:set package 'robokross_control' build argument 'ament_cmake_args' from command line to 'None'
[0.181s] Level 5:colcon.colcon_core.verb:set package 'robokross_control' build argument 'catkin_cmake_args' from command line to 'None'
[0.181s] Level 5:colcon.colcon_core.verb:set package 'robokross_control' build argument 'catkin_skip_building_tests' from command line to 'False'
[0.181s] DEBUG:colcon.colcon_core.verb:Building package 'robokross_control' with the following arguments: {'ament_cmake_args': None, 'build_base': '/home/nockorn/robocross_all/robokross_ws/build/robokross_control', 'catkin_cmake_args': None, 'catkin_skip_building_tests': False, 'cmake_args': None, 'cmake_clean_cache': False, 'cmake_clean_first': False, 'cmake_force_configure': False, 'cmake_target': None, 'cmake_target_skip_unavailable': False, 'install_base': '/home/nockorn/robocross_all/robokross_ws/install/robokross_control', 'merge_install': False, 'path': '/home/nockorn/robocross_all/robokross_ws/src/robokross_control', 'symlink_install': False, 'test_result_base': None}
[0.181s] INFO:colcon.colcon_core.executor:Executing jobs using 'parallel' executor
[0.181s] DEBUG:colcon.colcon_parallel_executor.executor.parallel:run_until_complete
[0.181s] INFO:colcon.colcon_ros.task.ament_cmake.build:Building ROS package in '/home/nockorn/robocross_all/robokross_ws/src/robokross_control' with build type 'ament_cmake'
[0.182s] INFO:colcon.colcon_cmake.task.cmake.build:Building CMake package in '/home/nockorn/robocross_all/robokross_ws/src/robokross_control'
[0.183s] INFO:colcon.colcon_core.plugin_system:Skipping extension 'colcon_core.shell.bat': Not used on non-Windows systems
[0.183s] INFO:colcon.colcon_core.shell:Skip shell extension 'powershell' for command environment: Not usable outside of PowerShell
[0.183s] DEBUG:colcon.colcon_core.shell:Skip shell extension 'dsv' for command environment
[0.190s] DEBUG:colcon.colcon_core.event_handler.log_command:Invoking command in '/home/nockorn/robocross_all/robokross_ws/build/robokross_control': CMAKE_PREFIX_PATH=${CMAKE_PREFIX_PATH}:/opt/ros/jazzy DEBUGINFOD_URLS=https://debuginfod.ubuntu.com /usr/bin/cmake --build /home/nockorn/robocross_all/robokross_ws/build/robokross_control -- -j12 -l12
[7.101s] DEBUG:colcon.colcon_core.event_handler.log_command:Invoked command in '/home/nockorn/robocross_all/robokross_ws/build/robokross_control' returned '0': CMAKE_PREFIX_PATH=${CMAKE_PREFIX_PATH}:/opt/ros/jazzy DEBUGINFOD_URLS=https://debuginfod.ubuntu.com /usr/bin/cmake --build /home/nockorn/robocross_all/robokross_ws/build/robokross_control -- -j12 -l12
[7.109s] DEBUG:colcon.colcon_core.event_handler.log_command:Invoking command in '/home/nockorn/robocross_all/robokross_ws/build/robokross_control': CMAKE_PREFIX_PATH=${CMAKE_PREFIX_PATH}:/opt/ros/jazzy DEBUGINFOD_URLS=https://debuginfod.ubuntu.com /usr/bin/cmake --install /home/nockorn/robocross_all/robokross_ws/build/robokross_control
[7.121s] Level 1:colcon.colcon_core.environment:create_environment_scripts_only(robokross_control)
[7.121s] DEBUG:colcon.colcon_core.event_handler.log_command:Invoked command in '/home/nockorn/robocross_all/robokross_ws/build/robokross_control' returned '0': CMAKE_PREFIX_PATH=${CMAKE_PREFIX_PATH}:/opt/ros/jazzy DEBUGINFOD_URLS=https://debuginfod.ubuntu.com /usr/bin/cmake --install /home/nockorn/robocross_all/robokross_ws/build/robokross_control
[7.123s] Level 1:colcon.colcon_core.environment:checking '/home/nockorn/robocross_all/robokross_ws/install/robokross_control' for CMake module files
[7.124s] Level 1:colcon.colcon_core.environment:checking '/home/nockorn/robocross_all/robokross_ws/install/robokross_control' for CMake config files
[7.124s] Level 1:colcon.colcon_core.shell:create_environment_hook('robokross_control', 'cmake_prefix_path')
[7.124s] INFO:colcon.colcon_core.shell:Creating environment hook '/home/nockorn/robocross_all/robokross_ws/install/robokross_control/share/robokross_control/hook/cmake_prefix_path.ps1'
[7.125s] INFO:colcon.colcon_core.shell:Creating environment descriptor '/home/nockorn/robocross_all/robokross_ws/install/robokross_control/share/robokross_control/hook/cmake_prefix_path.dsv'
[7.125s] INFO:colcon.colcon_core.shell:Creating environment hook '/home/nockorn/robocross_all/robokross_ws/install/robokross_control/share/robokross_control/hook/cmake_prefix_path.sh'
[7.126s] Level 1:colcon.colcon_core.environment:checking '/home/nockorn/robocross_all/robokross_ws/install/robokross_control/lib'
[7.126s] Level 1:colcon.colcon_core.environment:checking '/home/nockorn/robocross_all/robokross_ws/install/robokross_control/bin'
[7.126s] Level 1:colcon.colcon_core.environment:checking '/home/nockorn/robocross_all/robokross_ws/install/robokross_control/lib/pkgconfig/robokross_control.pc'
[7.126s] Level 1:colcon.colcon_core.environment:checking '/home/nockorn/robocross_all/robokross_ws/install/robokross_control/lib/python3.12/site-packages'
[7.126s] Level 1:colcon.colcon_core.environment:checking '/home/nockorn/robocross_all/robokross_ws/install/robokross_control/bin'
[7.127s] INFO:colcon.colcon_core.shell:Creating package script '/home/nockorn/robocross_all/robokross_ws/install/robokross_control/share/robokross_control/package.ps1'
[7.127s] INFO:colcon.colcon_core.shell:Creating package descriptor '/home/nockorn/robocross_all/robokross_ws/install/robokross_control/share/robokross_control/package.dsv'
[7.128s] INFO:colcon.colcon_core.shell:Creating package script '/home/nockorn/robocross_all/robokross_ws/install/robokross_control/share/robokross_control/package.sh'
[7.128s] INFO:colcon.colcon_core.shell:Creating package script '/home/nockorn/robocross_all/robokross_ws/install/robokross_control/share/robokross_control/package.bash'
[7.129s] INFO:colcon.colcon_core.shell:Creating package script '/home/nockorn/robocross_all/robokross_ws/install/robokross_control/share/robokross_control/package.zsh'
[7.129s] Level 1:colcon.colcon_core.environment:create_file_with_runtime_dependencies(/home/nockorn/robocross_all/robokross_ws/install/robokross_control/share/colcon-core/packages/robokross_control)
[7.130s] Level 1:colcon.colcon_core.environment:create_environment_scripts_only(robokross_control)
[7.130s] Level 1:colcon.colcon_core.environment:checking '/home/nockorn/robocross_all/robokross_ws/install/robokross_control' for CMake module files
[7.130s] Level 1:colcon.colcon_core.environment:checking '/home/nockorn/robocross_all/robokross_ws/install/robokross_control' for CMake config files
[7.130s] Level 1:colcon.colcon_core.shell:create_environment_hook('robokross_control', 'cmake_prefix_path')
[7.130s] INFO:colcon.colcon_core.shell:Creating environment hook '/home/nockorn/robocross_all/robokross_ws/install/robokross_control/share/robokross_control/hook/cmake_prefix_path.ps1'
[7.131s] INFO:colcon.colcon_core.shell:Creating environment descriptor '/home/nockorn/robocross_all/robokross_ws/install/robokross_control/share/robokross_control/hook/cmake_prefix_path.dsv'
[7.131s] INFO:colcon.colcon_core.shell:Creating environment hook '/home/nockorn/robocross_all/robokross_ws/install/robokross_control/share/robokross_control/hook/cmake_prefix_path.sh'
[7.131s] Level 1:colcon.colcon_core.environment:checking '/home/nockorn/robocross_all/robokross_ws/install/robokross_control/lib'
[7.131s] Level 1:colcon.colcon_core.environment:checking '/home/nockorn/robocross_all/robokross_ws/install/robokross_control/bin'
[7.132s] Level 1:colcon.colcon_core.environment:checking '/home/nockorn/robocross_all/robokross_ws/install/robokross_control/lib/pkgconfig/robokross_control.pc'
[7.132s] Level 1:colcon.colcon_core.environment:checking '/home/nockorn/robocross_all/robokross_ws/install/robokross_control/lib/python3.12/site-packages'
[7.132s] Level 1:colcon.colcon_core.environment:checking '/home/nockorn/robocross_all/robokross_ws/install/robokross_control/bin'
[7.132s] INFO:colcon.colcon_core.shell:Creating package script '/home/nockorn/robocross_all/robokross_ws/install/robokross_control/share/robokross_control/package.ps1'
[7.132s] INFO:colcon.colcon_core.shell:Creating package descriptor '/home/nockorn/robocross_all/robokross_ws/install/robokross_control/share/robokross_control/package.dsv'
[7.133s] INFO:colcon.colcon_core.shell:Creating package script '/home/nockorn/robocross_all/robokross_ws/install/robokross_control/share/robokross_control/package.sh'
[7.133s] INFO:colcon.colcon_core.shell:Creating package script '/home/nockorn/robocross_all/robokross_ws/install/robokross_control/share/robokross_control/package.bash'
[7.133s] INFO:colcon.colcon_core.shell:Creating package script '/home/nockorn/robocross_all/robokross_ws/install/robokross_control/share/robokross_control/package.zsh'
[7.134s] Level 1:colcon.colcon_core.environment:create_file_with_runtime_dependencies(/home/nockorn/robocross_all/robokross_ws/install/robokross_control/share/colcon-core/packages/robokross_control)
[7.134s] DEBUG:colcon.colcon_parallel_executor.executor.parallel:closing loop
[7.134s] DEBUG:colcon.colcon_parallel_executor.executor.parallel:loop closed
[7.134s] DEBUG:colcon.colcon_parallel_executor.executor.parallel:run_until_complete finished with '0'
[7.134s] DEBUG:colcon.colcon_core.event_reactor:joining thread
[7.139s] INFO:colcon.colcon_core.plugin_system:Skipping extension 'colcon_notification.desktop_notification.terminal_notifier': Not used on non-Darwin systems
[7.139s] INFO:colcon.colcon_core.plugin_system:Skipping extension 'colcon_notification.desktop_notification.win32': Not used on non-Windows systems
[7.139s] INFO:colcon.colcon_notification.desktop_notification:Sending desktop notification using 'notify2'
[7.150s] DEBUG:colcon.colcon_core.event_reactor:joined thread
[7.150s] INFO:colcon.colcon_core.shell:Creating prefix script '/home/nockorn/robocross_all/robokross_ws/install/local_setup.ps1'
[7.151s] INFO:colcon.colcon_core.shell:Creating prefix util module '/home/nockorn/robocross_all/robokross_ws/install/_local_setup_util_ps1.py'
[7.152s] INFO:colcon.colcon_core.shell:Creating prefix chain script '/home/nockorn/robocross_all/robokross_ws/install/setup.ps1'
[7.153s] INFO:colcon.colcon_core.shell:Creating prefix script '/home/nockorn/robocross_all/robokross_ws/install/local_setup.sh'
[7.154s] INFO:colcon.colcon_core.shell:Creating prefix util module '/home/nockorn/robocross_all/robokross_ws/install/_local_setup_util_sh.py'
[7.154s] INFO:colcon.colcon_core.shell:Creating prefix chain script '/home/nockorn/robocross_all/robokross_ws/install/setup.sh'
[7.155s] INFO:colcon.colcon_core.shell:Creating prefix script '/home/nockorn/robocross_all/robokross_ws/install/local_setup.bash'
[7.155s] INFO:colcon.colcon_core.shell:Creating prefix chain script '/home/nockorn/robocross_all/robokross_ws/install/setup.bash'
[7.156s] INFO:colcon.colcon_core.shell:Creating prefix script '/home/nockorn/robocross_all/robokross_ws/install/local_setup.zsh'
[7.156s] INFO:colcon.colcon_core.shell:Creating prefix chain script '/home/nockorn/robocross_all/robokross_ws/install/setup.zsh'
