-- The C compiler identification is GNU 13.3.0
-- The CXX compiler identification is GNU 13.3.0
-- Detecting C compiler ABI info
-- Detecting C compiler ABI info - done
-- Check for working C compiler: /usr/bin/cc - skipped
-- Detecting C compile features
-- Detecting C compile features - done
-- Detecting CXX compiler ABI info
-- Detecting CXX compiler ABI info - done
-- Check for working CXX compiler: /usr/bin/c++ - skipped
-- Detecting CXX compile features
-- Detecting CXX compile features - done
-- Found ament_cmake: 2.5.6 (/opt/ros/jazzy/share/ament_cmake/cmake)
-- Found Python3: /usr/bin/python3 (found version "3.12.3") found components: Interpreter 
-- Found rclcpp: 28.1.18 (/opt/ros/jazzy/share/rclcpp/cmake)
-- Found rosidl_generator_c: 4.6.7 (/opt/ros/jazzy/share/rosidl_generator_c/cmake)
-- Found rosidl_generator_cpp: 4.6.7 (/opt/ros/jazzy/share/rosidl_generator_cpp/cmake)
-- Using all available rosidl_typesupport_c: rosidl_typesupport_fastrtps_c;rosidl_typesupport_introspection_c
-- Using all available rosidl_typesupport_cpp: rosidl_typesupport_fastrtps_cpp;rosidl_typesupport_introspection_cpp
-- Found rmw_implementation_cmake: 7.3.3 (/opt/ros/jazzy/share/rmw_implementation_cmake/cmake)
-- Found rmw_fastrtps_cpp: 8.4.3 (/opt/ros/jazzy/share/rmw_fastrtps_cpp/cmake)
-- Found OpenSSL: /usr/lib/x86_64-linux-gnu/libcrypto.so (found version "3.0.13")  
-- Found FastRTPS: /opt/ros/jazzy/include (Required is at least version "2.13") 
-- Using RMW implementation 'rmw_fastrtps_cpp' as default
-- Found std_msgs: 5.3.7 (/opt/ros/jazzy/share/std_msgs/cmake)
-- Found geometry_msgs: 5.3.7 (/opt/ros/jazzy/share/geometry_msgs/cmake)
-- Found sensor_msgs: 5.3.7 (/opt/ros/jazzy/share/sensor_msgs/cmake)
-- Found nav_msgs: 5.3.7 (/opt/ros/jazzy/share/nav_msgs/cmake)
-- Found ament_lint_auto: 0.17.5 (/opt/ros/jazzy/share/ament_lint_auto/cmake)
-- Added test 'cppcheck' to perform static code analysis on C / C++ code
-- Configured cppcheck include dirs: /home/nockorn/robocross_all/robokross_ws/src/robokross_navigation/include
-- Configured cppcheck exclude dirs and/or files: 
-- Added test 'flake8' to check Python code syntax and style conventions
-- Configured 'flake8' exclude dirs and/or files: 
-- Added test 'lint_cmake' to check CMake code style
-- Added test 'pep257' to check Python code against some of the docstring style conventions in PEP 257
-- Added test 'uncrustify' to check C / C++ code style
-- Configured uncrustify additional arguments: 
-- Added test 'xmllint' to check XML markup files
-- Configuring done (0.9s)
-- Generating done (0.0s)
-- Build files have been written to: /home/nockorn/robocross_all/robokross_ws/build/robokross_navigation
[ 50%] [32mBuilding CXX object CMakeFiles/nav_parser_udp_node.dir/src/nav_parser_udp_node.cpp.o[0m
[100%] [32m[1mLinking CXX executable nav_parser_udp_node[0m
[100%] Built target nav_parser_udp_node
-- Install configuration: ""
-- Installing: /home/nockorn/robocross_all/robokross_ws/install/robokross_navigation/lib/robokross_navigation/nav_parser_udp_node
-- Set non-toolchain portion of runtime path of "/home/nockorn/robocross_all/robokross_ws/install/robokross_navigation/lib/robokross_navigation/nav_parser_udp_node" to ""
-- Installing: /home/nockorn/robocross_all/robokross_ws/install/robokross_navigation/share/ament_index/resource_index/package_run_dependencies/robokross_navigation
-- Installing: /home/nockorn/robocross_all/robokross_ws/install/robokross_navigation/share/ament_index/resource_index/parent_prefix_path/robokross_navigation
-- Installing: /home/nockorn/robocross_all/robokross_ws/install/robokross_navigation/share/robokross_navigation/environment/ament_prefix_path.sh
-- Installing: /home/nockorn/robocross_all/robokross_ws/install/robokross_navigation/share/robokross_navigation/environment/ament_prefix_path.dsv
-- Installing: /home/nockorn/robocross_all/robokross_ws/install/robokross_navigation/share/robokross_navigation/environment/path.sh
-- Installing: /home/nockorn/robocross_all/robokross_ws/install/robokross_navigation/share/robokross_navigation/environment/path.dsv
-- Installing: /home/nockorn/robocross_all/robokross_ws/install/robokross_navigation/share/robokross_navigation/local_setup.bash
-- Installing: /home/nockorn/robocross_all/robokross_ws/install/robokross_navigation/share/robokross_navigation/local_setup.sh
-- Installing: /home/nockorn/robocross_all/robokross_ws/install/robokross_navigation/share/robokross_navigation/local_setup.zsh
-- Installing: /home/nockorn/robocross_all/robokross_ws/install/robokross_navigation/share/robokross_navigation/local_setup.dsv
-- Installing: /home/nockorn/robocross_all/robokross_ws/install/robokross_navigation/share/robokross_navigation/package.dsv
-- Installing: /home/nockorn/robocross_all/robokross_ws/install/robokross_navigation/share/ament_index/resource_index/packages/robokross_navigation
-- Installing: /home/nockorn/robocross_all/robokross_ws/install/robokross_navigation/share/robokross_navigation/cmake/robokross_navigationConfig.cmake
-- Installing: /home/nockorn/robocross_all/robokross_ws/install/robokross_navigation/share/robokross_navigation/cmake/robokross_navigationConfig-version.cmake
-- Installing: /home/nockorn/robocross_all/robokross_ws/install/robokross_navigation/share/robokross_navigation/package.xml
