[0.008s] Invoking command in '/home/nockorn/robocross_all/robokross_ws/build/robokross_navigation': CMAKE_PREFIX_PATH=${CMAKE_PREFIX_PATH}:/opt/ros/jazzy DEBUGINFOD_URLS=https://debuginfod.ubuntu.com /usr/bin/cmake /home/nockorn/robocross_all/robokross_ws/src/robokross_navigation -DCMAKE_INSTALL_PREFIX=/home/nockorn/robocross_all/robokross_ws/install/robokross_navigation
[0.052s] -- The C compiler identification is GNU 13.3.0
[0.094s] -- The CXX compiler identification is GNU 13.3.0
[0.107s] -- Detecting C compiler ABI info
[0.178s] -- Detecting C compiler ABI info - done
[0.185s] -- Check for working C compiler: /usr/bin/cc - skipped
[0.185s] -- Detecting C compile features
[0.186s] -- Detecting C compile features - done
[0.193s] -- Detecting CXX compiler ABI info
[0.273s] -- Detecting CXX compiler ABI info - done
[0.280s] -- Check for working CXX compiler: /usr/bin/c++ - skipped
[0.280s] -- Detecting CXX compile features
[0.280s] -- Detecting CXX compile features - done
[0.282s] -- Found ament_cmake: 2.5.6 (/opt/ros/jazzy/share/ament_cmake/cmake)
[0.385s] -- Found Python3: /usr/bin/python3 (found version "3.12.3") found components: Interpreter 
[0.462s] -- Found rclcpp: 28.1.18 (/opt/ros/jazzy/share/rclcpp/cmake)
[0.492s] -- Found rosidl_generator_c: 4.6.7 (/opt/ros/jazzy/share/rosidl_generator_c/cmake)
[0.503s] -- Found rosidl_generator_cpp: 4.6.7 (/opt/ros/jazzy/share/rosidl_generator_cpp/cmake)
[0.515s] -- Using all available rosidl_typesupport_c: rosidl_typesupport_fastrtps_c;rosidl_typesupport_introspection_c
[0.528s] -- Using all available rosidl_typesupport_cpp: rosidl_typesupport_fastrtps_cpp;rosidl_typesupport_introspection_cpp
[0.587s] -- Found rmw_implementation_cmake: 7.3.3 (/opt/ros/jazzy/share/rmw_implementation_cmake/cmake)
[0.589s] -- Found rmw_fastrtps_cpp: 8.4.3 (/opt/ros/jazzy/share/rmw_fastrtps_cpp/cmake)
[0.656s] -- Found OpenSSL: /usr/lib/x86_64-linux-gnu/libcrypto.so (found version "3.0.13")  
[0.670s] -- Found FastRTPS: /opt/ros/jazzy/include (Required is at least version "2.13") 
[0.687s] -- Using RMW implementation 'rmw_fastrtps_cpp' as default
[0.744s] -- Found std_msgs: 5.3.7 (/opt/ros/jazzy/share/std_msgs/cmake)
[0.755s] -- Found geometry_msgs: 5.3.7 (/opt/ros/jazzy/share/geometry_msgs/cmake)
[0.768s] -- Found sensor_msgs: 5.3.7 (/opt/ros/jazzy/share/sensor_msgs/cmake)
[0.788s] -- Found nav_msgs: 5.3.7 (/opt/ros/jazzy/share/nav_msgs/cmake)
[0.812s] -- Found ament_lint_auto: 0.17.5 (/opt/ros/jazzy/share/ament_lint_auto/cmake)
[0.901s] -- Added test 'cppcheck' to perform static code analysis on C / C++ code
[0.901s] -- Configured cppcheck include dirs: /home/nockorn/robocross_all/robokross_ws/src/robokross_navigation/include
[0.901s] -- Configured cppcheck exclude dirs and/or files: 
[0.904s] -- Added test 'flake8' to check Python code syntax and style conventions
[0.904s] -- Configured 'flake8' exclude dirs and/or files: 
[0.908s] -- Added test 'lint_cmake' to check CMake code style
[0.910s] -- Added test 'pep257' to check Python code against some of the docstring style conventions in PEP 257
[0.925s] -- Added test 'uncrustify' to check C / C++ code style
[0.925s] -- Configured uncrustify additional arguments: 
[0.928s] -- Added test 'xmllint' to check XML markup files
[0.929s] -- Configuring done (0.9s)
[0.938s] -- Generating done (0.0s)
[0.941s] -- Build files have been written to: /home/nockorn/robocross_all/robokross_ws/build/robokross_navigation
[0.949s] Invoked command in '/home/nockorn/robocross_all/robokross_ws/build/robokross_navigation' returned '0': CMAKE_PREFIX_PATH=${CMAKE_PREFIX_PATH}:/opt/ros/jazzy DEBUGINFOD_URLS=https://debuginfod.ubuntu.com /usr/bin/cmake /home/nockorn/robocross_all/robokross_ws/src/robokross_navigation -DCMAKE_INSTALL_PREFIX=/home/nockorn/robocross_all/robokross_ws/install/robokross_navigation
[0.950s] Invoking command in '/home/nockorn/robocross_all/robokross_ws/build/robokross_navigation': CMAKE_PREFIX_PATH=${CMAKE_PREFIX_PATH}:/opt/ros/jazzy DEBUGINFOD_URLS=https://debuginfod.ubuntu.com /usr/bin/cmake --build /home/nockorn/robocross_all/robokross_ws/build/robokross_navigation -- -j12 -l12
[0.994s] [ 50%] [32mBuilding CXX object CMakeFiles/nav_parser_udp_node.dir/src/nav_parser_udp_node.cpp.o[0m
[6.788s] [100%] [32m[1mLinking CXX executable nav_parser_udp_node[0m
[6.964s] [100%] Built target nav_parser_udp_node
[6.974s] Invoked command in '/home/nockorn/robocross_all/robokross_ws/build/robokross_navigation' returned '0': CMAKE_PREFIX_PATH=${CMAKE_PREFIX_PATH}:/opt/ros/jazzy DEBUGINFOD_URLS=https://debuginfod.ubuntu.com /usr/bin/cmake --build /home/nockorn/robocross_all/robokross_ws/build/robokross_navigation -- -j12 -l12
[6.982s] Invoking command in '/home/nockorn/robocross_all/robokross_ws/build/robokross_navigation': CMAKE_PREFIX_PATH=${CMAKE_PREFIX_PATH}:/opt/ros/jazzy DEBUGINFOD_URLS=https://debuginfod.ubuntu.com /usr/bin/cmake --install /home/nockorn/robocross_all/robokross_ws/build/robokross_navigation
[6.988s] -- Install configuration: ""
[6.988s] -- Installing: /home/nockorn/robocross_all/robokross_ws/install/robokross_navigation/lib/robokross_navigation/nav_parser_udp_node
[6.990s] -- Set non-toolchain portion of runtime path of "/home/nockorn/robocross_all/robokross_ws/install/robokross_navigation/lib/robokross_navigation/nav_parser_udp_node" to ""
[6.990s] -- Installing: /home/nockorn/robocross_all/robokross_ws/install/robokross_navigation/share/ament_index/resource_index/package_run_dependencies/robokross_navigation
[6.991s] -- Installing: /home/nockorn/robocross_all/robokross_ws/install/robokross_navigation/share/ament_index/resource_index/parent_prefix_path/robokross_navigation
[6.991s] -- Installing: /home/nockorn/robocross_all/robokross_ws/install/robokross_navigation/share/robokross_navigation/environment/ament_prefix_path.sh
[6.991s] -- Installing: /home/nockorn/robocross_all/robokross_ws/install/robokross_navigation/share/robokross_navigation/environment/ament_prefix_path.dsv
[6.991s] -- Installing: /home/nockorn/robocross_all/robokross_ws/install/robokross_navigation/share/robokross_navigation/environment/path.sh
[6.991s] -- Installing: /home/nockorn/robocross_all/robokross_ws/install/robokross_navigation/share/robokross_navigation/environment/path.dsv
[6.991s] -- Installing: /home/nockorn/robocross_all/robokross_ws/install/robokross_navigation/share/robokross_navigation/local_setup.bash
[6.991s] -- Installing: /home/nockorn/robocross_all/robokross_ws/install/robokross_navigation/share/robokross_navigation/local_setup.sh
[6.992s] -- Installing: /home/nockorn/robocross_all/robokross_ws/install/robokross_navigation/share/robokross_navigation/local_setup.zsh
[6.992s] -- Installing: /home/nockorn/robocross_all/robokross_ws/install/robokross_navigation/share/robokross_navigation/local_setup.dsv
[6.992s] -- Installing: /home/nockorn/robocross_all/robokross_ws/install/robokross_navigation/share/robokross_navigation/package.dsv
[6.992s] -- Installing: /home/nockorn/robocross_all/robokross_ws/install/robokross_navigation/share/ament_index/resource_index/packages/robokross_navigation
[6.992s] -- Installing: /home/nockorn/robocross_all/robokross_ws/install/robokross_navigation/share/robokross_navigation/cmake/robokross_navigationConfig.cmake
[6.992s] -- Installing: /home/nockorn/robocross_all/robokross_ws/install/robokross_navigation/share/robokross_navigation/cmake/robokross_navigationConfig-version.cmake
[6.993s] -- Installing: /home/nockorn/robocross_all/robokross_ws/install/robokross_navigation/share/robokross_navigation/package.xml
[6.994s] Invoked command in '/home/nockorn/robocross_all/robokross_ws/build/robokross_navigation' returned '0': CMAKE_PREFIX_PATH=${CMAKE_PREFIX_PATH}:/opt/ros/jazzy DEBUGINFOD_URLS=https://debuginfod.ubuntu.com /usr/bin/cmake --install /home/nockorn/robocross_all/robokross_ws/build/robokross_navigation
