[ 50%] Built target nav_logger_node
[100%] Built target nav_parser_udp_node
-- Install configuration: ""
-- Up-to-date: /home/nockorn/robocross_all/robokross_ws/install/robokross_navigation/lib/robokross_navigation/nav_parser_udp_node
-- Up-to-date: /home/nockorn/robocross_all/robokross_ws/install/robokross_navigation/lib/robokross_navigation/nav_logger_node
-- Up-to-date: /home/nockorn/robocross_all/robokross_ws/install/robokross_navigation/share/robokross_navigation/logs
-- Up-to-date: /home/nockorn/robocross_all/robokross_ws/install/robokross_navigation/lib/robokross_navigation/mock_nav_publisher.py
-- Up-to-date: /home/nockorn/robocross_all/robokross_ws/install/robokross_navigation/lib/robokross_navigation/mock_nav_udp_publisher.py
-- Up-to-date: /home/nockorn/robocross_all/robokross_ws/install/robokross_navigation/share/robokross_navigation/launch
-- Up-to-date: /home/nockorn/robocross_all/robokross_ws/install/robokross_navigation/share/robokross_navigation/launch/nav_test.launch.py
-- Up-to-date: /home/nockorn/robocross_all/robokross_ws/install/robokross_navigation/share/ament_index/resource_index/package_run_dependencies/robokross_navigation
-- Up-to-date: /home/nockorn/robocross_all/robokross_ws/install/robokross_navigation/share/ament_index/resource_index/parent_prefix_path/robokross_navigation
-- Up-to-date: /home/nockorn/robocross_all/robokross_ws/install/robokross_navigation/share/robokross_navigation/environment/ament_prefix_path.sh
-- Up-to-date: /home/nockorn/robocross_all/robokross_ws/install/robokross_navigation/share/robokross_navigation/environment/ament_prefix_path.dsv
-- Up-to-date: /home/nockorn/robocross_all/robokross_ws/install/robokross_navigation/share/robokross_navigation/environment/path.sh
-- Up-to-date: /home/nockorn/robocross_all/robokross_ws/install/robokross_navigation/share/robokross_navigation/environment/path.dsv
-- Up-to-date: /home/nockorn/robocross_all/robokross_ws/install/robokross_navigation/share/robokross_navigation/local_setup.bash
-- Up-to-date: /home/nockorn/robocross_all/robokross_ws/install/robokross_navigation/share/robokross_navigation/local_setup.sh
-- Up-to-date: /home/nockorn/robocross_all/robokross_ws/install/robokross_navigation/share/robokross_navigation/local_setup.zsh
-- Up-to-date: /home/nockorn/robocross_all/robokross_ws/install/robokross_navigation/share/robokross_navigation/local_setup.dsv
-- Installing: /home/nockorn/robocross_all/robokross_ws/install/robokross_navigation/share/robokross_navigation/package.dsv
-- Up-to-date: /home/nockorn/robocross_all/robokross_ws/install/robokross_navigation/share/ament_index/resource_index/packages/robokross_navigation
-- Up-to-date: /home/nockorn/robocross_all/robokross_ws/install/robokross_navigation/share/robokross_navigation/cmake/robokross_navigationConfig.cmake
-- Up-to-date: /home/nockorn/robocross_all/robokross_ws/install/robokross_navigation/share/robokross_navigation/cmake/robokross_navigationConfig-version.cmake
-- Up-to-date: /home/nockorn/robocross_all/robokross_ws/install/robokross_navigation/share/robokross_navigation/package.xml
