[0.236s] Invoking command in '/home/nockorn/robocross_all/robokross_ws/src/build/robokross_navigation': CMAKE_PREFIX_PATH=${CMAKE_PREFIX_PATH}:/opt/ros/jazzy DEBUGINFOD_URLS=https://debuginfod.ubuntu.com /usr/bin/cmake /home/nockorn/robocross_all/robokross_ws/src/robokross_navigation -DCMAKE_INSTALL_PREFIX=/home/nockorn/robocross_all/robokross_ws/src/install/robokross_navigation
[1.389s] -- The C compiler identification is GNU 13.3.0
[1.606s] -- The CXX compiler identification is GNU 13.3.0
[1.641s] -- Detecting C compiler ABI info
[1.722s] -- Detecting C compiler ABI info - done
[1.732s] -- Check for working C compiler: /usr/bin/cc - skipped
[1.732s] -- Detecting C compile features
[1.732s] -- Detecting C compile features - done
[1.761s] -- Detecting CXX compiler ABI info
[1.846s] -- Detecting CXX compiler ABI info - done
[1.856s] -- Check for working CXX compiler: /usr/bin/c++ - skipped
[1.856s] -- Detecting CXX compile features
[1.857s] -- Detecting CXX compile features - done
[1.950s] -- Found ament_cmake: 2.5.6 (/opt/ros/jazzy/share/ament_cmake/cmake)
[2.123s] -- Found Python3: /usr/bin/python3 (found version "3.12.3") found components: Interpreter 
[2.397s] -- Found rclcpp: 28.1.18 (/opt/ros/jazzy/share/rclcpp/cmake)
[2.652s] -- Found rosidl_generator_c: 4.6.7 (/opt/ros/jazzy/share/rosidl_generator_c/cmake)
[2.704s] -- Found rosidl_generator_cpp: 4.6.7 (/opt/ros/jazzy/share/rosidl_generator_cpp/cmake)
[2.828s] -- Using all available rosidl_typesupport_c: rosidl_typesupport_fastrtps_c;rosidl_typesupport_introspection_c
[3.426s] -- Using all available rosidl_typesupport_cpp: rosidl_typesupport_fastrtps_cpp;rosidl_typesupport_introspection_cpp
[3.580s] -- Found rmw_implementation_cmake: 7.3.3 (/opt/ros/jazzy/share/rmw_implementation_cmake/cmake)
[3.599s] -- Found rmw_fastrtps_cpp: 8.4.3 (/opt/ros/jazzy/share/rmw_fastrtps_cpp/cmake)
[4.004s] -- Found OpenSSL: /usr/lib/x86_64-linux-gnu/libcrypto.so (found version "3.0.13")  
[4.046s] -- Found FastRTPS: /opt/ros/jazzy/include (Required is at least version "2.13") 
[4.064s] -- Using RMW implementation 'rmw_fastrtps_cpp' as default
[4.214s] -- Found std_msgs: 5.3.7 (/opt/ros/jazzy/share/std_msgs/cmake)
[4.266s] -- Found geometry_msgs: 5.3.7 (/opt/ros/jazzy/share/geometry_msgs/cmake)
[4.311s] -- Found sensor_msgs: 5.3.7 (/opt/ros/jazzy/share/sensor_msgs/cmake)
[4.427s] -- Found nav_msgs: 5.3.7 (/opt/ros/jazzy/share/nav_msgs/cmake)
[4.542s] -- Found ament_lint_auto: 0.17.5 (/opt/ros/jazzy/share/ament_lint_auto/cmake)
[4.829s] -- Added test 'cppcheck' to perform static code analysis on C / C++ code
[4.829s] -- Configured cppcheck include dirs: /home/nockorn/robocross_all/robokross_ws/src/robokross_navigation/include
[4.829s] -- Configured cppcheck exclude dirs and/or files: 
[4.830s] -- Added test 'lint_cmake' to check CMake code style
[4.831s] -- Added test 'uncrustify' to check C / C++ code style
[4.832s] -- Configured uncrustify additional arguments: 
[4.832s] -- Added test 'xmllint' to check XML markup files
[4.834s] -- Configuring done (4.6s)
[4.844s] -- Generating done (0.0s)
[4.847s] -- Build files have been written to: /home/nockorn/robocross_all/robokross_ws/src/build/robokross_navigation
[4.855s] Invoked command in '/home/nockorn/robocross_all/robokross_ws/src/build/robokross_navigation' returned '0': CMAKE_PREFIX_PATH=${CMAKE_PREFIX_PATH}:/opt/ros/jazzy DEBUGINFOD_URLS=https://debuginfod.ubuntu.com /usr/bin/cmake /home/nockorn/robocross_all/robokross_ws/src/robokross_navigation -DCMAKE_INSTALL_PREFIX=/home/nockorn/robocross_all/robokross_ws/src/install/robokross_navigation
[4.857s] Invoking command in '/home/nockorn/robocross_all/robokross_ws/src/build/robokross_navigation': CMAKE_PREFIX_PATH=${CMAKE_PREFIX_PATH}:/opt/ros/jazzy DEBUGINFOD_URLS=https://debuginfod.ubuntu.com /usr/bin/cmake --build /home/nockorn/robocross_all/robokross_ws/src/build/robokross_navigation -- -j12 -l12
[4.899s] [ 50%] [32mBuilding CXX object CMakeFiles/nav_parser_udp_node.dir/src/nav_parser_udp_node.cpp.o[0m
[6.429s] [01m[K/home/nockorn/robocross_all/robokross_ws/src/robokross_navigation/src/nav_parser_udp_node.cpp:8:10:[m[K [01;31m[Kfatal error: [m[Krobokross_navigation/EthDatagramm.h: Нет такого файла или каталога
[6.429s]     8 | #include [01;31m[K"robokross_navigation/EthDatagramm.h"[m[K
[6.429s]       |          [01;31m[K^~~~~~~~~~~~~~~~~~~~~~~~~~~~~~~~~~~~~[m[K
[6.429s] compilation terminated.
[6.439s] gmake[2]: *** [CMakeFiles/nav_parser_udp_node.dir/build.make:76: CMakeFiles/nav_parser_udp_node.dir/src/nav_parser_udp_node.cpp.o] Ошибка 1
[6.439s] gmake[1]: *** [CMakeFiles/Makefile2:137: CMakeFiles/nav_parser_udp_node.dir/all] Ошибка 2
[6.439s] gmake: *** [Makefile:146: all] Ошибка 2
[6.441s] Invoked command in '/home/nockorn/robocross_all/robokross_ws/src/build/robokross_navigation' returned '2': CMAKE_PREFIX_PATH=${CMAKE_PREFIX_PATH}:/opt/ros/jazzy DEBUGINFOD_URLS=https://debuginfod.ubuntu.com /usr/bin/cmake --build /home/nockorn/robocross_all/robokross_ws/src/build/robokross_navigation -- -j12 -l12
