[  3%] Built target gkv2_motor_bridge__rs
[  3%] Built target gkv2_motor_bridge__rosidl_generator_type_description
[  3%] Built target ament_cmake_python_symlink_gkv2_motor_bridge
[  6%] Built target odometer_node
[ 10%] Built target navigation_controller_node
[ 13%] Built target cmd_vel_bridge_node
[ 16%] Built target gkv2_driver_node
[ 18%] Built target gkv2_motor_bridge__cpp
[ 32%] Built target gkv2_motor_bridge__rosidl_generator_c
[ 38%] Built target gkv2_motor_bridge__rosidl_typesupport_introspection_c
[ 50%] Built target gkv2_motor_bridge__rosidl_typesupport_fastrtps_cpp
[ 52%] Built target gkv2_motor_bridge__rosidl_typesupport_fastrtps_c
[ 66%] Built target gkv2_motor_bridge__rosidl_typesupport_introspection_cpp
[ 66%] Built target gkv2_motor_bridge__rosidl_typesupport_c
[ 72%] Built target gkv2_motor_bridge__rosidl_typesupport_cpp
[ 74%] Built target gkv2_motor_bridge
[ 74%] [32mBuilding CXX object CMakeFiles/gkv2_config_node.dir/src/gkv2_config_node.cpp.o[0m
[ 77%] Built target navigation_fusion_node
[ 81%] Built target gkv2_nav_parser_node
[ 83%] Built target gkv2_motor_bridge__py
[ 88%] Built target gkv2_motor_bridge__rosidl_generator_py
[ 91%] Built target gkv2_motor_bridge_s__rosidl_typesupport_c
[ 94%] Built target gkv2_motor_bridge_s__rosidl_typesupport_fastrtps_c
[ 98%] Built target gkv2_motor_bridge_s__rosidl_typesupport_introspection_c
running egg_info
writing gkv2_motor_bridge.egg-info/PKG-INFO
writing dependency_links to gkv2_motor_bridge.egg-info/dependency_links.txt
writing top-level names to gkv2_motor_bridge.egg-info/top_level.txt
reading manifest file 'gkv2_motor_bridge.egg-info/SOURCES.txt'
writing manifest file 'gkv2_motor_bridge.egg-info/SOURCES.txt'
[ 98%] Built target ament_cmake_python_build_gkv2_motor_bridge_egg
