[0.007s] Invoking command in '/home/nockorn/robokross_ws/build/gkv2_motor_bridge': CMAKE_PREFIX_PATH=${CMAKE_PREFIX_PATH}:/opt/ros/jazzy DEBUGINFOD_URLS=https://debuginfod.ubuntu.com /usr/bin/cmake --build /home/nockorn/robokross_ws/build/gkv2_motor_bridge -- -j12 -l12
[0.048s] [  3%] Built target gkv2_motor_bridge__rs
[0.048s] [  3%] Built target gkv2_motor_bridge__rosidl_generator_type_description
[0.054s] [  3%] Built target ament_cmake_python_symlink_gkv2_motor_bridge
[0.055s] [  6%] Built target odometer_node
[0.057s] [ 10%] Built target navigation_controller_node
[0.059s] [ 13%] Built target cmd_vel_bridge_node
[0.061s] [ 16%] Built target gkv2_driver_node
[0.062s] [ 18%] Built target gkv2_motor_bridge__cpp
[0.066s] [ 32%] Built target gkv2_motor_bridge__rosidl_generator_c
[0.082s] [ 38%] Built target gkv2_motor_bridge__rosidl_typesupport_introspection_c
[0.083s] [ 50%] Built target gkv2_motor_bridge__rosidl_typesupport_fastrtps_cpp
[0.083s] [ 52%] Built target gkv2_motor_bridge__rosidl_typesupport_fastrtps_c
[0.085s] [ 66%] Built target gkv2_motor_bridge__rosidl_typesupport_introspection_cpp
[0.085s] [ 66%] Built target gkv2_motor_bridge__rosidl_typesupport_c
[0.085s] [ 72%] Built target gkv2_motor_bridge__rosidl_typesupport_cpp
[0.100s] [ 74%] Built target gkv2_motor_bridge
[0.100s] [ 74%] [32mBuilding CXX object CMakeFiles/gkv2_config_node.dir/src/gkv2_config_node.cpp.o[0m
[0.106s] [ 77%] Built target navigation_fusion_node
[0.112s] [ 81%] Built target gkv2_nav_parser_node
[0.115s] [ 83%] Built target gkv2_motor_bridge__py
[0.133s] [ 88%] Built target gkv2_motor_bridge__rosidl_generator_py
[0.149s] [ 91%] Built target gkv2_motor_bridge_s__rosidl_typesupport_c
[0.149s] [ 94%] Built target gkv2_motor_bridge_s__rosidl_typesupport_fastrtps_c
[0.150s] [ 98%] Built target gkv2_motor_bridge_s__rosidl_typesupport_introspection_c
[0.212s] running egg_info
[0.226s] writing gkv2_motor_bridge.egg-info/PKG-INFO
[0.226s] writing dependency_links to gkv2_motor_bridge.egg-info/dependency_links.txt
[0.226s] writing top-level names to gkv2_motor_bridge.egg-info/top_level.txt
[0.270s] reading manifest file 'gkv2_motor_bridge.egg-info/SOURCES.txt'
[0.270s] writing manifest file 'gkv2_motor_bridge.egg-info/SOURCES.txt'
[0.279s] [01m[K/home/nockorn/robokross_ws/src/gkv2_motor_bridge/src/gkv2_config_node.cpp:2:10:[m[K [01;31m[Kfatal error: [m[Kgkv2_motor_bridge/msg/gkv2_config_status.hpp: Нет такого файла или каталога
[0.279s]     2 | #include [01;31m[K"gkv2_motor_bridge/msg/gkv2_config_status.hpp"[m[K
[0.280s]       |          [01;31m[K^~~~~~~~~~~~~~~~~~~~~~~~~~~~~~~~~~~~~~~~~~~~~~[m[K
[0.280s] compilation terminated.
[0.283s] gmake[2]: *** [CMakeFiles/gkv2_config_node.dir/build.make:76: CMakeFiles/gkv2_config_node.dir/src/gkv2_config_node.cpp.o] Ошибка 1
[0.283s] gmake[1]: *** [CMakeFiles/Makefile2:816: CMakeFiles/gkv2_config_node.dir/all] Ошибка 2
[0.283s] gmake[1]: *** Ожидание завершения заданий…
[0.289s] [ 98%] Built target ament_cmake_python_build_gkv2_motor_bridge_egg
[0.290s] gmake: *** [Makefile:146: all] Ошибка 2
[0.292s] Invoked command in '/home/nockorn/robokross_ws/build/gkv2_motor_bridge' returned '2': CMAKE_PREFIX_PATH=${CMAKE_PREFIX_PATH}:/opt/ros/jazzy DEBUGINFOD_URLS=https://debuginfod.ubuntu.com /usr/bin/cmake --build /home/nockorn/robokross_ws/build/gkv2_motor_bridge -- -j12 -l12
