-- Found ament_cmake: 2.5.6 (/opt/ros/jazzy/share/ament_cmake/cmake)
-- Override CMake install command with custom implementation using symlinks instead of copying resources
-- Found rclcpp: 28.1.18 (/opt/ros/jazzy/share/rclcpp/cmake)
-- Found rosidl_generator_c: 4.6.7 (/opt/ros/jazzy/share/rosidl_generator_c/cmake)
-- Found rosidl_generator_cpp: 4.6.7 (/opt/ros/jazzy/share/rosidl_generator_cpp/cmake)
-- Using all available rosidl_typesupport_c: rosidl_typesupport_fastrtps_c;rosidl_typesupport_introspection_c
-- Using all available rosidl_typesupport_cpp: rosidl_typesupport_fastrtps_cpp;rosidl_typesupport_introspection_cpp
-- Found rmw_implementation_cmake: 7.3.3 (/opt/ros/jazzy/share/rmw_implementation_cmake/cmake)
-- Found rmw_fastrtps_cpp: 8.4.3 (/opt/ros/jazzy/share/rmw_fastrtps_cpp/cmake)
-- Using RMW implementation 'rmw_fastrtps_cpp' as default
-- Found geometry_msgs: 5.3.7 (/opt/ros/jazzy/share/geometry_msgs/cmake)
-- Found sensor_msgs: 5.3.7 (/opt/ros/jazzy/share/sensor_msgs/cmake)
-- Found nav_msgs: 5.3.7 (/opt/ros/jazzy/share/nav_msgs/cmake)
-- Found rosidl_default_generators: 1.6.0 (/opt/ros/jazzy/share/rosidl_default_generators/cmake)
-- Found rosidl_adapter: 4.6.7 (/opt/ros/jazzy/share/rosidl_adapter/cmake)
-- Found tf2_ros: 0.36.20 (/opt/ros/jazzy/share/tf2_ros/cmake)
-- Found ament_cmake_ros: 0.12.0 (/opt/ros/jazzy/share/ament_cmake_ros/cmake)
-- Using all available rosidl_typesupport_c: rosidl_typesupport_fastrtps_c;rosidl_typesupport_introspection_c
-- Using all available rosidl_typesupport_cpp: rosidl_typesupport_fastrtps_cpp;rosidl_typesupport_introspection_cpp
-- Found python_cmake_module: 0.11.1 (/opt/ros/jazzy/share/python_cmake_module/cmake)
-- Found Python3: /usr/bin/python3 (found version "3.12.3") found components: Interpreter Development NumPy Development.Module Development.Embed 
-- Found Python3: /usr/bin/python3 (found version "3.12.3") found components: Interpreter 
-- Configuring done (1.1s)
-- Generating done (0.1s)
-- Build files have been written to: /home/nockorn/robokross_ws/build/gkv2_motor_bridge
[  1%] [34m[1mGenerating type hashes for ROS interfaces[0m
[  2%] [34m[1mGenerating Rust code for ROS interfaces[0m
[  2%] Built target ament_cmake_python_symlink_gkv2_motor_bridge
[  5%] Built target odometer_node
[  8%] Built target navigation_controller_node
[ 11%] Built target cmd_vel_bridge_node
[ 14%] Built target gkv2_driver_node
running egg_info
writing gkv2_motor_bridge.egg-info/PKG-INFO
writing dependency_links to gkv2_motor_bridge.egg-info/dependency_links.txt
writing top-level names to gkv2_motor_bridge.egg-info/top_level.txt
reading manifest file 'gkv2_motor_bridge.egg-info/SOURCES.txt'
writing manifest file 'gkv2_motor_bridge.egg-info/SOURCES.txt'
[ 14%] Built target ament_cmake_python_build_gkv2_motor_bridge_egg
[ 14%] Built target gkv2_motor_bridge__rosidl_generator_type_description
[ 15%] [34m[1mGenerating C code for ROS interfaces[0m
[ 17%] [34m[1mGenerating C++ code for ROS interfaces[0m
[ 17%] Built target gkv2_motor_bridge__rs
[ 17%] Built target gkv2_motor_bridge__cpp
[ 20%] [32mBuilding C object CMakeFiles/gkv2_motor_bridge__rosidl_generator_c.dir/rosidl_generator_c/gkv2_motor_bridge/msg/detail/gkv2_status__functions.c.o[0m
[ 20%] [32mBuilding C object CMakeFiles/gkv2_motor_bridge__rosidl_generator_c.dir/rosidl_generator_c/gkv2_motor_bridge/msg/detail/navigation_status__description.c.o[0m
[ 21%] [32mBuilding C object CMakeFiles/gkv2_motor_bridge__rosidl_generator_c.dir/rosidl_generator_c/gkv2_motor_bridge/msg/detail/gkv2_status__type_support.c.o[0m
[ 23%] [32mBuilding C object CMakeFiles/gkv2_motor_bridge__rosidl_generator_c.dir/rosidl_generator_c/gkv2_motor_bridge/msg/detail/gkv2_status__description.c.o[0m
[ 24%] [32mBuilding C object CMakeFiles/gkv2_motor_bridge__rosidl_generator_c.dir/rosidl_generator_c/gkv2_motor_bridge/msg/detail/gkv2_config_status__functions.c.o[0m
[ 26%] [32mBuilding C object CMakeFiles/gkv2_motor_bridge__rosidl_generator_c.dir/rosidl_generator_c/gkv2_motor_bridge/msg/detail/navigation_status__functions.c.o[0m
[ 27%] [32mBuilding C object CMakeFiles/gkv2_motor_bridge__rosidl_generator_c.dir/rosidl_generator_c/gkv2_motor_bridge/msg/detail/navigation_status__type_support.c.o[0m
[ 28%] [32mBuilding C object CMakeFiles/gkv2_motor_bridge__rosidl_generator_c.dir/rosidl_generator_c/gkv2_motor_bridge/msg/detail/gkv2_config_status__description.c.o[0m
[ 30%] [32mBuilding C object CMakeFiles/gkv2_motor_bridge__rosidl_generator_c.dir/rosidl_generator_c/gkv2_motor_bridge/msg/detail/gkv2_config_status__type_support.c.o[0m
[ 31%] [32m[1mLinking C shared library libgkv2_motor_bridge__rosidl_generator_c.so[0m
[ 31%] Built target gkv2_motor_bridge__rosidl_generator_c
[ 33%] [34m[1mGenerating C++ type support dispatch for ROS interfaces[0m
[ 34%] [34m[1mGenerating C type support for eProsima Fast-RTPS[0m
[ 36%] [34m[1mGenerating C++ type support for eProsima Fast-RTPS[0m
[ 37%] [34m[1mGenerating C introspection for ROS interfaces[0m
[ 39%] [34m[1mGenerating C type support dispatch for ROS interfaces[0m
[ 40%] [34m[1mGenerating C++ introspection for ROS interfaces[0m
[ 42%] [32mBuilding CXX object CMakeFiles/gkv2_motor_bridge__rosidl_typesupport_c.dir/rosidl_typesupport_c/gkv2_motor_bridge/msg/gkv2_status__type_support.cpp.o[0m
[ 44%] [32mBuilding CXX object CMakeFiles/gkv2_motor_bridge__rosidl_typesupport_c.dir/rosidl_typesupport_c/gkv2_motor_bridge/msg/gkv2_config_status__type_support.cpp.o[0m
[ 44%] [32mBuilding CXX object CMakeFiles/gkv2_motor_bridge__rosidl_typesupport_c.dir/rosidl_typesupport_c/gkv2_motor_bridge/msg/navigation_status__type_support.cpp.o[0m
[ 49%] [32mBuilding CXX object CMakeFiles/gkv2_motor_bridge__rosidl_typesupport_cpp.dir/rosidl_typesupport_cpp/gkv2_motor_bridge/msg/navigation_status__type_support.cpp.o[0m
[ 49%] [32mBuilding CXX object CMakeFiles/gkv2_motor_bridge__rosidl_typesupport_cpp.dir/rosidl_typesupport_cpp/gkv2_motor_bridge/msg/gkv2_config_status__type_support.cpp.o[0m
[ 49%] [32mBuilding CXX object CMakeFiles/gkv2_motor_bridge__rosidl_typesupport_cpp.dir/rosidl_typesupport_cpp/gkv2_motor_bridge/msg/gkv2_status__type_support.cpp.o[0m
[ 50%] [32m[1mLinking CXX shared library libgkv2_motor_bridge__rosidl_typesupport_c.so[0m
[ 52%] [32mBuilding CXX object CMakeFiles/gkv2_motor_bridge__rosidl_typesupport_introspection_cpp.dir/rosidl_typesupport_introspection_cpp/gkv2_motor_bridge/msg/detail/gkv2_status__type_support.cpp.o[0m
[ 53%] [32mBuilding CXX object CMakeFiles/gkv2_motor_bridge__rosidl_typesupport_introspection_cpp.dir/rosidl_typesupport_introspection_cpp/gkv2_motor_bridge/msg/detail/gkv2_config_status__type_support.cpp.o[0m
[ 55%] [32mBuilding CXX object CMakeFiles/gkv2_motor_bridge__rosidl_typesupport_introspection_cpp.dir/rosidl_typesupport_introspection_cpp/gkv2_motor_bridge/msg/detail/navigation_status__type_support.cpp.o[0m
[ 57%] [32mBuilding C object CMakeFiles/gkv2_motor_bridge__rosidl_typesupport_introspection_c.dir/rosidl_typesupport_introspection_c/gkv2_motor_bridge/msg/detail/navigation_status__type_support.c.o[0m
[ 57%] [32mBuilding C object CMakeFiles/gkv2_motor_bridge__rosidl_typesupport_introspection_c.dir/rosidl_typesupport_introspection_c/gkv2_motor_bridge/msg/detail/gkv2_status__type_support.c.o[0m
[ 59%] [32mBuilding C object CMakeFiles/gkv2_motor_bridge__rosidl_typesupport_introspection_c.dir/rosidl_typesupport_introspection_c/gkv2_motor_bridge/msg/detail/gkv2_config_status__type_support.c.o[0m
[ 59%] Built target gkv2_motor_bridge__rosidl_typesupport_c
[ 60%] [32m[1mLinking C shared library libgkv2_motor_bridge__rosidl_typesupport_introspection_c.so[0m
[ 63%] [32mBuilding CXX object CMakeFiles/gkv2_motor_bridge__rosidl_typesupport_fastrtps_cpp.dir/rosidl_typesupport_fastrtps_cpp/gkv2_motor_bridge/msg/detail/dds_fastrtps/gkv2_status__type_support.cpp.o[0m
[ 63%] [32mBuilding CXX object CMakeFiles/gkv2_motor_bridge__rosidl_typesupport_fastrtps_cpp.dir/rosidl_typesupport_fastrtps_cpp/gkv2_motor_bridge/msg/detail/dds_fastrtps/navigation_status__type_support.cpp.o[0m
[ 65%] [32mBuilding CXX object CMakeFiles/gkv2_motor_bridge__rosidl_typesupport_fastrtps_cpp.dir/rosidl_typesupport_fastrtps_cpp/gkv2_motor_bridge/msg/detail/dds_fastrtps/gkv2_config_status__type_support.cpp.o[0m
[ 66%] [32mBuilding CXX object CMakeFiles/gkv2_motor_bridge__rosidl_typesupport_fastrtps_c.dir/rosidl_typesupport_fastrtps_c/gkv2_motor_bridge/msg/detail/gkv2_status__type_support_c.cpp.o[0m
[ 68%] [32mBuilding CXX object CMakeFiles/gkv2_motor_bridge__rosidl_typesupport_fastrtps_c.dir/rosidl_typesupport_fastrtps_c/gkv2_motor_bridge/msg/detail/navigation_status__type_support_c.cpp.o[0m
[ 68%] Built target gkv2_motor_bridge__rosidl_typesupport_introspection_c
[ 69%] [32mBuilding CXX object CMakeFiles/gkv2_motor_bridge__rosidl_typesupport_fastrtps_c.dir/rosidl_typesupport_fastrtps_c/gkv2_motor_bridge/msg/detail/gkv2_config_status__type_support_c.cpp.o[0m
[ 71%] [32m[1mLinking CXX shared library libgkv2_motor_bridge__rosidl_typesupport_cpp.so[0m
[ 71%] Built target gkv2_motor_bridge__rosidl_typesupport_cpp
[ 72%] [32m[1mLinking CXX shared library libgkv2_motor_bridge__rosidl_typesupport_introspection_cpp.so[0m
[ 73%] [32mBuilding CXX object CMakeFiles/gkv2_config_node.dir/src/gkv2_config_node.cpp.o[0m
[ 75%] [32mBuilding CXX object CMakeFiles/navigation_fusion_node.dir/src/navigation_fusion_node.cpp.o[0m
[ 76%] [32mBuilding CXX object CMakeFiles/gkv2_nav_parser_node.dir/src/gkv2_nav_parser_node.cpp.o[0m
[ 76%] Built target gkv2_motor_bridge__rosidl_typesupport_introspection_cpp
[ 78%] [32m[1mLinking CXX shared library libgkv2_motor_bridge__rosidl_typesupport_fastrtps_cpp.so[0m
[ 79%] [32m[1mLinking CXX shared library libgkv2_motor_bridge__rosidl_typesupport_fastrtps_c.so[0m
[ 79%] Built target gkv2_motor_bridge__rosidl_typesupport_fastrtps_cpp
[ 79%] Built target gkv2_motor_bridge__rosidl_typesupport_fastrtps_c
[ 79%] Built target gkv2_motor_bridge
[ 81%] [34m[1mGenerating Python code for ROS interfaces[0m
[ 81%] Built target gkv2_motor_bridge__py
[ 82%] [32mBuilding C object CMakeFiles/gkv2_motor_bridge__rosidl_generator_py.dir/rosidl_generator_py/gkv2_motor_bridge/msg/_navigation_status_s.c.o[0m
[ 84%] [32mBuilding C object CMakeFiles/gkv2_motor_bridge__rosidl_generator_py.dir/rosidl_generator_py/gkv2_motor_bridge/msg/_gkv2_status_s.c.o[0m
[ 85%] [32mBuilding C object CMakeFiles/gkv2_motor_bridge__rosidl_generator_py.dir/rosidl_generator_py/gkv2_motor_bridge/msg/_gkv2_config_status_s.c.o[0m
[ 86%] [32m[1mLinking C shared library libgkv2_motor_bridge__rosidl_generator_py.so[0m
[ 86%] Built target gkv2_motor_bridge__rosidl_generator_py
[ 88%] [32mBuilding C object CMakeFiles/gkv2_motor_bridge_s__rosidl_typesupport_introspection_c.dir/rosidl_generator_py/gkv2_motor_bridge/_gkv2_motor_bridge_s.ep.rosidl_typesupport_introspection_c.c.o[0m
[ 89%] [32mBuilding C object CMakeFiles/gkv2_motor_bridge_s__rosidl_typesupport_c.dir/rosidl_generator_py/gkv2_motor_bridge/_gkv2_motor_bridge_s.ep.rosidl_typesupport_c.c.o[0m
[ 91%] [32mBuilding C object CMakeFiles/gkv2_motor_bridge_s__rosidl_typesupport_fastrtps_c.dir/rosidl_generator_py/gkv2_motor_bridge/_gkv2_motor_bridge_s.ep.rosidl_typesupport_fastrtps_c.c.o[0m
[ 92%] [32m[1mLinking C shared module rosidl_generator_py/gkv2_motor_bridge/gkv2_motor_bridge_s__rosidl_typesupport_c.so[0m
[ 94%] [32m[1mLinking C shared module rosidl_generator_py/gkv2_motor_bridge/gkv2_motor_bridge_s__rosidl_typesupport_introspection_c.so[0m
[ 95%] [32m[1mLinking C shared module rosidl_generator_py/gkv2_motor_bridge/gkv2_motor_bridge_s__rosidl_typesupport_fastrtps_c.so[0m
[ 95%] Built target gkv2_motor_bridge_s__rosidl_typesupport_introspection_c
[ 95%] Built target gkv2_motor_bridge_s__rosidl_typesupport_c
[ 95%] Built target gkv2_motor_bridge_s__rosidl_typesupport_fastrtps_c
[ 97%] [32m[1mLinking CXX executable gkv2_nav_parser_node[0m
[ 97%] Built target gkv2_nav_parser_node
[ 98%] [32m[1mLinking CXX executable navigation_fusion_node[0m
[ 98%] Built target navigation_fusion_node
