[0.007s] Invoking command in '/home/nockorn/robokross_ws/build/gkv2_motor_bridge': CMAKE_PREFIX_PATH=${CMAKE_PREFIX_PATH}:/opt/ros/jazzy DEBUGINFOD_URLS=https://debuginfod.ubuntu.com /usr/bin/cmake --build /home/nockorn/robokross_ws/build/gkv2_motor_bridge -- -j12 -l12
[0.029s] -- Found ament_cmake: 2.5.6 (/opt/ros/jazzy/share/ament_cmake/cmake)
[0.096s] -- Override CMake install command with custom implementation using symlinks instead of copying resources
[0.103s] -- Found rclcpp: 28.1.18 (/opt/ros/jazzy/share/rclcpp/cmake)
[0.123s] -- Found rosidl_generator_c: 4.6.7 (/opt/ros/jazzy/share/rosidl_generator_c/cmake)
[0.129s] -- Found rosidl_generator_cpp: 4.6.7 (/opt/ros/jazzy/share/rosidl_generator_cpp/cmake)
[0.137s] -- Using all available rosidl_typesupport_c: rosidl_typesupport_fastrtps_c;rosidl_typesupport_introspection_c
[0.146s] -- Using all available rosidl_typesupport_cpp: rosidl_typesupport_fastrtps_cpp;rosidl_typesupport_introspection_cpp
[0.191s] -- Found rmw_implementation_cmake: 7.3.3 (/opt/ros/jazzy/share/rmw_implementation_cmake/cmake)
[0.192s] -- Found rmw_fastrtps_cpp: 8.4.3 (/opt/ros/jazzy/share/rmw_fastrtps_cpp/cmake)
[0.239s] -- Using RMW implementation 'rmw_fastrtps_cpp' as default
[0.285s] -- Found geometry_msgs: 5.3.7 (/opt/ros/jazzy/share/geometry_msgs/cmake)
[0.308s] -- Found sensor_msgs: 5.3.7 (/opt/ros/jazzy/share/sensor_msgs/cmake)
[0.326s] -- Found nav_msgs: 5.3.7 (/opt/ros/jazzy/share/nav_msgs/cmake)
[0.349s] -- Found rosidl_default_generators: 1.6.0 (/opt/ros/jazzy/share/rosidl_default_generators/cmake)
[0.357s] -- Found rosidl_adapter: 4.6.7 (/opt/ros/jazzy/share/rosidl_adapter/cmake)
[0.358s] -- Found tf2_ros: 0.36.20 (/opt/ros/jazzy/share/tf2_ros/cmake)
[0.643s] -- Found ament_cmake_ros: 0.12.0 (/opt/ros/jazzy/share/ament_cmake_ros/cmake)
[0.803s] -- Using all available rosidl_typesupport_c: rosidl_typesupport_fastrtps_c;rosidl_typesupport_introspection_c
[0.864s] -- Using all available rosidl_typesupport_cpp: rosidl_typesupport_fastrtps_cpp;rosidl_typesupport_introspection_cpp
[0.865s] -- Found python_cmake_module: 0.11.1 (/opt/ros/jazzy/share/python_cmake_module/cmake)
[1.047s] -- Found Python3: /usr/bin/python3 (found version "3.12.3") found components: Interpreter Development NumPy Development.Module Development.Embed 
[1.097s] -- Found Python3: /usr/bin/python3 (found version "3.12.3") found components: Interpreter 
[1.111s] -- Configuring done (1.1s)
[1.175s] -- Generating done (0.1s)
[1.192s] -- Build files have been written to: /home/nockorn/robokross_ws/build/gkv2_motor_bridge
[1.225s] [  1%] [34m[1mGenerating type hashes for ROS interfaces[0m
[1.226s] [  2%] [34m[1mGenerating Rust code for ROS interfaces[0m
[1.229s] [  2%] Built target ament_cmake_python_symlink_gkv2_motor_bridge
[1.234s] [  5%] Built target odometer_node
[1.238s] [  8%] Built target navigation_controller_node
[1.241s] [ 11%] Built target cmd_vel_bridge_node
[1.248s] [ 14%] Built target gkv2_driver_node
[1.386s] running egg_info
[1.401s] writing gkv2_motor_bridge.egg-info/PKG-INFO
[1.401s] writing dependency_links to gkv2_motor_bridge.egg-info/dependency_links.txt
[1.401s] writing top-level names to gkv2_motor_bridge.egg-info/top_level.txt
[1.444s] reading manifest file 'gkv2_motor_bridge.egg-info/SOURCES.txt'
[1.444s] writing manifest file 'gkv2_motor_bridge.egg-info/SOURCES.txt'
[1.463s] [ 14%] Built target ament_cmake_python_build_gkv2_motor_bridge_egg
[1.733s] [ 14%] Built target gkv2_motor_bridge__rosidl_generator_type_description
[1.742s] [ 15%] [34m[1mGenerating C code for ROS interfaces[0m
[1.750s] [ 17%] [34m[1mGenerating C++ code for ROS interfaces[0m
[1.759s] [ 17%] Built target gkv2_motor_bridge__rs
[2.315s] [ 17%] Built target gkv2_motor_bridge__cpp
[2.357s] [ 20%] [32mBuilding C object CMakeFiles/gkv2_motor_bridge__rosidl_generator_c.dir/rosidl_generator_c/gkv2_motor_bridge/msg/detail/gkv2_status__functions.c.o[0m
[2.357s] [ 20%] [32mBuilding C object CMakeFiles/gkv2_motor_bridge__rosidl_generator_c.dir/rosidl_generator_c/gkv2_motor_bridge/msg/detail/navigation_status__description.c.o[0m
[2.357s] [ 21%] [32mBuilding C object CMakeFiles/gkv2_motor_bridge__rosidl_generator_c.dir/rosidl_generator_c/gkv2_motor_bridge/msg/detail/gkv2_status__type_support.c.o[0m
[2.357s] [ 23%] [32mBuilding C object CMakeFiles/gkv2_motor_bridge__rosidl_generator_c.dir/rosidl_generator_c/gkv2_motor_bridge/msg/detail/gkv2_status__description.c.o[0m
[2.357s] [ 24%] [32mBuilding C object CMakeFiles/gkv2_motor_bridge__rosidl_generator_c.dir/rosidl_generator_c/gkv2_motor_bridge/msg/detail/gkv2_config_status__functions.c.o[0m
[2.357s] [ 26%] [32mBuilding C object CMakeFiles/gkv2_motor_bridge__rosidl_generator_c.dir/rosidl_generator_c/gkv2_motor_bridge/msg/detail/navigation_status__functions.c.o[0m
[2.358s] [ 27%] [32mBuilding C object CMakeFiles/gkv2_motor_bridge__rosidl_generator_c.dir/rosidl_generator_c/gkv2_motor_bridge/msg/detail/navigation_status__type_support.c.o[0m
[2.358s] [ 28%] [32mBuilding C object CMakeFiles/gkv2_motor_bridge__rosidl_generator_c.dir/rosidl_generator_c/gkv2_motor_bridge/msg/detail/gkv2_config_status__description.c.o[0m
[2.358s] [ 30%] [32mBuilding C object CMakeFiles/gkv2_motor_bridge__rosidl_generator_c.dir/rosidl_generator_c/gkv2_motor_bridge/msg/detail/gkv2_config_status__type_support.c.o[0m
[2.411s] [ 31%] [32m[1mLinking C shared library libgkv2_motor_bridge__rosidl_generator_c.so[0m
[2.441s] [ 31%] Built target gkv2_motor_bridge__rosidl_generator_c
[2.449s] [ 33%] [34m[1mGenerating C++ type support dispatch for ROS interfaces[0m
[2.449s] [ 34%] [34m[1mGenerating C type support for eProsima Fast-RTPS[0m
[2.449s] [ 36%] [34m[1mGenerating C++ type support for eProsima Fast-RTPS[0m
[2.450s] [ 37%] [34m[1mGenerating C introspection for ROS interfaces[0m
[2.450s] [ 39%] [34m[1mGenerating C type support dispatch for ROS interfaces[0m
[2.450s] [ 40%] [34m[1mGenerating C++ introspection for ROS interfaces[0m
[2.968s] [ 42%] [32mBuilding CXX object CMakeFiles/gkv2_motor_bridge__rosidl_typesupport_c.dir/rosidl_typesupport_c/gkv2_motor_bridge/msg/gkv2_status__type_support.cpp.o[0m
[2.970s] [ 44%] [32mBuilding CXX object CMakeFiles/gkv2_motor_bridge__rosidl_typesupport_c.dir/rosidl_typesupport_c/gkv2_motor_bridge/msg/gkv2_config_status__type_support.cpp.o[0m
[2.970s] [ 44%] [32mBuilding CXX object CMakeFiles/gkv2_motor_bridge__rosidl_typesupport_c.dir/rosidl_typesupport_c/gkv2_motor_bridge/msg/navigation_status__type_support.cpp.o[0m
[2.988s] [ 49%] [32mBuilding CXX object CMakeFiles/gkv2_motor_bridge__rosidl_typesupport_cpp.dir/rosidl_typesupport_cpp/gkv2_motor_bridge/msg/navigation_status__type_support.cpp.o[0m
[2.988s] [ 49%] [32mBuilding CXX object CMakeFiles/gkv2_motor_bridge__rosidl_typesupport_cpp.dir/rosidl_typesupport_cpp/gkv2_motor_bridge/msg/gkv2_config_status__type_support.cpp.o[0m
[2.989s] [ 49%] [32mBuilding CXX object CMakeFiles/gkv2_motor_bridge__rosidl_typesupport_cpp.dir/rosidl_typesupport_cpp/gkv2_motor_bridge/msg/gkv2_status__type_support.cpp.o[0m
[3.018s] [ 50%] [32m[1mLinking CXX shared library libgkv2_motor_bridge__rosidl_typesupport_c.so[0m
[3.021s] [ 52%] [32mBuilding CXX object CMakeFiles/gkv2_motor_bridge__rosidl_typesupport_introspection_cpp.dir/rosidl_typesupport_introspection_cpp/gkv2_motor_bridge/msg/detail/gkv2_status__type_support.cpp.o[0m
[3.024s] [ 53%] [32mBuilding CXX object CMakeFiles/gkv2_motor_bridge__rosidl_typesupport_introspection_cpp.dir/rosidl_typesupport_introspection_cpp/gkv2_motor_bridge/msg/detail/gkv2_config_status__type_support.cpp.o[0m
[3.026s] [ 55%] [32mBuilding CXX object CMakeFiles/gkv2_motor_bridge__rosidl_typesupport_introspection_cpp.dir/rosidl_typesupport_introspection_cpp/gkv2_motor_bridge/msg/detail/navigation_status__type_support.cpp.o[0m
[3.040s] [ 57%] [32mBuilding C object CMakeFiles/gkv2_motor_bridge__rosidl_typesupport_introspection_c.dir/rosidl_typesupport_introspection_c/gkv2_motor_bridge/msg/detail/navigation_status__type_support.c.o[0m
[3.041s] [ 57%] [32mBuilding C object CMakeFiles/gkv2_motor_bridge__rosidl_typesupport_introspection_c.dir/rosidl_typesupport_introspection_c/gkv2_motor_bridge/msg/detail/gkv2_status__type_support.c.o[0m
[3.041s] [ 59%] [32mBuilding C object CMakeFiles/gkv2_motor_bridge__rosidl_typesupport_introspection_c.dir/rosidl_typesupport_introspection_c/gkv2_motor_bridge/msg/detail/gkv2_config_status__type_support.c.o[0m
[3.061s] [ 59%] Built target gkv2_motor_bridge__rosidl_typesupport_c
[3.100s] [ 60%] [32m[1mLinking C shared library libgkv2_motor_bridge__rosidl_typesupport_introspection_c.so[0m
[3.104s] [ 63%] [32mBuilding CXX object CMakeFiles/gkv2_motor_bridge__rosidl_typesupport_fastrtps_cpp.dir/rosidl_typesupport_fastrtps_cpp/gkv2_motor_bridge/msg/detail/dds_fastrtps/gkv2_status__type_support.cpp.o[0m
[3.106s] [ 63%] [32mBuilding CXX object CMakeFiles/gkv2_motor_bridge__rosidl_typesupport_fastrtps_cpp.dir/rosidl_typesupport_fastrtps_cpp/gkv2_motor_bridge/msg/detail/dds_fastrtps/navigation_status__type_support.cpp.o[0m
[3.107s] [ 65%] [32mBuilding CXX object CMakeFiles/gkv2_motor_bridge__rosidl_typesupport_fastrtps_cpp.dir/rosidl_typesupport_fastrtps_cpp/gkv2_motor_bridge/msg/detail/dds_fastrtps/gkv2_config_status__type_support.cpp.o[0m
[3.113s] [ 66%] [32mBuilding CXX object CMakeFiles/gkv2_motor_bridge__rosidl_typesupport_fastrtps_c.dir/rosidl_typesupport_fastrtps_c/gkv2_motor_bridge/msg/detail/gkv2_status__type_support_c.cpp.o[0m
[3.116s] [ 68%] [32mBuilding CXX object CMakeFiles/gkv2_motor_bridge__rosidl_typesupport_fastrtps_c.dir/rosidl_typesupport_fastrtps_c/gkv2_motor_bridge/msg/detail/navigation_status__type_support_c.cpp.o[0m
[3.141s] [ 68%] Built target gkv2_motor_bridge__rosidl_typesupport_introspection_c
[3.147s] [ 69%] [32mBuilding CXX object CMakeFiles/gkv2_motor_bridge__rosidl_typesupport_fastrtps_c.dir/rosidl_typesupport_fastrtps_c/gkv2_motor_bridge/msg/detail/gkv2_config_status__type_support_c.cpp.o[0m
[3.341s] [ 71%] [32m[1mLinking CXX shared library libgkv2_motor_bridge__rosidl_typesupport_cpp.so[0m
[3.394s] [ 71%] Built target gkv2_motor_bridge__rosidl_typesupport_cpp
[3.419s] [ 72%] [32m[1mLinking CXX shared library libgkv2_motor_bridge__rosidl_typesupport_introspection_cpp.so[0m
[3.421s] [ 73%] [32mBuilding CXX object CMakeFiles/gkv2_config_node.dir/src/gkv2_config_node.cpp.o[0m
[3.438s] [ 75%] [32mBuilding CXX object CMakeFiles/navigation_fusion_node.dir/src/navigation_fusion_node.cpp.o[0m
[3.468s] [ 76%] [32mBuilding CXX object CMakeFiles/gkv2_nav_parser_node.dir/src/gkv2_nav_parser_node.cpp.o[0m
[3.500s] [ 76%] Built target gkv2_motor_bridge__rosidl_typesupport_introspection_cpp
[3.808s] [ 78%] [32m[1mLinking CXX shared library libgkv2_motor_bridge__rosidl_typesupport_fastrtps_cpp.so[0m
[3.837s] [ 79%] [32m[1mLinking CXX shared library libgkv2_motor_bridge__rosidl_typesupport_fastrtps_c.so[0m
[3.880s] [ 79%] Built target gkv2_motor_bridge__rosidl_typesupport_fastrtps_cpp
[3.906s] [ 79%] Built target gkv2_motor_bridge__rosidl_typesupport_fastrtps_c
[3.928s] [ 79%] Built target gkv2_motor_bridge
[3.946s] [ 81%] [34m[1mGenerating Python code for ROS interfaces[0m
[5.027s] [ 81%] Built target gkv2_motor_bridge__py
[5.050s] [ 82%] [32mBuilding C object CMakeFiles/gkv2_motor_bridge__rosidl_generator_py.dir/rosidl_generator_py/gkv2_motor_bridge/msg/_navigation_status_s.c.o[0m
[5.050s] [ 84%] [32mBuilding C object CMakeFiles/gkv2_motor_bridge__rosidl_generator_py.dir/rosidl_generator_py/gkv2_motor_bridge/msg/_gkv2_status_s.c.o[0m
[5.050s] [ 85%] [32mBuilding C object CMakeFiles/gkv2_motor_bridge__rosidl_generator_py.dir/rosidl_generator_py/gkv2_motor_bridge/msg/_gkv2_config_status_s.c.o[0m
[5.197s] [ 86%] [32m[1mLinking C shared library libgkv2_motor_bridge__rosidl_generator_py.so[0m
[5.235s] [ 86%] Built target gkv2_motor_bridge__rosidl_generator_py
[5.255s] [ 88%] [32mBuilding C object CMakeFiles/gkv2_motor_bridge_s__rosidl_typesupport_introspection_c.dir/rosidl_generator_py/gkv2_motor_bridge/_gkv2_motor_bridge_s.ep.rosidl_typesupport_introspection_c.c.o[0m
[5.255s] [ 89%] [32mBuilding C object CMakeFiles/gkv2_motor_bridge_s__rosidl_typesupport_c.dir/rosidl_generator_py/gkv2_motor_bridge/_gkv2_motor_bridge_s.ep.rosidl_typesupport_c.c.o[0m
[5.257s] [ 91%] [32mBuilding C object CMakeFiles/gkv2_motor_bridge_s__rosidl_typesupport_fastrtps_c.dir/rosidl_generator_py/gkv2_motor_bridge/_gkv2_motor_bridge_s.ep.rosidl_typesupport_fastrtps_c.c.o[0m
[5.329s] [ 92%] [32m[1mLinking C shared module rosidl_generator_py/gkv2_motor_bridge/gkv2_motor_bridge_s__rosidl_typesupport_c.so[0m
[5.330s] [ 94%] [32m[1mLinking C shared module rosidl_generator_py/gkv2_motor_bridge/gkv2_motor_bridge_s__rosidl_typesupport_introspection_c.so[0m
[5.336s] [ 95%] [32m[1mLinking C shared module rosidl_generator_py/gkv2_motor_bridge/gkv2_motor_bridge_s__rosidl_typesupport_fastrtps_c.so[0m
[5.353s] [ 95%] Built target gkv2_motor_bridge_s__rosidl_typesupport_introspection_c
[5.353s] [ 95%] Built target gkv2_motor_bridge_s__rosidl_typesupport_c
[5.361s] [ 95%] Built target gkv2_motor_bridge_s__rosidl_typesupport_fastrtps_c
[6.099s] [01m[K/home/nockorn/robokross_ws/src/gkv2_motor_bridge/src/gkv2_config_node.cpp:[m[K In member function ‘[01m[Kbool GKV2ConfigNode::[01;32m[Ksend_and_receive[m[K(const std::vector<unsigned char, std::allocator<unsigned char> >&, uint8_t, int, std::vector<unsigned char, std::allocator<unsigned char> >*)[m[K’:
[6.099s] [01m[K/home/nockorn/robokross_ws/src/gkv2_motor_bridge/src/gkv2_config_node.cpp:314:72:[m[K [01;31m[Kerror: [m[K‘[01m[Kread_timeout[m[K’ is not a member of ‘[01m[Kboost::asio::serial_port_base[m[K’
[6.099s]   314 |                 serial_port_.set_option(boost::asio::serial_port_base::[01;31m[Kread_timeout[m[K(
[6.099s]       |                                                                        [01;31m[K^~~~~~~~~~~~[m[K
[7.235s] gmake[2]: *** [CMakeFiles/gkv2_config_node.dir/build.make:76: CMakeFiles/gkv2_config_node.dir/src/gkv2_config_node.cpp.o] Ошибка 1
[7.235s] gmake[1]: *** [CMakeFiles/Makefile2:816: CMakeFiles/gkv2_config_node.dir/all] Ошибка 2
[7.235s] gmake[1]: *** Ожидание завершения заданий…
[11.418s] [ 97%] [32m[1mLinking CXX executable gkv2_nav_parser_node[0m
[11.526s] [ 97%] Built target gkv2_nav_parser_node
[16.925s] [ 98%] [32m[1mLinking CXX executable navigation_fusion_node[0m
[17.072s] [ 98%] Built target navigation_fusion_node
[17.073s] gmake: *** [Makefile:146: all] Ошибка 2
[17.075s] Invoked command in '/home/nockorn/robokross_ws/build/gkv2_motor_bridge' returned '2': CMAKE_PREFIX_PATH=${CMAKE_PREFIX_PATH}:/opt/ros/jazzy DEBUGINFOD_URLS=https://debuginfod.ubuntu.com /usr/bin/cmake --build /home/nockorn/robokross_ws/build/gkv2_motor_bridge -- -j12 -l12
