-- The C compiler identification is GNU 13.3.0
-- The CXX compiler identification is GNU 13.3.0
-- Detecting C compiler ABI info
-- Detecting C compiler ABI info - done
-- Check for working C compiler: /usr/bin/cc - skipped
-- Detecting C compile features
-- Detecting C compile features - done
-- Detecting CXX compiler ABI info
-- Detecting CXX compiler ABI info - done
-- Check for working CXX compiler: /usr/bin/c++ - skipped
-- Detecting CXX compile features
-- Detecting CXX compile features - done
-- Found ament_cmake: 2.5.6 (/opt/ros/jazzy/share/ament_cmake/cmake)
-- Found Python3: /usr/bin/python3 (found version "3.12.3") found components: Interpreter 
-- Override CMake install command with custom implementation using symlinks instead of copying resources
-- Found rclcpp: 28.1.18 (/opt/ros/jazzy/share/rclcpp/cmake)
-- Found rosidl_generator_c: 4.6.7 (/opt/ros/jazzy/share/rosidl_generator_c/cmake)
-- Found rosidl_generator_cpp: 4.6.7 (/opt/ros/jazzy/share/rosidl_generator_cpp/cmake)
-- Using all available rosidl_typesupport_c: rosidl_typesupport_fastrtps_c;rosidl_typesupport_introspection_c
-- Using all available rosidl_typesupport_cpp: rosidl_typesupport_fastrtps_cpp;rosidl_typesupport_introspection_cpp
-- Found rmw_implementation_cmake: 7.3.3 (/opt/ros/jazzy/share/rmw_implementation_cmake/cmake)
-- Found rmw_fastrtps_cpp: 8.4.3 (/opt/ros/jazzy/share/rmw_fastrtps_cpp/cmake)
-- Found OpenSSL: /usr/lib/x86_64-linux-gnu/libcrypto.so (found version "3.0.13")  
-- Found FastRTPS: /opt/ros/jazzy/include (Required is at least version "2.13") 
-- Using RMW implementation 'rmw_fastrtps_cpp' as default
-- Found geometry_msgs: 5.3.7 (/opt/ros/jazzy/share/geometry_msgs/cmake)
-- Found sensor_msgs: 5.3.7 (/opt/ros/jazzy/share/sensor_msgs/cmake)
-- Found nav_msgs: 5.3.7 (/opt/ros/jazzy/share/nav_msgs/cmake)
-- Found Boost: /usr/lib/x86_64-linux-gnu/cmake/Boost-1.83.0/BoostConfig.cmake (found version "1.83.0") found components: system 
-- Found rosidl_default_generators: 1.6.0 (/opt/ros/jazzy/share/rosidl_default_generators/cmake)
-- Found rosidl_adapter: 4.6.7 (/opt/ros/jazzy/share/rosidl_adapter/cmake)
-- Found ament_cmake_ros: 0.12.0 (/opt/ros/jazzy/share/ament_cmake_ros/cmake)
-- Using all available rosidl_typesupport_c: rosidl_typesupport_fastrtps_c;rosidl_typesupport_introspection_c
-- Using all available rosidl_typesupport_cpp: rosidl_typesupport_fastrtps_cpp;rosidl_typesupport_introspection_cpp
-- Found python_cmake_module: 0.11.1 (/opt/ros/jazzy/share/python_cmake_module/cmake)
-- Found PythonExtra: /usr/bin/python3  
-- Found Python3: /usr/bin/python3 (found version "3.12.3") found components: Interpreter Development NumPy Development.Module Development.Embed 
-- Found Python3: /usr/bin/python3 (found version "3.12.3") found components: Interpreter 
-- Configuring done (2.6s)
-- Generating done (0.0s)
-- Build files have been written to: /home/nockorn/robokross_ws/build/gkv2_motor_bridge
[  1%] [34m[1mGenerating Rust code for ROS interfaces[0m
[  3%] [34m[1mGenerating type hashes for ROS interfaces[0m
[  5%] [32mBuilding CXX object CMakeFiles/gkv2_driver_node.dir/src/gkv2_driver_node.cpp.o[0m
[  7%] [32mBuilding CXX object CMakeFiles/odometer_node.dir/src/odometer_node.cpp.o[0m
[  8%] [32mBuilding CXX object CMakeFiles/navigation_controller_node.dir/src/navigation_controller_node.cpp.o[0m
[ 10%] [32mBuilding CXX object CMakeFiles/cmd_vel_bridge_node.dir/src/cmd_vel_bridge_node.cpp.o[0m
[ 10%] Built target ament_cmake_python_symlink_gkv2_motor_bridge
running egg_info
creating gkv2_motor_bridge.egg-info
writing gkv2_motor_bridge.egg-info/PKG-INFO
writing dependency_links to gkv2_motor_bridge.egg-info/dependency_links.txt
writing top-level names to gkv2_motor_bridge.egg-info/top_level.txt
writing manifest file 'gkv2_motor_bridge.egg-info/SOURCES.txt'
reading manifest file 'gkv2_motor_bridge.egg-info/SOURCES.txt'
writing manifest file 'gkv2_motor_bridge.egg-info/SOURCES.txt'
[ 10%] Built target gkv2_motor_bridge__rs
[ 10%] Built target ament_cmake_python_build_gkv2_motor_bridge_egg
[ 10%] Built target gkv2_motor_bridge__rosidl_generator_type_description
[ 12%] [34m[1mGenerating C code for ROS interfaces[0m
[ 14%] [34m[1mGenerating C++ code for ROS interfaces[0m
[ 14%] Built target gkv2_motor_bridge__cpp
[ 15%] [32mBuilding C object CMakeFiles/gkv2_motor_bridge__rosidl_generator_c.dir/rosidl_generator_c/gkv2_motor_bridge/msg/detail/navigation_status__functions.c.o[0m
[ 19%] [32mBuilding C object CMakeFiles/gkv2_motor_bridge__rosidl_generator_c.dir/rosidl_generator_c/gkv2_motor_bridge/msg/detail/gkv2_status__functions.c.o[0m
[ 21%] [32mBuilding C object CMakeFiles/gkv2_motor_bridge__rosidl_generator_c.dir/rosidl_generator_c/gkv2_motor_bridge/msg/detail/navigation_status__description.c.o[0m
[ 21%] [32mBuilding C object CMakeFiles/gkv2_motor_bridge__rosidl_generator_c.dir/rosidl_generator_c/gkv2_motor_bridge/msg/detail/gkv2_status__description.c.o[0m
[ 22%] [32mBuilding C object CMakeFiles/gkv2_motor_bridge__rosidl_generator_c.dir/rosidl_generator_c/gkv2_motor_bridge/msg/detail/navigation_status__type_support.c.o[0m
[ 24%] [32mBuilding C object CMakeFiles/gkv2_motor_bridge__rosidl_generator_c.dir/rosidl_generator_c/gkv2_motor_bridge/msg/detail/gkv2_status__type_support.c.o[0m
[ 26%] [32m[1mLinking C shared library libgkv2_motor_bridge__rosidl_generator_c.so[0m
[ 26%] Built target gkv2_motor_bridge__rosidl_generator_c
[ 33%] [34m[1mGenerating C++ introspection for ROS interfaces[0m
[ 33%] [34m[1mGenerating C introspection for ROS interfaces[0m
[ 33%] [34m[1mGenerating C type support for eProsima Fast-RTPS[0m
[ 33%] [34m[1mGenerating C++ type support for eProsima Fast-RTPS[0m
[ 35%] [34m[1mGenerating C type support dispatch for ROS interfaces[0m
[ 36%] [34m[1mGenerating C++ type support dispatch for ROS interfaces[0m
[ 38%] [32mBuilding CXX object CMakeFiles/gkv2_motor_bridge__rosidl_typesupport_cpp.dir/rosidl_typesupport_cpp/gkv2_motor_bridge/msg/navigation_status__type_support.cpp.o[0m
[ 40%] [32mBuilding CXX object CMakeFiles/gkv2_motor_bridge__rosidl_typesupport_cpp.dir/rosidl_typesupport_cpp/gkv2_motor_bridge/msg/gkv2_status__type_support.cpp.o[0m
[ 43%] [32mBuilding CXX object CMakeFiles/gkv2_motor_bridge__rosidl_typesupport_c.dir/rosidl_typesupport_c/gkv2_motor_bridge/msg/gkv2_status__type_support.cpp.o[0m
[ 43%] [32mBuilding CXX object CMakeFiles/gkv2_motor_bridge__rosidl_typesupport_c.dir/rosidl_typesupport_c/gkv2_motor_bridge/msg/navigation_status__type_support.cpp.o[0m
[ 45%] [32mBuilding CXX object CMakeFiles/gkv2_motor_bridge__rosidl_typesupport_fastrtps_cpp.dir/rosidl_typesupport_fastrtps_cpp/gkv2_motor_bridge/msg/detail/dds_fastrtps/gkv2_status__type_support.cpp.o[0m
[ 47%] [32mBuilding CXX object CMakeFiles/gkv2_motor_bridge__rosidl_typesupport_introspection_cpp.dir/rosidl_typesupport_introspection_cpp/gkv2_motor_bridge/msg/detail/gkv2_status__type_support.cpp.o[0m
[ 49%] [32mBuilding CXX object CMakeFiles/gkv2_motor_bridge__rosidl_typesupport_introspection_cpp.dir/rosidl_typesupport_introspection_cpp/gkv2_motor_bridge/msg/detail/navigation_status__type_support.cpp.o[0m
[ 50%] [32mBuilding CXX object CMakeFiles/gkv2_motor_bridge__rosidl_typesupport_fastrtps_c.dir/rosidl_typesupport_fastrtps_c/gkv2_motor_bridge/msg/detail/gkv2_status__type_support_c.cpp.o[0m
[ 52%] [32mBuilding C object CMakeFiles/gkv2_motor_bridge__rosidl_typesupport_introspection_c.dir/rosidl_typesupport_introspection_c/gkv2_motor_bridge/msg/detail/gkv2_status__type_support.c.o[0m
[ 54%] [32m[1mLinking CXX shared library libgkv2_motor_bridge__rosidl_typesupport_c.so[0m
[ 56%] [32mBuilding C object CMakeFiles/gkv2_motor_bridge__rosidl_typesupport_introspection_c.dir/rosidl_typesupport_introspection_c/gkv2_motor_bridge/msg/detail/navigation_status__type_support.c.o[0m
[ 56%] Built target gkv2_motor_bridge__rosidl_typesupport_c
[ 59%] [32mBuilding CXX object CMakeFiles/gkv2_motor_bridge__rosidl_typesupport_fastrtps_cpp.dir/rosidl_typesupport_fastrtps_cpp/gkv2_motor_bridge/msg/detail/dds_fastrtps/navigation_status__type_support.cpp.o[0m
[ 57%] [32m[1mLinking C shared library libgkv2_motor_bridge__rosidl_typesupport_introspection_c.so[0m
[ 59%] Built target gkv2_motor_bridge__rosidl_typesupport_introspection_c
[ 61%] [32mBuilding CXX object CMakeFiles/gkv2_motor_bridge__rosidl_typesupport_fastrtps_c.dir/rosidl_typesupport_fastrtps_c/gkv2_motor_bridge/msg/detail/navigation_status__type_support_c.cpp.o[0m
[ 63%] [32m[1mLinking CXX shared library libgkv2_motor_bridge__rosidl_typesupport_cpp.so[0m
[ 63%] Built target gkv2_motor_bridge__rosidl_typesupport_cpp
[ 64%] [32mBuilding CXX object CMakeFiles/gkv2_nav_parser_node.dir/src/gkv2_nav_parser_node.cpp.o[0m
[ 66%] [32mBuilding CXX object CMakeFiles/navigation_fusion_node.dir/src/navigation_fusion_node.cpp.o[0m
[ 68%] [32m[1mLinking CXX shared library libgkv2_motor_bridge__rosidl_typesupport_introspection_cpp.so[0m
[ 68%] Built target gkv2_motor_bridge__rosidl_typesupport_introspection_cpp
[ 70%] [32m[1mLinking CXX shared library libgkv2_motor_bridge__rosidl_typesupport_fastrtps_cpp.so[0m
[ 71%] [32m[1mLinking CXX shared library libgkv2_motor_bridge__rosidl_typesupport_fastrtps_c.so[0m
[ 71%] Built target gkv2_motor_bridge__rosidl_typesupport_fastrtps_cpp
[ 71%] Built target gkv2_motor_bridge__rosidl_typesupport_fastrtps_c
[ 71%] Built target gkv2_motor_bridge
[ 73%] [34m[1mGenerating Python code for ROS interfaces[0m
[ 73%] Built target gkv2_motor_bridge__py
[ 77%] [32mBuilding C object CMakeFiles/gkv2_motor_bridge__rosidl_generator_py.dir/rosidl_generator_py/gkv2_motor_bridge/msg/_navigation_status_s.c.o[0m
[ 77%] [32mBuilding C object CMakeFiles/gkv2_motor_bridge__rosidl_generator_py.dir/rosidl_generator_py/gkv2_motor_bridge/msg/_gkv2_status_s.c.o[0m
[ 78%] [32m[1mLinking C shared library libgkv2_motor_bridge__rosidl_generator_py.so[0m
[ 78%] Built target gkv2_motor_bridge__rosidl_generator_py
[ 80%] [32mBuilding C object CMakeFiles/gkv2_motor_bridge_s__rosidl_typesupport_fastrtps_c.dir/rosidl_generator_py/gkv2_motor_bridge/_gkv2_motor_bridge_s.ep.rosidl_typesupport_fastrtps_c.c.o[0m
[ 82%] [32mBuilding C object CMakeFiles/gkv2_motor_bridge_s__rosidl_typesupport_introspection_c.dir/rosidl_generator_py/gkv2_motor_bridge/_gkv2_motor_bridge_s.ep.rosidl_typesupport_introspection_c.c.o[0m
[ 84%] [32mBuilding C object CMakeFiles/gkv2_motor_bridge_s__rosidl_typesupport_c.dir/rosidl_generator_py/gkv2_motor_bridge/_gkv2_motor_bridge_s.ep.rosidl_typesupport_c.c.o[0m
[ 85%] [32m[1mLinking C shared module rosidl_generator_py/gkv2_motor_bridge/gkv2_motor_bridge_s__rosidl_typesupport_introspection_c.so[0m
[ 87%] [32m[1mLinking C shared module rosidl_generator_py/gkv2_motor_bridge/gkv2_motor_bridge_s__rosidl_typesupport_c.so[0m
[ 89%] [32m[1mLinking C shared module rosidl_generator_py/gkv2_motor_bridge/gkv2_motor_bridge_s__rosidl_typesupport_fastrtps_c.so[0m
[ 89%] Built target gkv2_motor_bridge_s__rosidl_typesupport_introspection_c
[ 89%] Built target gkv2_motor_bridge_s__rosidl_typesupport_c
[ 89%] Built target gkv2_motor_bridge_s__rosidl_typesupport_fastrtps_c
[ 91%] [32m[1mLinking CXX executable gkv2_driver_node[0m
[ 91%] Built target gkv2_driver_node
[ 92%] [32m[1mLinking CXX executable navigation_controller_node[0m
[ 92%] Built target navigation_controller_node
[ 94%] [32m[1mLinking CXX executable odometer_node[0m
[ 94%] Built target odometer_node
[ 96%] [32m[1mLinking CXX executable gkv2_nav_parser_node[0m
[ 96%] Built target gkv2_nav_parser_node
[ 98%] [32m[1mLinking CXX executable cmd_vel_bridge_node[0m
[ 98%] Built target cmd_vel_bridge_node
[100%] [32m[1mLinking CXX executable navigation_fusion_node[0m
[100%] Built target navigation_fusion_node
-- Install configuration: ""
-- Execute custom install script
-- Symlinking: /home/nockorn/robokross_ws/install/gkv2_motor_bridge/share/ament_index/resource_index/rosidl_interfaces/gkv2_motor_bridge
-- Symlinking: /home/nockorn/robokross_ws/install/gkv2_motor_bridge/share/gkv2_motor_bridge/msg/GKV2Status.json
-- Symlinking: /home/nockorn/robokross_ws/install/gkv2_motor_bridge/share/gkv2_motor_bridge/msg/NavigationStatus.json
-- Symlinking: /home/nockorn/robokross_ws/install/gkv2_motor_bridge/include/gkv2_motor_bridge/gkv2_motor_bridge/msg/detail/gkv2_status__functions.h
-- Symlinking: /home/nockorn/robokross_ws/install/gkv2_motor_bridge/include/gkv2_motor_bridge/gkv2_motor_bridge/msg/detail/gkv2_status__struct.h
-- Symlinking: /home/nockorn/robokross_ws/install/gkv2_motor_bridge/include/gkv2_motor_bridge/gkv2_motor_bridge/msg/detail/gkv2_status__type_support.h
-- Symlinking: /home/nockorn/robokross_ws/install/gkv2_motor_bridge/include/gkv2_motor_bridge/gkv2_motor_bridge/msg/detail/navigation_status__functions.h
-- Symlinking: /home/nockorn/robokross_ws/install/gkv2_motor_bridge/include/gkv2_motor_bridge/gkv2_motor_bridge/msg/detail/navigation_status__struct.h
-- Symlinking: /home/nockorn/robokross_ws/install/gkv2_motor_bridge/include/gkv2_motor_bridge/gkv2_motor_bridge/msg/detail/navigation_status__type_support.h
-- Symlinking: /home/nockorn/robokross_ws/install/gkv2_motor_bridge/include/gkv2_motor_bridge/gkv2_motor_bridge/msg/gkv2_status.h
-- Symlinking: /home/nockorn/robokross_ws/install/gkv2_motor_bridge/include/gkv2_motor_bridge/gkv2_motor_bridge/msg/navigation_status.h
-- Symlinking: /home/nockorn/robokross_ws/install/gkv2_motor_bridge/include/gkv2_motor_bridge/gkv2_motor_bridge/msg/rosidl_generator_c__visibility_control.h
-- Symlinking: /home/nockorn/robokross_ws/install/gkv2_motor_bridge/share/gkv2_motor_bridge/environment/library_path.sh
-- Symlinking: /home/nockorn/robokross_ws/install/gkv2_motor_bridge/share/gkv2_motor_bridge/environment/library_path.dsv
-- Symlinking: /home/nockorn/robokross_ws/install/gkv2_motor_bridge/include/gkv2_motor_bridge/gkv2_motor_bridge/msg/detail/gkv2_status__rosidl_typesupport_fastrtps_c.h
-- Symlinking: /home/nockorn/robokross_ws/install/gkv2_motor_bridge/include/gkv2_motor_bridge/gkv2_motor_bridge/msg/detail/navigation_status__rosidl_typesupport_fastrtps_c.h
-- Symlinking: /home/nockorn/robokross_ws/install/gkv2_motor_bridge/include/gkv2_motor_bridge/gkv2_motor_bridge/msg/rosidl_typesupport_fastrtps_c__visibility_control.h
-- Symlinking: /home/nockorn/robokross_ws/install/gkv2_motor_bridge/include/gkv2_motor_bridge/gkv2_motor_bridge/msg/detail/gkv2_status__builder.hpp
-- Symlinking: /home/nockorn/robokross_ws/install/gkv2_motor_bridge/include/gkv2_motor_bridge/gkv2_motor_bridge/msg/detail/gkv2_status__struct.hpp
-- Symlinking: /home/nockorn/robokross_ws/install/gkv2_motor_bridge/include/gkv2_motor_bridge/gkv2_motor_bridge/msg/detail/gkv2_status__traits.hpp
-- Symlinking: /home/nockorn/robokross_ws/install/gkv2_motor_bridge/include/gkv2_motor_bridge/gkv2_motor_bridge/msg/detail/gkv2_status__type_support.hpp
-- Symlinking: /home/nockorn/robokross_ws/install/gkv2_motor_bridge/include/gkv2_motor_bridge/gkv2_motor_bridge/msg/detail/navigation_status__builder.hpp
-- Symlinking: /home/nockorn/robokross_ws/install/gkv2_motor_bridge/include/gkv2_motor_bridge/gkv2_motor_bridge/msg/detail/navigation_status__struct.hpp
-- Symlinking: /home/nockorn/robokross_ws/install/gkv2_motor_bridge/include/gkv2_motor_bridge/gkv2_motor_bridge/msg/detail/navigation_status__traits.hpp
-- Symlinking: /home/nockorn/robokross_ws/install/gkv2_motor_bridge/include/gkv2_motor_bridge/gkv2_motor_bridge/msg/detail/navigation_status__type_support.hpp
-- Symlinking: /home/nockorn/robokross_ws/install/gkv2_motor_bridge/include/gkv2_motor_bridge/gkv2_motor_bridge/msg/gkv2_status.hpp
-- Symlinking: /home/nockorn/robokross_ws/install/gkv2_motor_bridge/include/gkv2_motor_bridge/gkv2_motor_bridge/msg/navigation_status.hpp
-- Symlinking: /home/nockorn/robokross_ws/install/gkv2_motor_bridge/include/gkv2_motor_bridge/gkv2_motor_bridge/msg/rosidl_generator_cpp__visibility_control.hpp
-- Symlinking: /home/nockorn/robokross_ws/install/gkv2_motor_bridge/include/gkv2_motor_bridge/gkv2_motor_bridge/msg/detail/gkv2_status__rosidl_typesupport_fastrtps_cpp.hpp
-- Symlinking: /home/nockorn/robokross_ws/install/gkv2_motor_bridge/include/gkv2_motor_bridge/gkv2_motor_bridge/msg/detail/navigation_status__rosidl_typesupport_fastrtps_cpp.hpp
-- Symlinking: /home/nockorn/robokross_ws/install/gkv2_motor_bridge/include/gkv2_motor_bridge/gkv2_motor_bridge/msg/rosidl_typesupport_fastrtps_cpp__visibility_control.h
-- Symlinking: /home/nockorn/robokross_ws/install/gkv2_motor_bridge/include/gkv2_motor_bridge/gkv2_motor_bridge/msg/detail/gkv2_status__rosidl_typesupport_introspection_c.h
-- Symlinking: /home/nockorn/robokross_ws/install/gkv2_motor_bridge/include/gkv2_motor_bridge/gkv2_motor_bridge/msg/detail/navigation_status__rosidl_typesupport_introspection_c.h
-- Symlinking: /home/nockorn/robokross_ws/install/gkv2_motor_bridge/include/gkv2_motor_bridge/gkv2_motor_bridge/msg/rosidl_typesupport_introspection_c__visibility_control.h
-- Symlinking: /home/nockorn/robokross_ws/install/gkv2_motor_bridge/include/gkv2_motor_bridge/gkv2_motor_bridge/msg/detail/gkv2_status__rosidl_typesupport_introspection_cpp.hpp
-- Symlinking: /home/nockorn/robokross_ws/install/gkv2_motor_bridge/include/gkv2_motor_bridge/gkv2_motor_bridge/msg/detail/navigation_status__rosidl_typesupport_introspection_cpp.hpp
-- Symlinking: /home/nockorn/robokross_ws/install/gkv2_motor_bridge/share/gkv2_motor_bridge/environment/pythonpath.sh
-- Symlinking: /home/nockorn/robokross_ws/install/gkv2_motor_bridge/share/gkv2_motor_bridge/environment/pythonpath.dsv
-- Symlinking: /home/nockorn/robokross_ws/install/gkv2_motor_bridge/lib/python3.12/site-packages/gkv2_motor_bridge-0.0.1-py3.12.egg-info/PKG-INFO
-- Symlinking: /home/nockorn/robokross_ws/install/gkv2_motor_bridge/lib/python3.12/site-packages/gkv2_motor_bridge-0.0.1-py3.12.egg-info/SOURCES.txt
-- Symlinking: /home/nockorn/robokross_ws/install/gkv2_motor_bridge/lib/python3.12/site-packages/gkv2_motor_bridge-0.0.1-py3.12.egg-info/dependency_links.txt
-- Symlinking: /home/nockorn/robokross_ws/install/gkv2_motor_bridge/lib/python3.12/site-packages/gkv2_motor_bridge-0.0.1-py3.12.egg-info/top_level.txt
-- Symlinking: /home/nockorn/robokross_ws/install/gkv2_motor_bridge/lib/python3.12/site-packages/gkv2_motor_bridge/__init__.py
-- Symlinking: /home/nockorn/robokross_ws/install/gkv2_motor_bridge/lib/python3.12/site-packages/gkv2_motor_bridge/_gkv2_motor_bridge_s.ep.rosidl_typesupport_c.c
-- Symlinking: /home/nockorn/robokross_ws/install/gkv2_motor_bridge/lib/python3.12/site-packages/gkv2_motor_bridge/_gkv2_motor_bridge_s.ep.rosidl_typesupport_fastrtps_c.c
-- Symlinking: /home/nockorn/robokross_ws/install/gkv2_motor_bridge/lib/python3.12/site-packages/gkv2_motor_bridge/_gkv2_motor_bridge_s.ep.rosidl_typesupport_introspection_c.c
-- Symlinking: /home/nockorn/robokross_ws/install/gkv2_motor_bridge/lib/python3.12/site-packages/gkv2_motor_bridge/gkv2_motor_bridge_s__rosidl_typesupport_c.so
-- Symlinking: /home/nockorn/robokross_ws/install/gkv2_motor_bridge/lib/python3.12/site-packages/gkv2_motor_bridge/gkv2_motor_bridge_s__rosidl_typesupport_fastrtps_c.so
-- Symlinking: /home/nockorn/robokross_ws/install/gkv2_motor_bridge/lib/python3.12/site-packages/gkv2_motor_bridge/gkv2_motor_bridge_s__rosidl_typesupport_introspection_c.so
-- Symlinking: /home/nockorn/robokross_ws/install/gkv2_motor_bridge/lib/python3.12/site-packages/gkv2_motor_bridge/msg/__init__.py
-- Symlinking: /home/nockorn/robokross_ws/install/gkv2_motor_bridge/lib/python3.12/site-packages/gkv2_motor_bridge/msg/_gkv2_status.py
-- Symlinking: /home/nockorn/robokross_ws/install/gkv2_motor_bridge/lib/python3.12/site-packages/gkv2_motor_bridge/msg/_gkv2_status_s.c
-- Symlinking: /home/nockorn/robokross_ws/install/gkv2_motor_bridge/lib/python3.12/site-packages/gkv2_motor_bridge/msg/_navigation_status.py
-- Symlinking: /home/nockorn/robokross_ws/install/gkv2_motor_bridge/lib/python3.12/site-packages/gkv2_motor_bridge/msg/_navigation_status_s.c
-- Up-to-date symlink: /home/nockorn/robokross_ws/install/gkv2_motor_bridge/lib/python3.12/site-packages/gkv2_motor_bridge/gkv2_motor_bridge_s__rosidl_typesupport_fastrtps_c.so
-- Up-to-date symlink: /home/nockorn/robokross_ws/install/gkv2_motor_bridge/lib/python3.12/site-packages/gkv2_motor_bridge/gkv2_motor_bridge_s__rosidl_typesupport_introspection_c.so
-- Up-to-date symlink: /home/nockorn/robokross_ws/install/gkv2_motor_bridge/lib/python3.12/site-packages/gkv2_motor_bridge/gkv2_motor_bridge_s__rosidl_typesupport_c.so
-- Symlinking: /home/nockorn/robokross_ws/install/gkv2_motor_bridge/share/ament_index/resource_index/rust_packages/gkv2_motor_bridge
-- Symlinking: /home/nockorn/robokross_ws/install/gkv2_motor_bridge/share/gkv2_motor_bridge/rust/Cargo.toml
-- Symlinking: /home/nockorn/robokross_ws/install/gkv2_motor_bridge/share/gkv2_motor_bridge/rust/build.rs
-- Symlinking: /home/nockorn/robokross_ws/install/gkv2_motor_bridge/share/gkv2_motor_bridge/rust/src/lib.rs
-- Symlinking: /home/nockorn/robokross_ws/install/gkv2_motor_bridge/share/gkv2_motor_bridge/rust/src/msg.rs
-- Symlinking: /home/nockorn/robokross_ws/install/gkv2_motor_bridge/share/gkv2_motor_bridge/rust/src/msg/rmw.rs
-- Symlinking: /home/nockorn/robokross_ws/install/gkv2_motor_bridge/share/gkv2_motor_bridge/msg/GKV2Status.idl
-- Symlinking: /home/nockorn/robokross_ws/install/gkv2_motor_bridge/share/gkv2_motor_bridge/msg/NavigationStatus.idl
-- Symlinking: /home/nockorn/robokross_ws/install/gkv2_motor_bridge/share/gkv2_motor_bridge/msg/GKV2Status.msg
-- Symlinking: /home/nockorn/robokross_ws/install/gkv2_motor_bridge/share/gkv2_motor_bridge/msg/NavigationStatus.msg
-- Symlinking: /home/nockorn/robokross_ws/install/gkv2_motor_bridge/lib/gkv2_motor_bridge/gkv2_driver_node
-- Symlinking: /home/nockorn/robokross_ws/install/gkv2_motor_bridge/lib/gkv2_motor_bridge/cmd_vel_bridge_node
-- Symlinking: /home/nockorn/robokross_ws/install/gkv2_motor_bridge/lib/gkv2_motor_bridge/gkv2_nav_parser_node
-- Symlinking: /home/nockorn/robokross_ws/install/gkv2_motor_bridge/lib/gkv2_motor_bridge/navigation_controller_node
-- Symlinking: /home/nockorn/robokross_ws/install/gkv2_motor_bridge/lib/gkv2_motor_bridge/navigation_fusion_node
-- Symlinking: /home/nockorn/robokross_ws/install/gkv2_motor_bridge/lib/gkv2_motor_bridge/odometer_node
-- Symlinking: /home/nockorn/robokross_ws/install/gkv2_motor_bridge/share/gkv2_motor_bridge/launch/main.launch.py
-- Symlinking: /home/nockorn/robokross_ws/install/gkv2_motor_bridge/share/gkv2_motor_bridge/config/params.yaml
-- Symlinking: /home/nockorn/robokross_ws/install/gkv2_motor_bridge/share/gkv2_motor_bridge/config/waypoints.yaml
-- Symlinking: /home/nockorn/robokross_ws/install/gkv2_motor_bridge/share/ament_index/resource_index/package_run_dependencies/gkv2_motor_bridge
-- Symlinking: /home/nockorn/robokross_ws/install/gkv2_motor_bridge/share/ament_index/resource_index/parent_prefix_path/gkv2_motor_bridge
-- Symlinking: /home/nockorn/robokross_ws/install/gkv2_motor_bridge/share/gkv2_motor_bridge/environment/ament_prefix_path.sh
-- Symlinking: /home/nockorn/robokross_ws/install/gkv2_motor_bridge/share/gkv2_motor_bridge/environment/ament_prefix_path.dsv
-- Symlinking: /home/nockorn/robokross_ws/install/gkv2_motor_bridge/share/gkv2_motor_bridge/environment/path.sh
-- Symlinking: /home/nockorn/robokross_ws/install/gkv2_motor_bridge/share/gkv2_motor_bridge/environment/path.dsv
-- Symlinking: /home/nockorn/robokross_ws/install/gkv2_motor_bridge/share/gkv2_motor_bridge/local_setup.bash
-- Symlinking: /home/nockorn/robokross_ws/install/gkv2_motor_bridge/share/gkv2_motor_bridge/local_setup.sh
-- Symlinking: /home/nockorn/robokross_ws/install/gkv2_motor_bridge/share/gkv2_motor_bridge/local_setup.zsh
-- Symlinking: /home/nockorn/robokross_ws/install/gkv2_motor_bridge/share/gkv2_motor_bridge/local_setup.dsv
-- Symlinking: /home/nockorn/robokross_ws/install/gkv2_motor_bridge/share/gkv2_motor_bridge/package.dsv
-- Symlinking: /home/nockorn/robokross_ws/install/gkv2_motor_bridge/share/ament_index/resource_index/packages/gkv2_motor_bridge
-- Symlinking: /home/nockorn/robokross_ws/install/gkv2_motor_bridge/share/gkv2_motor_bridge/cmake/rosidl_cmake-extras.cmake
-- Symlinking: /home/nockorn/robokross_ws/install/gkv2_motor_bridge/share/gkv2_motor_bridge/cmake/ament_cmake_export_dependencies-extras.cmake
-- Symlinking: /home/nockorn/robokross_ws/install/gkv2_motor_bridge/share/gkv2_motor_bridge/cmake/ament_cmake_export_include_directories-extras.cmake
-- Symlinking: /home/nockorn/robokross_ws/install/gkv2_motor_bridge/share/gkv2_motor_bridge/cmake/ament_cmake_export_libraries-extras.cmake
-- Symlinking: /home/nockorn/robokross_ws/install/gkv2_motor_bridge/share/gkv2_motor_bridge/cmake/ament_cmake_export_targets-extras.cmake
-- Symlinking: /home/nockorn/robokross_ws/install/gkv2_motor_bridge/share/gkv2_motor_bridge/cmake/rosidl_cmake_export_typesupport_targets-extras.cmake
-- Symlinking: /home/nockorn/robokross_ws/install/gkv2_motor_bridge/share/gkv2_motor_bridge/cmake/rosidl_cmake_export_typesupport_libraries-extras.cmake
-- Symlinking: /home/nockorn/robokross_ws/install/gkv2_motor_bridge/share/gkv2_motor_bridge/cmake/gkv2_motor_bridgeConfig.cmake
-- Symlinking: /home/nockorn/robokross_ws/install/gkv2_motor_bridge/share/gkv2_motor_bridge/cmake/gkv2_motor_bridgeConfig-version.cmake
-- Symlinking: /home/nockorn/robokross_ws/install/gkv2_motor_bridge/share/gkv2_motor_bridge/package.xml
-- Installing: /home/nockorn/robokross_ws/install/gkv2_motor_bridge/lib/libgkv2_motor_bridge__rosidl_generator_c.so
-- Set non-toolchain portion of runtime path of "/home/nockorn/robokross_ws/install/gkv2_motor_bridge/lib/libgkv2_motor_bridge__rosidl_generator_c.so" to ""
-- Installing: /home/nockorn/robokross_ws/install/gkv2_motor_bridge/lib/libgkv2_motor_bridge__rosidl_typesupport_fastrtps_c.so
-- Set non-toolchain portion of runtime path of "/home/nockorn/robokross_ws/install/gkv2_motor_bridge/lib/libgkv2_motor_bridge__rosidl_typesupport_fastrtps_c.so" to ""
-- Installing: /home/nockorn/robokross_ws/install/gkv2_motor_bridge/lib/libgkv2_motor_bridge__rosidl_typesupport_fastrtps_cpp.so
-- Set non-toolchain portion of runtime path of "/home/nockorn/robokross_ws/install/gkv2_motor_bridge/lib/libgkv2_motor_bridge__rosidl_typesupport_fastrtps_cpp.so" to ""
-- Installing: /home/nockorn/robokross_ws/install/gkv2_motor_bridge/lib/libgkv2_motor_bridge__rosidl_typesupport_introspection_c.so
-- Set non-toolchain portion of runtime path of "/home/nockorn/robokross_ws/install/gkv2_motor_bridge/lib/libgkv2_motor_bridge__rosidl_typesupport_introspection_c.so" to ""
-- Installing: /home/nockorn/robokross_ws/install/gkv2_motor_bridge/lib/libgkv2_motor_bridge__rosidl_typesupport_c.so
-- Set non-toolchain portion of runtime path of "/home/nockorn/robokross_ws/install/gkv2_motor_bridge/lib/libgkv2_motor_bridge__rosidl_typesupport_c.so" to ""
-- Installing: /home/nockorn/robokross_ws/install/gkv2_motor_bridge/lib/libgkv2_motor_bridge__rosidl_typesupport_introspection_cpp.so
-- Set non-toolchain portion of runtime path of "/home/nockorn/robokross_ws/install/gkv2_motor_bridge/lib/libgkv2_motor_bridge__rosidl_typesupport_introspection_cpp.so" to ""
-- Installing: /home/nockorn/robokross_ws/install/gkv2_motor_bridge/lib/libgkv2_motor_bridge__rosidl_typesupport_cpp.so
-- Set non-toolchain portion of runtime path of "/home/nockorn/robokross_ws/install/gkv2_motor_bridge/lib/libgkv2_motor_bridge__rosidl_typesupport_cpp.so" to ""
Listing '/home/nockorn/robokross_ws/install/gkv2_motor_bridge/lib/python3.12/site-packages/gkv2_motor_bridge'...
Compiling '/home/nockorn/robokross_ws/install/gkv2_motor_bridge/lib/python3.12/site-packages/gkv2_motor_bridge/__init__.py'...
Listing '/home/nockorn/robokross_ws/install/gkv2_motor_bridge/lib/python3.12/site-packages/gkv2_motor_bridge/msg'...
Compiling '/home/nockorn/robokross_ws/install/gkv2_motor_bridge/lib/python3.12/site-packages/gkv2_motor_bridge/msg/__init__.py'...
Compiling '/home/nockorn/robokross_ws/install/gkv2_motor_bridge/lib/python3.12/site-packages/gkv2_motor_bridge/msg/_gkv2_status.py'...
Compiling '/home/nockorn/robokross_ws/install/gkv2_motor_bridge/lib/python3.12/site-packages/gkv2_motor_bridge/msg/_navigation_status.py'...
-- Installing: /home/nockorn/robokross_ws/install/gkv2_motor_bridge/lib/libgkv2_motor_bridge__rosidl_generator_py.so
-- Set non-toolchain portion of runtime path of "/home/nockorn/robokross_ws/install/gkv2_motor_bridge/lib/libgkv2_motor_bridge__rosidl_generator_py.so" to ""
-- Installing: /home/nockorn/robokross_ws/install/gkv2_motor_bridge/share/gkv2_motor_bridge/cmake/export_gkv2_motor_bridge__rosidl_generator_cExport.cmake
-- Installing: /home/nockorn/robokross_ws/install/gkv2_motor_bridge/share/gkv2_motor_bridge/cmake/export_gkv2_motor_bridge__rosidl_generator_cExport-noconfig.cmake
-- Installing: /home/nockorn/robokross_ws/install/gkv2_motor_bridge/share/gkv2_motor_bridge/cmake/export_gkv2_motor_bridge__rosidl_typesupport_fastrtps_cExport.cmake
-- Installing: /home/nockorn/robokross_ws/install/gkv2_motor_bridge/share/gkv2_motor_bridge/cmake/export_gkv2_motor_bridge__rosidl_typesupport_fastrtps_cExport-noconfig.cmake
-- Installing: /home/nockorn/robokross_ws/install/gkv2_motor_bridge/share/gkv2_motor_bridge/cmake/export_gkv2_motor_bridge__rosidl_generator_cppExport.cmake
-- Installing: /home/nockorn/robokross_ws/install/gkv2_motor_bridge/share/gkv2_motor_bridge/cmake/export_gkv2_motor_bridge__rosidl_typesupport_fastrtps_cppExport.cmake
-- Installing: /home/nockorn/robokross_ws/install/gkv2_motor_bridge/share/gkv2_motor_bridge/cmake/export_gkv2_motor_bridge__rosidl_typesupport_fastrtps_cppExport-noconfig.cmake
-- Installing: /home/nockorn/robokross_ws/install/gkv2_motor_bridge/share/gkv2_motor_bridge/cmake/gkv2_motor_bridge__rosidl_typesupport_introspection_cExport.cmake
-- Installing: /home/nockorn/robokross_ws/install/gkv2_motor_bridge/share/gkv2_motor_bridge/cmake/gkv2_motor_bridge__rosidl_typesupport_introspection_cExport-noconfig.cmake
-- Installing: /home/nockorn/robokross_ws/install/gkv2_motor_bridge/share/gkv2_motor_bridge/cmake/gkv2_motor_bridge__rosidl_typesupport_cExport.cmake
-- Installing: /home/nockorn/robokross_ws/install/gkv2_motor_bridge/share/gkv2_motor_bridge/cmake/gkv2_motor_bridge__rosidl_typesupport_cExport-noconfig.cmake
-- Installing: /home/nockorn/robokross_ws/install/gkv2_motor_bridge/share/gkv2_motor_bridge/cmake/gkv2_motor_bridge__rosidl_typesupport_introspection_cppExport.cmake
-- Installing: /home/nockorn/robokross_ws/install/gkv2_motor_bridge/share/gkv2_motor_bridge/cmake/gkv2_motor_bridge__rosidl_typesupport_introspection_cppExport-noconfig.cmake
-- Installing: /home/nockorn/robokross_ws/install/gkv2_motor_bridge/share/gkv2_motor_bridge/cmake/gkv2_motor_bridge__rosidl_typesupport_cppExport.cmake
-- Installing: /home/nockorn/robokross_ws/install/gkv2_motor_bridge/share/gkv2_motor_bridge/cmake/gkv2_motor_bridge__rosidl_typesupport_cppExport-noconfig.cmake
-- Installing: /home/nockorn/robokross_ws/install/gkv2_motor_bridge/share/gkv2_motor_bridge/cmake/export_gkv2_motor_bridge__rosidl_generator_pyExport.cmake
-- Installing: /home/nockorn/robokross_ws/install/gkv2_motor_bridge/share/gkv2_motor_bridge/cmake/export_gkv2_motor_bridge__rosidl_generator_pyExport-noconfig.cmake
