[0.008s] Invoking command in '/home/nockorn/robokross_ws/build/gkv2_motor_bridge': CMAKE_PREFIX_PATH=${CMAKE_PREFIX_PATH}:/opt/ros/jazzy DEBUGINFOD_URLS=https://debuginfod.ubuntu.com /usr/bin/cmake /home/nockorn/robokross_ws/src/gkv2_motor_bridge -DAMENT_CMAKE_SYMLINK_INSTALL=1 -DCMAKE_INSTALL_PREFIX=/home/nockorn/robokross_ws/install/gkv2_motor_bridge
[0.056s] -- The C compiler identification is GNU 13.3.0
[0.103s] -- The CXX compiler identification is GNU 13.3.0
[0.118s] -- Detecting C compiler ABI info
[0.189s] -- Detecting C compiler ABI info - done
[0.196s] -- Check for working C compiler: /usr/bin/cc - skipped
[0.196s] -- Detecting C compile features
[0.196s] -- Detecting C compile features - done
[0.205s] -- Detecting CXX compiler ABI info
[0.285s] -- Detecting CXX compiler ABI info - done
[0.292s] -- Check for working CXX compiler: /usr/bin/c++ - skipped
[0.292s] -- Detecting CXX compile features
[0.293s] -- Detecting CXX compile features - done
[0.295s] -- Found ament_cmake: 2.5.6 (/opt/ros/jazzy/share/ament_cmake/cmake)
[0.401s] -- Found Python3: /usr/bin/python3 (found version "3.12.3") found components: Interpreter 
[0.452s] -- Override CMake install command with custom implementation using symlinks instead of copying resources
[0.474s] -- Found rclcpp: 28.1.18 (/opt/ros/jazzy/share/rclcpp/cmake)
[0.503s] -- Found rosidl_generator_c: 4.6.7 (/opt/ros/jazzy/share/rosidl_generator_c/cmake)
[0.513s] -- Found rosidl_generator_cpp: 4.6.7 (/opt/ros/jazzy/share/rosidl_generator_cpp/cmake)
[0.525s] -- Using all available rosidl_typesupport_c: rosidl_typesupport_fastrtps_c;rosidl_typesupport_introspection_c
[0.538s] -- Using all available rosidl_typesupport_cpp: rosidl_typesupport_fastrtps_cpp;rosidl_typesupport_introspection_cpp
[0.598s] -- Found rmw_implementation_cmake: 7.3.3 (/opt/ros/jazzy/share/rmw_implementation_cmake/cmake)
[0.600s] -- Found rmw_fastrtps_cpp: 8.4.3 (/opt/ros/jazzy/share/rmw_fastrtps_cpp/cmake)
[0.666s] -- Found OpenSSL: /usr/lib/x86_64-linux-gnu/libcrypto.so (found version "3.0.13")  
[0.682s] -- Found FastRTPS: /opt/ros/jazzy/include (Required is at least version "2.13") 
[0.699s] -- Using RMW implementation 'rmw_fastrtps_cpp' as default
[0.758s] -- Found geometry_msgs: 5.3.7 (/opt/ros/jazzy/share/geometry_msgs/cmake)
[0.786s] -- Found sensor_msgs: 5.3.7 (/opt/ros/jazzy/share/sensor_msgs/cmake)
[0.807s] -- Found nav_msgs: 5.3.7 (/opt/ros/jazzy/share/nav_msgs/cmake)
[0.836s] -- Found Boost: /usr/lib/x86_64-linux-gnu/cmake/Boost-1.83.0/BoostConfig.cmake (found version "1.83.0") found components: system 
[0.837s] -- Found rosidl_default_generators: 1.6.0 (/opt/ros/jazzy/share/rosidl_default_generators/cmake)
[0.851s] -- Found rosidl_adapter: 4.6.7 (/opt/ros/jazzy/share/rosidl_adapter/cmake)
[1.305s] -- Found ament_cmake_ros: 0.12.0 (/opt/ros/jazzy/share/ament_cmake_ros/cmake)
[1.875s] -- Using all available rosidl_typesupport_c: rosidl_typesupport_fastrtps_c;rosidl_typesupport_introspection_c
[2.090s] -- Using all available rosidl_typesupport_cpp: rosidl_typesupport_fastrtps_cpp;rosidl_typesupport_introspection_cpp
[2.092s] -- Found python_cmake_module: 0.11.1 (/opt/ros/jazzy/share/python_cmake_module/cmake)
[2.191s] -- Found PythonExtra: /usr/bin/python3  
[2.494s] -- Found Python3: /usr/bin/python3 (found version "3.12.3") found components: Interpreter Development NumPy Development.Module Development.Embed 
[2.564s] -- Found Python3: /usr/bin/python3 (found version "3.12.3") found components: Interpreter 
[2.580s] -- Configuring done (2.6s)
[2.630s] -- Generating done (0.0s)
[2.645s] -- Build files have been written to: /home/nockorn/robokross_ws/build/gkv2_motor_bridge
[2.655s] Invoked command in '/home/nockorn/robokross_ws/build/gkv2_motor_bridge' returned '0': CMAKE_PREFIX_PATH=${CMAKE_PREFIX_PATH}:/opt/ros/jazzy DEBUGINFOD_URLS=https://debuginfod.ubuntu.com /usr/bin/cmake /home/nockorn/robokross_ws/src/gkv2_motor_bridge -DAMENT_CMAKE_SYMLINK_INSTALL=1 -DCMAKE_INSTALL_PREFIX=/home/nockorn/robokross_ws/install/gkv2_motor_bridge
[2.656s] Invoking command in '/home/nockorn/robokross_ws/build/gkv2_motor_bridge': CMAKE_PREFIX_PATH=${CMAKE_PREFIX_PATH}:/opt/ros/jazzy DEBUGINFOD_URLS=https://debuginfod.ubuntu.com /usr/bin/cmake --build /home/nockorn/robokross_ws/build/gkv2_motor_bridge -- -j12 -l12
[2.699s] [  1%] [34m[1mGenerating Rust code for ROS interfaces[0m
[2.699s] [  3%] [34m[1mGenerating type hashes for ROS interfaces[0m
[2.699s] [  5%] [32mBuilding CXX object CMakeFiles/gkv2_driver_node.dir/src/gkv2_driver_node.cpp.o[0m
[2.700s] [  7%] [32mBuilding CXX object CMakeFiles/odometer_node.dir/src/odometer_node.cpp.o[0m
[2.701s] [  8%] [32mBuilding CXX object CMakeFiles/navigation_controller_node.dir/src/navigation_controller_node.cpp.o[0m
[2.702s] [ 10%] [32mBuilding CXX object CMakeFiles/cmd_vel_bridge_node.dir/src/cmd_vel_bridge_node.cpp.o[0m
[2.709s] [ 10%] Built target ament_cmake_python_symlink_gkv2_motor_bridge
[2.878s] running egg_info
[2.879s] creating gkv2_motor_bridge.egg-info
[2.897s] writing gkv2_motor_bridge.egg-info/PKG-INFO
[2.898s] writing dependency_links to gkv2_motor_bridge.egg-info/dependency_links.txt
[2.898s] writing top-level names to gkv2_motor_bridge.egg-info/top_level.txt
[2.898s] writing manifest file 'gkv2_motor_bridge.egg-info/SOURCES.txt'
[2.946s] reading manifest file 'gkv2_motor_bridge.egg-info/SOURCES.txt'
[2.947s] writing manifest file 'gkv2_motor_bridge.egg-info/SOURCES.txt'
[2.956s] [ 10%] Built target gkv2_motor_bridge__rs
[2.970s] [ 10%] Built target ament_cmake_python_build_gkv2_motor_bridge_egg
[3.029s] [ 10%] Built target gkv2_motor_bridge__rosidl_generator_type_description
[3.037s] [ 12%] [34m[1mGenerating C code for ROS interfaces[0m
[3.046s] [ 14%] [34m[1mGenerating C++ code for ROS interfaces[0m
[3.326s] [ 14%] Built target gkv2_motor_bridge__cpp
[3.352s] [ 15%] [32mBuilding C object CMakeFiles/gkv2_motor_bridge__rosidl_generator_c.dir/rosidl_generator_c/gkv2_motor_bridge/msg/detail/navigation_status__functions.c.o[0m
[3.352s] [ 19%] [32mBuilding C object CMakeFiles/gkv2_motor_bridge__rosidl_generator_c.dir/rosidl_generator_c/gkv2_motor_bridge/msg/detail/gkv2_status__functions.c.o[0m
[3.352s] [ 21%] [32mBuilding C object CMakeFiles/gkv2_motor_bridge__rosidl_generator_c.dir/rosidl_generator_c/gkv2_motor_bridge/msg/detail/navigation_status__description.c.o[0m
[3.352s] [ 21%] [32mBuilding C object CMakeFiles/gkv2_motor_bridge__rosidl_generator_c.dir/rosidl_generator_c/gkv2_motor_bridge/msg/detail/gkv2_status__description.c.o[0m
[3.352s] [ 22%] [32mBuilding C object CMakeFiles/gkv2_motor_bridge__rosidl_generator_c.dir/rosidl_generator_c/gkv2_motor_bridge/msg/detail/navigation_status__type_support.c.o[0m
[3.352s] [ 24%] [32mBuilding C object CMakeFiles/gkv2_motor_bridge__rosidl_generator_c.dir/rosidl_generator_c/gkv2_motor_bridge/msg/detail/gkv2_status__type_support.c.o[0m
[3.399s] [ 26%] [32m[1mLinking C shared library libgkv2_motor_bridge__rosidl_generator_c.so[0m
[3.431s] [ 26%] Built target gkv2_motor_bridge__rosidl_generator_c
[3.443s] [ 33%] [34m[1mGenerating C++ introspection for ROS interfaces[0m
[3.443s] [ 33%] [34m[1mGenerating C introspection for ROS interfaces[0m
[3.443s] [ 33%] [34m[1mGenerating C type support for eProsima Fast-RTPS[0m
[3.443s] [ 33%] [34m[1mGenerating C++ type support for eProsima Fast-RTPS[0m
[3.443s] [ 35%] [34m[1mGenerating C type support dispatch for ROS interfaces[0m
[3.444s] [ 36%] [34m[1mGenerating C++ type support dispatch for ROS interfaces[0m
[3.844s] [ 38%] [32mBuilding CXX object CMakeFiles/gkv2_motor_bridge__rosidl_typesupport_cpp.dir/rosidl_typesupport_cpp/gkv2_motor_bridge/msg/navigation_status__type_support.cpp.o[0m
[3.845s] [ 40%] [32mBuilding CXX object CMakeFiles/gkv2_motor_bridge__rosidl_typesupport_cpp.dir/rosidl_typesupport_cpp/gkv2_motor_bridge/msg/gkv2_status__type_support.cpp.o[0m
[3.869s] [ 43%] [32mBuilding CXX object CMakeFiles/gkv2_motor_bridge__rosidl_typesupport_c.dir/rosidl_typesupport_c/gkv2_motor_bridge/msg/gkv2_status__type_support.cpp.o[0m
[3.869s] [ 43%] [32mBuilding CXX object CMakeFiles/gkv2_motor_bridge__rosidl_typesupport_c.dir/rosidl_typesupport_c/gkv2_motor_bridge/msg/navigation_status__type_support.cpp.o[0m
[3.928s] [ 45%] [32mBuilding CXX object CMakeFiles/gkv2_motor_bridge__rosidl_typesupport_fastrtps_cpp.dir/rosidl_typesupport_fastrtps_cpp/gkv2_motor_bridge/msg/detail/dds_fastrtps/gkv2_status__type_support.cpp.o[0m
[3.930s] [ 47%] [32mBuilding CXX object CMakeFiles/gkv2_motor_bridge__rosidl_typesupport_introspection_cpp.dir/rosidl_typesupport_introspection_cpp/gkv2_motor_bridge/msg/detail/gkv2_status__type_support.cpp.o[0m
[3.936s] [ 49%] [32mBuilding CXX object CMakeFiles/gkv2_motor_bridge__rosidl_typesupport_introspection_cpp.dir/rosidl_typesupport_introspection_cpp/gkv2_motor_bridge/msg/detail/navigation_status__type_support.cpp.o[0m
[3.961s] [ 50%] [32mBuilding CXX object CMakeFiles/gkv2_motor_bridge__rosidl_typesupport_fastrtps_c.dir/rosidl_typesupport_fastrtps_c/gkv2_motor_bridge/msg/detail/gkv2_status__type_support_c.cpp.o[0m
[3.961s] [ 52%] [32mBuilding C object CMakeFiles/gkv2_motor_bridge__rosidl_typesupport_introspection_c.dir/rosidl_typesupport_introspection_c/gkv2_motor_bridge/msg/detail/gkv2_status__type_support.c.o[0m
[3.978s] [ 54%] [32m[1mLinking CXX shared library libgkv2_motor_bridge__rosidl_typesupport_c.so[0m
[4.014s] [ 56%] [32mBuilding C object CMakeFiles/gkv2_motor_bridge__rosidl_typesupport_introspection_c.dir/rosidl_typesupport_introspection_c/gkv2_motor_bridge/msg/detail/navigation_status__type_support.c.o[0m
[4.083s] [ 56%] Built target gkv2_motor_bridge__rosidl_typesupport_c
[4.105s] [ 59%] [32mBuilding CXX object CMakeFiles/gkv2_motor_bridge__rosidl_typesupport_fastrtps_cpp.dir/rosidl_typesupport_fastrtps_cpp/gkv2_motor_bridge/msg/detail/dds_fastrtps/navigation_status__type_support.cpp.o[0m
[4.107s] [ 57%] [32m[1mLinking C shared library libgkv2_motor_bridge__rosidl_typesupport_introspection_c.so[0m
[4.190s] [ 59%] Built target gkv2_motor_bridge__rosidl_typesupport_introspection_c
[4.214s] [ 61%] [32mBuilding CXX object CMakeFiles/gkv2_motor_bridge__rosidl_typesupport_fastrtps_c.dir/rosidl_typesupport_fastrtps_c/gkv2_motor_bridge/msg/detail/navigation_status__type_support_c.cpp.o[0m
[4.232s] [ 63%] [32m[1mLinking CXX shared library libgkv2_motor_bridge__rosidl_typesupport_cpp.so[0m
[4.287s] [ 63%] Built target gkv2_motor_bridge__rosidl_typesupport_cpp
[4.327s] [ 64%] [32mBuilding CXX object CMakeFiles/gkv2_nav_parser_node.dir/src/gkv2_nav_parser_node.cpp.o[0m
[4.332s] [ 66%] [32mBuilding CXX object CMakeFiles/navigation_fusion_node.dir/src/navigation_fusion_node.cpp.o[0m
[4.493s] [ 68%] [32m[1mLinking CXX shared library libgkv2_motor_bridge__rosidl_typesupport_introspection_cpp.so[0m
[4.562s] [ 68%] Built target gkv2_motor_bridge__rosidl_typesupport_introspection_cpp
[4.770s] [ 70%] [32m[1mLinking CXX shared library libgkv2_motor_bridge__rosidl_typesupport_fastrtps_cpp.so[0m
[4.780s] [ 71%] [32m[1mLinking CXX shared library libgkv2_motor_bridge__rosidl_typesupport_fastrtps_c.so[0m
[4.835s] [ 71%] Built target gkv2_motor_bridge__rosidl_typesupport_fastrtps_cpp
[4.863s] [ 71%] Built target gkv2_motor_bridge__rosidl_typesupport_fastrtps_c
[4.881s] [ 71%] Built target gkv2_motor_bridge
[4.899s] [ 73%] [34m[1mGenerating Python code for ROS interfaces[0m
[5.331s] [ 73%] Built target gkv2_motor_bridge__py
[5.351s] [ 77%] [32mBuilding C object CMakeFiles/gkv2_motor_bridge__rosidl_generator_py.dir/rosidl_generator_py/gkv2_motor_bridge/msg/_navigation_status_s.c.o[0m
[5.351s] [ 77%] [32mBuilding C object CMakeFiles/gkv2_motor_bridge__rosidl_generator_py.dir/rosidl_generator_py/gkv2_motor_bridge/msg/_gkv2_status_s.c.o[0m
[5.483s] [ 78%] [32m[1mLinking C shared library libgkv2_motor_bridge__rosidl_generator_py.so[0m
[5.518s] [ 78%] Built target gkv2_motor_bridge__rosidl_generator_py
[5.538s] [ 80%] [32mBuilding C object CMakeFiles/gkv2_motor_bridge_s__rosidl_typesupport_fastrtps_c.dir/rosidl_generator_py/gkv2_motor_bridge/_gkv2_motor_bridge_s.ep.rosidl_typesupport_fastrtps_c.c.o[0m
[5.539s] [ 82%] [32mBuilding C object CMakeFiles/gkv2_motor_bridge_s__rosidl_typesupport_introspection_c.dir/rosidl_generator_py/gkv2_motor_bridge/_gkv2_motor_bridge_s.ep.rosidl_typesupport_introspection_c.c.o[0m
[5.540s] [ 84%] [32mBuilding C object CMakeFiles/gkv2_motor_bridge_s__rosidl_typesupport_c.dir/rosidl_generator_py/gkv2_motor_bridge/_gkv2_motor_bridge_s.ep.rosidl_typesupport_c.c.o[0m
[5.648s] [ 85%] [32m[1mLinking C shared module rosidl_generator_py/gkv2_motor_bridge/gkv2_motor_bridge_s__rosidl_typesupport_introspection_c.so[0m
[5.650s] [ 87%] [32m[1mLinking C shared module rosidl_generator_py/gkv2_motor_bridge/gkv2_motor_bridge_s__rosidl_typesupport_c.so[0m
[5.662s] [ 89%] [32m[1mLinking C shared module rosidl_generator_py/gkv2_motor_bridge/gkv2_motor_bridge_s__rosidl_typesupport_fastrtps_c.so[0m
[5.680s] [ 89%] Built target gkv2_motor_bridge_s__rosidl_typesupport_introspection_c
[5.686s] [ 89%] Built target gkv2_motor_bridge_s__rosidl_typesupport_c
[5.701s] [ 89%] Built target gkv2_motor_bridge_s__rosidl_typesupport_fastrtps_c
[9.620s] [ 91%] [32m[1mLinking CXX executable gkv2_driver_node[0m
[9.742s] [ 91%] Built target gkv2_driver_node
[11.439s] [ 92%] [32m[1mLinking CXX executable navigation_controller_node[0m
[11.564s] [ 92%] Built target navigation_controller_node
[11.765s] [ 94%] [32m[1mLinking CXX executable odometer_node[0m
[11.885s] [ 94%] Built target odometer_node
[14.073s] [ 96%] [32m[1mLinking CXX executable gkv2_nav_parser_node[0m
[14.189s] [ 96%] Built target gkv2_nav_parser_node
[16.589s] [ 98%] [32m[1mLinking CXX executable cmd_vel_bridge_node[0m
[16.720s] [ 98%] Built target cmd_vel_bridge_node
[17.919s] [100%] [32m[1mLinking CXX executable navigation_fusion_node[0m
[18.053s] [100%] Built target navigation_fusion_node
[18.064s] Invoked command in '/home/nockorn/robokross_ws/build/gkv2_motor_bridge' returned '0': CMAKE_PREFIX_PATH=${CMAKE_PREFIX_PATH}:/opt/ros/jazzy DEBUGINFOD_URLS=https://debuginfod.ubuntu.com /usr/bin/cmake --build /home/nockorn/robokross_ws/build/gkv2_motor_bridge -- -j12 -l12
[18.072s] Invoking command in '/home/nockorn/robokross_ws/build/gkv2_motor_bridge': CMAKE_PREFIX_PATH=${CMAKE_PREFIX_PATH}:/opt/ros/jazzy DEBUGINFOD_URLS=https://debuginfod.ubuntu.com /usr/bin/cmake --install /home/nockorn/robokross_ws/build/gkv2_motor_bridge
[18.077s] -- Install configuration: ""
[18.078s] -- Execute custom install script
[18.078s] -- Symlinking: /home/nockorn/robokross_ws/install/gkv2_motor_bridge/share/ament_index/resource_index/rosidl_interfaces/gkv2_motor_bridge
[18.085s] -- Symlinking: /home/nockorn/robokross_ws/install/gkv2_motor_bridge/share/gkv2_motor_bridge/msg/GKV2Status.json
[18.092s] -- Symlinking: /home/nockorn/robokross_ws/install/gkv2_motor_bridge/share/gkv2_motor_bridge/msg/NavigationStatus.json
[18.099s] -- Symlinking: /home/nockorn/robokross_ws/install/gkv2_motor_bridge/include/gkv2_motor_bridge/gkv2_motor_bridge/msg/detail/gkv2_status__functions.h
[18.106s] -- Symlinking: /home/nockorn/robokross_ws/install/gkv2_motor_bridge/include/gkv2_motor_bridge/gkv2_motor_bridge/msg/detail/gkv2_status__struct.h
[18.113s] -- Symlinking: /home/nockorn/robokross_ws/install/gkv2_motor_bridge/include/gkv2_motor_bridge/gkv2_motor_bridge/msg/detail/gkv2_status__type_support.h
[18.120s] -- Symlinking: /home/nockorn/robokross_ws/install/gkv2_motor_bridge/include/gkv2_motor_bridge/gkv2_motor_bridge/msg/detail/navigation_status__functions.h
[18.127s] -- Symlinking: /home/nockorn/robokross_ws/install/gkv2_motor_bridge/include/gkv2_motor_bridge/gkv2_motor_bridge/msg/detail/navigation_status__struct.h
[18.134s] -- Symlinking: /home/nockorn/robokross_ws/install/gkv2_motor_bridge/include/gkv2_motor_bridge/gkv2_motor_bridge/msg/detail/navigation_status__type_support.h
[18.141s] -- Symlinking: /home/nockorn/robokross_ws/install/gkv2_motor_bridge/include/gkv2_motor_bridge/gkv2_motor_bridge/msg/gkv2_status.h
[18.148s] -- Symlinking: /home/nockorn/robokross_ws/install/gkv2_motor_bridge/include/gkv2_motor_bridge/gkv2_motor_bridge/msg/navigation_status.h
[18.155s] -- Symlinking: /home/nockorn/robokross_ws/install/gkv2_motor_bridge/include/gkv2_motor_bridge/gkv2_motor_bridge/msg/rosidl_generator_c__visibility_control.h
[18.161s] -- Symlinking: /home/nockorn/robokross_ws/install/gkv2_motor_bridge/share/gkv2_motor_bridge/environment/library_path.sh
[18.167s] -- Symlinking: /home/nockorn/robokross_ws/install/gkv2_motor_bridge/share/gkv2_motor_bridge/environment/library_path.dsv
[18.174s] -- Symlinking: /home/nockorn/robokross_ws/install/gkv2_motor_bridge/include/gkv2_motor_bridge/gkv2_motor_bridge/msg/detail/gkv2_status__rosidl_typesupport_fastrtps_c.h
[18.181s] -- Symlinking: /home/nockorn/robokross_ws/install/gkv2_motor_bridge/include/gkv2_motor_bridge/gkv2_motor_bridge/msg/detail/navigation_status__rosidl_typesupport_fastrtps_c.h
[18.187s] -- Symlinking: /home/nockorn/robokross_ws/install/gkv2_motor_bridge/include/gkv2_motor_bridge/gkv2_motor_bridge/msg/rosidl_typesupport_fastrtps_c__visibility_control.h
[18.194s] -- Symlinking: /home/nockorn/robokross_ws/install/gkv2_motor_bridge/include/gkv2_motor_bridge/gkv2_motor_bridge/msg/detail/gkv2_status__builder.hpp
[18.201s] -- Symlinking: /home/nockorn/robokross_ws/install/gkv2_motor_bridge/include/gkv2_motor_bridge/gkv2_motor_bridge/msg/detail/gkv2_status__struct.hpp
[18.208s] -- Symlinking: /home/nockorn/robokross_ws/install/gkv2_motor_bridge/include/gkv2_motor_bridge/gkv2_motor_bridge/msg/detail/gkv2_status__traits.hpp
[18.215s] -- Symlinking: /home/nockorn/robokross_ws/install/gkv2_motor_bridge/include/gkv2_motor_bridge/gkv2_motor_bridge/msg/detail/gkv2_status__type_support.hpp
[18.222s] -- Symlinking: /home/nockorn/robokross_ws/install/gkv2_motor_bridge/include/gkv2_motor_bridge/gkv2_motor_bridge/msg/detail/navigation_status__builder.hpp
[18.229s] -- Symlinking: /home/nockorn/robokross_ws/install/gkv2_motor_bridge/include/gkv2_motor_bridge/gkv2_motor_bridge/msg/detail/navigation_status__struct.hpp
[18.236s] -- Symlinking: /home/nockorn/robokross_ws/install/gkv2_motor_bridge/include/gkv2_motor_bridge/gkv2_motor_bridge/msg/detail/navigation_status__traits.hpp
[18.242s] -- Symlinking: /home/nockorn/robokross_ws/install/gkv2_motor_bridge/include/gkv2_motor_bridge/gkv2_motor_bridge/msg/detail/navigation_status__type_support.hpp
[18.250s] -- Symlinking: /home/nockorn/robokross_ws/install/gkv2_motor_bridge/include/gkv2_motor_bridge/gkv2_motor_bridge/msg/gkv2_status.hpp
[18.257s] -- Symlinking: /home/nockorn/robokross_ws/install/gkv2_motor_bridge/include/gkv2_motor_bridge/gkv2_motor_bridge/msg/navigation_status.hpp
[18.264s] -- Symlinking: /home/nockorn/robokross_ws/install/gkv2_motor_bridge/include/gkv2_motor_bridge/gkv2_motor_bridge/msg/rosidl_generator_cpp__visibility_control.hpp
[18.271s] -- Symlinking: /home/nockorn/robokross_ws/install/gkv2_motor_bridge/include/gkv2_motor_bridge/gkv2_motor_bridge/msg/detail/gkv2_status__rosidl_typesupport_fastrtps_cpp.hpp
[18.278s] -- Symlinking: /home/nockorn/robokross_ws/install/gkv2_motor_bridge/include/gkv2_motor_bridge/gkv2_motor_bridge/msg/detail/navigation_status__rosidl_typesupport_fastrtps_cpp.hpp
[18.285s] -- Symlinking: /home/nockorn/robokross_ws/install/gkv2_motor_bridge/include/gkv2_motor_bridge/gkv2_motor_bridge/msg/rosidl_typesupport_fastrtps_cpp__visibility_control.h
[18.292s] -- Symlinking: /home/nockorn/robokross_ws/install/gkv2_motor_bridge/include/gkv2_motor_bridge/gkv2_motor_bridge/msg/detail/gkv2_status__rosidl_typesupport_introspection_c.h
[18.299s] -- Symlinking: /home/nockorn/robokross_ws/install/gkv2_motor_bridge/include/gkv2_motor_bridge/gkv2_motor_bridge/msg/detail/navigation_status__rosidl_typesupport_introspection_c.h
[18.306s] -- Symlinking: /home/nockorn/robokross_ws/install/gkv2_motor_bridge/include/gkv2_motor_bridge/gkv2_motor_bridge/msg/rosidl_typesupport_introspection_c__visibility_control.h
[18.313s] -- Symlinking: /home/nockorn/robokross_ws/install/gkv2_motor_bridge/include/gkv2_motor_bridge/gkv2_motor_bridge/msg/detail/gkv2_status__rosidl_typesupport_introspection_cpp.hpp
[18.321s] -- Symlinking: /home/nockorn/robokross_ws/install/gkv2_motor_bridge/include/gkv2_motor_bridge/gkv2_motor_bridge/msg/detail/navigation_status__rosidl_typesupport_introspection_cpp.hpp
[18.328s] -- Symlinking: /home/nockorn/robokross_ws/install/gkv2_motor_bridge/share/gkv2_motor_bridge/environment/pythonpath.sh
[18.335s] -- Symlinking: /home/nockorn/robokross_ws/install/gkv2_motor_bridge/share/gkv2_motor_bridge/environment/pythonpath.dsv
[18.343s] -- Symlinking: /home/nockorn/robokross_ws/install/gkv2_motor_bridge/lib/python3.12/site-packages/gkv2_motor_bridge-0.0.1-py3.12.egg-info/PKG-INFO
[18.351s] -- Symlinking: /home/nockorn/robokross_ws/install/gkv2_motor_bridge/lib/python3.12/site-packages/gkv2_motor_bridge-0.0.1-py3.12.egg-info/SOURCES.txt
[18.358s] -- Symlinking: /home/nockorn/robokross_ws/install/gkv2_motor_bridge/lib/python3.12/site-packages/gkv2_motor_bridge-0.0.1-py3.12.egg-info/dependency_links.txt
[18.365s] -- Symlinking: /home/nockorn/robokross_ws/install/gkv2_motor_bridge/lib/python3.12/site-packages/gkv2_motor_bridge-0.0.1-py3.12.egg-info/top_level.txt
[18.373s] -- Symlinking: /home/nockorn/robokross_ws/install/gkv2_motor_bridge/lib/python3.12/site-packages/gkv2_motor_bridge/__init__.py
[18.380s] -- Symlinking: /home/nockorn/robokross_ws/install/gkv2_motor_bridge/lib/python3.12/site-packages/gkv2_motor_bridge/_gkv2_motor_bridge_s.ep.rosidl_typesupport_c.c
[18.386s] -- Symlinking: /home/nockorn/robokross_ws/install/gkv2_motor_bridge/lib/python3.12/site-packages/gkv2_motor_bridge/_gkv2_motor_bridge_s.ep.rosidl_typesupport_fastrtps_c.c
[18.393s] -- Symlinking: /home/nockorn/robokross_ws/install/gkv2_motor_bridge/lib/python3.12/site-packages/gkv2_motor_bridge/_gkv2_motor_bridge_s.ep.rosidl_typesupport_introspection_c.c
[18.400s] -- Symlinking: /home/nockorn/robokross_ws/install/gkv2_motor_bridge/lib/python3.12/site-packages/gkv2_motor_bridge/gkv2_motor_bridge_s__rosidl_typesupport_c.so
[18.407s] -- Symlinking: /home/nockorn/robokross_ws/install/gkv2_motor_bridge/lib/python3.12/site-packages/gkv2_motor_bridge/gkv2_motor_bridge_s__rosidl_typesupport_fastrtps_c.so
[18.413s] -- Symlinking: /home/nockorn/robokross_ws/install/gkv2_motor_bridge/lib/python3.12/site-packages/gkv2_motor_bridge/gkv2_motor_bridge_s__rosidl_typesupport_introspection_c.so
[18.420s] -- Symlinking: /home/nockorn/robokross_ws/install/gkv2_motor_bridge/lib/python3.12/site-packages/gkv2_motor_bridge/msg/__init__.py
[18.427s] -- Symlinking: /home/nockorn/robokross_ws/install/gkv2_motor_bridge/lib/python3.12/site-packages/gkv2_motor_bridge/msg/_gkv2_status.py
[18.434s] -- Symlinking: /home/nockorn/robokross_ws/install/gkv2_motor_bridge/lib/python3.12/site-packages/gkv2_motor_bridge/msg/_gkv2_status_s.c
[18.440s] -- Symlinking: /home/nockorn/robokross_ws/install/gkv2_motor_bridge/lib/python3.12/site-packages/gkv2_motor_bridge/msg/_navigation_status.py
[18.447s] -- Symlinking: /home/nockorn/robokross_ws/install/gkv2_motor_bridge/lib/python3.12/site-packages/gkv2_motor_bridge/msg/_navigation_status_s.c
[18.455s] -- Up-to-date symlink: /home/nockorn/robokross_ws/install/gkv2_motor_bridge/lib/python3.12/site-packages/gkv2_motor_bridge/gkv2_motor_bridge_s__rosidl_typesupport_fastrtps_c.so
[18.455s] -- Up-to-date symlink: /home/nockorn/robokross_ws/install/gkv2_motor_bridge/lib/python3.12/site-packages/gkv2_motor_bridge/gkv2_motor_bridge_s__rosidl_typesupport_introspection_c.so
[18.455s] -- Up-to-date symlink: /home/nockorn/robokross_ws/install/gkv2_motor_bridge/lib/python3.12/site-packages/gkv2_motor_bridge/gkv2_motor_bridge_s__rosidl_typesupport_c.so
[18.455s] -- Symlinking: /home/nockorn/robokross_ws/install/gkv2_motor_bridge/share/ament_index/resource_index/rust_packages/gkv2_motor_bridge
[18.463s] -- Symlinking: /home/nockorn/robokross_ws/install/gkv2_motor_bridge/share/gkv2_motor_bridge/rust/Cargo.toml
[18.470s] -- Symlinking: /home/nockorn/robokross_ws/install/gkv2_motor_bridge/share/gkv2_motor_bridge/rust/build.rs
[18.477s] -- Symlinking: /home/nockorn/robokross_ws/install/gkv2_motor_bridge/share/gkv2_motor_bridge/rust/src/lib.rs
[18.484s] -- Symlinking: /home/nockorn/robokross_ws/install/gkv2_motor_bridge/share/gkv2_motor_bridge/rust/src/msg.rs
[18.490s] -- Symlinking: /home/nockorn/robokross_ws/install/gkv2_motor_bridge/share/gkv2_motor_bridge/rust/src/msg/rmw.rs
[18.497s] -- Symlinking: /home/nockorn/robokross_ws/install/gkv2_motor_bridge/share/gkv2_motor_bridge/msg/GKV2Status.idl
[18.504s] -- Symlinking: /home/nockorn/robokross_ws/install/gkv2_motor_bridge/share/gkv2_motor_bridge/msg/NavigationStatus.idl
[18.511s] -- Symlinking: /home/nockorn/robokross_ws/install/gkv2_motor_bridge/share/gkv2_motor_bridge/msg/GKV2Status.msg
[18.518s] -- Symlinking: /home/nockorn/robokross_ws/install/gkv2_motor_bridge/share/gkv2_motor_bridge/msg/NavigationStatus.msg
[18.525s] -- Symlinking: /home/nockorn/robokross_ws/install/gkv2_motor_bridge/lib/gkv2_motor_bridge/gkv2_driver_node
[18.532s] -- Symlinking: /home/nockorn/robokross_ws/install/gkv2_motor_bridge/lib/gkv2_motor_bridge/cmd_vel_bridge_node
[18.538s] -- Symlinking: /home/nockorn/robokross_ws/install/gkv2_motor_bridge/lib/gkv2_motor_bridge/gkv2_nav_parser_node
[18.544s] -- Symlinking: /home/nockorn/robokross_ws/install/gkv2_motor_bridge/lib/gkv2_motor_bridge/navigation_controller_node
[18.553s] -- Symlinking: /home/nockorn/robokross_ws/install/gkv2_motor_bridge/lib/gkv2_motor_bridge/navigation_fusion_node
[18.560s] -- Symlinking: /home/nockorn/robokross_ws/install/gkv2_motor_bridge/lib/gkv2_motor_bridge/odometer_node
[18.568s] -- Symlinking: /home/nockorn/robokross_ws/install/gkv2_motor_bridge/share/gkv2_motor_bridge/launch/main.launch.py
[18.574s] -- Symlinking: /home/nockorn/robokross_ws/install/gkv2_motor_bridge/share/gkv2_motor_bridge/config/params.yaml
[18.580s] -- Symlinking: /home/nockorn/robokross_ws/install/gkv2_motor_bridge/share/gkv2_motor_bridge/config/waypoints.yaml
[18.587s] -- Symlinking: /home/nockorn/robokross_ws/install/gkv2_motor_bridge/share/ament_index/resource_index/package_run_dependencies/gkv2_motor_bridge
[18.594s] -- Symlinking: /home/nockorn/robokross_ws/install/gkv2_motor_bridge/share/ament_index/resource_index/parent_prefix_path/gkv2_motor_bridge
[18.601s] -- Symlinking: /home/nockorn/robokross_ws/install/gkv2_motor_bridge/share/gkv2_motor_bridge/environment/ament_prefix_path.sh
[18.607s] -- Symlinking: /home/nockorn/robokross_ws/install/gkv2_motor_bridge/share/gkv2_motor_bridge/environment/ament_prefix_path.dsv
[18.614s] -- Symlinking: /home/nockorn/robokross_ws/install/gkv2_motor_bridge/share/gkv2_motor_bridge/environment/path.sh
[18.620s] -- Symlinking: /home/nockorn/robokross_ws/install/gkv2_motor_bridge/share/gkv2_motor_bridge/environment/path.dsv
[18.627s] -- Symlinking: /home/nockorn/robokross_ws/install/gkv2_motor_bridge/share/gkv2_motor_bridge/local_setup.bash
[18.633s] -- Symlinking: /home/nockorn/robokross_ws/install/gkv2_motor_bridge/share/gkv2_motor_bridge/local_setup.sh
[18.640s] -- Symlinking: /home/nockorn/robokross_ws/install/gkv2_motor_bridge/share/gkv2_motor_bridge/local_setup.zsh
[18.647s] -- Symlinking: /home/nockorn/robokross_ws/install/gkv2_motor_bridge/share/gkv2_motor_bridge/local_setup.dsv
[18.654s] -- Symlinking: /home/nockorn/robokross_ws/install/gkv2_motor_bridge/share/gkv2_motor_bridge/package.dsv
[18.661s] -- Symlinking: /home/nockorn/robokross_ws/install/gkv2_motor_bridge/share/ament_index/resource_index/packages/gkv2_motor_bridge
[18.668s] -- Symlinking: /home/nockorn/robokross_ws/install/gkv2_motor_bridge/share/gkv2_motor_bridge/cmake/rosidl_cmake-extras.cmake
[18.675s] -- Symlinking: /home/nockorn/robokross_ws/install/gkv2_motor_bridge/share/gkv2_motor_bridge/cmake/ament_cmake_export_dependencies-extras.cmake
[18.682s] -- Symlinking: /home/nockorn/robokross_ws/install/gkv2_motor_bridge/share/gkv2_motor_bridge/cmake/ament_cmake_export_include_directories-extras.cmake
[18.689s] -- Symlinking: /home/nockorn/robokross_ws/install/gkv2_motor_bridge/share/gkv2_motor_bridge/cmake/ament_cmake_export_libraries-extras.cmake
[18.695s] -- Symlinking: /home/nockorn/robokross_ws/install/gkv2_motor_bridge/share/gkv2_motor_bridge/cmake/ament_cmake_export_targets-extras.cmake
[18.701s] -- Symlinking: /home/nockorn/robokross_ws/install/gkv2_motor_bridge/share/gkv2_motor_bridge/cmake/rosidl_cmake_export_typesupport_targets-extras.cmake
[18.707s] -- Symlinking: /home/nockorn/robokross_ws/install/gkv2_motor_bridge/share/gkv2_motor_bridge/cmake/rosidl_cmake_export_typesupport_libraries-extras.cmake
[18.714s] -- Symlinking: /home/nockorn/robokross_ws/install/gkv2_motor_bridge/share/gkv2_motor_bridge/cmake/gkv2_motor_bridgeConfig.cmake
[18.720s] -- Symlinking: /home/nockorn/robokross_ws/install/gkv2_motor_bridge/share/gkv2_motor_bridge/cmake/gkv2_motor_bridgeConfig-version.cmake
[18.727s] -- Symlinking: /home/nockorn/robokross_ws/install/gkv2_motor_bridge/share/gkv2_motor_bridge/package.xml
[18.733s] -- Installing: /home/nockorn/robokross_ws/install/gkv2_motor_bridge/lib/libgkv2_motor_bridge__rosidl_generator_c.so
[18.733s] -- Set non-toolchain portion of runtime path of "/home/nockorn/robokross_ws/install/gkv2_motor_bridge/lib/libgkv2_motor_bridge__rosidl_generator_c.so" to ""
[18.733s] -- Installing: /home/nockorn/robokross_ws/install/gkv2_motor_bridge/lib/libgkv2_motor_bridge__rosidl_typesupport_fastrtps_c.so
[18.734s] -- Set non-toolchain portion of runtime path of "/home/nockorn/robokross_ws/install/gkv2_motor_bridge/lib/libgkv2_motor_bridge__rosidl_typesupport_fastrtps_c.so" to ""
[18.734s] -- Installing: /home/nockorn/robokross_ws/install/gkv2_motor_bridge/lib/libgkv2_motor_bridge__rosidl_typesupport_fastrtps_cpp.so
[18.734s] -- Set non-toolchain portion of runtime path of "/home/nockorn/robokross_ws/install/gkv2_motor_bridge/lib/libgkv2_motor_bridge__rosidl_typesupport_fastrtps_cpp.so" to ""
[18.734s] -- Installing: /home/nockorn/robokross_ws/install/gkv2_motor_bridge/lib/libgkv2_motor_bridge__rosidl_typesupport_introspection_c.so
[18.735s] -- Set non-toolchain portion of runtime path of "/home/nockorn/robokross_ws/install/gkv2_motor_bridge/lib/libgkv2_motor_bridge__rosidl_typesupport_introspection_c.so" to ""
[18.735s] -- Installing: /home/nockorn/robokross_ws/install/gkv2_motor_bridge/lib/libgkv2_motor_bridge__rosidl_typesupport_c.so
[18.735s] -- Set non-toolchain portion of runtime path of "/home/nockorn/robokross_ws/install/gkv2_motor_bridge/lib/libgkv2_motor_bridge__rosidl_typesupport_c.so" to ""
[18.735s] -- Installing: /home/nockorn/robokross_ws/install/gkv2_motor_bridge/lib/libgkv2_motor_bridge__rosidl_typesupport_introspection_cpp.so
[18.735s] -- Set non-toolchain portion of runtime path of "/home/nockorn/robokross_ws/install/gkv2_motor_bridge/lib/libgkv2_motor_bridge__rosidl_typesupport_introspection_cpp.so" to ""
[18.736s] -- Installing: /home/nockorn/robokross_ws/install/gkv2_motor_bridge/lib/libgkv2_motor_bridge__rosidl_typesupport_cpp.so
[18.736s] -- Set non-toolchain portion of runtime path of "/home/nockorn/robokross_ws/install/gkv2_motor_bridge/lib/libgkv2_motor_bridge__rosidl_typesupport_cpp.so" to ""
[18.766s] Listing '/home/nockorn/robokross_ws/install/gkv2_motor_bridge/lib/python3.12/site-packages/gkv2_motor_bridge'...
[18.766s] Compiling '/home/nockorn/robokross_ws/install/gkv2_motor_bridge/lib/python3.12/site-packages/gkv2_motor_bridge/__init__.py'...
[18.766s] Listing '/home/nockorn/robokross_ws/install/gkv2_motor_bridge/lib/python3.12/site-packages/gkv2_motor_bridge/msg'...
[18.766s] Compiling '/home/nockorn/robokross_ws/install/gkv2_motor_bridge/lib/python3.12/site-packages/gkv2_motor_bridge/msg/__init__.py'...
[18.766s] Compiling '/home/nockorn/robokross_ws/install/gkv2_motor_bridge/lib/python3.12/site-packages/gkv2_motor_bridge/msg/_gkv2_status.py'...
[18.766s] Compiling '/home/nockorn/robokross_ws/install/gkv2_motor_bridge/lib/python3.12/site-packages/gkv2_motor_bridge/msg/_navigation_status.py'...
[18.769s] -- Installing: /home/nockorn/robokross_ws/install/gkv2_motor_bridge/lib/libgkv2_motor_bridge__rosidl_generator_py.so
[18.770s] -- Set non-toolchain portion of runtime path of "/home/nockorn/robokross_ws/install/gkv2_motor_bridge/lib/libgkv2_motor_bridge__rosidl_generator_py.so" to ""
[18.770s] -- Installing: /home/nockorn/robokross_ws/install/gkv2_motor_bridge/share/gkv2_motor_bridge/cmake/export_gkv2_motor_bridge__rosidl_generator_cExport.cmake
[18.770s] -- Installing: /home/nockorn/robokross_ws/install/gkv2_motor_bridge/share/gkv2_motor_bridge/cmake/export_gkv2_motor_bridge__rosidl_generator_cExport-noconfig.cmake
[18.770s] -- Installing: /home/nockorn/robokross_ws/install/gkv2_motor_bridge/share/gkv2_motor_bridge/cmake/export_gkv2_motor_bridge__rosidl_typesupport_fastrtps_cExport.cmake
[18.770s] -- Installing: /home/nockorn/robokross_ws/install/gkv2_motor_bridge/share/gkv2_motor_bridge/cmake/export_gkv2_motor_bridge__rosidl_typesupport_fastrtps_cExport-noconfig.cmake
[18.771s] -- Installing: /home/nockorn/robokross_ws/install/gkv2_motor_bridge/share/gkv2_motor_bridge/cmake/export_gkv2_motor_bridge__rosidl_generator_cppExport.cmake
[18.771s] -- Installing: /home/nockorn/robokross_ws/install/gkv2_motor_bridge/share/gkv2_motor_bridge/cmake/export_gkv2_motor_bridge__rosidl_typesupport_fastrtps_cppExport.cmake
[18.771s] -- Installing: /home/nockorn/robokross_ws/install/gkv2_motor_bridge/share/gkv2_motor_bridge/cmake/export_gkv2_motor_bridge__rosidl_typesupport_fastrtps_cppExport-noconfig.cmake
[18.771s] -- Installing: /home/nockorn/robokross_ws/install/gkv2_motor_bridge/share/gkv2_motor_bridge/cmake/gkv2_motor_bridge__rosidl_typesupport_introspection_cExport.cmake
[18.772s] -- Installing: /home/nockorn/robokross_ws/install/gkv2_motor_bridge/share/gkv2_motor_bridge/cmake/gkv2_motor_bridge__rosidl_typesupport_introspection_cExport-noconfig.cmake
[18.772s] -- Installing: /home/nockorn/robokross_ws/install/gkv2_motor_bridge/share/gkv2_motor_bridge/cmake/gkv2_motor_bridge__rosidl_typesupport_cExport.cmake
[18.772s] -- Installing: /home/nockorn/robokross_ws/install/gkv2_motor_bridge/share/gkv2_motor_bridge/cmake/gkv2_motor_bridge__rosidl_typesupport_cExport-noconfig.cmake
[18.772s] -- Installing: /home/nockorn/robokross_ws/install/gkv2_motor_bridge/share/gkv2_motor_bridge/cmake/gkv2_motor_bridge__rosidl_typesupport_introspection_cppExport.cmake
[18.772s] -- Installing: /home/nockorn/robokross_ws/install/gkv2_motor_bridge/share/gkv2_motor_bridge/cmake/gkv2_motor_bridge__rosidl_typesupport_introspection_cppExport-noconfig.cmake
[18.772s] -- Installing: /home/nockorn/robokross_ws/install/gkv2_motor_bridge/share/gkv2_motor_bridge/cmake/gkv2_motor_bridge__rosidl_typesupport_cppExport.cmake
[18.773s] -- Installing: /home/nockorn/robokross_ws/install/gkv2_motor_bridge/share/gkv2_motor_bridge/cmake/gkv2_motor_bridge__rosidl_typesupport_cppExport-noconfig.cmake
[18.773s] -- Installing: /home/nockorn/robokross_ws/install/gkv2_motor_bridge/share/gkv2_motor_bridge/cmake/export_gkv2_motor_bridge__rosidl_generator_pyExport.cmake
[18.773s] -- Installing: /home/nockorn/robokross_ws/install/gkv2_motor_bridge/share/gkv2_motor_bridge/cmake/export_gkv2_motor_bridge__rosidl_generator_pyExport-noconfig.cmake
[18.775s] Invoked command in '/home/nockorn/robokross_ws/build/gkv2_motor_bridge' returned '0': CMAKE_PREFIX_PATH=${CMAKE_PREFIX_PATH}:/opt/ros/jazzy DEBUGINFOD_URLS=https://debuginfod.ubuntu.com /usr/bin/cmake --install /home/nockorn/robokross_ws/build/gkv2_motor_bridge
