[ 50%] [32mBuilding CXX object CMakeFiles/stm32_bridge_node.dir/src/stm32_bridge_node.cpp.o[0m
[100%] [32m[1mLinking CXX executable stm32_bridge_node[0m
[100%] Built target stm32_bridge_node
-- Install configuration: ""
-- Installing: /home/nockorn/robocross_all/robokross_ws/src/robokross_control/install/robokross_control/lib/robokross_control/stm32_bridge_node
-- Set non-toolchain portion of runtime path of "/home/nockorn/robocross_all/robokross_ws/src/robokross_control/install/robokross_control/lib/robokross_control/stm32_bridge_node" to ""
-- Installing: /home/nockorn/robocross_all/robokross_ws/src/robokross_control/install/robokross_control/share/robokross_control/launch
-- Installing: /home/nockorn/robocross_all/robokross_ws/src/robokross_control/install/robokross_control/share/robokross_control/config
-- Up-to-date: /home/nockorn/robocross_all/robokross_ws/src/robokross_control/install/robokross_control/share/ament_index/resource_index/package_run_dependencies/robokross_control
-- Installing: /home/nockorn/robocross_all/robokross_ws/src/robokross_control/install/robokross_control/share/ament_index/resource_index/parent_prefix_path/robokross_control
-- Up-to-date: /home/nockorn/robocross_all/robokross_ws/src/robokross_control/install/robokross_control/share/robokross_control/environment/ament_prefix_path.sh
-- Up-to-date: /home/nockorn/robocross_all/robokross_ws/src/robokross_control/install/robokross_control/share/robokross_control/environment/ament_prefix_path.dsv
-- Up-to-date: /home/nockorn/robocross_all/robokross_ws/src/robokross_control/install/robokross_control/share/robokross_control/environment/path.sh
-- Up-to-date: /home/nockorn/robocross_all/robokross_ws/src/robokross_control/install/robokross_control/share/robokross_control/environment/path.dsv
-- Up-to-date: /home/nockorn/robocross_all/robokross_ws/src/robokross_control/install/robokross_control/share/robokross_control/local_setup.bash
-- Up-to-date: /home/nockorn/robocross_all/robokross_ws/src/robokross_control/install/robokross_control/share/robokross_control/local_setup.sh
-- Up-to-date: /home/nockorn/robocross_all/robokross_ws/src/robokross_control/install/robokross_control/share/robokross_control/local_setup.zsh
-- Up-to-date: /home/nockorn/robocross_all/robokross_ws/src/robokross_control/install/robokross_control/share/robokross_control/local_setup.dsv
-- Installing: /home/nockorn/robocross_all/robokross_ws/src/robokross_control/install/robokross_control/share/robokross_control/package.dsv
-- Up-to-date: /home/nockorn/robocross_all/robokross_ws/src/robokross_control/install/robokross_control/share/ament_index/resource_index/packages/robokross_control
-- Up-to-date: /home/nockorn/robocross_all/robokross_ws/src/robokross_control/install/robokross_control/share/robokross_control/cmake/robokross_controlConfig.cmake
-- Up-to-date: /home/nockorn/robocross_all/robokross_ws/src/robokross_control/install/robokross_control/share/robokross_control/cmake/robokross_controlConfig-version.cmake
-- Up-to-date: /home/nockorn/robocross_all/robokross_ws/src/robokross_control/install/robokross_control/share/robokross_control/package.xml
