[INFO] [1781627036.068090049] [cmd_vel_bridge]: Motor UART opened: /dev/ttyV4 @ 115200 baud
[INFO] [1781627036.070237138] [cmd_vel_bridge]: CmdVelBridge initialized. Mode: PAUSE
[INFO] [1781627036.070252046] [cmd_vel_bridge]: Wheel base: 0.70 m, Max speed: 2.78 m/s
[WARN] [1781627036.091474568] [cmd_vel_bridge]: Received cmd_vel but not in DRIVE mode. Ignoring.
[WARN] [1781627036.111468169] [cmd_vel_bridge]: Received cmd_vel but not in DRIVE mode. Ignoring.
[WARN] [1781627036.131438756] [cmd_vel_bridge]: Received cmd_vel but not in DRIVE mode. Ignoring.
[WARN] [1781627036.151440823] [cmd_vel_bridge]: Received cmd_vel but not in DRIVE mode. Ignoring.
[WARN] [1781627036.171448741] [cmd_vel_bridge]: Received cmd_vel but not in DRIVE mode. Ignoring.
[WARN] [1781627036.191459404] [cmd_vel_bridge]: Received cmd_vel but not in DRIVE mode. Ignoring.
[WARN] [1781627036.211446502] [cmd_vel_bridge]: Received cmd_vel but not in DRIVE mode. Ignoring.
[WARN] [1781627036.231451494] [cmd_vel_bridge]: Received cmd_vel but not in DRIVE mode. Ignoring.
[WARN] [1781627036.251461736] [cmd_vel_bridge]: Received cmd_vel but not in DRIVE mode. Ignoring.
[WARN] [1781627036.271448123] [cmd_vel_bridge]: Received cmd_vel but not in DRIVE mode. Ignoring.
[WARN] [1781627036.291456201] [cmd_vel_bridge]: Received cmd_vel but not in DRIVE mode. Ignoring.
[WARN] [1781627036.311501870] [cmd_vel_bridge]: Received cmd_vel but not in DRIVE mode. Ignoring.
[WARN] [1781627036.331490481] [cmd_vel_bridge]: Received cmd_vel but not in DRIVE mode. Ignoring.
[WARN] [1781627036.351462501] [cmd_vel_bridge]: Received cmd_vel but not in DRIVE mode. Ignoring.
[WARN] [1781627036.371450281] [cmd_vel_bridge]: Received cmd_vel but not in DRIVE mode. Ignoring.
[WARN] [1781627036.391445745] [cmd_vel_bridge]: Received cmd_vel but not in DRIVE mode. Ignoring.
[WARN] [1781627036.411455536] [cmd_vel_bridge]: Received cmd_vel but not in DRIVE mode. Ignoring.
[WARN] [1781627036.431457683] [cmd_vel_bridge]: Received cmd_vel but not in DRIVE mode. Ignoring.
[WARN] [1781627036.451451164] [cmd_vel_bridge]: Received cmd_vel but not in DRIVE mode. Ignoring.
[WARN] [1781627036.471449183] [cmd_vel_bridge]: Received cmd_vel but not in DRIVE mode. Ignoring.
[WARN] [1781627036.491447463] [cmd_vel_bridge]: Received cmd_vel but not in DRIVE mode. Ignoring.
[WARN] [1781627036.511455120] [cmd_vel_bridge]: Received cmd_vel but not in DRIVE mode. Ignoring.
[WARN] [1781627036.531447899] [cmd_vel_bridge]: Received cmd_vel but not in DRIVE mode. Ignoring.
[WARN] [1781627036.551444505] [cmd_vel_bridge]: Received cmd_vel but not in DRIVE mode. Ignoring.
[WARN] [1781627036.571480897] [cmd_vel_bridge]: Received cmd_vel but not in DRIVE mode. Ignoring.
[WARN] [1781627036.591462825] [cmd_vel_bridge]: Received cmd_vel but not in DRIVE mode. Ignoring.
[WARN] [1781627036.611458740] [cmd_vel_bridge]: Received cmd_vel but not in DRIVE mode. Ignoring.
[WARN] [1781627036.631455076] [cmd_vel_bridge]: Received cmd_vel but not in DRIVE mode. Ignoring.
[WARN] [1781627036.651459667] [cmd_vel_bridge]: Received cmd_vel but not in DRIVE mode. Ignoring.
[WARN] [1781627036.671478556] [cmd_vel_bridge]: Received cmd_vel but not in DRIVE mode. Ignoring.
[WARN] [1781627036.691460545] [cmd_vel_bridge]: Received cmd_vel but not in DRIVE mode. Ignoring.
[WARN] [1781627036.711465296] [cmd_vel_bridge]: Received cmd_vel but not in DRIVE mode. Ignoring.
[WARN] [1781627036.731460610] [cmd_vel_bridge]: Received cmd_vel but not in DRIVE mode. Ignoring.
[WARN] [1781627036.751455103] [cmd_vel_bridge]: Received cmd_vel but not in DRIVE mode. Ignoring.
[WARN] [1781627036.771456408] [cmd_vel_bridge]: Received cmd_vel but not in DRIVE mode. Ignoring.
[WARN] [1781627036.791446142] [cmd_vel_bridge]: Received cmd_vel but not in DRIVE mode. Ignoring.
[WARN] [1781627036.811445634] [cmd_vel_bridge]: Received cmd_vel but not in DRIVE mode. Ignoring.
[WARN] [1781627036.831488126] [cmd_vel_bridge]: Received cmd_vel but not in DRIVE mode. Ignoring.
[WARN] [1781627036.851453394] [cmd_vel_bridge]: Received cmd_vel but not in DRIVE mode. Ignoring.
[WARN] [1781627036.871455210] [cmd_vel_bridge]: Received cmd_vel but not in DRIVE mode. Ignoring.
[WARN] [1781627036.891443801] [cmd_vel_bridge]: Received cmd_vel but not in DRIVE mode. Ignoring.
[WARN] [1781627036.911454615] [cmd_vel_bridge]: Received cmd_vel but not in DRIVE mode. Ignoring.
[WARN] [1781627036.931505794] [cmd_vel_bridge]: Received cmd_vel but not in DRIVE mode. Ignoring.
[WARN] [1781627036.951486220] [cmd_vel_bridge]: Received cmd_vel but not in DRIVE mode. Ignoring.
[WARN] [1781627036.971469040] [cmd_vel_bridge]: Received cmd_vel but not in DRIVE mode. Ignoring.
[WARN] [1781627036.991472099] [cmd_vel_bridge]: Received cmd_vel but not in DRIVE mode. Ignoring.
[WARN] [1781627037.011475798] [cmd_vel_bridge]: Received cmd_vel but not in DRIVE mode. Ignoring.
[WARN] [1781627037.031529121] [cmd_vel_bridge]: Received cmd_vel but not in DRIVE mode. Ignoring.
[WARN] [1781627037.051516560] [cmd_vel_bridge]: Received cmd_vel but not in DRIVE mode. Ignoring.
[WARN] [1781627037.071494061] [cmd_vel_bridge]: Received cmd_vel but not in DRIVE mode. Ignoring.
[WARN] [1781627037.091534650] [cmd_vel_bridge]: Received cmd_vel but not in DRIVE mode. Ignoring.
[WARN] [1781627037.111527249] [cmd_vel_bridge]: Received cmd_vel but not in DRIVE mode. Ignoring.
[WARN] [1781627037.131566054] [cmd_vel_bridge]: Received cmd_vel but not in DRIVE mode. Ignoring.
[WARN] [1781627037.151528456] [cmd_vel_bridge]: Received cmd_vel but not in DRIVE mode. Ignoring.
[WARN] [1781627037.171470139] [cmd_vel_bridge]: Received cmd_vel but not in DRIVE mode. Ignoring.
[WARN] [1781627037.191467788] [cmd_vel_bridge]: Received cmd_vel but not in DRIVE mode. Ignoring.
[WARN] [1781627037.211476657] [cmd_vel_bridge]: Received cmd_vel but not in DRIVE mode. Ignoring.
[WARN] [1781627037.231469757] [cmd_vel_bridge]: Received cmd_vel but not in DRIVE mode. Ignoring.
[WARN] [1781627037.251460723] [cmd_vel_bridge]: Received cmd_vel but not in DRIVE mode. Ignoring.
[WARN] [1781627037.271470564] [cmd_vel_bridge]: Received cmd_vel but not in DRIVE mode. Ignoring.
[WARN] [1781627037.291470256] [cmd_vel_bridge]: Received cmd_vel but not in DRIVE mode. Ignoring.
[WARN] [1781627037.311465309] [cmd_vel_bridge]: Received cmd_vel but not in DRIVE mode. Ignoring.
[WARN] [1781627037.331465041] [cmd_vel_bridge]: Received cmd_vel but not in DRIVE mode. Ignoring.
[WARN] [1781627037.351470624] [cmd_vel_bridge]: Received cmd_vel but not in DRIVE mode. Ignoring.
[WARN] [1781627037.371455308] [cmd_vel_bridge]: Received cmd_vel but not in DRIVE mode. Ignoring.
[WARN] [1781627037.391444310] [cmd_vel_bridge]: Received cmd_vel but not in DRIVE mode. Ignoring.
[WARN] [1781627037.411442920] [cmd_vel_bridge]: Received cmd_vel but not in DRIVE mode. Ignoring.
[WARN] [1781627037.431461077] [cmd_vel_bridge]: Received cmd_vel but not in DRIVE mode. Ignoring.
[WARN] [1781627037.451448817] [cmd_vel_bridge]: Received cmd_vel but not in DRIVE mode. Ignoring.
[WARN] [1781627037.471442087] [cmd_vel_bridge]: Received cmd_vel but not in DRIVE mode. Ignoring.
[WARN] [1781627037.491448883] [cmd_vel_bridge]: Received cmd_vel but not in DRIVE mode. Ignoring.
[WARN] [1781627037.511458373] [cmd_vel_bridge]: Received cmd_vel but not in DRIVE mode. Ignoring.
[WARN] [1781627037.531473725] [cmd_vel_bridge]: Received cmd_vel but not in DRIVE mode. Ignoring.
[WARN] [1781627037.551475440] [cmd_vel_bridge]: Received cmd_vel but not in DRIVE mode. Ignoring.
[WARN] [1781627037.571460024] [cmd_vel_bridge]: Received cmd_vel but not in DRIVE mode. Ignoring.
[WARN] [1781627037.591457753] [cmd_vel_bridge]: Received cmd_vel but not in DRIVE mode. Ignoring.
[WARN] [1781627037.611460290] [cmd_vel_bridge]: Received cmd_vel but not in DRIVE mode. Ignoring.
[WARN] [1781627037.631472265] [cmd_vel_bridge]: Received cmd_vel but not in DRIVE mode. Ignoring.
[WARN] [1781627037.651471927] [cmd_vel_bridge]: Received cmd_vel but not in DRIVE mode. Ignoring.
[WARN] [1781627037.671452173] [cmd_vel_bridge]: Received cmd_vel but not in DRIVE mode. Ignoring.
[WARN] [1781627037.691451946] [cmd_vel_bridge]: Received cmd_vel but not in DRIVE mode. Ignoring.
[WARN] [1781627037.711469581] [cmd_vel_bridge]: Received cmd_vel but not in DRIVE mode. Ignoring.
[WARN] [1781627037.731446601] [cmd_vel_bridge]: Received cmd_vel but not in DRIVE mode. Ignoring.
[WARN] [1781627037.751467793] [cmd_vel_bridge]: Received cmd_vel but not in DRIVE mode. Ignoring.
[WARN] [1781627037.771461524] [cmd_vel_bridge]: Received cmd_vel but not in DRIVE mode. Ignoring.
[WARN] [1781627037.791457178] [cmd_vel_bridge]: Received cmd_vel but not in DRIVE mode. Ignoring.
[WARN] [1781627037.811458403] [cmd_vel_bridge]: Received cmd_vel but not in DRIVE mode. Ignoring.
[WARN] [1781627037.831440863] [cmd_vel_bridge]: Received cmd_vel but not in DRIVE mode. Ignoring.
[WARN] [1781627037.851442168] [cmd_vel_bridge]: Received cmd_vel but not in DRIVE mode. Ignoring.
[WARN] [1781627037.871443904] [cmd_vel_bridge]: Received cmd_vel but not in DRIVE mode. Ignoring.
[WARN] [1781627037.891446291] [cmd_vel_bridge]: Received cmd_vel but not in DRIVE mode. Ignoring.
[WARN] [1781627037.911450592] [cmd_vel_bridge]: Received cmd_vel but not in DRIVE mode. Ignoring.
[WARN] [1781627037.931470682] [cmd_vel_bridge]: Received cmd_vel but not in DRIVE mode. Ignoring.
[WARN] [1781627037.951475314] [cmd_vel_bridge]: Received cmd_vel but not in DRIVE mode. Ignoring.
[WARN] [1781627037.971471329] [cmd_vel_bridge]: Received cmd_vel but not in DRIVE mode. Ignoring.
[WARN] [1781627037.991461833] [cmd_vel_bridge]: Received cmd_vel but not in DRIVE mode. Ignoring.
[WARN] [1781627038.011453170] [cmd_vel_bridge]: Received cmd_vel but not in DRIVE mode. Ignoring.
[WARN] [1781627038.031464023] [cmd_vel_bridge]: Received cmd_vel but not in DRIVE mode. Ignoring.
[WARN] [1781627038.051470187] [cmd_vel_bridge]: Received cmd_vel but not in DRIVE mode. Ignoring.
[WARN] [1781627038.071455913] [cmd_vel_bridge]: Received cmd_vel but not in DRIVE mode. Ignoring.
[WARN] [1781627038.091478027] [cmd_vel_bridge]: Received cmd_vel but not in DRIVE mode. Ignoring.
[WARN] [1781627038.111471538] [cmd_vel_bridge]: Received cmd_vel but not in DRIVE mode. Ignoring.
[WARN] [1781627038.131457124] [cmd_vel_bridge]: Received cmd_vel but not in DRIVE mode. Ignoring.
[WARN] [1781627038.151456425] [cmd_vel_bridge]: Received cmd_vel but not in DRIVE mode. Ignoring.
[WARN] [1781627038.171463140] [cmd_vel_bridge]: Received cmd_vel but not in DRIVE mode. Ignoring.
[WARN] [1781627038.191507877] [cmd_vel_bridge]: Received cmd_vel but not in DRIVE mode. Ignoring.
[WARN] [1781627038.211463867] [cmd_vel_bridge]: Received cmd_vel but not in DRIVE mode. Ignoring.
[WARN] [1781627038.231473738] [cmd_vel_bridge]: Received cmd_vel but not in DRIVE mode. Ignoring.
[WARN] [1781627038.251457571] [cmd_vel_bridge]: Received cmd_vel but not in DRIVE mode. Ignoring.
[WARN] [1781627038.271451031] [cmd_vel_bridge]: Received cmd_vel but not in DRIVE mode. Ignoring.
[WARN] [1781627038.291444612] [cmd_vel_bridge]: Received cmd_vel but not in DRIVE mode. Ignoring.
[WARN] [1781627038.311459903] [cmd_vel_bridge]: Received cmd_vel but not in DRIVE mode. Ignoring.
[WARN] [1781627038.331454686] [cmd_vel_bridge]: Received cmd_vel but not in DRIVE mode. Ignoring.
[WARN] [1781627038.351445000] [cmd_vel_bridge]: Received cmd_vel but not in DRIVE mode. Ignoring.
[WARN] [1781627038.371442378] [cmd_vel_bridge]: Received cmd_vel but not in DRIVE mode. Ignoring.
[WARN] [1781627038.391459733] [cmd_vel_bridge]: Received cmd_vel but not in DRIVE mode. Ignoring.
[WARN] [1781627038.411469795] [cmd_vel_bridge]: Received cmd_vel but not in DRIVE mode. Ignoring.
[WARN] [1781627038.431449410] [cmd_vel_bridge]: Received cmd_vel but not in DRIVE mode. Ignoring.
[WARN] [1781627038.451444944] [cmd_vel_bridge]: Received cmd_vel but not in DRIVE mode. Ignoring.
[WARN] [1781627038.471443284] [cmd_vel_bridge]: Received cmd_vel but not in DRIVE mode. Ignoring.
[WARN] [1781627038.491441924] [cmd_vel_bridge]: Received cmd_vel but not in DRIVE mode. Ignoring.
[WARN] [1781627038.511447558] [cmd_vel_bridge]: Received cmd_vel but not in DRIVE mode. Ignoring.
[WARN] [1781627038.531454704] [cmd_vel_bridge]: Received cmd_vel but not in DRIVE mode. Ignoring.
[WARN] [1781627038.551441622] [cmd_vel_bridge]: Received cmd_vel but not in DRIVE mode. Ignoring.
[WARN] [1781627038.571441485] [cmd_vel_bridge]: Received cmd_vel but not in DRIVE mode. Ignoring.
[WARN] [1781627038.591450936] [cmd_vel_bridge]: Received cmd_vel but not in DRIVE mode. Ignoring.
[WARN] [1781627038.611480254] [cmd_vel_bridge]: Received cmd_vel but not in DRIVE mode. Ignoring.
[WARN] [1781627038.631461831] [cmd_vel_bridge]: Received cmd_vel but not in DRIVE mode. Ignoring.
[WARN] [1781627038.651462085] [cmd_vel_bridge]: Received cmd_vel but not in DRIVE mode. Ignoring.
[WARN] [1781627038.671467017] [cmd_vel_bridge]: Received cmd_vel but not in DRIVE mode. Ignoring.
[WARN] [1781627038.691480835] [cmd_vel_bridge]: Received cmd_vel but not in DRIVE mode. Ignoring.
[WARN] [1781627038.711470839] [cmd_vel_bridge]: Received cmd_vel but not in DRIVE mode. Ignoring.
[WARN] [1781627038.731463238] [cmd_vel_bridge]: Received cmd_vel but not in DRIVE mode. Ignoring.
[WARN] [1781627038.751449775] [cmd_vel_bridge]: Received cmd_vel but not in DRIVE mode. Ignoring.
[WARN] [1781627038.771454357] [cmd_vel_bridge]: Received cmd_vel but not in DRIVE mode. Ignoring.
[WARN] [1781627038.791459459] [cmd_vel_bridge]: Received cmd_vel but not in DRIVE mode. Ignoring.
[WARN] [1781627038.811474640] [cmd_vel_bridge]: Received cmd_vel but not in DRIVE mode. Ignoring.
[WARN] [1781627038.831477528] [cmd_vel_bridge]: Received cmd_vel but not in DRIVE mode. Ignoring.
[WARN] [1781627038.851463956] [cmd_vel_bridge]: Received cmd_vel but not in DRIVE mode. Ignoring.
[WARN] [1781627038.871471543] [cmd_vel_bridge]: Received cmd_vel but not in DRIVE mode. Ignoring.
[WARN] [1781627038.891455806] [cmd_vel_bridge]: Received cmd_vel but not in DRIVE mode. Ignoring.
[WARN] [1781627038.911448896] [cmd_vel_bridge]: Received cmd_vel but not in DRIVE mode. Ignoring.
[WARN] [1781627038.931450962] [cmd_vel_bridge]: Received cmd_vel but not in DRIVE mode. Ignoring.
[WARN] [1781627038.951444813] [cmd_vel_bridge]: Received cmd_vel but not in DRIVE mode. Ignoring.
[WARN] [1781627038.971464343] [cmd_vel_bridge]: Received cmd_vel but not in DRIVE mode. Ignoring.
[WARN] [1781627038.991466850] [cmd_vel_bridge]: Received cmd_vel but not in DRIVE mode. Ignoring.
[WARN] [1781627039.011462365] [cmd_vel_bridge]: Received cmd_vel but not in DRIVE mode. Ignoring.
[WARN] [1781627039.031488467] [cmd_vel_bridge]: Received cmd_vel but not in DRIVE mode. Ignoring.
[WARN] [1781627039.051460547] [cmd_vel_bridge]: Received cmd_vel but not in DRIVE mode. Ignoring.
[WARN] [1781627039.071450330] [cmd_vel_bridge]: Received cmd_vel but not in DRIVE mode. Ignoring.
[WARN] [1781627039.091447668] [cmd_vel_bridge]: Received cmd_vel but not in DRIVE mode. Ignoring.
[WARN] [1781627039.111468049] [cmd_vel_bridge]: Received cmd_vel but not in DRIVE mode. Ignoring.
[WARN] [1781627039.131456300] [cmd_vel_bridge]: Received cmd_vel but not in DRIVE mode. Ignoring.
[WARN] [1781627039.151446384] [cmd_vel_bridge]: Received cmd_vel but not in DRIVE mode. Ignoring.
[WARN] [1781627039.171445045] [cmd_vel_bridge]: Received cmd_vel but not in DRIVE mode. Ignoring.
[WARN] [1781627039.191444035] [cmd_vel_bridge]: Received cmd_vel but not in DRIVE mode. Ignoring.
[INFO] [1781627039.200341593] [cmd_vel_bridge]: Mode: PAUSE → DRIVE
[ERROR] [1781627056.200196255] [cmd_vel_bridge]: EMERGENCY STOP activated!
[INFO] [1781627056.200250497] [cmd_vel_bridge]: Mode: DRIVE → STOP → PAUSE
[WARN] [1781627056.211456277] [cmd_vel_bridge]: Received cmd_vel but not in DRIVE mode. Ignoring.
[WARN] [1781627056.231461379] [cmd_vel_bridge]: Received cmd_vel but not in DRIVE mode. Ignoring.
[WARN] [1781627056.251456512] [cmd_vel_bridge]: Received cmd_vel but not in DRIVE mode. Ignoring.
[WARN] [1781627056.271473908] [cmd_vel_bridge]: Received cmd_vel but not in DRIVE mode. Ignoring.
[WARN] [1781627056.291468310] [cmd_vel_bridge]: Received cmd_vel but not in DRIVE mode. Ignoring.
[WARN] [1781627056.311459386] [cmd_vel_bridge]: Received cmd_vel but not in DRIVE mode. Ignoring.
[WARN] [1781627056.331463616] [cmd_vel_bridge]: Received cmd_vel but not in DRIVE mode. Ignoring.
[WARN] [1781627056.351464010] [cmd_vel_bridge]: Received cmd_vel but not in DRIVE mode. Ignoring.
[WARN] [1781627056.371456478] [cmd_vel_bridge]: Received cmd_vel but not in DRIVE mode. Ignoring.
[WARN] [1781627056.391455790] [cmd_vel_bridge]: Received cmd_vel but not in DRIVE mode. Ignoring.
[WARN] [1781627056.411454971] [cmd_vel_bridge]: Received cmd_vel but not in DRIVE mode. Ignoring.
[WARN] [1781627056.431455285] [cmd_vel_bridge]: Received cmd_vel but not in DRIVE mode. Ignoring.
[WARN] [1781627056.451447322] [cmd_vel_bridge]: Received cmd_vel but not in DRIVE mode. Ignoring.
[WARN] [1781627056.471447025] [cmd_vel_bridge]: Received cmd_vel but not in DRIVE mode. Ignoring.
[WARN] [1781627056.491470191] [cmd_vel_bridge]: Received cmd_vel but not in DRIVE mode. Ignoring.
[WARN] [1781627056.511455746] [cmd_vel_bridge]: Received cmd_vel but not in DRIVE mode. Ignoring.
[WARN] [1781627056.531445570] [cmd_vel_bridge]: Received cmd_vel but not in DRIVE mode. Ignoring.
[WARN] [1781627056.551440904] [cmd_vel_bridge]: Received cmd_vel but not in DRIVE mode. Ignoring.
[WARN] [1781627056.571407414] [cmd_vel_bridge]: Received cmd_vel but not in DRIVE mode. Ignoring.
[WARN] [1781627056.591498949] [cmd_vel_bridge]: Received cmd_vel but not in DRIVE mode. Ignoring.
[WARN] [1781627056.611457845] [cmd_vel_bridge]: Received cmd_vel but not in DRIVE mode. Ignoring.
[WARN] [1781627056.631445534] [cmd_vel_bridge]: Received cmd_vel but not in DRIVE mode. Ignoring.
[WARN] [1781627056.651472418] [cmd_vel_bridge]: Received cmd_vel but not in DRIVE mode. Ignoring.
[WARN] [1781627056.671454086] [cmd_vel_bridge]: Received cmd_vel but not in DRIVE mode. Ignoring.
[WARN] [1781627056.691458497] [cmd_vel_bridge]: Received cmd_vel but not in DRIVE mode. Ignoring.
[WARN] [1781627056.711475071] [cmd_vel_bridge]: Received cmd_vel but not in DRIVE mode. Ignoring.
[WARN] [1781627056.731472659] [cmd_vel_bridge]: Received cmd_vel but not in DRIVE mode. Ignoring.
[WARN] [1781627056.751462753] [cmd_vel_bridge]: Received cmd_vel but not in DRIVE mode. Ignoring.
[WARN] [1781627056.771476773] [cmd_vel_bridge]: Received cmd_vel but not in DRIVE mode. Ignoring.
[WARN] [1781627056.791449654] [cmd_vel_bridge]: Received cmd_vel but not in DRIVE mode. Ignoring.
[WARN] [1781627056.811456440] [cmd_vel_bridge]: Received cmd_vel but not in DRIVE mode. Ignoring.
[WARN] [1781627056.831445311] [cmd_vel_bridge]: Received cmd_vel but not in DRIVE mode. Ignoring.
[WARN] [1781627056.851488425] [cmd_vel_bridge]: Received cmd_vel but not in DRIVE mode. Ignoring.
[WARN] [1781627056.871456317] [cmd_vel_bridge]: Received cmd_vel but not in DRIVE mode. Ignoring.
[WARN] [1781627056.891467872] [cmd_vel_bridge]: Received cmd_vel but not in DRIVE mode. Ignoring.
[WARN] [1781627056.911470690] [cmd_vel_bridge]: Received cmd_vel but not in DRIVE mode. Ignoring.
[WARN] [1781627056.931456877] [cmd_vel_bridge]: Received cmd_vel but not in DRIVE mode. Ignoring.
[WARN] [1781627056.951457300] [cmd_vel_bridge]: Received cmd_vel but not in DRIVE mode. Ignoring.
[WARN] [1781627056.971452966] [cmd_vel_bridge]: Received cmd_vel but not in DRIVE mode. Ignoring.
[WARN] [1781627056.991445344] [cmd_vel_bridge]: Received cmd_vel but not in DRIVE mode. Ignoring.
[WARN] [1781627057.011454424] [cmd_vel_bridge]: Received cmd_vel but not in DRIVE mode. Ignoring.
[WARN] [1781627057.031455529] [cmd_vel_bridge]: Received cmd_vel but not in DRIVE mode. Ignoring.
[WARN] [1781627057.051449541] [cmd_vel_bridge]: Received cmd_vel but not in DRIVE mode. Ignoring.
[WARN] [1781627057.071460234] [cmd_vel_bridge]: Received cmd_vel but not in DRIVE mode. Ignoring.
[WARN] [1781627057.091457281] [cmd_vel_bridge]: Received cmd_vel but not in DRIVE mode. Ignoring.
[WARN] [1781627057.111448217] [cmd_vel_bridge]: Received cmd_vel but not in DRIVE mode. Ignoring.
[WARN] [1781627057.131471383] [cmd_vel_bridge]: Received cmd_vel but not in DRIVE mode. Ignoring.
[WARN] [1781627057.151449805] [cmd_vel_bridge]: Received cmd_vel but not in DRIVE mode. Ignoring.
[WARN] [1781627057.171448455] [cmd_vel_bridge]: Received cmd_vel but not in DRIVE mode. Ignoring.
[WARN] [1781627057.191450011] [cmd_vel_bridge]: Received cmd_vel but not in DRIVE mode. Ignoring.
[WARN] [1781627057.211449933] [cmd_vel_bridge]: Received cmd_vel but not in DRIVE mode. Ignoring.
[WARN] [1781627057.231472048] [cmd_vel_bridge]: Received cmd_vel but not in DRIVE mode. Ignoring.
[WARN] [1781627057.251445751] [cmd_vel_bridge]: Received cmd_vel but not in DRIVE mode. Ignoring.
[WARN] [1781627057.271444762] [cmd_vel_bridge]: Received cmd_vel but not in DRIVE mode. Ignoring.
[WARN] [1781627057.291459171] [cmd_vel_bridge]: Received cmd_vel but not in DRIVE mode. Ignoring.
[WARN] [1781627057.311461659] [cmd_vel_bridge]: Received cmd_vel but not in DRIVE mode. Ignoring.
[WARN] [1781627057.331484795] [cmd_vel_bridge]: Received cmd_vel but not in DRIVE mode. Ignoring.
[WARN] [1781627057.351472024] [cmd_vel_bridge]: Received cmd_vel but not in DRIVE mode. Ignoring.
[WARN] [1781627057.371455406] [cmd_vel_bridge]: Received cmd_vel but not in DRIVE mode. Ignoring.
[WARN] [1781627057.391456921] [cmd_vel_bridge]: Received cmd_vel but not in DRIVE mode. Ignoring.
[WARN] [1781627057.411458116] [cmd_vel_bridge]: Received cmd_vel but not in DRIVE mode. Ignoring.
[WARN] [1781627057.431451056] [cmd_vel_bridge]: Received cmd_vel but not in DRIVE mode. Ignoring.
[WARN] [1781627057.451457531] [cmd_vel_bridge]: Received cmd_vel but not in DRIVE mode. Ignoring.
[WARN] [1781627057.471452955] [cmd_vel_bridge]: Received cmd_vel but not in DRIVE mode. Ignoring.
[WARN] [1781627057.491454922] [cmd_vel_bridge]: Received cmd_vel but not in DRIVE mode. Ignoring.
[WARN] [1781627057.511455947] [cmd_vel_bridge]: Received cmd_vel but not in DRIVE mode. Ignoring.
[WARN] [1781627057.531456170] [cmd_vel_bridge]: Received cmd_vel but not in DRIVE mode. Ignoring.
[WARN] [1781627057.551469528] [cmd_vel_bridge]: Received cmd_vel but not in DRIVE mode. Ignoring.
[WARN] [1781627057.571455625] [cmd_vel_bridge]: Received cmd_vel but not in DRIVE mode. Ignoring.
[WARN] [1781627057.591475796] [cmd_vel_bridge]: Received cmd_vel but not in DRIVE mode. Ignoring.
[WARN] [1781627057.611535691] [cmd_vel_bridge]: Received cmd_vel but not in DRIVE mode. Ignoring.
[WARN] [1781627057.631523050] [cmd_vel_bridge]: Received cmd_vel but not in DRIVE mode. Ignoring.
[WARN] [1781627057.651511411] [cmd_vel_bridge]: Received cmd_vel but not in DRIVE mode. Ignoring.
[WARN] [1781627057.671494171] [cmd_vel_bridge]: Received cmd_vel but not in DRIVE mode. Ignoring.
[WARN] [1781627057.691503000] [cmd_vel_bridge]: Received cmd_vel but not in DRIVE mode. Ignoring.
[WARN] [1781627057.711501580] [cmd_vel_bridge]: Received cmd_vel but not in DRIVE mode. Ignoring.
[WARN] [1781627057.731471887] [cmd_vel_bridge]: Received cmd_vel but not in DRIVE mode. Ignoring.
[WARN] [1781627057.751487910] [cmd_vel_bridge]: Received cmd_vel but not in DRIVE mode. Ignoring.
[WARN] [1781627057.771472283] [cmd_vel_bridge]: Received cmd_vel but not in DRIVE mode. Ignoring.
[WARN] [1781627057.791464221] [cmd_vel_bridge]: Received cmd_vel but not in DRIVE mode. Ignoring.
[WARN] [1781627057.811470596] [cmd_vel_bridge]: Received cmd_vel but not in DRIVE mode. Ignoring.
[WARN] [1781627057.831485757] [cmd_vel_bridge]: Received cmd_vel but not in DRIVE mode. Ignoring.
[WARN] [1781627057.851485359] [cmd_vel_bridge]: Received cmd_vel but not in DRIVE mode. Ignoring.
[WARN] [1781627057.871470764] [cmd_vel_bridge]: Received cmd_vel but not in DRIVE mode. Ignoring.
[WARN] [1781627057.891484332] [cmd_vel_bridge]: Received cmd_vel but not in DRIVE mode. Ignoring.
[WARN] [1781627057.911459739] [cmd_vel_bridge]: Received cmd_vel but not in DRIVE mode. Ignoring.
[WARN] [1781627057.931478006] [cmd_vel_bridge]: Received cmd_vel but not in DRIVE mode. Ignoring.
[WARN] [1781627057.951471046] [cmd_vel_bridge]: Received cmd_vel but not in DRIVE mode. Ignoring.
[WARN] [1781627057.971474775] [cmd_vel_bridge]: Received cmd_vel but not in DRIVE mode. Ignoring.
[WARN] [1781627057.991445383] [cmd_vel_bridge]: Received cmd_vel but not in DRIVE mode. Ignoring.
[WARN] [1781627058.011463400] [cmd_vel_bridge]: Received cmd_vel but not in DRIVE mode. Ignoring.
[WARN] [1781627058.031447913] [cmd_vel_bridge]: Received cmd_vel but not in DRIVE mode. Ignoring.
[WARN] [1781627058.051470369] [cmd_vel_bridge]: Received cmd_vel but not in DRIVE mode. Ignoring.
[WARN] [1781627058.071450584] [cmd_vel_bridge]: Received cmd_vel but not in DRIVE mode. Ignoring.
[WARN] [1781627058.091455306] [cmd_vel_bridge]: Received cmd_vel but not in DRIVE mode. Ignoring.
[WARN] [1781627058.111457643] [cmd_vel_bridge]: Received cmd_vel but not in DRIVE mode. Ignoring.
[WARN] [1781627058.131452786] [cmd_vel_bridge]: Received cmd_vel but not in DRIVE mode. Ignoring.
[WARN] [1781627058.151462147] [cmd_vel_bridge]: Received cmd_vel but not in DRIVE mode. Ignoring.
[WARN] [1781627058.171463211] [cmd_vel_bridge]: Received cmd_vel but not in DRIVE mode. Ignoring.
[WARN] [1781627058.191479095] [cmd_vel_bridge]: Received cmd_vel but not in DRIVE mode. Ignoring.
[WARN] [1781627058.211545663] [cmd_vel_bridge]: Received cmd_vel but not in DRIVE mode. Ignoring.
[WARN] [1781627058.231513816] [cmd_vel_bridge]: Received cmd_vel but not in DRIVE mode. Ignoring.
[WARN] [1781627058.251525189] [cmd_vel_bridge]: Received cmd_vel but not in DRIVE mode. Ignoring.
[WARN] [1781627058.271455751] [cmd_vel_bridge]: Received cmd_vel but not in DRIVE mode. Ignoring.
[WARN] [1781627058.291454783] [cmd_vel_bridge]: Received cmd_vel but not in DRIVE mode. Ignoring.
[WARN] [1781627058.311461508] [cmd_vel_bridge]: Received cmd_vel but not in DRIVE mode. Ignoring.
[WARN] [1781627058.331453446] [cmd_vel_bridge]: Received cmd_vel but not in DRIVE mode. Ignoring.
[WARN] [1781627058.351471673] [cmd_vel_bridge]: Received cmd_vel but not in DRIVE mode. Ignoring.
[WARN] [1781627058.371419628] [cmd_vel_bridge]: Received cmd_vel but not in DRIVE mode. Ignoring.
[WARN] [1781627058.391460328] [cmd_vel_bridge]: Received cmd_vel but not in DRIVE mode. Ignoring.
[WARN] [1781627058.411455972] [cmd_vel_bridge]: Received cmd_vel but not in DRIVE mode. Ignoring.
[WARN] [1781627058.431448090] [cmd_vel_bridge]: Received cmd_vel but not in DRIVE mode. Ignoring.
[WARN] [1781627058.451464474] [cmd_vel_bridge]: Received cmd_vel but not in DRIVE mode. Ignoring.
[WARN] [1781627058.471416827] [cmd_vel_bridge]: Received cmd_vel but not in DRIVE mode. Ignoring.
[WARN] [1781627058.491475009] [cmd_vel_bridge]: Received cmd_vel but not in DRIVE mode. Ignoring.
[WARN] [1781627058.511475313] [cmd_vel_bridge]: Received cmd_vel but not in DRIVE mode. Ignoring.
[WARN] [1781627058.531470086] [cmd_vel_bridge]: Received cmd_vel but not in DRIVE mode. Ignoring.
[WARN] [1781627058.551467704] [cmd_vel_bridge]: Received cmd_vel but not in DRIVE mode. Ignoring.
[WARN] [1781627058.571466645] [cmd_vel_bridge]: Received cmd_vel but not in DRIVE mode. Ignoring.
[WARN] [1781627058.591517082] [cmd_vel_bridge]: Received cmd_vel but not in DRIVE mode. Ignoring.
[WARN] [1781627058.611937506] [cmd_vel_bridge]: Received cmd_vel but not in DRIVE mode. Ignoring.
[WARN] [1781627058.631476672] [cmd_vel_bridge]: Received cmd_vel but not in DRIVE mode. Ignoring.
[WARN] [1781627058.651472597] [cmd_vel_bridge]: Received cmd_vel but not in DRIVE mode. Ignoring.
[WARN] [1781627058.671469073] [cmd_vel_bridge]: Received cmd_vel but not in DRIVE mode. Ignoring.
[WARN] [1781627058.691469096] [cmd_vel_bridge]: Received cmd_vel but not in DRIVE mode. Ignoring.
[WARN] [1781627058.711469519] [cmd_vel_bridge]: Received cmd_vel but not in DRIVE mode. Ignoring.
[WARN] [1781627058.731467909] [cmd_vel_bridge]: Received cmd_vel but not in DRIVE mode. Ignoring.
[WARN] [1781627058.751469515] [cmd_vel_bridge]: Received cmd_vel but not in DRIVE mode. Ignoring.
[WARN] [1781627058.771468766] [cmd_vel_bridge]: Received cmd_vel but not in DRIVE mode. Ignoring.
[WARN] [1781627058.791457297] [cmd_vel_bridge]: Received cmd_vel but not in DRIVE mode. Ignoring.
[WARN] [1781627058.811491575] [cmd_vel_bridge]: Received cmd_vel but not in DRIVE mode. Ignoring.
[WARN] [1781627058.831463855] [cmd_vel_bridge]: Received cmd_vel but not in DRIVE mode. Ignoring.
[WARN] [1781627058.851478305] [cmd_vel_bridge]: Received cmd_vel but not in DRIVE mode. Ignoring.
[WARN] [1781627058.871502463] [cmd_vel_bridge]: Received cmd_vel but not in DRIVE mode. Ignoring.
[WARN] [1781627058.891464765] [cmd_vel_bridge]: Received cmd_vel but not in DRIVE mode. Ignoring.
[WARN] [1781627058.911466120] [cmd_vel_bridge]: Received cmd_vel but not in DRIVE mode. Ignoring.
[WARN] [1781627058.931460202] [cmd_vel_bridge]: Received cmd_vel but not in DRIVE mode. Ignoring.
[WARN] [1781627058.951458662] [cmd_vel_bridge]: Received cmd_vel but not in DRIVE mode. Ignoring.
[WARN] [1781627058.971461090] [cmd_vel_bridge]: Received cmd_vel but not in DRIVE mode. Ignoring.
[WARN] [1781627058.991459460] [cmd_vel_bridge]: Received cmd_vel but not in DRIVE mode. Ignoring.
[WARN] [1781627059.011487635] [cmd_vel_bridge]: Received cmd_vel but not in DRIVE mode. Ignoring.
[WARN] [1781627059.031476788] [cmd_vel_bridge]: Received cmd_vel but not in DRIVE mode. Ignoring.
[WARN] [1781627059.051459468] [cmd_vel_bridge]: Received cmd_vel but not in DRIVE mode. Ignoring.
[WARN] [1781627059.071461825] [cmd_vel_bridge]: Received cmd_vel but not in DRIVE mode. Ignoring.
[WARN] [1781627059.091452390] [cmd_vel_bridge]: Received cmd_vel but not in DRIVE mode. Ignoring.
[WARN] [1781627059.111461180] [cmd_vel_bridge]: Received cmd_vel but not in DRIVE mode. Ignoring.
[WARN] [1781627059.131461573] [cmd_vel_bridge]: Received cmd_vel but not in DRIVE mode. Ignoring.
[WARN] [1781627059.151454773] [cmd_vel_bridge]: Received cmd_vel but not in DRIVE mode. Ignoring.
[WARN] [1781627059.171459214] [cmd_vel_bridge]: Received cmd_vel but not in DRIVE mode. Ignoring.
[WARN] [1781627059.191451623] [cmd_vel_bridge]: Received cmd_vel but not in DRIVE mode. Ignoring.
[WARN] [1781627059.211461153] [cmd_vel_bridge]: Received cmd_vel but not in DRIVE mode. Ignoring.
[WARN] [1781627059.231485401] [cmd_vel_bridge]: Received cmd_vel but not in DRIVE mode. Ignoring.
[WARN] [1781627059.251476628] [cmd_vel_bridge]: Received cmd_vel but not in DRIVE mode. Ignoring.
[WARN] [1781627059.271467152] [cmd_vel_bridge]: Received cmd_vel but not in DRIVE mode. Ignoring.
[WARN] [1781627059.291457768] [cmd_vel_bridge]: Received cmd_vel but not in DRIVE mode. Ignoring.
[WARN] [1781627059.311465736] [cmd_vel_bridge]: Received cmd_vel but not in DRIVE mode. Ignoring.
[WARN] [1781627059.331467452] [cmd_vel_bridge]: Received cmd_vel but not in DRIVE mode. Ignoring.
[WARN] [1781627059.351461172] [cmd_vel_bridge]: Received cmd_vel but not in DRIVE mode. Ignoring.
[WARN] [1781627059.371457378] [cmd_vel_bridge]: Received cmd_vel but not in DRIVE mode. Ignoring.
[WARN] [1781627059.391450347] [cmd_vel_bridge]: Received cmd_vel but not in DRIVE mode. Ignoring.
[WARN] [1781627059.411472823] [cmd_vel_bridge]: Received cmd_vel but not in DRIVE mode. Ignoring.
[WARN] [1781627059.431474819] [cmd_vel_bridge]: Received cmd_vel but not in DRIVE mode. Ignoring.
[WARN] [1781627059.451467648] [cmd_vel_bridge]: Received cmd_vel but not in DRIVE mode. Ignoring.
[WARN] [1781627059.471461850] [cmd_vel_bridge]: Received cmd_vel but not in DRIVE mode. Ignoring.
[WARN] [1781627059.491468045] [cmd_vel_bridge]: Received cmd_vel but not in DRIVE mode. Ignoring.
[WARN] [1781627059.511469560] [cmd_vel_bridge]: Received cmd_vel but not in DRIVE mode. Ignoring.
[WARN] [1781627059.531468250] [cmd_vel_bridge]: Received cmd_vel but not in DRIVE mode. Ignoring.
[WARN] [1781627059.551460108] [cmd_vel_bridge]: Received cmd_vel but not in DRIVE mode. Ignoring.
[WARN] [1781627059.571462165] [cmd_vel_bridge]: Received cmd_vel but not in DRIVE mode. Ignoring.
[WARN] [1781627059.591451628] [cmd_vel_bridge]: Received cmd_vel but not in DRIVE mode. Ignoring.
[WARN] [1781627059.611512425] [cmd_vel_bridge]: Received cmd_vel but not in DRIVE mode. Ignoring.
[WARN] [1781627059.631474647] [cmd_vel_bridge]: Received cmd_vel but not in DRIVE mode. Ignoring.
[WARN] [1781627059.651482534] [cmd_vel_bridge]: Received cmd_vel but not in DRIVE mode. Ignoring.
[WARN] [1781627059.671463060] [cmd_vel_bridge]: Received cmd_vel but not in DRIVE mode. Ignoring.
[WARN] [1781627059.691457723] [cmd_vel_bridge]: Received cmd_vel but not in DRIVE mode. Ignoring.
[WARN] [1781627059.711466071] [cmd_vel_bridge]: Received cmd_vel but not in DRIVE mode. Ignoring.
[WARN] [1781627059.731469951] [cmd_vel_bridge]: Received cmd_vel but not in DRIVE mode. Ignoring.
[WARN] [1781627059.751474483] [cmd_vel_bridge]: Received cmd_vel but not in DRIVE mode. Ignoring.
[WARN] [1781627059.771485446] [cmd_vel_bridge]: Received cmd_vel but not in DRIVE mode. Ignoring.
[WARN] [1781627059.791480439] [cmd_vel_bridge]: Received cmd_vel but not in DRIVE mode. Ignoring.
[WARN] [1781627059.811482967] [cmd_vel_bridge]: Received cmd_vel but not in DRIVE mode. Ignoring.
[WARN] [1781627059.831469424] [cmd_vel_bridge]: Received cmd_vel but not in DRIVE mode. Ignoring.
[WARN] [1781627059.851460641] [cmd_vel_bridge]: Received cmd_vel but not in DRIVE mode. Ignoring.
[WARN] [1781627059.871472446] [cmd_vel_bridge]: Received cmd_vel but not in DRIVE mode. Ignoring.
[WARN] [1781627059.891478570] [cmd_vel_bridge]: Received cmd_vel but not in DRIVE mode. Ignoring.
[WARN] [1781627059.911477180] [cmd_vel_bridge]: Received cmd_vel but not in DRIVE mode. Ignoring.
[WARN] [1781627059.931471943] [cmd_vel_bridge]: Received cmd_vel but not in DRIVE mode. Ignoring.
[WARN] [1781627059.951455154] [cmd_vel_bridge]: Received cmd_vel but not in DRIVE mode. Ignoring.
[WARN] [1781627059.971448094] [cmd_vel_bridge]: Received cmd_vel but not in DRIVE mode. Ignoring.
[WARN] [1781627059.991930825] [cmd_vel_bridge]: Received cmd_vel but not in DRIVE mode. Ignoring.
[WARN] [1781627060.011466334] [cmd_vel_bridge]: Received cmd_vel but not in DRIVE mode. Ignoring.
[WARN] [1781627060.031464363] [cmd_vel_bridge]: Received cmd_vel but not in DRIVE mode. Ignoring.
[WARN] [1781627060.051472852] [cmd_vel_bridge]: Received cmd_vel but not in DRIVE mode. Ignoring.
[WARN] [1781627060.071484527] [cmd_vel_bridge]: Received cmd_vel but not in DRIVE mode. Ignoring.
[WARN] [1781627060.091469501] [cmd_vel_bridge]: Received cmd_vel but not in DRIVE mode. Ignoring.
[WARN] [1781627060.111466648] [cmd_vel_bridge]: Received cmd_vel but not in DRIVE mode. Ignoring.
[WARN] [1781627060.131473434] [cmd_vel_bridge]: Received cmd_vel but not in DRIVE mode. Ignoring.
[WARN] [1781627060.151462706] [cmd_vel_bridge]: Received cmd_vel but not in DRIVE mode. Ignoring.
[WARN] [1781627060.171456267] [cmd_vel_bridge]: Received cmd_vel but not in DRIVE mode. Ignoring.
[WARN] [1781627060.191451972] [cmd_vel_bridge]: Received cmd_vel but not in DRIVE mode. Ignoring.
[WARN] [1781627060.211466141] [cmd_vel_bridge]: Received cmd_vel but not in DRIVE mode. Ignoring.
[WARN] [1781627060.231470733] [cmd_vel_bridge]: Received cmd_vel but not in DRIVE mode. Ignoring.
[WARN] [1781627060.251452341] [cmd_vel_bridge]: Received cmd_vel but not in DRIVE mode. Ignoring.
[WARN] [1781627060.271470438] [cmd_vel_bridge]: Received cmd_vel but not in DRIVE mode. Ignoring.
[WARN] [1781627060.291459009] [cmd_vel_bridge]: Received cmd_vel but not in DRIVE mode. Ignoring.
[WARN] [1781627060.311469561] [cmd_vel_bridge]: Received cmd_vel but not in DRIVE mode. Ignoring.
[WARN] [1781627060.331457331] [cmd_vel_bridge]: Received cmd_vel but not in DRIVE mode. Ignoring.
[WARN] [1781627060.351471040] [cmd_vel_bridge]: Received cmd_vel but not in DRIVE mode. Ignoring.
[WARN] [1781627060.371467085] [cmd_vel_bridge]: Received cmd_vel but not in DRIVE mode. Ignoring.
[WARN] [1781627060.391470575] [cmd_vel_bridge]: Received cmd_vel but not in DRIVE mode. Ignoring.
[WARN] [1781627060.411463665] [cmd_vel_bridge]: Received cmd_vel but not in DRIVE mode. Ignoring.
[WARN] [1781627060.431471412] [cmd_vel_bridge]: Received cmd_vel but not in DRIVE mode. Ignoring.
[WARN] [1781627060.451446718] [cmd_vel_bridge]: Received cmd_vel but not in DRIVE mode. Ignoring.
[WARN] [1781627060.471459635] [cmd_vel_bridge]: Received cmd_vel but not in DRIVE mode. Ignoring.
[WARN] [1781627060.491490245] [cmd_vel_bridge]: Received cmd_vel but not in DRIVE mode. Ignoring.
[WARN] [1781627060.511462696] [cmd_vel_bridge]: Received cmd_vel but not in DRIVE mode. Ignoring.
[WARN] [1781627060.531455545] [cmd_vel_bridge]: Received cmd_vel but not in DRIVE mode. Ignoring.
[WARN] [1781627060.551457492] [cmd_vel_bridge]: Received cmd_vel but not in DRIVE mode. Ignoring.
[WARN] [1781627060.571457776] [cmd_vel_bridge]: Received cmd_vel but not in DRIVE mode. Ignoring.
[WARN] [1781627060.591443511] [cmd_vel_bridge]: Received cmd_vel but not in DRIVE mode. Ignoring.
[WARN] [1781627060.611451650] [cmd_vel_bridge]: Received cmd_vel but not in DRIVE mode. Ignoring.
[WARN] [1781627060.631447294] [cmd_vel_bridge]: Received cmd_vel but not in DRIVE mode. Ignoring.
[WARN] [1781627060.651444602] [cmd_vel_bridge]: Received cmd_vel but not in DRIVE mode. Ignoring.
[WARN] [1781627060.671448833] [cmd_vel_bridge]: Received cmd_vel but not in DRIVE mode. Ignoring.
[WARN] [1781627060.691468813] [cmd_vel_bridge]: Received cmd_vel but not in DRIVE mode. Ignoring.
[WARN] [1781627060.711464368] [cmd_vel_bridge]: Received cmd_vel but not in DRIVE mode. Ignoring.
[WARN] [1781627060.731457197] [cmd_vel_bridge]: Received cmd_vel but not in DRIVE mode. Ignoring.
[WARN] [1781627060.751454464] [cmd_vel_bridge]: Received cmd_vel but not in DRIVE mode. Ignoring.
[WARN] [1781627060.771448456] [cmd_vel_bridge]: Received cmd_vel but not in DRIVE mode. Ignoring.
[WARN] [1781627060.791465350] [cmd_vel_bridge]: Received cmd_vel but not in DRIVE mode. Ignoring.
[WARN] [1781627060.811455585] [cmd_vel_bridge]: Received cmd_vel but not in DRIVE mode. Ignoring.
[WARN] [1781627060.831447913] [cmd_vel_bridge]: Received cmd_vel but not in DRIVE mode. Ignoring.
[WARN] [1781627060.851448236] [cmd_vel_bridge]: Received cmd_vel but not in DRIVE mode. Ignoring.
[WARN] [1781627060.871462987] [cmd_vel_bridge]: Received cmd_vel but not in DRIVE mode. Ignoring.
[WARN] [1781627060.891499097] [cmd_vel_bridge]: Received cmd_vel but not in DRIVE mode. Ignoring.
[WARN] [1781627060.911493349] [cmd_vel_bridge]: Received cmd_vel but not in DRIVE mode. Ignoring.
[WARN] [1781627060.931458126] [cmd_vel_bridge]: Received cmd_vel but not in DRIVE mode. Ignoring.
[WARN] [1781627060.951453380] [cmd_vel_bridge]: Received cmd_vel but not in DRIVE mode. Ignoring.
[WARN] [1781627060.971455767] [cmd_vel_bridge]: Received cmd_vel but not in DRIVE mode. Ignoring.
[WARN] [1781627060.991446302] [cmd_vel_bridge]: Received cmd_vel but not in DRIVE mode. Ignoring.
[WARN] [1781627061.011462566] [cmd_vel_bridge]: Received cmd_vel but not in DRIVE mode. Ignoring.
[WARN] [1781627061.031446378] [cmd_vel_bridge]: Received cmd_vel but not in DRIVE mode. Ignoring.
[WARN] [1781627061.051449917] [cmd_vel_bridge]: Received cmd_vel but not in DRIVE mode. Ignoring.
[WARN] [1781627061.071456573] [cmd_vel_bridge]: Received cmd_vel but not in DRIVE mode. Ignoring.
[WARN] [1781627061.091463258] [cmd_vel_bridge]: Received cmd_vel but not in DRIVE mode. Ignoring.
[WARN] [1781627061.111478279] [cmd_vel_bridge]: Received cmd_vel but not in DRIVE mode. Ignoring.
[WARN] [1781627061.131461039] [cmd_vel_bridge]: Received cmd_vel but not in DRIVE mode. Ignoring.
[WARN] [1781627061.151453468] [cmd_vel_bridge]: Received cmd_vel but not in DRIVE mode. Ignoring.
[WARN] [1781627061.171447680] [cmd_vel_bridge]: Received cmd_vel but not in DRIVE mode. Ignoring.
[WARN] [1781627061.191454426] [cmd_vel_bridge]: Received cmd_vel but not in DRIVE mode. Ignoring.
[WARN] [1781627061.211924804] [cmd_vel_bridge]: Received cmd_vel but not in DRIVE mode. Ignoring.
[WARN] [1781627061.231444944] [cmd_vel_bridge]: Received cmd_vel but not in DRIVE mode. Ignoring.
[WARN] [1781627061.251443724] [cmd_vel_bridge]: Received cmd_vel but not in DRIVE mode. Ignoring.
[WARN] [1781627061.271453425] [cmd_vel_bridge]: Received cmd_vel but not in DRIVE mode. Ignoring.
[WARN] [1781627061.291448328] [cmd_vel_bridge]: Received cmd_vel but not in DRIVE mode. Ignoring.
[WARN] [1781627061.311456887] [cmd_vel_bridge]: Received cmd_vel but not in DRIVE mode. Ignoring.
[WARN] [1781627061.331473742] [cmd_vel_bridge]: Received cmd_vel but not in DRIVE mode. Ignoring.
[WARN] [1781627061.351458416] [cmd_vel_bridge]: Received cmd_vel but not in DRIVE mode. Ignoring.
[WARN] [1781627061.371459351] [cmd_vel_bridge]: Received cmd_vel but not in DRIVE mode. Ignoring.
[WARN] [1781627061.391476125] [cmd_vel_bridge]: Received cmd_vel but not in DRIVE mode. Ignoring.
[WARN] [1781627061.411471529] [cmd_vel_bridge]: Received cmd_vel but not in DRIVE mode. Ignoring.
[WARN] [1781627061.431454229] [cmd_vel_bridge]: Received cmd_vel but not in DRIVE mode. Ignoring.
[WARN] [1781627061.451453060] [cmd_vel_bridge]: Received cmd_vel but not in DRIVE mode. Ignoring.
[WARN] [1781627061.471461368] [cmd_vel_bridge]: Received cmd_vel but not in DRIVE mode. Ignoring.
[WARN] [1781627061.491454658] [cmd_vel_bridge]: Received cmd_vel but not in DRIVE mode. Ignoring.
[WARN] [1781627061.511508583] [cmd_vel_bridge]: Received cmd_vel but not in DRIVE mode. Ignoring.
[WARN] [1781627061.531450466] [cmd_vel_bridge]: Received cmd_vel but not in DRIVE mode. Ignoring.
[WARN] [1781627061.551472430] [cmd_vel_bridge]: Received cmd_vel but not in DRIVE mode. Ignoring.
[WARN] [1781627061.571459970] [cmd_vel_bridge]: Received cmd_vel but not in DRIVE mode. Ignoring.
[WARN] [1781627061.591446968] [cmd_vel_bridge]: Received cmd_vel but not in DRIVE mode. Ignoring.
[WARN] [1781627061.611462510] [cmd_vel_bridge]: Received cmd_vel but not in DRIVE mode. Ignoring.
[WARN] [1781627061.631456952] [cmd_vel_bridge]: Received cmd_vel but not in DRIVE mode. Ignoring.
[WARN] [1781627061.651456104] [cmd_vel_bridge]: Received cmd_vel but not in DRIVE mode. Ignoring.
[WARN] [1781627061.671446698] [cmd_vel_bridge]: Received cmd_vel but not in DRIVE mode. Ignoring.
[WARN] [1781627061.691465136] [cmd_vel_bridge]: Received cmd_vel but not in DRIVE mode. Ignoring.
[WARN] [1781627061.711466882] [cmd_vel_bridge]: Received cmd_vel but not in DRIVE mode. Ignoring.
[WARN] [1781627061.731454421] [cmd_vel_bridge]: Received cmd_vel but not in DRIVE mode. Ignoring.
[WARN] [1781627061.751490682] [cmd_vel_bridge]: Received cmd_vel but not in DRIVE mode. Ignoring.
[WARN] [1781627061.771443807] [cmd_vel_bridge]: Received cmd_vel but not in DRIVE mode. Ignoring.
[WARN] [1781627061.791449340] [cmd_vel_bridge]: Received cmd_vel but not in DRIVE mode. Ignoring.
[WARN] [1781627061.811447269] [cmd_vel_bridge]: Received cmd_vel but not in DRIVE mode. Ignoring.
[WARN] [1781627061.831456429] [cmd_vel_bridge]: Received cmd_vel but not in DRIVE mode. Ignoring.
[WARN] [1781627061.851450149] [cmd_vel_bridge]: Received cmd_vel but not in DRIVE mode. Ignoring.
[WARN] [1781627061.871456835] [cmd_vel_bridge]: Received cmd_vel but not in DRIVE mode. Ignoring.
[WARN] [1781627061.891453441] [cmd_vel_bridge]: Received cmd_vel but not in DRIVE mode. Ignoring.
[WARN] [1781627061.911464985] [cmd_vel_bridge]: Received cmd_vel but not in DRIVE mode. Ignoring.
[WARN] [1781627061.931454819] [cmd_vel_bridge]: Received cmd_vel but not in DRIVE mode. Ignoring.
[WARN] [1781627061.951461043] [cmd_vel_bridge]: Received cmd_vel but not in DRIVE mode. Ignoring.
[WARN] [1781627061.971474792] [cmd_vel_bridge]: Received cmd_vel but not in DRIVE mode. Ignoring.
[WARN] [1781627061.991470326] [cmd_vel_bridge]: Received cmd_vel but not in DRIVE mode. Ignoring.
[WARN] [1781627062.011464999] [cmd_vel_bridge]: Received cmd_vel but not in DRIVE mode. Ignoring.
[WARN] [1781627062.031453440] [cmd_vel_bridge]: Received cmd_vel but not in DRIVE mode. Ignoring.
[WARN] [1781627062.051456669] [cmd_vel_bridge]: Received cmd_vel but not in DRIVE mode. Ignoring.
[WARN] [1781627062.071457313] [cmd_vel_bridge]: Received cmd_vel but not in DRIVE mode. Ignoring.
[WARN] [1781627062.091456013] [cmd_vel_bridge]: Received cmd_vel but not in DRIVE mode. Ignoring.
[WARN] [1781627062.111468008] [cmd_vel_bridge]: Received cmd_vel but not in DRIVE mode. Ignoring.
[WARN] [1781627062.131454416] [cmd_vel_bridge]: Received cmd_vel but not in DRIVE mode. Ignoring.
[WARN] [1781627062.151445842] [cmd_vel_bridge]: Received cmd_vel but not in DRIVE mode. Ignoring.
[WARN] [1781627062.171447398] [cmd_vel_bridge]: Received cmd_vel but not in DRIVE mode. Ignoring.
[WARN] [1781627062.191473911] [cmd_vel_bridge]: Received cmd_vel but not in DRIVE mode. Ignoring.
[WARN] [1781627062.211463855] [cmd_vel_bridge]: Received cmd_vel but not in DRIVE mode. Ignoring.
[WARN] [1781627062.231491990] [cmd_vel_bridge]: Received cmd_vel but not in DRIVE mode. Ignoring.
[WARN] [1781627062.251464712] [cmd_vel_bridge]: Received cmd_vel but not in DRIVE mode. Ignoring.
[WARN] [1781627062.271462701] [cmd_vel_bridge]: Received cmd_vel but not in DRIVE mode. Ignoring.
[WARN] [1781627062.291455200] [cmd_vel_bridge]: Received cmd_vel but not in DRIVE mode. Ignoring.
[WARN] [1781627062.311475411] [cmd_vel_bridge]: Received cmd_vel but not in DRIVE mode. Ignoring.
[WARN] [1781627062.331480694] [cmd_vel_bridge]: Received cmd_vel but not in DRIVE mode. Ignoring.
[WARN] [1781627062.351474074] [cmd_vel_bridge]: Received cmd_vel but not in DRIVE mode. Ignoring.
[WARN] [1781627062.371456173] [cmd_vel_bridge]: Received cmd_vel but not in DRIVE mode. Ignoring.
[WARN] [1781627062.391492564] [cmd_vel_bridge]: Received cmd_vel but not in DRIVE mode. Ignoring.
[WARN] [1781627062.411474674] [cmd_vel_bridge]: Received cmd_vel but not in DRIVE mode. Ignoring.
[WARN] [1781627062.431449469] [cmd_vel_bridge]: Received cmd_vel but not in DRIVE mode. Ignoring.
[WARN] [1781627062.451458358] [cmd_vel_bridge]: Received cmd_vel but not in DRIVE mode. Ignoring.
[WARN] [1781627062.471445247] [cmd_vel_bridge]: Received cmd_vel but not in DRIVE mode. Ignoring.
[WARN] [1781627062.491455188] [cmd_vel_bridge]: Received cmd_vel but not in DRIVE mode. Ignoring.
[WARN] [1781627062.511463547] [cmd_vel_bridge]: Received cmd_vel but not in DRIVE mode. Ignoring.
[WARN] [1781627062.531447529] [cmd_vel_bridge]: Received cmd_vel but not in DRIVE mode. Ignoring.
[WARN] [1781627062.551450678] [cmd_vel_bridge]: Received cmd_vel but not in DRIVE mode. Ignoring.
[WARN] [1781627062.571447525] [cmd_vel_bridge]: Received cmd_vel but not in DRIVE mode. Ignoring.
[WARN] [1781627062.591467946] [cmd_vel_bridge]: Received cmd_vel but not in DRIVE mode. Ignoring.
[WARN] [1781627062.611469101] [cmd_vel_bridge]: Received cmd_vel but not in DRIVE mode. Ignoring.
[WARN] [1781627062.631461149] [cmd_vel_bridge]: Received cmd_vel but not in DRIVE mode. Ignoring.
[WARN] [1781627062.651445723] [cmd_vel_bridge]: Received cmd_vel but not in DRIVE mode. Ignoring.
[WARN] [1781627062.671456987] [cmd_vel_bridge]: Received cmd_vel but not in DRIVE mode. Ignoring.
[WARN] [1781627062.691458072] [cmd_vel_bridge]: Received cmd_vel but not in DRIVE mode. Ignoring.
[WARN] [1781627062.711457454] [cmd_vel_bridge]: Received cmd_vel but not in DRIVE mode. Ignoring.
[WARN] [1781627062.731452206] [cmd_vel_bridge]: Received cmd_vel but not in DRIVE mode. Ignoring.
[WARN] [1781627062.751454213] [cmd_vel_bridge]: Received cmd_vel but not in DRIVE mode. Ignoring.
[WARN] [1781627062.771446842] [cmd_vel_bridge]: Received cmd_vel but not in DRIVE mode. Ignoring.
[WARN] [1781627062.791468125] [cmd_vel_bridge]: Received cmd_vel but not in DRIVE mode. Ignoring.
[WARN] [1781627062.811482465] [cmd_vel_bridge]: Received cmd_vel but not in DRIVE mode. Ignoring.
[WARN] [1781627062.831458632] [cmd_vel_bridge]: Received cmd_vel but not in DRIVE mode. Ignoring.
[WARN] [1781627062.851447875] [cmd_vel_bridge]: Received cmd_vel but not in DRIVE mode. Ignoring.
[WARN] [1781627062.871449852] [cmd_vel_bridge]: Received cmd_vel but not in DRIVE mode. Ignoring.
[WARN] [1781627062.891472246] [cmd_vel_bridge]: Received cmd_vel but not in DRIVE mode. Ignoring.
[WARN] [1781627062.911481196] [cmd_vel_bridge]: Received cmd_vel but not in DRIVE mode. Ignoring.
[WARN] [1781627062.931452074] [cmd_vel_bridge]: Received cmd_vel but not in DRIVE mode. Ignoring.
[WARN] [1781627062.951456675] [cmd_vel_bridge]: Received cmd_vel but not in DRIVE mode. Ignoring.
[WARN] [1781627062.971451308] [cmd_vel_bridge]: Received cmd_vel but not in DRIVE mode. Ignoring.
[WARN] [1781627062.991472420] [cmd_vel_bridge]: Received cmd_vel but not in DRIVE mode. Ignoring.
[WARN] [1781627063.011473635] [cmd_vel_bridge]: Received cmd_vel but not in DRIVE mode. Ignoring.
[WARN] [1781627063.031452608] [cmd_vel_bridge]: Received cmd_vel but not in DRIVE mode. Ignoring.
[WARN] [1781627063.052018495] [cmd_vel_bridge]: Received cmd_vel but not in DRIVE mode. Ignoring.
[WARN] [1781627063.071492769] [cmd_vel_bridge]: Received cmd_vel but not in DRIVE mode. Ignoring.
[WARN] [1781627063.091470650] [cmd_vel_bridge]: Received cmd_vel but not in DRIVE mode. Ignoring.
[WARN] [1781627063.111458039] [cmd_vel_bridge]: Received cmd_vel but not in DRIVE mode. Ignoring.
[WARN] [1781627063.131443314] [cmd_vel_bridge]: Received cmd_vel but not in DRIVE mode. Ignoring.
[WARN] [1781627063.151442596] [cmd_vel_bridge]: Received cmd_vel but not in DRIVE mode. Ignoring.
[WARN] [1781627063.171455503] [cmd_vel_bridge]: Received cmd_vel but not in DRIVE mode. Ignoring.
[WARN] [1781627063.191449013] [cmd_vel_bridge]: Received cmd_vel but not in DRIVE mode. Ignoring.
[WARN] [1781627063.211460728] [cmd_vel_bridge]: Received cmd_vel but not in DRIVE mode. Ignoring.
[WARN] [1781627063.231468736] [cmd_vel_bridge]: Received cmd_vel but not in DRIVE mode. Ignoring.
[WARN] [1781627063.251457307] [cmd_vel_bridge]: Received cmd_vel but not in DRIVE mode. Ignoring.
[WARN] [1781627063.271449355] [cmd_vel_bridge]: Received cmd_vel but not in DRIVE mode. Ignoring.
[WARN] [1781627063.291455670] [cmd_vel_bridge]: Received cmd_vel but not in DRIVE mode. Ignoring.
[WARN] [1781627063.311456414] [cmd_vel_bridge]: Received cmd_vel but not in DRIVE mode. Ignoring.
[WARN] [1781627063.331450266] [cmd_vel_bridge]: Received cmd_vel but not in DRIVE mode. Ignoring.
[WARN] [1781627063.351462411] [cmd_vel_bridge]: Received cmd_vel but not in DRIVE mode. Ignoring.
[WARN] [1781627063.371466532] [cmd_vel_bridge]: Received cmd_vel but not in DRIVE mode. Ignoring.
[WARN] [1781627063.391475311] [cmd_vel_bridge]: Received cmd_vel but not in DRIVE mode. Ignoring.
[WARN] [1781627063.411458703] [cmd_vel_bridge]: Received cmd_vel but not in DRIVE mode. Ignoring.
[WARN] [1781627063.431465148] [cmd_vel_bridge]: Received cmd_vel but not in DRIVE mode. Ignoring.
[WARN] [1781627063.451501308] [cmd_vel_bridge]: Received cmd_vel but not in DRIVE mode. Ignoring.
[WARN] [1781627063.471450145] [cmd_vel_bridge]: Received cmd_vel but not in DRIVE mode. Ignoring.
[WARN] [1781627063.491450268] [cmd_vel_bridge]: Received cmd_vel but not in DRIVE mode. Ignoring.
[WARN] [1781627063.511466932] [cmd_vel_bridge]: Received cmd_vel but not in DRIVE mode. Ignoring.
[WARN] [1781627063.531447408] [cmd_vel_bridge]: Received cmd_vel but not in DRIVE mode. Ignoring.
[WARN] [1781627063.551455937] [cmd_vel_bridge]: Received cmd_vel but not in DRIVE mode. Ignoring.
[WARN] [1781627063.571458855] [cmd_vel_bridge]: Received cmd_vel but not in DRIVE mode. Ignoring.
[WARN] [1781627063.591464148] [cmd_vel_bridge]: Received cmd_vel but not in DRIVE mode. Ignoring.
[WARN] [1781627063.611482145] [cmd_vel_bridge]: Received cmd_vel but not in DRIVE mode. Ignoring.
[WARN] [1781627063.631464304] [cmd_vel_bridge]: Received cmd_vel but not in DRIVE mode. Ignoring.
[WARN] [1781627063.651503761] [cmd_vel_bridge]: Received cmd_vel but not in DRIVE mode. Ignoring.
[WARN] [1781627063.671457477] [cmd_vel_bridge]: Received cmd_vel but not in DRIVE mode. Ignoring.
[WARN] [1781627063.691448964] [cmd_vel_bridge]: Received cmd_vel but not in DRIVE mode. Ignoring.
[WARN] [1781627063.711457803] [cmd_vel_bridge]: Received cmd_vel but not in DRIVE mode. Ignoring.
[WARN] [1781627063.731448037] [cmd_vel_bridge]: Received cmd_vel but not in DRIVE mode. Ignoring.
[WARN] [1781627063.751443812] [cmd_vel_bridge]: Received cmd_vel but not in DRIVE mode. Ignoring.
[WARN] [1781627063.771450708] [cmd_vel_bridge]: Received cmd_vel but not in DRIVE mode. Ignoring.
[WARN] [1781627063.791464046] [cmd_vel_bridge]: Received cmd_vel but not in DRIVE mode. Ignoring.
[WARN] [1781627063.811460302] [cmd_vel_bridge]: Received cmd_vel but not in DRIVE mode. Ignoring.
[WARN] [1781627063.831444414] [cmd_vel_bridge]: Received cmd_vel but not in DRIVE mode. Ignoring.
[WARN] [1781627063.851446531] [cmd_vel_bridge]: Received cmd_vel but not in DRIVE mode. Ignoring.
[WARN] [1781627063.871464858] [cmd_vel_bridge]: Received cmd_vel but not in DRIVE mode. Ignoring.
[WARN] [1781627063.891450924] [cmd_vel_bridge]: Received cmd_vel but not in DRIVE mode. Ignoring.
[WARN] [1781627063.911463992] [cmd_vel_bridge]: Received cmd_vel but not in DRIVE mode. Ignoring.
[WARN] [1781627063.931449818] [cmd_vel_bridge]: Received cmd_vel but not in DRIVE mode. Ignoring.
[WARN] [1781627063.951448568] [cmd_vel_bridge]: Received cmd_vel but not in DRIVE mode. Ignoring.
[WARN] [1781627063.971452258] [cmd_vel_bridge]: Received cmd_vel but not in DRIVE mode. Ignoring.
[WARN] [1781627063.991448294] [cmd_vel_bridge]: Received cmd_vel but not in DRIVE mode. Ignoring.
[WARN] [1781627064.011452914] [cmd_vel_bridge]: Received cmd_vel but not in DRIVE mode. Ignoring.
[WARN] [1781627064.031446285] [cmd_vel_bridge]: Received cmd_vel but not in DRIVE mode. Ignoring.
[WARN] [1781627064.051454703] [cmd_vel_bridge]: Received cmd_vel but not in DRIVE mode. Ignoring.
[WARN] [1781627064.071470095] [cmd_vel_bridge]: Received cmd_vel but not in DRIVE mode. Ignoring.
[WARN] [1781627064.091467583] [cmd_vel_bridge]: Received cmd_vel but not in DRIVE mode. Ignoring.
[WARN] [1781627064.111463158] [cmd_vel_bridge]: Received cmd_vel but not in DRIVE mode. Ignoring.
[WARN] [1781627064.131446669] [cmd_vel_bridge]: Received cmd_vel but not in DRIVE mode. Ignoring.
[WARN] [1781627064.151451771] [cmd_vel_bridge]: Received cmd_vel but not in DRIVE mode. Ignoring.
[WARN] [1781627064.171447827] [cmd_vel_bridge]: Received cmd_vel but not in DRIVE mode. Ignoring.
[WARN] [1781627064.191455584] [cmd_vel_bridge]: Received cmd_vel but not in DRIVE mode. Ignoring.
[WARN] [1781627064.211469874] [cmd_vel_bridge]: Received cmd_vel but not in DRIVE mode. Ignoring.
[WARN] [1781627064.231459337] [cmd_vel_bridge]: Received cmd_vel but not in DRIVE mode. Ignoring.
[WARN] [1781627064.251455542] [cmd_vel_bridge]: Received cmd_vel but not in DRIVE mode. Ignoring.
[WARN] [1781627064.271445817] [cmd_vel_bridge]: Received cmd_vel but not in DRIVE mode. Ignoring.
[WARN] [1781627064.291479573] [cmd_vel_bridge]: Received cmd_vel but not in DRIVE mode. Ignoring.
[WARN] [1781627064.311462944] [cmd_vel_bridge]: Received cmd_vel but not in DRIVE mode. Ignoring.
[WARN] [1781627064.331446697] [cmd_vel_bridge]: Received cmd_vel but not in DRIVE mode. Ignoring.
[WARN] [1781627064.351455086] [cmd_vel_bridge]: Received cmd_vel but not in DRIVE mode. Ignoring.
[WARN] [1781627064.371441743] [cmd_vel_bridge]: Received cmd_vel but not in DRIVE mode. Ignoring.
[WARN] [1781627064.391443559] [cmd_vel_bridge]: Received cmd_vel but not in DRIVE mode. Ignoring.
[WARN] [1781627064.411459633] [cmd_vel_bridge]: Received cmd_vel but not in DRIVE mode. Ignoring.
[WARN] [1781627064.431450388] [cmd_vel_bridge]: Received cmd_vel but not in DRIVE mode. Ignoring.
[WARN] [1781627064.451455110] [cmd_vel_bridge]: Received cmd_vel but not in DRIVE mode. Ignoring.
[WARN] [1781627064.471452989] [cmd_vel_bridge]: Received cmd_vel but not in DRIVE mode. Ignoring.
[WARN] [1781627064.491474452] [cmd_vel_bridge]: Received cmd_vel but not in DRIVE mode. Ignoring.
[WARN] [1781627064.511474535] [cmd_vel_bridge]: Received cmd_vel but not in DRIVE mode. Ignoring.
[WARN] [1781627064.531457586] [cmd_vel_bridge]: Received cmd_vel but not in DRIVE mode. Ignoring.
[WARN] [1781627064.551456206] [cmd_vel_bridge]: Received cmd_vel but not in DRIVE mode. Ignoring.
[WARN] [1781627064.571458083] [cmd_vel_bridge]: Received cmd_vel but not in DRIVE mode. Ignoring.
[WARN] [1781627064.591456242] [cmd_vel_bridge]: Received cmd_vel but not in DRIVE mode. Ignoring.
[WARN] [1781627064.611467987] [cmd_vel_bridge]: Received cmd_vel but not in DRIVE mode. Ignoring.
[WARN] [1781627064.631454985] [cmd_vel_bridge]: Received cmd_vel but not in DRIVE mode. Ignoring.
[WARN] [1781627064.651444598] [cmd_vel_bridge]: Received cmd_vel but not in DRIVE mode. Ignoring.
[WARN] [1781627064.671446194] [cmd_vel_bridge]: Received cmd_vel but not in DRIVE mode. Ignoring.
[WARN] [1781627064.691460615] [cmd_vel_bridge]: Received cmd_vel but not in DRIVE mode. Ignoring.
[WARN] [1781627064.711474093] [cmd_vel_bridge]: Received cmd_vel but not in DRIVE mode. Ignoring.
[WARN] [1781627064.731460590] [cmd_vel_bridge]: Received cmd_vel but not in DRIVE mode. Ignoring.
[WARN] [1781627064.751475561] [cmd_vel_bridge]: Received cmd_vel but not in DRIVE mode. Ignoring.
[WARN] [1781627064.771474782] [cmd_vel_bridge]: Received cmd_vel but not in DRIVE mode. Ignoring.
[WARN] [1781627064.791465538] [cmd_vel_bridge]: Received cmd_vel but not in DRIVE mode. Ignoring.
[WARN] [1781627064.811458958] [cmd_vel_bridge]: Received cmd_vel but not in DRIVE mode. Ignoring.
[WARN] [1781627064.831446588] [cmd_vel_bridge]: Received cmd_vel but not in DRIVE mode. Ignoring.
[WARN] [1781627064.851452131] [cmd_vel_bridge]: Received cmd_vel but not in DRIVE mode. Ignoring.
[WARN] [1781627064.871449549] [cmd_vel_bridge]: Received cmd_vel but not in DRIVE mode. Ignoring.
[WARN] [1781627064.891466003] [cmd_vel_bridge]: Received cmd_vel but not in DRIVE mode. Ignoring.
[WARN] [1781627064.911476265] [cmd_vel_bridge]: Received cmd_vel but not in DRIVE mode. Ignoring.
[WARN] [1781627064.931474764] [cmd_vel_bridge]: Received cmd_vel but not in DRIVE mode. Ignoring.
[WARN] [1781627064.951453858] [cmd_vel_bridge]: Received cmd_vel but not in DRIVE mode. Ignoring.
[WARN] [1781627064.971457768] [cmd_vel_bridge]: Received cmd_vel but not in DRIVE mode. Ignoring.
[WARN] [1781627064.991480203] [cmd_vel_bridge]: Received cmd_vel but not in DRIVE mode. Ignoring.
[WARN] [1781627065.011455559] [cmd_vel_bridge]: Received cmd_vel but not in DRIVE mode. Ignoring.
[WARN] [1781627065.031446615] [cmd_vel_bridge]: Received cmd_vel but not in DRIVE mode. Ignoring.
[WARN] [1781627065.051440777] [cmd_vel_bridge]: Received cmd_vel but not in DRIVE mode. Ignoring.
[WARN] [1781627065.071445468] [cmd_vel_bridge]: Received cmd_vel but not in DRIVE mode. Ignoring.
[WARN] [1781627065.091455941] [cmd_vel_bridge]: Received cmd_vel but not in DRIVE mode. Ignoring.
[WARN] [1781627065.111477695] [cmd_vel_bridge]: Received cmd_vel but not in DRIVE mode. Ignoring.
[WARN] [1781627065.131453883] [cmd_vel_bridge]: Received cmd_vel but not in DRIVE mode. Ignoring.
[WARN] [1781627065.151457262] [cmd_vel_bridge]: Received cmd_vel but not in DRIVE mode. Ignoring.
[WARN] [1781627065.171454259] [cmd_vel_bridge]: Received cmd_vel but not in DRIVE mode. Ignoring.
[WARN] [1781627065.191475172] [cmd_vel_bridge]: Received cmd_vel but not in DRIVE mode. Ignoring.
[WARN] [1781627065.211471217] [cmd_vel_bridge]: Received cmd_vel but not in DRIVE mode. Ignoring.
[WARN] [1781627065.231461852] [cmd_vel_bridge]: Received cmd_vel but not in DRIVE mode. Ignoring.
[WARN] [1781627065.251466864] [cmd_vel_bridge]: Received cmd_vel but not in DRIVE mode. Ignoring.
[WARN] [1781627065.271458521] [cmd_vel_bridge]: Received cmd_vel but not in DRIVE mode. Ignoring.
[WARN] [1781627065.291460848] [cmd_vel_bridge]: Received cmd_vel but not in DRIVE mode. Ignoring.
[WARN] [1781627065.311466431] [cmd_vel_bridge]: Received cmd_vel but not in DRIVE mode. Ignoring.
[WARN] [1781627065.331466384] [cmd_vel_bridge]: Received cmd_vel but not in DRIVE mode. Ignoring.
[WARN] [1781627065.351446620] [cmd_vel_bridge]: Received cmd_vel but not in DRIVE mode. Ignoring.
[WARN] [1781627065.371455238] [cmd_vel_bridge]: Received cmd_vel but not in DRIVE mode. Ignoring.
[WARN] [1781627065.391461032] [cmd_vel_bridge]: Received cmd_vel but not in DRIVE mode. Ignoring.
[WARN] [1781627065.411474641] [cmd_vel_bridge]: Received cmd_vel but not in DRIVE mode. Ignoring.
[WARN] [1781627065.431460497] [cmd_vel_bridge]: Received cmd_vel but not in DRIVE mode. Ignoring.
[WARN] [1781627065.451457804] [cmd_vel_bridge]: Received cmd_vel but not in DRIVE mode. Ignoring.
[WARN] [1781627065.471467275] [cmd_vel_bridge]: Received cmd_vel but not in DRIVE mode. Ignoring.
[WARN] [1781627065.491464082] [cmd_vel_bridge]: Received cmd_vel but not in DRIVE mode. Ignoring.
[WARN] [1781627065.511458904] [cmd_vel_bridge]: Received cmd_vel but not in DRIVE mode. Ignoring.
[WARN] [1781627065.531471010] [cmd_vel_bridge]: Received cmd_vel but not in DRIVE mode. Ignoring.
[WARN] [1781627065.551471744] [cmd_vel_bridge]: Received cmd_vel but not in DRIVE mode. Ignoring.
[WARN] [1781627065.571459604] [cmd_vel_bridge]: Received cmd_vel but not in DRIVE mode. Ignoring.
[WARN] [1781627065.591479183] [cmd_vel_bridge]: Received cmd_vel but not in DRIVE mode. Ignoring.
[WARN] [1781627065.611472072] [cmd_vel_bridge]: Received cmd_vel but not in DRIVE mode. Ignoring.
[WARN] [1781627065.631447950] [cmd_vel_bridge]: Received cmd_vel but not in DRIVE mode. Ignoring.
[WARN] [1781627065.651455256] [cmd_vel_bridge]: Received cmd_vel but not in DRIVE mode. Ignoring.
[WARN] [1781627065.671444208] [cmd_vel_bridge]: Received cmd_vel but not in DRIVE mode. Ignoring.
[WARN] [1781627065.691453869] [cmd_vel_bridge]: Received cmd_vel but not in DRIVE mode. Ignoring.
[WARN] [1781627065.711456567] [cmd_vel_bridge]: Received cmd_vel but not in DRIVE mode. Ignoring.
[WARN] [1781627065.731449636] [cmd_vel_bridge]: Received cmd_vel but not in DRIVE mode. Ignoring.
[WARN] [1781627065.751463405] [cmd_vel_bridge]: Received cmd_vel but not in DRIVE mode. Ignoring.
[WARN] [1781627065.771452036] [cmd_vel_bridge]: Received cmd_vel but not in DRIVE mode. Ignoring.
[WARN] [1781627065.791467428] [cmd_vel_bridge]: Received cmd_vel but not in DRIVE mode. Ignoring.
[WARN] [1781627065.811463634] [cmd_vel_bridge]: Received cmd_vel but not in DRIVE mode. Ignoring.
[WARN] [1781627065.831451333] [cmd_vel_bridge]: Received cmd_vel but not in DRIVE mode. Ignoring.
[WARN] [1781627065.851455384] [cmd_vel_bridge]: Received cmd_vel but not in DRIVE mode. Ignoring.
[WARN] [1781627065.871440549] [cmd_vel_bridge]: Received cmd_vel but not in DRIVE mode. Ignoring.
[WARN] [1781627065.891476309] [cmd_vel_bridge]: Received cmd_vel but not in DRIVE mode. Ignoring.
[WARN] [1781627065.911470040] [cmd_vel_bridge]: Received cmd_vel but not in DRIVE mode. Ignoring.
[WARN] [1781627065.931554201] [cmd_vel_bridge]: Received cmd_vel but not in DRIVE mode. Ignoring.
[WARN] [1781627065.951549966] [cmd_vel_bridge]: Received cmd_vel but not in DRIVE mode. Ignoring.
[WARN] [1781627065.971515964] [cmd_vel_bridge]: Received cmd_vel but not in DRIVE mode. Ignoring.
[WARN] [1781627065.991462697] [cmd_vel_bridge]: Received cmd_vel but not in DRIVE mode. Ignoring.
[WARN] [1781627066.011484591] [cmd_vel_bridge]: Received cmd_vel but not in DRIVE mode. Ignoring.
[WARN] [1781627066.032103328] [cmd_vel_bridge]: Received cmd_vel but not in DRIVE mode. Ignoring.
[WARN] [1781627066.051456564] [cmd_vel_bridge]: Received cmd_vel but not in DRIVE mode. Ignoring.
[WARN] [1781627066.071465463] [cmd_vel_bridge]: Received cmd_vel but not in DRIVE mode. Ignoring.
[WARN] [1781627066.091466398] [cmd_vel_bridge]: Received cmd_vel but not in DRIVE mode. Ignoring.
[WARN] [1781627066.111458756] [cmd_vel_bridge]: Received cmd_vel but not in DRIVE mode. Ignoring.
[WARN] [1781627066.131452166] [cmd_vel_bridge]: Received cmd_vel but not in DRIVE mode. Ignoring.
[WARN] [1781627066.151455105] [cmd_vel_bridge]: Received cmd_vel but not in DRIVE mode. Ignoring.
[WARN] [1781627066.171471879] [cmd_vel_bridge]: Received cmd_vel but not in DRIVE mode. Ignoring.
[WARN] [1781627066.191455381] [cmd_vel_bridge]: Received cmd_vel but not in DRIVE mode. Ignoring.
[WARN] [1781627066.211550252] [cmd_vel_bridge]: Received cmd_vel but not in DRIVE mode. Ignoring.
[WARN] [1781627066.231492085] [cmd_vel_bridge]: Received cmd_vel but not in DRIVE mode. Ignoring.
[WARN] [1781627066.251475898] [cmd_vel_bridge]: Received cmd_vel but not in DRIVE mode. Ignoring.
[WARN] [1781627066.271465802] [cmd_vel_bridge]: Received cmd_vel but not in DRIVE mode. Ignoring.
[WARN] [1781627066.291476274] [cmd_vel_bridge]: Received cmd_vel but not in DRIVE mode. Ignoring.
[WARN] [1781627066.311466008] [cmd_vel_bridge]: Received cmd_vel but not in DRIVE mode. Ignoring.
[WARN] [1781627066.331475829] [cmd_vel_bridge]: Received cmd_vel but not in DRIVE mode. Ignoring.
[WARN] [1781627066.351504305] [cmd_vel_bridge]: Received cmd_vel but not in DRIVE mode. Ignoring.
[WARN] [1781627066.371499689] [cmd_vel_bridge]: Received cmd_vel but not in DRIVE mode. Ignoring.
[WARN] [1781627066.391480366] [cmd_vel_bridge]: Received cmd_vel but not in DRIVE mode. Ignoring.
[WARN] [1781627066.411466843] [cmd_vel_bridge]: Received cmd_vel but not in DRIVE mode. Ignoring.
[WARN] [1781627066.431457558] [cmd_vel_bridge]: Received cmd_vel but not in DRIVE mode. Ignoring.
[WARN] [1781627066.451475374] [cmd_vel_bridge]: Received cmd_vel but not in DRIVE mode. Ignoring.
[WARN] [1781627066.471476760] [cmd_vel_bridge]: Received cmd_vel but not in DRIVE mode. Ignoring.
[WARN] [1781627066.491461324] [cmd_vel_bridge]: Received cmd_vel but not in DRIVE mode. Ignoring.
[WARN] [1781627066.511458330] [cmd_vel_bridge]: Received cmd_vel but not in DRIVE mode. Ignoring.
[WARN] [1781627066.531444658] [cmd_vel_bridge]: Received cmd_vel but not in DRIVE mode. Ignoring.
[WARN] [1781627066.551477282] [cmd_vel_bridge]: Received cmd_vel but not in DRIVE mode. Ignoring.
[WARN] [1781627066.571459571] [cmd_vel_bridge]: Received cmd_vel but not in DRIVE mode. Ignoring.
[WARN] [1781627066.591509938] [cmd_vel_bridge]: Received cmd_vel but not in DRIVE mode. Ignoring.
[WARN] [1781627066.611481638] [cmd_vel_bridge]: Received cmd_vel but not in DRIVE mode. Ignoring.
[WARN] [1781627066.631467113] [cmd_vel_bridge]: Received cmd_vel but not in DRIVE mode. Ignoring.
[WARN] [1781627066.651445435] [cmd_vel_bridge]: Received cmd_vel but not in DRIVE mode. Ignoring.
[WARN] [1781627066.671444486] [cmd_vel_bridge]: Received cmd_vel but not in DRIVE mode. Ignoring.
[WARN] [1781627066.691470969] [cmd_vel_bridge]: Received cmd_vel but not in DRIVE mode. Ignoring.
[WARN] [1781627066.711461915] [cmd_vel_bridge]: Received cmd_vel but not in DRIVE mode. Ignoring.
[WARN] [1781627066.731460033] [cmd_vel_bridge]: Received cmd_vel but not in DRIVE mode. Ignoring.
[WARN] [1781627066.751464224] [cmd_vel_bridge]: Received cmd_vel but not in DRIVE mode. Ignoring.
[WARN] [1781627066.771445502] [cmd_vel_bridge]: Received cmd_vel but not in DRIVE mode. Ignoring.
[WARN] [1781627066.791461375] [cmd_vel_bridge]: Received cmd_vel but not in DRIVE mode. Ignoring.
[WARN] [1781627066.811469152] [cmd_vel_bridge]: Received cmd_vel but not in DRIVE mode. Ignoring.
[WARN] [1781627066.831448115] [cmd_vel_bridge]: Received cmd_vel but not in DRIVE mode. Ignoring.
[WARN] [1781627066.851457685] [cmd_vel_bridge]: Received cmd_vel but not in DRIVE mode. Ignoring.
[WARN] [1781627066.871444073] [cmd_vel_bridge]: Received cmd_vel but not in DRIVE mode. Ignoring.
[WARN] [1781627066.891446580] [cmd_vel_bridge]: Received cmd_vel but not in DRIVE mode. Ignoring.
[WARN] [1781627066.911465348] [cmd_vel_bridge]: Received cmd_vel but not in DRIVE mode. Ignoring.
[WARN] [1781627066.931472865] [cmd_vel_bridge]: Received cmd_vel but not in DRIVE mode. Ignoring.
[WARN] [1781627066.951475212] [cmd_vel_bridge]: Received cmd_vel but not in DRIVE mode. Ignoring.
[WARN] [1781627066.971459595] [cmd_vel_bridge]: Received cmd_vel but not in DRIVE mode. Ignoring.
[WARN] [1781627066.991462594] [cmd_vel_bridge]: Received cmd_vel but not in DRIVE mode. Ignoring.
[WARN] [1781627067.011459902] [cmd_vel_bridge]: Received cmd_vel but not in DRIVE mode. Ignoring.
[WARN] [1781627067.031458793] [cmd_vel_bridge]: Received cmd_vel but not in DRIVE mode. Ignoring.
[WARN] [1781627067.051444348] [cmd_vel_bridge]: Received cmd_vel but not in DRIVE mode. Ignoring.
[WARN] [1781627067.071456594] [cmd_vel_bridge]: Received cmd_vel but not in DRIVE mode. Ignoring.
[WARN] [1781627067.091454502] [cmd_vel_bridge]: Received cmd_vel but not in DRIVE mode. Ignoring.
[WARN] [1781627067.111466016] [cmd_vel_bridge]: Received cmd_vel but not in DRIVE mode. Ignoring.
[WARN] [1781627067.131450710] [cmd_vel_bridge]: Received cmd_vel but not in DRIVE mode. Ignoring.
[WARN] [1781627067.151450673] [cmd_vel_bridge]: Received cmd_vel but not in DRIVE mode. Ignoring.
[WARN] [1781627067.171448983] [cmd_vel_bridge]: Received cmd_vel but not in DRIVE mode. Ignoring.
[WARN] [1781627067.191446051] [cmd_vel_bridge]: Received cmd_vel but not in DRIVE mode. Ignoring.
[WARN] [1781627067.211443469] [cmd_vel_bridge]: Received cmd_vel but not in DRIVE mode. Ignoring.
[WARN] [1781627067.231471164] [cmd_vel_bridge]: Received cmd_vel but not in DRIVE mode. Ignoring.
[WARN] [1781627067.251450037] [cmd_vel_bridge]: Received cmd_vel but not in DRIVE mode. Ignoring.
[WARN] [1781627067.271442836] [cmd_vel_bridge]: Received cmd_vel but not in DRIVE mode. Ignoring.
[WARN] [1781627067.291462395] [cmd_vel_bridge]: Received cmd_vel but not in DRIVE mode. Ignoring.
[WARN] [1781627067.311470353] [cmd_vel_bridge]: Received cmd_vel but not in DRIVE mode. Ignoring.
[WARN] [1781627067.331470116] [cmd_vel_bridge]: Received cmd_vel but not in DRIVE mode. Ignoring.
[WARN] [1781627067.351456052] [cmd_vel_bridge]: Received cmd_vel but not in DRIVE mode. Ignoring.
[WARN] [1781627067.371447348] [cmd_vel_bridge]: Received cmd_vel but not in DRIVE mode. Ignoring.
[WARN] [1781627067.391466277] [cmd_vel_bridge]: Received cmd_vel but not in DRIVE mode. Ignoring.
[WARN] [1781627067.411455019] [cmd_vel_bridge]: Received cmd_vel but not in DRIVE mode. Ignoring.
[WARN] [1781627067.431447808] [cmd_vel_bridge]: Received cmd_vel but not in DRIVE mode. Ignoring.
[WARN] [1781627067.451465363] [cmd_vel_bridge]: Received cmd_vel but not in DRIVE mode. Ignoring.
[WARN] [1781627067.471458042] [cmd_vel_bridge]: Received cmd_vel but not in DRIVE mode. Ignoring.
[WARN] [1781627067.491462344] [cmd_vel_bridge]: Received cmd_vel but not in DRIVE mode. Ignoring.
[WARN] [1781627067.511454912] [cmd_vel_bridge]: Received cmd_vel but not in DRIVE mode. Ignoring.
[WARN] [1781627067.531459874] [cmd_vel_bridge]: Received cmd_vel but not in DRIVE mode. Ignoring.
[WARN] [1781627067.551474755] [cmd_vel_bridge]: Received cmd_vel but not in DRIVE mode. Ignoring.
[WARN] [1781627067.571460511] [cmd_vel_bridge]: Received cmd_vel but not in DRIVE mode. Ignoring.
[WARN] [1781627067.591471494] [cmd_vel_bridge]: Received cmd_vel but not in DRIVE mode. Ignoring.
[WARN] [1781627067.611454906] [cmd_vel_bridge]: Received cmd_vel but not in DRIVE mode. Ignoring.
[WARN] [1781627067.631458956] [cmd_vel_bridge]: Received cmd_vel but not in DRIVE mode. Ignoring.
[WARN] [1781627067.651444461] [cmd_vel_bridge]: Received cmd_vel but not in DRIVE mode. Ignoring.
[WARN] [1781627067.671454152] [cmd_vel_bridge]: Received cmd_vel but not in DRIVE mode. Ignoring.
[WARN] [1781627067.691463954] [cmd_vel_bridge]: Received cmd_vel but not in DRIVE mode. Ignoring.
[WARN] [1781627067.711465430] [cmd_vel_bridge]: Received cmd_vel but not in DRIVE mode. Ignoring.
[WARN] [1781627067.731464039] [cmd_vel_bridge]: Received cmd_vel but not in DRIVE mode. Ignoring.
[WARN] [1781627067.751442622] [cmd_vel_bridge]: Received cmd_vel but not in DRIVE mode. Ignoring.
[WARN] [1781627067.771506254] [cmd_vel_bridge]: Received cmd_vel but not in DRIVE mode. Ignoring.
[WARN] [1781627067.791506177] [cmd_vel_bridge]: Received cmd_vel but not in DRIVE mode. Ignoring.
[WARN] [1781627067.811475512] [cmd_vel_bridge]: Received cmd_vel but not in DRIVE mode. Ignoring.
[WARN] [1781627067.831454535] [cmd_vel_bridge]: Received cmd_vel but not in DRIVE mode. Ignoring.
[WARN] [1781627067.851456421] [cmd_vel_bridge]: Received cmd_vel but not in DRIVE mode. Ignoring.
[WARN] [1781627067.871461875] [cmd_vel_bridge]: Received cmd_vel but not in DRIVE mode. Ignoring.
[WARN] [1781627067.891461617] [cmd_vel_bridge]: Received cmd_vel but not in DRIVE mode. Ignoring.
[WARN] [1781627067.911481697] [cmd_vel_bridge]: Received cmd_vel but not in DRIVE mode. Ignoring.
[WARN] [1781627067.931462203] [cmd_vel_bridge]: Received cmd_vel but not in DRIVE mode. Ignoring.
[WARN] [1781627067.951465893] [cmd_vel_bridge]: Received cmd_vel but not in DRIVE mode. Ignoring.
[WARN] [1781627067.971454704] [cmd_vel_bridge]: Received cmd_vel but not in DRIVE mode. Ignoring.
[WARN] [1781627067.991443105] [cmd_vel_bridge]: Received cmd_vel but not in DRIVE mode. Ignoring.
[WARN] [1781627068.011478875] [cmd_vel_bridge]: Received cmd_vel but not in DRIVE mode. Ignoring.
[WARN] [1781627068.031464331] [cmd_vel_bridge]: Received cmd_vel but not in DRIVE mode. Ignoring.
[WARN] [1781627068.051447422] [cmd_vel_bridge]: Received cmd_vel but not in DRIVE mode. Ignoring.
[WARN] [1781627068.071444289] [cmd_vel_bridge]: Received cmd_vel but not in DRIVE mode. Ignoring.
[WARN] [1781627068.091465431] [cmd_vel_bridge]: Received cmd_vel but not in DRIVE mode. Ignoring.
[WARN] [1781627068.111470764] [cmd_vel_bridge]: Received cmd_vel but not in DRIVE mode. Ignoring.
[WARN] [1781627068.131409972] [cmd_vel_bridge]: Received cmd_vel but not in DRIVE mode. Ignoring.
[WARN] [1781627068.151467804] [cmd_vel_bridge]: Received cmd_vel but not in DRIVE mode. Ignoring.
[WARN] [1781627068.171447258] [cmd_vel_bridge]: Received cmd_vel but not in DRIVE mode. Ignoring.
[WARN] [1781627068.191474281] [cmd_vel_bridge]: Received cmd_vel but not in DRIVE mode. Ignoring.
[WARN] [1781627068.211456100] [cmd_vel_bridge]: Received cmd_vel but not in DRIVE mode. Ignoring.
[WARN] [1781627068.231457355] [cmd_vel_bridge]: Received cmd_vel but not in DRIVE mode. Ignoring.
[WARN] [1781627068.251460844] [cmd_vel_bridge]: Received cmd_vel but not in DRIVE mode. Ignoring.
[WARN] [1781627068.271458993] [cmd_vel_bridge]: Received cmd_vel but not in DRIVE mode. Ignoring.
[WARN] [1781627068.291473714] [cmd_vel_bridge]: Received cmd_vel but not in DRIVE mode. Ignoring.
[WARN] [1781627068.311515906] [cmd_vel_bridge]: Received cmd_vel but not in DRIVE mode. Ignoring.
[WARN] [1781627068.331470183] [cmd_vel_bridge]: Received cmd_vel but not in DRIVE mode. Ignoring.
[WARN] [1781627068.351497076] [cmd_vel_bridge]: Received cmd_vel but not in DRIVE mode. Ignoring.
[WARN] [1781627068.371471300] [cmd_vel_bridge]: Received cmd_vel but not in DRIVE mode. Ignoring.
[WARN] [1781627068.391470512] [cmd_vel_bridge]: Received cmd_vel but not in DRIVE mode. Ignoring.
[WARN] [1781627068.411457030] [cmd_vel_bridge]: Received cmd_vel but not in DRIVE mode. Ignoring.
[WARN] [1781627068.431465518] [cmd_vel_bridge]: Received cmd_vel but not in DRIVE mode. Ignoring.
[WARN] [1781627068.451458167] [cmd_vel_bridge]: Received cmd_vel but not in DRIVE mode. Ignoring.
[WARN] [1781627068.471465383] [cmd_vel_bridge]: Received cmd_vel but not in DRIVE mode. Ignoring.
[WARN] [1781627068.491469804] [cmd_vel_bridge]: Received cmd_vel but not in DRIVE mode. Ignoring.
[WARN] [1781627068.511481579] [cmd_vel_bridge]: Received cmd_vel but not in DRIVE mode. Ignoring.
[WARN] [1781627068.531478185] [cmd_vel_bridge]: Received cmd_vel but not in DRIVE mode. Ignoring.
[WARN] [1781627068.551464442] [cmd_vel_bridge]: Received cmd_vel but not in DRIVE mode. Ignoring.
[WARN] [1781627068.571470636] [cmd_vel_bridge]: Received cmd_vel but not in DRIVE mode. Ignoring.
[WARN] [1781627068.591472072] [cmd_vel_bridge]: Received cmd_vel but not in DRIVE mode. Ignoring.
[WARN] [1781627068.611457748] [cmd_vel_bridge]: Received cmd_vel but not in DRIVE mode. Ignoring.
[WARN] [1781627068.631456388] [cmd_vel_bridge]: Received cmd_vel but not in DRIVE mode. Ignoring.
[WARN] [1781627068.651463203] [cmd_vel_bridge]: Received cmd_vel but not in DRIVE mode. Ignoring.
[WARN] [1781627068.671469919] [cmd_vel_bridge]: Received cmd_vel but not in DRIVE mode. Ignoring.
[WARN] [1781627068.691476825] [cmd_vel_bridge]: Received cmd_vel but not in DRIVE mode. Ignoring.
[WARN] [1781627068.711479463] [cmd_vel_bridge]: Received cmd_vel but not in DRIVE mode. Ignoring.
[INFO] [1781627068.713207944] [rclcpp]: signal_handler(SIGINT/SIGTERM)
