[INFO] [1781550793.989026316] [cmd_vel_bridge]: Motor UART opened: /dev/ttyV4 @ 115200 baud
[INFO] [1781550793.990369481] [cmd_vel_bridge]: CmdVelBridge initialized. Mode: PAUSE
[INFO] [1781550793.990383377] [cmd_vel_bridge]: Wheel base: 0.70 m, Max speed: 2.78 m/s
[WARN] [1781550794.008467346] [cmd_vel_bridge]: Received cmd_vel but not in DRIVE mode. Ignoring.
[WARN] [1781550794.028436799] [cmd_vel_bridge]: Received cmd_vel but not in DRIVE mode. Ignoring.
[WARN] [1781550794.048434306] [cmd_vel_bridge]: Received cmd_vel but not in DRIVE mode. Ignoring.
[WARN] [1781550794.068456188] [cmd_vel_bridge]: Received cmd_vel but not in DRIVE mode. Ignoring.
[WARN] [1781550794.088448274] [cmd_vel_bridge]: Received cmd_vel but not in DRIVE mode. Ignoring.
[WARN] [1781550794.108436453] [cmd_vel_bridge]: Received cmd_vel but not in DRIVE mode. Ignoring.
[WARN] [1781550794.128437145] [cmd_vel_bridge]: Received cmd_vel but not in DRIVE mode. Ignoring.
[WARN] [1781550794.148629678] [cmd_vel_bridge]: Received cmd_vel but not in DRIVE mode. Ignoring.
[WARN] [1781550794.168436737] [cmd_vel_bridge]: Received cmd_vel but not in DRIVE mode. Ignoring.
[WARN] [1781550794.188422711] [cmd_vel_bridge]: Received cmd_vel but not in DRIVE mode. Ignoring.
[WARN] [1781550794.208415970] [cmd_vel_bridge]: Received cmd_vel but not in DRIVE mode. Ignoring.
[WARN] [1781550794.228442731] [cmd_vel_bridge]: Received cmd_vel but not in DRIVE mode. Ignoring.
[WARN] [1781550794.248439295] [cmd_vel_bridge]: Received cmd_vel but not in DRIVE mode. Ignoring.
[WARN] [1781550794.268443935] [cmd_vel_bridge]: Received cmd_vel but not in DRIVE mode. Ignoring.
[WARN] [1781550794.288420031] [cmd_vel_bridge]: Received cmd_vel but not in DRIVE mode. Ignoring.
[WARN] [1781550794.308417407] [cmd_vel_bridge]: Received cmd_vel but not in DRIVE mode. Ignoring.
[WARN] [1781550794.328416025] [cmd_vel_bridge]: Received cmd_vel but not in DRIVE mode. Ignoring.
[WARN] [1781550794.348418320] [cmd_vel_bridge]: Received cmd_vel but not in DRIVE mode. Ignoring.
[WARN] [1781550794.368417219] [cmd_vel_bridge]: Received cmd_vel but not in DRIVE mode. Ignoring.
[WARN] [1781550794.388428561] [cmd_vel_bridge]: Received cmd_vel but not in DRIVE mode. Ignoring.
[WARN] [1781550794.408436006] [cmd_vel_bridge]: Received cmd_vel but not in DRIVE mode. Ignoring.
[WARN] [1781550794.428497122] [cmd_vel_bridge]: Received cmd_vel but not in DRIVE mode. Ignoring.
[WARN] [1781550794.448504818] [cmd_vel_bridge]: Received cmd_vel but not in DRIVE mode. Ignoring.
[WARN] [1781550794.468498146] [cmd_vel_bridge]: Received cmd_vel but not in DRIVE mode. Ignoring.
[WARN] [1781550794.488454906] [cmd_vel_bridge]: Received cmd_vel but not in DRIVE mode. Ignoring.
[WARN] [1781550794.508452331] [cmd_vel_bridge]: Received cmd_vel but not in DRIVE mode. Ignoring.
[WARN] [1781550794.528483491] [cmd_vel_bridge]: Received cmd_vel but not in DRIVE mode. Ignoring.
[WARN] [1781550794.548462182] [cmd_vel_bridge]: Received cmd_vel but not in DRIVE mode. Ignoring.
[WARN] [1781550794.568487861] [cmd_vel_bridge]: Received cmd_vel but not in DRIVE mode. Ignoring.
[WARN] [1781550794.588489365] [cmd_vel_bridge]: Received cmd_vel but not in DRIVE mode. Ignoring.
[WARN] [1781550794.608475820] [cmd_vel_bridge]: Received cmd_vel but not in DRIVE mode. Ignoring.
[WARN] [1781550794.628472626] [cmd_vel_bridge]: Received cmd_vel but not in DRIVE mode. Ignoring.
[WARN] [1781550794.648476233] [cmd_vel_bridge]: Received cmd_vel but not in DRIVE mode. Ignoring.
[WARN] [1781550794.668433213] [cmd_vel_bridge]: Received cmd_vel but not in DRIVE mode. Ignoring.
[WARN] [1781550794.688428215] [cmd_vel_bridge]: Received cmd_vel but not in DRIVE mode. Ignoring.
[WARN] [1781550794.708443625] [cmd_vel_bridge]: Received cmd_vel but not in DRIVE mode. Ignoring.
[WARN] [1781550794.728423357] [cmd_vel_bridge]: Received cmd_vel but not in DRIVE mode. Ignoring.
[WARN] [1781550794.748443837] [cmd_vel_bridge]: Received cmd_vel but not in DRIVE mode. Ignoring.
[WARN] [1781550794.768439029] [cmd_vel_bridge]: Received cmd_vel but not in DRIVE mode. Ignoring.
[WARN] [1781550794.788433549] [cmd_vel_bridge]: Received cmd_vel but not in DRIVE mode. Ignoring.
[WARN] [1781550794.808444601] [cmd_vel_bridge]: Received cmd_vel but not in DRIVE mode. Ignoring.
[WARN] [1781550794.828438811] [cmd_vel_bridge]: Received cmd_vel but not in DRIVE mode. Ignoring.
[WARN] [1781550794.848441817] [cmd_vel_bridge]: Received cmd_vel but not in DRIVE mode. Ignoring.
[WARN] [1781550794.868453410] [cmd_vel_bridge]: Received cmd_vel but not in DRIVE mode. Ignoring.
[WARN] [1781550794.888432742] [cmd_vel_bridge]: Received cmd_vel but not in DRIVE mode. Ignoring.
[WARN] [1781550794.908428364] [cmd_vel_bridge]: Received cmd_vel but not in DRIVE mode. Ignoring.
[WARN] [1781550794.928444375] [cmd_vel_bridge]: Received cmd_vel but not in DRIVE mode. Ignoring.
[WARN] [1781550794.948438325] [cmd_vel_bridge]: Received cmd_vel but not in DRIVE mode. Ignoring.
[WARN] [1781550794.968442063] [cmd_vel_bridge]: Received cmd_vel but not in DRIVE mode. Ignoring.
[WARN] [1781550794.988481087] [cmd_vel_bridge]: Received cmd_vel but not in DRIVE mode. Ignoring.
[WARN] [1781550795.008516555] [cmd_vel_bridge]: Received cmd_vel but not in DRIVE mode. Ignoring.
[WARN] [1781550795.028490737] [cmd_vel_bridge]: Received cmd_vel but not in DRIVE mode. Ignoring.
[WARN] [1781550795.048451735] [cmd_vel_bridge]: Received cmd_vel but not in DRIVE mode. Ignoring.
[WARN] [1781550795.068454331] [cmd_vel_bridge]: Received cmd_vel but not in DRIVE mode. Ignoring.
[WARN] [1781550795.088436869] [cmd_vel_bridge]: Received cmd_vel but not in DRIVE mode. Ignoring.
[WARN] [1781550795.108429045] [cmd_vel_bridge]: Received cmd_vel but not in DRIVE mode. Ignoring.
[WARN] [1781550795.128447110] [cmd_vel_bridge]: Received cmd_vel but not in DRIVE mode. Ignoring.
[WARN] [1781550795.148445939] [cmd_vel_bridge]: Received cmd_vel but not in DRIVE mode. Ignoring.
[WARN] [1781550795.168443455] [cmd_vel_bridge]: Received cmd_vel but not in DRIVE mode. Ignoring.
[WARN] [1781550795.188445239] [cmd_vel_bridge]: Received cmd_vel but not in DRIVE mode. Ignoring.
[WARN] [1781550795.208433388] [cmd_vel_bridge]: Received cmd_vel but not in DRIVE mode. Ignoring.
[WARN] [1781550795.228446884] [cmd_vel_bridge]: Received cmd_vel but not in DRIVE mode. Ignoring.
[WARN] [1781550795.248438429] [cmd_vel_bridge]: Received cmd_vel but not in DRIVE mode. Ignoring.
[WARN] [1781550795.268434342] [cmd_vel_bridge]: Received cmd_vel but not in DRIVE mode. Ignoring.
[WARN] [1781550795.288443470] [cmd_vel_bridge]: Received cmd_vel but not in DRIVE mode. Ignoring.
[WARN] [1781550795.308440997] [cmd_vel_bridge]: Received cmd_vel but not in DRIVE mode. Ignoring.
[WARN] [1781550795.328435969] [cmd_vel_bridge]: Received cmd_vel but not in DRIVE mode. Ignoring.
[WARN] [1781550795.348422374] [cmd_vel_bridge]: Received cmd_vel but not in DRIVE mode. Ignoring.
[WARN] [1781550795.368455377] [cmd_vel_bridge]: Received cmd_vel but not in DRIVE mode. Ignoring.
[WARN] [1781550795.388430622] [cmd_vel_bridge]: Received cmd_vel but not in DRIVE mode. Ignoring.
[WARN] [1781550795.408441323] [cmd_vel_bridge]: Received cmd_vel but not in DRIVE mode. Ignoring.
[WARN] [1781550795.428436385] [cmd_vel_bridge]: Received cmd_vel but not in DRIVE mode. Ignoring.
[WARN] [1781550795.448439271] [cmd_vel_bridge]: Received cmd_vel but not in DRIVE mode. Ignoring.
[WARN] [1781550795.468437488] [cmd_vel_bridge]: Received cmd_vel but not in DRIVE mode. Ignoring.
[WARN] [1781550795.488442379] [cmd_vel_bridge]: Received cmd_vel but not in DRIVE mode. Ignoring.
[WARN] [1781550795.508421561] [cmd_vel_bridge]: Received cmd_vel but not in DRIVE mode. Ignoring.
[WARN] [1781550795.528418055] [cmd_vel_bridge]: Received cmd_vel but not in DRIVE mode. Ignoring.
[WARN] [1781550795.548440328] [cmd_vel_bridge]: Received cmd_vel but not in DRIVE mode. Ignoring.
[WARN] [1781550795.568440960] [cmd_vel_bridge]: Received cmd_vel but not in DRIVE mode. Ignoring.
[WARN] [1781550795.588441852] [cmd_vel_bridge]: Received cmd_vel but not in DRIVE mode. Ignoring.
[WARN] [1781550795.608441222] [cmd_vel_bridge]: Received cmd_vel but not in DRIVE mode. Ignoring.
[WARN] [1781550795.628445060] [cmd_vel_bridge]: Received cmd_vel but not in DRIVE mode. Ignoring.
[WARN] [1781550795.648440913] [cmd_vel_bridge]: Received cmd_vel but not in DRIVE mode. Ignoring.
[WARN] [1781550795.668525974] [cmd_vel_bridge]: Received cmd_vel but not in DRIVE mode. Ignoring.
[WARN] [1781550795.688532317] [cmd_vel_bridge]: Received cmd_vel but not in DRIVE mode. Ignoring.
[WARN] [1781550795.708517821] [cmd_vel_bridge]: Received cmd_vel but not in DRIVE mode. Ignoring.
[WARN] [1781550795.728502042] [cmd_vel_bridge]: Received cmd_vel but not in DRIVE mode. Ignoring.
[WARN] [1781550795.748468981] [cmd_vel_bridge]: Received cmd_vel but not in DRIVE mode. Ignoring.
[WARN] [1781550795.768511822] [cmd_vel_bridge]: Received cmd_vel but not in DRIVE mode. Ignoring.
[WARN] [1781550795.788522804] [cmd_vel_bridge]: Received cmd_vel but not in DRIVE mode. Ignoring.
[WARN] [1781550795.808540358] [cmd_vel_bridge]: Received cmd_vel but not in DRIVE mode. Ignoring.
[WARN] [1781550795.828515272] [cmd_vel_bridge]: Received cmd_vel but not in DRIVE mode. Ignoring.
[WARN] [1781550795.848534288] [cmd_vel_bridge]: Received cmd_vel but not in DRIVE mode. Ignoring.
[WARN] [1781550795.868529951] [cmd_vel_bridge]: Received cmd_vel but not in DRIVE mode. Ignoring.
[WARN] [1781550795.888558396] [cmd_vel_bridge]: Received cmd_vel but not in DRIVE mode. Ignoring.
[WARN] [1781550795.908540834] [cmd_vel_bridge]: Received cmd_vel but not in DRIVE mode. Ignoring.
[WARN] [1781550795.928518703] [cmd_vel_bridge]: Received cmd_vel but not in DRIVE mode. Ignoring.
[WARN] [1781550795.948490942] [cmd_vel_bridge]: Received cmd_vel but not in DRIVE mode. Ignoring.
[WARN] [1781550795.968485703] [cmd_vel_bridge]: Received cmd_vel but not in DRIVE mode. Ignoring.
[WARN] [1781550795.988453804] [cmd_vel_bridge]: Received cmd_vel but not in DRIVE mode. Ignoring.
[WARN] [1781550796.008462742] [cmd_vel_bridge]: Received cmd_vel but not in DRIVE mode. Ignoring.
[WARN] [1781550796.028465267] [cmd_vel_bridge]: Received cmd_vel but not in DRIVE mode. Ignoring.
[WARN] [1781550796.048436995] [cmd_vel_bridge]: Received cmd_vel but not in DRIVE mode. Ignoring.
[WARN] [1781550796.068466863] [cmd_vel_bridge]: Received cmd_vel but not in DRIVE mode. Ignoring.
[WARN] [1781550796.088429083] [cmd_vel_bridge]: Received cmd_vel but not in DRIVE mode. Ignoring.
[WARN] [1781550796.108483937] [cmd_vel_bridge]: Received cmd_vel but not in DRIVE mode. Ignoring.
[WARN] [1781550796.128478878] [cmd_vel_bridge]: Received cmd_vel but not in DRIVE mode. Ignoring.
[WARN] [1781550796.148452730] [cmd_vel_bridge]: Received cmd_vel but not in DRIVE mode. Ignoring.
[WARN] [1781550796.168455807] [cmd_vel_bridge]: Received cmd_vel but not in DRIVE mode. Ignoring.
[WARN] [1781550796.188423607] [cmd_vel_bridge]: Received cmd_vel but not in DRIVE mode. Ignoring.
[WARN] [1781550796.208437304] [cmd_vel_bridge]: Received cmd_vel but not in DRIVE mode. Ignoring.
[WARN] [1781550796.228431685] [cmd_vel_bridge]: Received cmd_vel but not in DRIVE mode. Ignoring.
[WARN] [1781550796.248431756] [cmd_vel_bridge]: Received cmd_vel but not in DRIVE mode. Ignoring.
[WARN] [1781550796.268425164] [cmd_vel_bridge]: Received cmd_vel but not in DRIVE mode. Ignoring.
[WARN] [1781550796.288419195] [cmd_vel_bridge]: Received cmd_vel but not in DRIVE mode. Ignoring.
[WARN] [1781550796.308439043] [cmd_vel_bridge]: Received cmd_vel but not in DRIVE mode. Ignoring.
[WARN] [1781550796.328466837] [cmd_vel_bridge]: Received cmd_vel but not in DRIVE mode. Ignoring.
[WARN] [1781550796.348453883] [cmd_vel_bridge]: Received cmd_vel but not in DRIVE mode. Ignoring.
[WARN] [1781550796.368452461] [cmd_vel_bridge]: Received cmd_vel but not in DRIVE mode. Ignoring.
[WARN] [1781550796.388453815] [cmd_vel_bridge]: Received cmd_vel but not in DRIVE mode. Ignoring.
[WARN] [1781550796.408433859] [cmd_vel_bridge]: Received cmd_vel but not in DRIVE mode. Ignoring.
[WARN] [1781550796.428426475] [cmd_vel_bridge]: Received cmd_vel but not in DRIVE mode. Ignoring.
[WARN] [1781550796.448443208] [cmd_vel_bridge]: Received cmd_vel but not in DRIVE mode. Ignoring.
[WARN] [1781550796.468430294] [cmd_vel_bridge]: Received cmd_vel but not in DRIVE mode. Ignoring.
[WARN] [1781550796.488426298] [cmd_vel_bridge]: Received cmd_vel but not in DRIVE mode. Ignoring.
[WARN] [1781550796.508447409] [cmd_vel_bridge]: Received cmd_vel but not in DRIVE mode. Ignoring.
[WARN] [1781550796.528555763] [cmd_vel_bridge]: Received cmd_vel but not in DRIVE mode. Ignoring.
[WARN] [1781550796.548511271] [cmd_vel_bridge]: Received cmd_vel but not in DRIVE mode. Ignoring.
[WARN] [1781550796.568502465] [cmd_vel_bridge]: Received cmd_vel but not in DRIVE mode. Ignoring.
[WARN] [1781550796.588529297] [cmd_vel_bridge]: Received cmd_vel but not in DRIVE mode. Ignoring.
[WARN] [1781550796.608523897] [cmd_vel_bridge]: Received cmd_vel but not in DRIVE mode. Ignoring.
[WARN] [1781550796.628505273] [cmd_vel_bridge]: Received cmd_vel but not in DRIVE mode. Ignoring.
[WARN] [1781550796.648510424] [cmd_vel_bridge]: Received cmd_vel but not in DRIVE mode. Ignoring.
[WARN] [1781550796.668522307] [cmd_vel_bridge]: Received cmd_vel but not in DRIVE mode. Ignoring.
[WARN] [1781550796.688517630] [cmd_vel_bridge]: Received cmd_vel but not in DRIVE mode. Ignoring.
[WARN] [1781550796.708479348] [cmd_vel_bridge]: Received cmd_vel but not in DRIVE mode. Ignoring.
[WARN] [1781550796.728460284] [cmd_vel_bridge]: Received cmd_vel but not in DRIVE mode. Ignoring.
[WARN] [1781550796.748473971] [cmd_vel_bridge]: Received cmd_vel but not in DRIVE mode. Ignoring.
[WARN] [1781550796.768497736] [cmd_vel_bridge]: Received cmd_vel but not in DRIVE mode. Ignoring.
[WARN] [1781550796.788463202] [cmd_vel_bridge]: Received cmd_vel but not in DRIVE mode. Ignoring.
[WARN] [1781550796.808430071] [cmd_vel_bridge]: Received cmd_vel but not in DRIVE mode. Ignoring.
[WARN] [1781550796.828451763] [cmd_vel_bridge]: Received cmd_vel but not in DRIVE mode. Ignoring.
[WARN] [1781550796.848475859] [cmd_vel_bridge]: Received cmd_vel but not in DRIVE mode. Ignoring.
[WARN] [1781550796.868515344] [cmd_vel_bridge]: Received cmd_vel but not in DRIVE mode. Ignoring.
[WARN] [1781550796.888465542] [cmd_vel_bridge]: Received cmd_vel but not in DRIVE mode. Ignoring.
[WARN] [1781550796.908473798] [cmd_vel_bridge]: Received cmd_vel but not in DRIVE mode. Ignoring.
[WARN] [1781550796.928468399] [cmd_vel_bridge]: Received cmd_vel but not in DRIVE mode. Ignoring.
[WARN] [1781550796.948464122] [cmd_vel_bridge]: Received cmd_vel but not in DRIVE mode. Ignoring.
[WARN] [1781550796.968473080] [cmd_vel_bridge]: Received cmd_vel but not in DRIVE mode. Ignoring.
[WARN] [1781550796.988442393] [cmd_vel_bridge]: Received cmd_vel but not in DRIVE mode. Ignoring.
[WARN] [1781550797.008438437] [cmd_vel_bridge]: Received cmd_vel but not in DRIVE mode. Ignoring.
[WARN] [1781550797.028451843] [cmd_vel_bridge]: Received cmd_vel but not in DRIVE mode. Ignoring.
[WARN] [1781550797.048455551] [cmd_vel_bridge]: Received cmd_vel but not in DRIVE mode. Ignoring.
[WARN] [1781550797.068456043] [cmd_vel_bridge]: Received cmd_vel but not in DRIVE mode. Ignoring.
[WARN] [1781550797.088450182] [cmd_vel_bridge]: Received cmd_vel but not in DRIVE mode. Ignoring.
[WARN] [1781550797.108440775] [cmd_vel_bridge]: Received cmd_vel but not in DRIVE mode. Ignoring.
[WARN] [1781550797.128444974] [cmd_vel_bridge]: Received cmd_vel but not in DRIVE mode. Ignoring.
[WARN] [1781550797.148424928] [cmd_vel_bridge]: Received cmd_vel but not in DRIVE mode. Ignoring.
[WARN] [1781550797.168449745] [cmd_vel_bridge]: Received cmd_vel but not in DRIVE mode. Ignoring.
[WARN] [1781550797.188433325] [cmd_vel_bridge]: Received cmd_vel but not in DRIVE mode. Ignoring.
[WARN] [1781550797.208418819] [cmd_vel_bridge]: Received cmd_vel but not in DRIVE mode. Ignoring.
[WARN] [1781550797.228444598] [cmd_vel_bridge]: Received cmd_vel but not in DRIVE mode. Ignoring.
[WARN] [1781550797.248445421] [cmd_vel_bridge]: Received cmd_vel but not in DRIVE mode. Ignoring.
[WARN] [1781550797.268481269] [cmd_vel_bridge]: Received cmd_vel but not in DRIVE mode. Ignoring.
[WARN] [1781550797.288514082] [cmd_vel_bridge]: Received cmd_vel but not in DRIVE mode. Ignoring.
[WARN] [1781550797.308503713] [cmd_vel_bridge]: Received cmd_vel but not in DRIVE mode. Ignoring.
[WARN] [1781550797.328518011] [cmd_vel_bridge]: Received cmd_vel but not in DRIVE mode. Ignoring.
[WARN] [1781550797.348495129] [cmd_vel_bridge]: Received cmd_vel but not in DRIVE mode. Ignoring.
[WARN] [1781550797.368575642] [cmd_vel_bridge]: Received cmd_vel but not in DRIVE mode. Ignoring.
[WARN] [1781550797.388525688] [cmd_vel_bridge]: Received cmd_vel but not in DRIVE mode. Ignoring.
[WARN] [1781550797.408555876] [cmd_vel_bridge]: Received cmd_vel but not in DRIVE mode. Ignoring.
[WARN] [1781550797.428535990] [cmd_vel_bridge]: Received cmd_vel but not in DRIVE mode. Ignoring.
[WARN] [1781550797.448530430] [cmd_vel_bridge]: Received cmd_vel but not in DRIVE mode. Ignoring.
[WARN] [1781550797.468569936] [cmd_vel_bridge]: Received cmd_vel but not in DRIVE mode. Ignoring.
[WARN] [1781550797.488471101] [cmd_vel_bridge]: Received cmd_vel but not in DRIVE mode. Ignoring.
[WARN] [1781550797.508587972] [cmd_vel_bridge]: Received cmd_vel but not in DRIVE mode. Ignoring.
[WARN] [1781550797.528510537] [cmd_vel_bridge]: Received cmd_vel but not in DRIVE mode. Ignoring.
[WARN] [1781550797.548526989] [cmd_vel_bridge]: Received cmd_vel but not in DRIVE mode. Ignoring.
[WARN] [1781550797.568492525] [cmd_vel_bridge]: Received cmd_vel but not in DRIVE mode. Ignoring.
[WARN] [1781550797.588511532] [cmd_vel_bridge]: Received cmd_vel but not in DRIVE mode. Ignoring.
[WARN] [1781550797.608517895] [cmd_vel_bridge]: Received cmd_vel but not in DRIVE mode. Ignoring.
[WARN] [1781550797.628504992] [cmd_vel_bridge]: Received cmd_vel but not in DRIVE mode. Ignoring.
[WARN] [1781550797.648499062] [cmd_vel_bridge]: Received cmd_vel but not in DRIVE mode. Ignoring.
[WARN] [1781550797.668523058] [cmd_vel_bridge]: Received cmd_vel but not in DRIVE mode. Ignoring.
[WARN] [1781550797.688490768] [cmd_vel_bridge]: Received cmd_vel but not in DRIVE mode. Ignoring.
[WARN] [1781550797.708496911] [cmd_vel_bridge]: Received cmd_vel but not in DRIVE mode. Ignoring.
[WARN] [1781550797.728512681] [cmd_vel_bridge]: Received cmd_vel but not in DRIVE mode. Ignoring.
[WARN] [1781550797.748477506] [cmd_vel_bridge]: Received cmd_vel but not in DRIVE mode. Ignoring.
[WARN] [1781550797.768482446] [cmd_vel_bridge]: Received cmd_vel but not in DRIVE mode. Ignoring.
[WARN] [1781550797.788445628] [cmd_vel_bridge]: Received cmd_vel but not in DRIVE mode. Ignoring.
[WARN] [1781550797.808468312] [cmd_vel_bridge]: Received cmd_vel but not in DRIVE mode. Ignoring.
[WARN] [1781550797.828494632] [cmd_vel_bridge]: Received cmd_vel but not in DRIVE mode. Ignoring.
[WARN] [1781550797.848488201] [cmd_vel_bridge]: Received cmd_vel but not in DRIVE mode. Ignoring.
[WARN] [1781550797.868526474] [cmd_vel_bridge]: Received cmd_vel but not in DRIVE mode. Ignoring.
[WARN] [1781550797.888479847] [cmd_vel_bridge]: Received cmd_vel but not in DRIVE mode. Ignoring.
[WARN] [1781550797.908503403] [cmd_vel_bridge]: Received cmd_vel but not in DRIVE mode. Ignoring.
[WARN] [1781550797.928462507] [cmd_vel_bridge]: Received cmd_vel but not in DRIVE mode. Ignoring.
[WARN] [1781550797.948481474] [cmd_vel_bridge]: Received cmd_vel but not in DRIVE mode. Ignoring.
[WARN] [1781550797.968447080] [cmd_vel_bridge]: Received cmd_vel but not in DRIVE mode. Ignoring.
[WARN] [1781550797.988430039] [cmd_vel_bridge]: Received cmd_vel but not in DRIVE mode. Ignoring.
[WARN] [1781550798.008450989] [cmd_vel_bridge]: Received cmd_vel but not in DRIVE mode. Ignoring.
[WARN] [1781550798.028436623] [cmd_vel_bridge]: Received cmd_vel but not in DRIVE mode. Ignoring.
[WARN] [1781550798.048449408] [cmd_vel_bridge]: Received cmd_vel but not in DRIVE mode. Ignoring.
[WARN] [1781550798.068423691] [cmd_vel_bridge]: Received cmd_vel but not in DRIVE mode. Ignoring.
[WARN] [1781550798.088425085] [cmd_vel_bridge]: Received cmd_vel but not in DRIVE mode. Ignoring.
[WARN] [1781550798.108422221] [cmd_vel_bridge]: Received cmd_vel but not in DRIVE mode. Ignoring.
[WARN] [1781550798.128427602] [cmd_vel_bridge]: Received cmd_vel but not in DRIVE mode. Ignoring.
[WARN] [1781550798.148450586] [cmd_vel_bridge]: Received cmd_vel but not in DRIVE mode. Ignoring.
[WARN] [1781550798.168433024] [cmd_vel_bridge]: Received cmd_vel but not in DRIVE mode. Ignoring.
[WARN] [1781550798.188446530] [cmd_vel_bridge]: Received cmd_vel but not in DRIVE mode. Ignoring.
[WARN] [1781550798.208437935] [cmd_vel_bridge]: Received cmd_vel but not in DRIVE mode. Ignoring.
[WARN] [1781550798.228432095] [cmd_vel_bridge]: Received cmd_vel but not in DRIVE mode. Ignoring.
[WARN] [1781550798.248447515] [cmd_vel_bridge]: Received cmd_vel but not in DRIVE mode. Ignoring.
[WARN] [1781550798.268433089] [cmd_vel_bridge]: Received cmd_vel but not in DRIVE mode. Ignoring.
[WARN] [1781550798.288449461] [cmd_vel_bridge]: Received cmd_vel but not in DRIVE mode. Ignoring.
[WARN] [1781550798.308454651] [cmd_vel_bridge]: Received cmd_vel but not in DRIVE mode. Ignoring.
[WARN] [1781550798.328436979] [cmd_vel_bridge]: Received cmd_vel but not in DRIVE mode. Ignoring.
[WARN] [1781550798.348432602] [cmd_vel_bridge]: Received cmd_vel but not in DRIVE mode. Ignoring.
[WARN] [1781550798.368443884] [cmd_vel_bridge]: Received cmd_vel but not in DRIVE mode. Ignoring.
[WARN] [1781550798.388435850] [cmd_vel_bridge]: Received cmd_vel but not in DRIVE mode. Ignoring.
[WARN] [1781550798.408430081] [cmd_vel_bridge]: Received cmd_vel but not in DRIVE mode. Ignoring.
[WARN] [1781550798.428434490] [cmd_vel_bridge]: Received cmd_vel but not in DRIVE mode. Ignoring.
[WARN] [1781550798.448442857] [cmd_vel_bridge]: Received cmd_vel but not in DRIVE mode. Ignoring.
[WARN] [1781550798.468467594] [cmd_vel_bridge]: Received cmd_vel but not in DRIVE mode. Ignoring.
[WARN] [1781550798.488493824] [cmd_vel_bridge]: Received cmd_vel but not in DRIVE mode. Ignoring.
[WARN] [1781550798.508481933] [cmd_vel_bridge]: Received cmd_vel but not in DRIVE mode. Ignoring.
[WARN] [1781550798.528474730] [cmd_vel_bridge]: Received cmd_vel but not in DRIVE mode. Ignoring.
[WARN] [1781550798.548445417] [cmd_vel_bridge]: Received cmd_vel but not in DRIVE mode. Ignoring.
[WARN] [1781550798.568464233] [cmd_vel_bridge]: Received cmd_vel but not in DRIVE mode. Ignoring.
[WARN] [1781550798.588460777] [cmd_vel_bridge]: Received cmd_vel but not in DRIVE mode. Ignoring.
[WARN] [1781550798.608493450] [cmd_vel_bridge]: Received cmd_vel but not in DRIVE mode. Ignoring.
[WARN] [1781550798.628491327] [cmd_vel_bridge]: Received cmd_vel but not in DRIVE mode. Ignoring.
[WARN] [1781550798.648470699] [cmd_vel_bridge]: Received cmd_vel but not in DRIVE mode. Ignoring.
[WARN] [1781550798.668481260] [cmd_vel_bridge]: Received cmd_vel but not in DRIVE mode. Ignoring.
[WARN] [1781550798.688467215] [cmd_vel_bridge]: Received cmd_vel but not in DRIVE mode. Ignoring.
[WARN] [1781550798.708470712] [cmd_vel_bridge]: Received cmd_vel but not in DRIVE mode. Ignoring.
[WARN] [1781550798.728455334] [cmd_vel_bridge]: Received cmd_vel but not in DRIVE mode. Ignoring.
[WARN] [1781550798.748453061] [cmd_vel_bridge]: Received cmd_vel but not in DRIVE mode. Ignoring.
[WARN] [1781550798.768479832] [cmd_vel_bridge]: Received cmd_vel but not in DRIVE mode. Ignoring.
[WARN] [1781550798.788468362] [cmd_vel_bridge]: Received cmd_vel but not in DRIVE mode. Ignoring.
[WARN] [1781550798.808477500] [cmd_vel_bridge]: Received cmd_vel but not in DRIVE mode. Ignoring.
[WARN] [1781550798.828484113] [cmd_vel_bridge]: Received cmd_vel but not in DRIVE mode. Ignoring.
[WARN] [1781550798.848444249] [cmd_vel_bridge]: Received cmd_vel but not in DRIVE mode. Ignoring.
[WARN] [1781550798.868485168] [cmd_vel_bridge]: Received cmd_vel but not in DRIVE mode. Ignoring.
[WARN] [1781550798.888461414] [cmd_vel_bridge]: Received cmd_vel but not in DRIVE mode. Ignoring.
[WARN] [1781550798.908467125] [cmd_vel_bridge]: Received cmd_vel but not in DRIVE mode. Ignoring.
[WARN] [1781550798.928453280] [cmd_vel_bridge]: Received cmd_vel but not in DRIVE mode. Ignoring.
[WARN] [1781550798.948451789] [cmd_vel_bridge]: Received cmd_vel but not in DRIVE mode. Ignoring.
[WARN] [1781550798.968455016] [cmd_vel_bridge]: Received cmd_vel but not in DRIVE mode. Ignoring.
[WARN] [1781550798.988455938] [cmd_vel_bridge]: Received cmd_vel but not in DRIVE mode. Ignoring.
[WARN] [1781550799.008446973] [cmd_vel_bridge]: Received cmd_vel but not in DRIVE mode. Ignoring.
[WARN] [1781550799.028445150] [cmd_vel_bridge]: Received cmd_vel but not in DRIVE mode. Ignoring.
[WARN] [1781550799.048449549] [cmd_vel_bridge]: Received cmd_vel but not in DRIVE mode. Ignoring.
[WARN] [1781550799.068461974] [cmd_vel_bridge]: Received cmd_vel but not in DRIVE mode. Ignoring.
[WARN] [1781550799.088481632] [cmd_vel_bridge]: Received cmd_vel but not in DRIVE mode. Ignoring.
[WARN] [1781550799.108453460] [cmd_vel_bridge]: Received cmd_vel but not in DRIVE mode. Ignoring.
[WARN] [1781550799.128461556] [cmd_vel_bridge]: Received cmd_vel but not in DRIVE mode. Ignoring.
[WARN] [1781550799.148456297] [cmd_vel_bridge]: Received cmd_vel but not in DRIVE mode. Ignoring.
[WARN] [1781550799.168441220] [cmd_vel_bridge]: Received cmd_vel but not in DRIVE mode. Ignoring.
[WARN] [1781550799.188446732] [cmd_vel_bridge]: Received cmd_vel but not in DRIVE mode. Ignoring.
[WARN] [1781550799.208443336] [cmd_vel_bridge]: Received cmd_vel but not in DRIVE mode. Ignoring.
[WARN] [1781550799.228451613] [cmd_vel_bridge]: Received cmd_vel but not in DRIVE mode. Ignoring.
[WARN] [1781550799.248445502] [cmd_vel_bridge]: Received cmd_vel but not in DRIVE mode. Ignoring.
[WARN] [1781550799.268445193] [cmd_vel_bridge]: Received cmd_vel but not in DRIVE mode. Ignoring.
[WARN] [1781550799.288462476] [cmd_vel_bridge]: Received cmd_vel but not in DRIVE mode. Ignoring.
[WARN] [1781550799.308464261] [cmd_vel_bridge]: Received cmd_vel but not in DRIVE mode. Ignoring.
[WARN] [1781550799.328445166] [cmd_vel_bridge]: Received cmd_vel but not in DRIVE mode. Ignoring.
[WARN] [1781550799.348436971] [cmd_vel_bridge]: Received cmd_vel but not in DRIVE mode. Ignoring.
[WARN] [1781550799.368434237] [cmd_vel_bridge]: Received cmd_vel but not in DRIVE mode. Ignoring.
[WARN] [1781550799.388438306] [cmd_vel_bridge]: Received cmd_vel but not in DRIVE mode. Ignoring.
[WARN] [1781550799.408510142] [cmd_vel_bridge]: Received cmd_vel but not in DRIVE mode. Ignoring.
[WARN] [1781550799.428458256] [cmd_vel_bridge]: Received cmd_vel but not in DRIVE mode. Ignoring.
[WARN] [1781550799.448478996] [cmd_vel_bridge]: Received cmd_vel but not in DRIVE mode. Ignoring.
[WARN] [1781550799.468467695] [cmd_vel_bridge]: Received cmd_vel but not in DRIVE mode. Ignoring.
[WARN] [1781550799.488473958] [cmd_vel_bridge]: Received cmd_vel but not in DRIVE mode. Ignoring.
[WARN] [1781550799.508450154] [cmd_vel_bridge]: Received cmd_vel but not in DRIVE mode. Ignoring.
[WARN] [1781550799.528463310] [cmd_vel_bridge]: Received cmd_vel but not in DRIVE mode. Ignoring.
[WARN] [1781550799.548465666] [cmd_vel_bridge]: Received cmd_vel but not in DRIVE mode. Ignoring.
[WARN] [1781550799.568467019] [cmd_vel_bridge]: Received cmd_vel but not in DRIVE mode. Ignoring.
[WARN] [1781550799.588443095] [cmd_vel_bridge]: Received cmd_vel but not in DRIVE mode. Ignoring.
[WARN] [1781550799.608448517] [cmd_vel_bridge]: Received cmd_vel but not in DRIVE mode. Ignoring.
[WARN] [1781550799.628450672] [cmd_vel_bridge]: Received cmd_vel but not in DRIVE mode. Ignoring.
[WARN] [1781550799.648442657] [cmd_vel_bridge]: Received cmd_vel but not in DRIVE mode. Ignoring.
[WARN] [1781550799.668434884] [cmd_vel_bridge]: Received cmd_vel but not in DRIVE mode. Ignoring.
[WARN] [1781550799.688477505] [cmd_vel_bridge]: Received cmd_vel but not in DRIVE mode. Ignoring.
[WARN] [1781550799.708490641] [cmd_vel_bridge]: Received cmd_vel but not in DRIVE mode. Ignoring.
[WARN] [1781550799.728442902] [cmd_vel_bridge]: Received cmd_vel but not in DRIVE mode. Ignoring.
[WARN] [1781550799.748469223] [cmd_vel_bridge]: Received cmd_vel but not in DRIVE mode. Ignoring.
[WARN] [1781550799.768443084] [cmd_vel_bridge]: Received cmd_vel but not in DRIVE mode. Ignoring.
[WARN] [1781550799.788461209] [cmd_vel_bridge]: Received cmd_vel but not in DRIVE mode. Ignoring.
[WARN] [1781550799.808453386] [cmd_vel_bridge]: Received cmd_vel but not in DRIVE mode. Ignoring.
[WARN] [1781550799.828451263] [cmd_vel_bridge]: Received cmd_vel but not in DRIVE mode. Ignoring.
[WARN] [1781550799.848443379] [cmd_vel_bridge]: Received cmd_vel but not in DRIVE mode. Ignoring.
[WARN] [1781550799.868446456] [cmd_vel_bridge]: Received cmd_vel but not in DRIVE mode. Ignoring.
[WARN] [1781550799.888443892] [cmd_vel_bridge]: Received cmd_vel but not in DRIVE mode. Ignoring.
[WARN] [1781550799.908457378] [cmd_vel_bridge]: Received cmd_vel but not in DRIVE mode. Ignoring.
[WARN] [1781550799.928449795] [cmd_vel_bridge]: Received cmd_vel but not in DRIVE mode. Ignoring.
[WARN] [1781550799.948490353] [cmd_vel_bridge]: Received cmd_vel but not in DRIVE mode. Ignoring.
[WARN] [1781550799.968477790] [cmd_vel_bridge]: Received cmd_vel but not in DRIVE mode. Ignoring.
[WARN] [1781550799.988448286] [cmd_vel_bridge]: Received cmd_vel but not in DRIVE mode. Ignoring.
[WARN] [1781550800.008460299] [cmd_vel_bridge]: Received cmd_vel but not in DRIVE mode. Ignoring.
[WARN] [1781550800.028442687] [cmd_vel_bridge]: Received cmd_vel but not in DRIVE mode. Ignoring.
[WARN] [1781550800.048432188] [cmd_vel_bridge]: Received cmd_vel but not in DRIVE mode. Ignoring.
[WARN] [1781550800.068434223] [cmd_vel_bridge]: Received cmd_vel but not in DRIVE mode. Ignoring.
[WARN] [1781550800.088435296] [cmd_vel_bridge]: Received cmd_vel but not in DRIVE mode. Ignoring.
[WARN] [1781550800.108458812] [cmd_vel_bridge]: Received cmd_vel but not in DRIVE mode. Ignoring.
[WARN] [1781550800.128468200] [cmd_vel_bridge]: Received cmd_vel but not in DRIVE mode. Ignoring.
[WARN] [1781550800.148443014] [cmd_vel_bridge]: Received cmd_vel but not in DRIVE mode. Ignoring.
[WARN] [1781550800.168450108] [cmd_vel_bridge]: Received cmd_vel but not in DRIVE mode. Ignoring.
[WARN] [1781550800.188436624] [cmd_vel_bridge]: Received cmd_vel but not in DRIVE mode. Ignoring.
[WARN] [1781550800.208438579] [cmd_vel_bridge]: Received cmd_vel but not in DRIVE mode. Ignoring.
[WARN] [1781550800.228452466] [cmd_vel_bridge]: Received cmd_vel but not in DRIVE mode. Ignoring.
[WARN] [1781550800.248461694] [cmd_vel_bridge]: Received cmd_vel but not in DRIVE mode. Ignoring.
[WARN] [1781550800.268438302] [cmd_vel_bridge]: Received cmd_vel but not in DRIVE mode. Ignoring.
[WARN] [1781550800.288456998] [cmd_vel_bridge]: Received cmd_vel but not in DRIVE mode. Ignoring.
[WARN] [1781550800.308441650] [cmd_vel_bridge]: Received cmd_vel but not in DRIVE mode. Ignoring.
[WARN] [1781550800.328512143] [cmd_vel_bridge]: Received cmd_vel but not in DRIVE mode. Ignoring.
[WARN] [1781550800.348474734] [cmd_vel_bridge]: Received cmd_vel but not in DRIVE mode. Ignoring.
[WARN] [1781550800.368485826] [cmd_vel_bridge]: Received cmd_vel but not in DRIVE mode. Ignoring.
[WARN] [1781550800.388477081] [cmd_vel_bridge]: Received cmd_vel but not in DRIVE mode. Ignoring.
[WARN] [1781550800.408452135] [cmd_vel_bridge]: Received cmd_vel but not in DRIVE mode. Ignoring.
[WARN] [1781550800.428453699] [cmd_vel_bridge]: Received cmd_vel but not in DRIVE mode. Ignoring.
[WARN] [1781550800.448444893] [cmd_vel_bridge]: Received cmd_vel but not in DRIVE mode. Ignoring.
[WARN] [1781550800.468440095] [cmd_vel_bridge]: Received cmd_vel but not in DRIVE mode. Ignoring.
[WARN] [1781550800.488445226] [cmd_vel_bridge]: Received cmd_vel but not in DRIVE mode. Ignoring.
[WARN] [1781550800.508458822] [cmd_vel_bridge]: Received cmd_vel but not in DRIVE mode. Ignoring.
[WARN] [1781550800.528487307] [cmd_vel_bridge]: Received cmd_vel but not in DRIVE mode. Ignoring.
[WARN] [1781550800.548470006] [cmd_vel_bridge]: Received cmd_vel but not in DRIVE mode. Ignoring.
[WARN] [1781550800.568469666] [cmd_vel_bridge]: Received cmd_vel but not in DRIVE mode. Ignoring.
[WARN] [1781550800.588455671] [cmd_vel_bridge]: Received cmd_vel but not in DRIVE mode. Ignoring.
[WARN] [1781550800.608462204] [cmd_vel_bridge]: Received cmd_vel but not in DRIVE mode. Ignoring.
[WARN] [1781550800.628450603] [cmd_vel_bridge]: Received cmd_vel but not in DRIVE mode. Ignoring.
[WARN] [1781550800.648478056] [cmd_vel_bridge]: Received cmd_vel but not in DRIVE mode. Ignoring.
[WARN] [1781550800.668472807] [cmd_vel_bridge]: Received cmd_vel but not in DRIVE mode. Ignoring.
[WARN] [1781550800.688441449] [cmd_vel_bridge]: Received cmd_vel but not in DRIVE mode. Ignoring.
[WARN] [1781550800.708477128] [cmd_vel_bridge]: Received cmd_vel but not in DRIVE mode. Ignoring.
[WARN] [1781550800.728461098] [cmd_vel_bridge]: Received cmd_vel but not in DRIVE mode. Ignoring.
[WARN] [1781550800.748487880] [cmd_vel_bridge]: Received cmd_vel but not in DRIVE mode. Ignoring.
[WARN] [1781550800.768447295] [cmd_vel_bridge]: Received cmd_vel but not in DRIVE mode. Ignoring.
[WARN] [1781550800.788448247] [cmd_vel_bridge]: Received cmd_vel but not in DRIVE mode. Ignoring.
[WARN] [1781550800.808435374] [cmd_vel_bridge]: Received cmd_vel but not in DRIVE mode. Ignoring.
[WARN] [1781550800.828432219] [cmd_vel_bridge]: Received cmd_vel but not in DRIVE mode. Ignoring.
[WARN] [1781550800.848448160] [cmd_vel_bridge]: Received cmd_vel but not in DRIVE mode. Ignoring.
[WARN] [1781550800.868449554] [cmd_vel_bridge]: Received cmd_vel but not in DRIVE mode. Ignoring.
[WARN] [1781550800.888440929] [cmd_vel_bridge]: Received cmd_vel but not in DRIVE mode. Ignoring.
[WARN] [1781550800.908433075] [cmd_vel_bridge]: Received cmd_vel but not in DRIVE mode. Ignoring.
[WARN] [1781550800.928428808] [cmd_vel_bridge]: Received cmd_vel but not in DRIVE mode. Ignoring.
[WARN] [1781550800.948482680] [cmd_vel_bridge]: Received cmd_vel but not in DRIVE mode. Ignoring.
[WARN] [1781550800.968458516] [cmd_vel_bridge]: Received cmd_vel but not in DRIVE mode. Ignoring.
[WARN] [1781550800.988440543] [cmd_vel_bridge]: Received cmd_vel but not in DRIVE mode. Ignoring.
[WARN] [1781550801.008437469] [cmd_vel_bridge]: Received cmd_vel but not in DRIVE mode. Ignoring.
[WARN] [1781550801.028452898] [cmd_vel_bridge]: Received cmd_vel but not in DRIVE mode. Ignoring.
[WARN] [1781550801.048459001] [cmd_vel_bridge]: Received cmd_vel but not in DRIVE mode. Ignoring.
[WARN] [1781550801.068458752] [cmd_vel_bridge]: Received cmd_vel but not in DRIVE mode. Ignoring.
[WARN] [1781550801.088434287] [cmd_vel_bridge]: Received cmd_vel but not in DRIVE mode. Ignoring.
[WARN] [1781550801.108432645] [cmd_vel_bridge]: Received cmd_vel but not in DRIVE mode. Ignoring.
[WARN] [1781550801.128434589] [cmd_vel_bridge]: Received cmd_vel but not in DRIVE mode. Ignoring.
[WARN] [1781550801.148436103] [cmd_vel_bridge]: Received cmd_vel but not in DRIVE mode. Ignoring.
[WARN] [1781550801.168488222] [cmd_vel_bridge]: Received cmd_vel but not in DRIVE mode. Ignoring.
[WARN] [1781550801.188465421] [cmd_vel_bridge]: Received cmd_vel but not in DRIVE mode. Ignoring.
[WARN] [1781550801.208457226] [cmd_vel_bridge]: Received cmd_vel but not in DRIVE mode. Ignoring.
[WARN] [1781550801.228451957] [cmd_vel_bridge]: Received cmd_vel but not in DRIVE mode. Ignoring.
[WARN] [1781550801.248471645] [cmd_vel_bridge]: Received cmd_vel but not in DRIVE mode. Ignoring.
[WARN] [1781550801.268452851] [cmd_vel_bridge]: Received cmd_vel but not in DRIVE mode. Ignoring.
[WARN] [1781550801.288447582] [cmd_vel_bridge]: Received cmd_vel but not in DRIVE mode. Ignoring.
[WARN] [1781550801.308452403] [cmd_vel_bridge]: Received cmd_vel but not in DRIVE mode. Ignoring.
[WARN] [1781550801.328446593] [cmd_vel_bridge]: Received cmd_vel but not in DRIVE mode. Ignoring.
[WARN] [1781550801.348430163] [cmd_vel_bridge]: Received cmd_vel but not in DRIVE mode. Ignoring.
[WARN] [1781550801.368475178] [cmd_vel_bridge]: Received cmd_vel but not in DRIVE mode. Ignoring.
[WARN] [1781550801.388429423] [cmd_vel_bridge]: Received cmd_vel but not in DRIVE mode. Ignoring.
[WARN] [1781550801.408452057] [cmd_vel_bridge]: Received cmd_vel but not in DRIVE mode. Ignoring.
[WARN] [1781550801.428478728] [cmd_vel_bridge]: Received cmd_vel but not in DRIVE mode. Ignoring.
[WARN] [1781550801.448466627] [cmd_vel_bridge]: Received cmd_vel but not in DRIVE mode. Ignoring.
[WARN] [1781550801.468443344] [cmd_vel_bridge]: Received cmd_vel but not in DRIVE mode. Ignoring.
[WARN] [1781550801.488457391] [cmd_vel_bridge]: Received cmd_vel but not in DRIVE mode. Ignoring.
[WARN] [1781550801.508451752] [cmd_vel_bridge]: Received cmd_vel but not in DRIVE mode. Ignoring.
[WARN] [1781550801.528445030] [cmd_vel_bridge]: Received cmd_vel but not in DRIVE mode. Ignoring.
[WARN] [1781550801.548458617] [cmd_vel_bridge]: Received cmd_vel but not in DRIVE mode. Ignoring.
[WARN] [1781550801.568463898] [cmd_vel_bridge]: Received cmd_vel but not in DRIVE mode. Ignoring.
[WARN] [1781550801.588474909] [cmd_vel_bridge]: Received cmd_vel but not in DRIVE mode. Ignoring.
[WARN] [1781550801.608458029] [cmd_vel_bridge]: Received cmd_vel but not in DRIVE mode. Ignoring.
[WARN] [1781550801.628456487] [cmd_vel_bridge]: Received cmd_vel but not in DRIVE mode. Ignoring.
[WARN] [1781550801.648452380] [cmd_vel_bridge]: Received cmd_vel but not in DRIVE mode. Ignoring.
[WARN] [1781550801.668460046] [cmd_vel_bridge]: Received cmd_vel but not in DRIVE mode. Ignoring.
[WARN] [1781550801.688470436] [cmd_vel_bridge]: Received cmd_vel but not in DRIVE mode. Ignoring.
[WARN] [1781550801.708451101] [cmd_vel_bridge]: Received cmd_vel but not in DRIVE mode. Ignoring.
[WARN] [1781550801.728447225] [cmd_vel_bridge]: Received cmd_vel but not in DRIVE mode. Ignoring.
[WARN] [1781550801.748429913] [cmd_vel_bridge]: Received cmd_vel but not in DRIVE mode. Ignoring.
[WARN] [1781550801.768432319] [cmd_vel_bridge]: Received cmd_vel but not in DRIVE mode. Ignoring.
[WARN] [1781550801.788434033] [cmd_vel_bridge]: Received cmd_vel but not in DRIVE mode. Ignoring.
[WARN] [1781550801.808434625] [cmd_vel_bridge]: Received cmd_vel but not in DRIVE mode. Ignoring.
[WARN] [1781550801.828426191] [cmd_vel_bridge]: Received cmd_vel but not in DRIVE mode. Ignoring.
[WARN] [1781550801.848425691] [cmd_vel_bridge]: Received cmd_vel but not in DRIVE mode. Ignoring.
[WARN] [1781550801.868439788] [cmd_vel_bridge]: Received cmd_vel but not in DRIVE mode. Ignoring.
[WARN] [1781550801.888431153] [cmd_vel_bridge]: Received cmd_vel but not in DRIVE mode. Ignoring.
[WARN] [1781550801.908424301] [cmd_vel_bridge]: Received cmd_vel but not in DRIVE mode. Ignoring.
[WARN] [1781550801.928426827] [cmd_vel_bridge]: Received cmd_vel but not in DRIVE mode. Ignoring.
[WARN] [1781550801.948433581] [cmd_vel_bridge]: Received cmd_vel but not in DRIVE mode. Ignoring.
[WARN] [1781550801.968424485] [cmd_vel_bridge]: Received cmd_vel but not in DRIVE mode. Ignoring.
[WARN] [1781550801.988455324] [cmd_vel_bridge]: Received cmd_vel but not in DRIVE mode. Ignoring.
[WARN] [1781550802.008437571] [cmd_vel_bridge]: Received cmd_vel but not in DRIVE mode. Ignoring.
[WARN] [1781550802.028432263] [cmd_vel_bridge]: Received cmd_vel but not in DRIVE mode. Ignoring.
[WARN] [1781550802.048502155] [cmd_vel_bridge]: Received cmd_vel but not in DRIVE mode. Ignoring.
[WARN] [1781550802.068507757] [cmd_vel_bridge]: Received cmd_vel but not in DRIVE mode. Ignoring.
[WARN] [1781550802.088451803] [cmd_vel_bridge]: Received cmd_vel but not in DRIVE mode. Ignoring.
[WARN] [1781550802.108439220] [cmd_vel_bridge]: Received cmd_vel but not in DRIVE mode. Ignoring.
[WARN] [1781550802.128430665] [cmd_vel_bridge]: Received cmd_vel but not in DRIVE mode. Ignoring.
[WARN] [1781550802.148432980] [cmd_vel_bridge]: Received cmd_vel but not in DRIVE mode. Ignoring.
[WARN] [1781550802.168434935] [cmd_vel_bridge]: Received cmd_vel but not in DRIVE mode. Ignoring.
[WARN] [1781550802.188464662] [cmd_vel_bridge]: Received cmd_vel but not in DRIVE mode. Ignoring.
[WARN] [1781550802.208467689] [cmd_vel_bridge]: Received cmd_vel but not in DRIVE mode. Ignoring.
[WARN] [1781550802.228442322] [cmd_vel_bridge]: Received cmd_vel but not in DRIVE mode. Ignoring.
[WARN] [1781550802.248471067] [cmd_vel_bridge]: Received cmd_vel but not in DRIVE mode. Ignoring.
[WARN] [1781550802.268490265] [cmd_vel_bridge]: Received cmd_vel but not in DRIVE mode. Ignoring.
[WARN] [1781550802.288456292] [cmd_vel_bridge]: Received cmd_vel but not in DRIVE mode. Ignoring.
[WARN] [1781550802.308437528] [cmd_vel_bridge]: Received cmd_vel but not in DRIVE mode. Ignoring.
[WARN] [1781550802.328443049] [cmd_vel_bridge]: Received cmd_vel but not in DRIVE mode. Ignoring.
[WARN] [1781550802.348442789] [cmd_vel_bridge]: Received cmd_vel but not in DRIVE mode. Ignoring.
[WARN] [1781550802.368495660] [cmd_vel_bridge]: Received cmd_vel but not in DRIVE mode. Ignoring.
[WARN] [1781550802.388470534] [cmd_vel_bridge]: Received cmd_vel but not in DRIVE mode. Ignoring.
[WARN] [1781550802.408477007] [cmd_vel_bridge]: Received cmd_vel but not in DRIVE mode. Ignoring.
[WARN] [1781550802.428466689] [cmd_vel_bridge]: Received cmd_vel but not in DRIVE mode. Ignoring.
[WARN] [1781550802.448473062] [cmd_vel_bridge]: Received cmd_vel but not in DRIVE mode. Ignoring.
[WARN] [1781550802.468490476] [cmd_vel_bridge]: Received cmd_vel but not in DRIVE mode. Ignoring.
[WARN] [1781550802.488442005] [cmd_vel_bridge]: Received cmd_vel but not in DRIVE mode. Ignoring.
[WARN] [1781550802.508451384] [cmd_vel_bridge]: Received cmd_vel but not in DRIVE mode. Ignoring.
[WARN] [1781550802.528467135] [cmd_vel_bridge]: Received cmd_vel but not in DRIVE mode. Ignoring.
[WARN] [1781550802.548472636] [cmd_vel_bridge]: Received cmd_vel but not in DRIVE mode. Ignoring.
[WARN] [1781550802.568445066] [cmd_vel_bridge]: Received cmd_vel but not in DRIVE mode. Ignoring.
[WARN] [1781550802.588433956] [cmd_vel_bridge]: Received cmd_vel but not in DRIVE mode. Ignoring.
[WARN] [1781550802.608434338] [cmd_vel_bridge]: Received cmd_vel but not in DRIVE mode. Ignoring.
[WARN] [1781550802.628441282] [cmd_vel_bridge]: Received cmd_vel but not in DRIVE mode. Ignoring.
[WARN] [1781550802.648477752] [cmd_vel_bridge]: Received cmd_vel but not in DRIVE mode. Ignoring.
[WARN] [1781550802.668435553] [cmd_vel_bridge]: Received cmd_vel but not in DRIVE mode. Ignoring.
[WARN] [1781550802.688425195] [cmd_vel_bridge]: Received cmd_vel but not in DRIVE mode. Ignoring.
[WARN] [1781550802.708449221] [cmd_vel_bridge]: Received cmd_vel but not in DRIVE mode. Ignoring.
[WARN] [1781550802.728431088] [cmd_vel_bridge]: Received cmd_vel but not in DRIVE mode. Ignoring.
[WARN] [1781550802.748450466] [cmd_vel_bridge]: Received cmd_vel but not in DRIVE mode. Ignoring.
[WARN] [1781550802.768445687] [cmd_vel_bridge]: Received cmd_vel but not in DRIVE mode. Ignoring.
[WARN] [1781550802.788445108] [cmd_vel_bridge]: Received cmd_vel but not in DRIVE mode. Ignoring.
[WARN] [1781550802.808440730] [cmd_vel_bridge]: Received cmd_vel but not in DRIVE mode. Ignoring.
[WARN] [1781550802.828448576] [cmd_vel_bridge]: Received cmd_vel but not in DRIVE mode. Ignoring.
[WARN] [1781550802.848463285] [cmd_vel_bridge]: Received cmd_vel but not in DRIVE mode. Ignoring.
[WARN] [1781550802.868456674] [cmd_vel_bridge]: Received cmd_vel but not in DRIVE mode. Ignoring.
[WARN] [1781550802.888454150] [cmd_vel_bridge]: Received cmd_vel but not in DRIVE mode. Ignoring.
[WARN] [1781550802.908449733] [cmd_vel_bridge]: Received cmd_vel but not in DRIVE mode. Ignoring.
[WARN] [1781550802.928449894] [cmd_vel_bridge]: Received cmd_vel but not in DRIVE mode. Ignoring.
[WARN] [1781550802.948465705] [cmd_vel_bridge]: Received cmd_vel but not in DRIVE mode. Ignoring.
[WARN] [1781550802.968451119] [cmd_vel_bridge]: Received cmd_vel but not in DRIVE mode. Ignoring.
[WARN] [1781550802.988440881] [cmd_vel_bridge]: Received cmd_vel but not in DRIVE mode. Ignoring.
[WARN] [1781550803.008432256] [cmd_vel_bridge]: Received cmd_vel but not in DRIVE mode. Ignoring.
[WARN] [1781550803.028432026] [cmd_vel_bridge]: Received cmd_vel but not in DRIVE mode. Ignoring.
[WARN] [1781550803.048491980] [cmd_vel_bridge]: Received cmd_vel but not in DRIVE mode. Ignoring.
[WARN] [1781550803.068471132] [cmd_vel_bridge]: Received cmd_vel but not in DRIVE mode. Ignoring.
[WARN] [1781550803.088474750] [cmd_vel_bridge]: Received cmd_vel but not in DRIVE mode. Ignoring.
[WARN] [1781550803.108458219] [cmd_vel_bridge]: Received cmd_vel but not in DRIVE mode. Ignoring.
[WARN] [1781550803.128442932] [cmd_vel_bridge]: Received cmd_vel but not in DRIVE mode. Ignoring.
[WARN] [1781550803.148463302] [cmd_vel_bridge]: Received cmd_vel but not in DRIVE mode. Ignoring.
[WARN] [1781550803.168426554] [cmd_vel_bridge]: Received cmd_vel but not in DRIVE mode. Ignoring.
[WARN] [1781550803.188424040] [cmd_vel_bridge]: Received cmd_vel but not in DRIVE mode. Ignoring.
[WARN] [1781550803.208423601] [cmd_vel_bridge]: Received cmd_vel but not in DRIVE mode. Ignoring.
[WARN] [1781550803.228421407] [cmd_vel_bridge]: Received cmd_vel but not in DRIVE mode. Ignoring.
[WARN] [1781550803.248433681] [cmd_vel_bridge]: Received cmd_vel but not in DRIVE mode. Ignoring.
[WARN] [1781550803.268423563] [cmd_vel_bridge]: Received cmd_vel but not in DRIVE mode. Ignoring.
[WARN] [1781550803.288457268] [cmd_vel_bridge]: Received cmd_vel but not in DRIVE mode. Ignoring.
[WARN] [1781550803.308473059] [cmd_vel_bridge]: Received cmd_vel but not in DRIVE mode. Ignoring.
[WARN] [1781550803.328437072] [cmd_vel_bridge]: Received cmd_vel but not in DRIVE mode. Ignoring.
[WARN] [1781550803.348449366] [cmd_vel_bridge]: Received cmd_vel but not in DRIVE mode. Ignoring.
[WARN] [1781550803.368445269] [cmd_vel_bridge]: Received cmd_vel but not in DRIVE mode. Ignoring.
[WARN] [1781550803.388455980] [cmd_vel_bridge]: Received cmd_vel but not in DRIVE mode. Ignoring.
[WARN] [1781550803.408445682] [cmd_vel_bridge]: Received cmd_vel but not in DRIVE mode. Ignoring.
[WARN] [1781550803.428442377] [cmd_vel_bridge]: Received cmd_vel but not in DRIVE mode. Ignoring.
[WARN] [1781550803.448518140] [cmd_vel_bridge]: Received cmd_vel but not in DRIVE mode. Ignoring.
[WARN] [1781550803.468465532] [cmd_vel_bridge]: Received cmd_vel but not in DRIVE mode. Ignoring.
[WARN] [1781550803.488442841] [cmd_vel_bridge]: Received cmd_vel but not in DRIVE mode. Ignoring.
[WARN] [1781550803.508433134] [cmd_vel_bridge]: Received cmd_vel but not in DRIVE mode. Ignoring.
[WARN] [1781550803.528438214] [cmd_vel_bridge]: Received cmd_vel but not in DRIVE mode. Ignoring.
[WARN] [1781550803.548510281] [cmd_vel_bridge]: Received cmd_vel but not in DRIVE mode. Ignoring.
[WARN] [1781550803.568449337] [cmd_vel_bridge]: Received cmd_vel but not in DRIVE mode. Ignoring.
[WARN] [1781550803.588445822] [cmd_vel_bridge]: Received cmd_vel but not in DRIVE mode. Ignoring.
[WARN] [1781550803.608436816] [cmd_vel_bridge]: Received cmd_vel but not in DRIVE mode. Ignoring.
[WARN] [1781550803.628429102] [cmd_vel_bridge]: Received cmd_vel but not in DRIVE mode. Ignoring.
[WARN] [1781550803.648423142] [cmd_vel_bridge]: Received cmd_vel but not in DRIVE mode. Ignoring.
[WARN] [1781550803.668436699] [cmd_vel_bridge]: Received cmd_vel but not in DRIVE mode. Ignoring.
[WARN] [1781550803.688429266] [cmd_vel_bridge]: Received cmd_vel but not in DRIVE mode. Ignoring.
[WARN] [1781550803.708418496] [cmd_vel_bridge]: Received cmd_vel but not in DRIVE mode. Ignoring.
[WARN] [1781550803.728420691] [cmd_vel_bridge]: Received cmd_vel but not in DRIVE mode. Ignoring.
[WARN] [1781550803.748420853] [cmd_vel_bridge]: Received cmd_vel but not in DRIVE mode. Ignoring.
[WARN] [1781550803.768440751] [cmd_vel_bridge]: Received cmd_vel but not in DRIVE mode. Ignoring.
[WARN] [1781550803.788421215] [cmd_vel_bridge]: Received cmd_vel but not in DRIVE mode. Ignoring.
[WARN] [1781550803.808439501] [cmd_vel_bridge]: Received cmd_vel but not in DRIVE mode. Ignoring.
[WARN] [1781550803.828431968] [cmd_vel_bridge]: Received cmd_vel but not in DRIVE mode. Ignoring.
[WARN] [1781550803.848427491] [cmd_vel_bridge]: Received cmd_vel but not in DRIVE mode. Ignoring.
[WARN] [1781550803.868427782] [cmd_vel_bridge]: Received cmd_vel but not in DRIVE mode. Ignoring.
[WARN] [1781550803.888438353] [cmd_vel_bridge]: Received cmd_vel but not in DRIVE mode. Ignoring.
[WARN] [1781550803.908433926] [cmd_vel_bridge]: Received cmd_vel but not in DRIVE mode. Ignoring.
[WARN] [1781550803.928449906] [cmd_vel_bridge]: Received cmd_vel but not in DRIVE mode. Ignoring.
[WARN] [1781550803.948425262] [cmd_vel_bridge]: Received cmd_vel but not in DRIVE mode. Ignoring.
[WARN] [1781550803.968623525] [cmd_vel_bridge]: Received cmd_vel but not in DRIVE mode. Ignoring.
[WARN] [1781550803.988446824] [cmd_vel_bridge]: Received cmd_vel but not in DRIVE mode. Ignoring.
[WARN] [1781550804.008438519] [cmd_vel_bridge]: Received cmd_vel but not in DRIVE mode. Ignoring.
[WARN] [1781550804.028438871] [cmd_vel_bridge]: Received cmd_vel but not in DRIVE mode. Ignoring.
[WARN] [1781550804.048437870] [cmd_vel_bridge]: Received cmd_vel but not in DRIVE mode. Ignoring.
[WARN] [1781550804.068436889] [cmd_vel_bridge]: Received cmd_vel but not in DRIVE mode. Ignoring.
[WARN] [1781550804.088443743] [cmd_vel_bridge]: Received cmd_vel but not in DRIVE mode. Ignoring.
[WARN] [1781550804.108444395] [cmd_vel_bridge]: Received cmd_vel but not in DRIVE mode. Ignoring.
[WARN] [1781550804.128434498] [cmd_vel_bridge]: Received cmd_vel but not in DRIVE mode. Ignoring.
[WARN] [1781550804.148437715] [cmd_vel_bridge]: Received cmd_vel but not in DRIVE mode. Ignoring.
[WARN] [1781550804.168437977] [cmd_vel_bridge]: Received cmd_vel but not in DRIVE mode. Ignoring.
[WARN] [1781550804.188439661] [cmd_vel_bridge]: Received cmd_vel but not in DRIVE mode. Ignoring.
[WARN] [1781550804.208418913] [cmd_vel_bridge]: Received cmd_vel but not in DRIVE mode. Ignoring.
[WARN] [1781550804.228466263] [cmd_vel_bridge]: Received cmd_vel but not in DRIVE mode. Ignoring.
[WARN] [1781550804.248449162] [cmd_vel_bridge]: Received cmd_vel but not in DRIVE mode. Ignoring.
[WARN] [1781550804.268459914] [cmd_vel_bridge]: Received cmd_vel but not in DRIVE mode. Ignoring.
[WARN] [1781550804.288459825] [cmd_vel_bridge]: Received cmd_vel but not in DRIVE mode. Ignoring.
[WARN] [1781550804.308449406] [cmd_vel_bridge]: Received cmd_vel but not in DRIVE mode. Ignoring.
[WARN] [1781550804.328445209] [cmd_vel_bridge]: Received cmd_vel but not in DRIVE mode. Ignoring.
[WARN] [1781550804.348450270] [cmd_vel_bridge]: Received cmd_vel but not in DRIVE mode. Ignoring.
[WARN] [1781550804.368486509] [cmd_vel_bridge]: Received cmd_vel but not in DRIVE mode. Ignoring.
[WARN] [1781550804.388474127] [cmd_vel_bridge]: Received cmd_vel but not in DRIVE mode. Ignoring.
[WARN] [1781550804.408461074] [cmd_vel_bridge]: Received cmd_vel but not in DRIVE mode. Ignoring.
[WARN] [1781550804.428461445] [cmd_vel_bridge]: Received cmd_vel but not in DRIVE mode. Ignoring.
[WARN] [1781550804.448448943] [cmd_vel_bridge]: Received cmd_vel but not in DRIVE mode. Ignoring.
[WARN] [1781550804.468447422] [cmd_vel_bridge]: Received cmd_vel but not in DRIVE mode. Ignoring.
[WARN] [1781550804.488435871] [cmd_vel_bridge]: Received cmd_vel but not in DRIVE mode. Ignoring.
[WARN] [1781550804.508451221] [cmd_vel_bridge]: Received cmd_vel but not in DRIVE mode. Ignoring.
[WARN] [1781550804.528449689] [cmd_vel_bridge]: Received cmd_vel but not in DRIVE mode. Ignoring.
[WARN] [1781550804.548453397] [cmd_vel_bridge]: Received cmd_vel but not in DRIVE mode. Ignoring.
[WARN] [1781550804.568444541] [cmd_vel_bridge]: Received cmd_vel but not in DRIVE mode. Ignoring.
[WARN] [1781550804.588442539] [cmd_vel_bridge]: Received cmd_vel but not in DRIVE mode. Ignoring.
[WARN] [1781550804.608446207] [cmd_vel_bridge]: Received cmd_vel but not in DRIVE mode. Ignoring.
[WARN] [1781550804.628444816] [cmd_vel_bridge]: Received cmd_vel but not in DRIVE mode. Ignoring.
[WARN] [1781550804.648442161] [cmd_vel_bridge]: Received cmd_vel but not in DRIVE mode. Ignoring.
[WARN] [1781550804.668438435] [cmd_vel_bridge]: Received cmd_vel but not in DRIVE mode. Ignoring.
[WARN] [1781550804.688444568] [cmd_vel_bridge]: Received cmd_vel but not in DRIVE mode. Ignoring.
[WARN] [1781550804.708453045] [cmd_vel_bridge]: Received cmd_vel but not in DRIVE mode. Ignoring.
[WARN] [1781550804.728443127] [cmd_vel_bridge]: Received cmd_vel but not in DRIVE mode. Ignoring.
[WARN] [1781550804.748441095] [cmd_vel_bridge]: Received cmd_vel but not in DRIVE mode. Ignoring.
[WARN] [1781550804.768441336] [cmd_vel_bridge]: Received cmd_vel but not in DRIVE mode. Ignoring.
[WARN] [1781550804.788461796] [cmd_vel_bridge]: Received cmd_vel but not in DRIVE mode. Ignoring.
[WARN] [1781550804.808458130] [cmd_vel_bridge]: Received cmd_vel but not in DRIVE mode. Ignoring.
[WARN] [1781550804.828448263] [cmd_vel_bridge]: Received cmd_vel but not in DRIVE mode. Ignoring.
[WARN] [1781550804.848443866] [cmd_vel_bridge]: Received cmd_vel but not in DRIVE mode. Ignoring.
[WARN] [1781550804.868449367] [cmd_vel_bridge]: Received cmd_vel but not in DRIVE mode. Ignoring.
[WARN] [1781550804.888440872] [cmd_vel_bridge]: Received cmd_vel but not in DRIVE mode. Ignoring.
[WARN] [1781550804.908479215] [cmd_vel_bridge]: Received cmd_vel but not in DRIVE mode. Ignoring.
[WARN] [1781550804.928449430] [cmd_vel_bridge]: Received cmd_vel but not in DRIVE mode. Ignoring.
[WARN] [1781550804.948444632] [cmd_vel_bridge]: Received cmd_vel but not in DRIVE mode. Ignoring.
[WARN] [1781550804.968440165] [cmd_vel_bridge]: Received cmd_vel but not in DRIVE mode. Ignoring.
[WARN] [1781550804.988442210] [cmd_vel_bridge]: Received cmd_vel but not in DRIVE mode. Ignoring.
[WARN] [1781550805.008442432] [cmd_vel_bridge]: Received cmd_vel but not in DRIVE mode. Ignoring.
[WARN] [1781550805.028443945] [cmd_vel_bridge]: Received cmd_vel but not in DRIVE mode. Ignoring.
[WARN] [1781550805.048439818] [cmd_vel_bridge]: Received cmd_vel but not in DRIVE mode. Ignoring.
[WARN] [1781550805.068441613] [cmd_vel_bridge]: Received cmd_vel but not in DRIVE mode. Ignoring.
[WARN] [1781550805.088436574] [cmd_vel_bridge]: Received cmd_vel but not in DRIVE mode. Ignoring.
[WARN] [1781550805.108442967] [cmd_vel_bridge]: Received cmd_vel but not in DRIVE mode. Ignoring.
[WARN] [1781550805.128452376] [cmd_vel_bridge]: Received cmd_vel but not in DRIVE mode. Ignoring.
[WARN] [1781550805.148438911] [cmd_vel_bridge]: Received cmd_vel but not in DRIVE mode. Ignoring.
[WARN] [1781550805.168438151] [cmd_vel_bridge]: Received cmd_vel but not in DRIVE mode. Ignoring.
[WARN] [1781550805.188441268] [cmd_vel_bridge]: Received cmd_vel but not in DRIVE mode. Ignoring.
[WARN] [1781550805.208434677] [cmd_vel_bridge]: Received cmd_vel but not in DRIVE mode. Ignoring.
[WARN] [1781550805.228436581] [cmd_vel_bridge]: Received cmd_vel but not in DRIVE mode. Ignoring.
[WARN] [1781550805.248484483] [cmd_vel_bridge]: Received cmd_vel but not in DRIVE mode. Ignoring.
[WARN] [1781550805.268432245] [cmd_vel_bridge]: Received cmd_vel but not in DRIVE mode. Ignoring.
[WARN] [1781550805.288443537] [cmd_vel_bridge]: Received cmd_vel but not in DRIVE mode. Ignoring.
[WARN] [1781550805.308434171] [cmd_vel_bridge]: Received cmd_vel but not in DRIVE mode. Ignoring.
[WARN] [1781550805.328439041] [cmd_vel_bridge]: Received cmd_vel but not in DRIVE mode. Ignoring.
[WARN] [1781550805.348447036] [cmd_vel_bridge]: Received cmd_vel but not in DRIVE mode. Ignoring.
[WARN] [1781550805.368525255] [cmd_vel_bridge]: Received cmd_vel but not in DRIVE mode. Ignoring.
[WARN] [1781550805.388563969] [cmd_vel_bridge]: Received cmd_vel but not in DRIVE mode. Ignoring.
[WARN] [1781550805.408545896] [cmd_vel_bridge]: Received cmd_vel but not in DRIVE mode. Ignoring.
[WARN] [1781550805.428538684] [cmd_vel_bridge]: Received cmd_vel but not in DRIVE mode. Ignoring.
[WARN] [1781550805.448446802] [cmd_vel_bridge]: Received cmd_vel but not in DRIVE mode. Ignoring.
[WARN] [1781550805.468513659] [cmd_vel_bridge]: Received cmd_vel but not in DRIVE mode. Ignoring.
[WARN] [1781550805.488447686] [cmd_vel_bridge]: Received cmd_vel but not in DRIVE mode. Ignoring.
[WARN] [1781550805.508456003] [cmd_vel_bridge]: Received cmd_vel but not in DRIVE mode. Ignoring.
[WARN] [1781550805.528424615] [cmd_vel_bridge]: Received cmd_vel but not in DRIVE mode. Ignoring.
[WARN] [1781550805.548447970] [cmd_vel_bridge]: Received cmd_vel but not in DRIVE mode. Ignoring.
[WARN] [1781550805.568453842] [cmd_vel_bridge]: Received cmd_vel but not in DRIVE mode. Ignoring.
[WARN] [1781550805.588454364] [cmd_vel_bridge]: Received cmd_vel but not in DRIVE mode. Ignoring.
[WARN] [1781550805.608436301] [cmd_vel_bridge]: Received cmd_vel but not in DRIVE mode. Ignoring.
[WARN] [1781550805.628426073] [cmd_vel_bridge]: Received cmd_vel but not in DRIVE mode. Ignoring.
[WARN] [1781550805.648452083] [cmd_vel_bridge]: Received cmd_vel but not in DRIVE mode. Ignoring.
[WARN] [1781550805.668442987] [cmd_vel_bridge]: Received cmd_vel but not in DRIVE mode. Ignoring.
[WARN] [1781550805.688426207] [cmd_vel_bridge]: Received cmd_vel but not in DRIVE mode. Ignoring.
[WARN] [1781550805.708431678] [cmd_vel_bridge]: Received cmd_vel but not in DRIVE mode. Ignoring.
[WARN] [1781550805.728441227] [cmd_vel_bridge]: Received cmd_vel but not in DRIVE mode. Ignoring.
[WARN] [1781550805.748442991] [cmd_vel_bridge]: Received cmd_vel but not in DRIVE mode. Ignoring.
[WARN] [1781550805.768421141] [cmd_vel_bridge]: Received cmd_vel but not in DRIVE mode. Ignoring.
[WARN] [1781550805.788459765] [cmd_vel_bridge]: Received cmd_vel but not in DRIVE mode. Ignoring.
[WARN] [1781550805.808450078] [cmd_vel_bridge]: Received cmd_vel but not in DRIVE mode. Ignoring.
[WARN] [1781550805.828444288] [cmd_vel_bridge]: Received cmd_vel but not in DRIVE mode. Ignoring.
[WARN] [1781550805.848442957] [cmd_vel_bridge]: Received cmd_vel but not in DRIVE mode. Ignoring.
[WARN] [1781550805.868443188] [cmd_vel_bridge]: Received cmd_vel but not in DRIVE mode. Ignoring.
[WARN] [1781550805.888439884] [cmd_vel_bridge]: Received cmd_vel but not in DRIVE mode. Ignoring.
[WARN] [1781550805.908441678] [cmd_vel_bridge]: Received cmd_vel but not in DRIVE mode. Ignoring.
[WARN] [1781550805.928439405] [cmd_vel_bridge]: Received cmd_vel but not in DRIVE mode. Ignoring.
[WARN] [1781550805.948440458] [cmd_vel_bridge]: Received cmd_vel but not in DRIVE mode. Ignoring.
[WARN] [1781550805.968440469] [cmd_vel_bridge]: Received cmd_vel but not in DRIVE mode. Ignoring.
[WARN] [1781550805.988463173] [cmd_vel_bridge]: Received cmd_vel but not in DRIVE mode. Ignoring.
[WARN] [1781550806.008446743] [cmd_vel_bridge]: Received cmd_vel but not in DRIVE mode. Ignoring.
[WARN] [1781550806.028447185] [cmd_vel_bridge]: Received cmd_vel but not in DRIVE mode. Ignoring.
[WARN] [1781550806.048453097] [cmd_vel_bridge]: Received cmd_vel but not in DRIVE mode. Ignoring.
[WARN] [1781550806.068457827] [cmd_vel_bridge]: Received cmd_vel but not in DRIVE mode. Ignoring.
[WARN] [1781550806.088457568] [cmd_vel_bridge]: Received cmd_vel but not in DRIVE mode. Ignoring.
[WARN] [1781550806.108452800] [cmd_vel_bridge]: Received cmd_vel but not in DRIVE mode. Ignoring.
[WARN] [1781550806.128462960] [cmd_vel_bridge]: Received cmd_vel but not in DRIVE mode. Ignoring.
[WARN] [1781550806.148455738] [cmd_vel_bridge]: Received cmd_vel but not in DRIVE mode. Ignoring.
[WARN] [1781550806.168453896] [cmd_vel_bridge]: Received cmd_vel but not in DRIVE mode. Ignoring.
[WARN] [1781550806.188443938] [cmd_vel_bridge]: Received cmd_vel but not in DRIVE mode. Ignoring.
[WARN] [1781550806.208440873] [cmd_vel_bridge]: Received cmd_vel but not in DRIVE mode. Ignoring.
[WARN] [1781550806.228467104] [cmd_vel_bridge]: Received cmd_vel but not in DRIVE mode. Ignoring.
[WARN] [1781550806.248435575] [cmd_vel_bridge]: Received cmd_vel but not in DRIVE mode. Ignoring.
[WARN] [1781550806.268431449] [cmd_vel_bridge]: Received cmd_vel but not in DRIVE mode. Ignoring.
[WARN] [1781550806.288422372] [cmd_vel_bridge]: Received cmd_vel but not in DRIVE mode. Ignoring.
[WARN] [1781550806.308440167] [cmd_vel_bridge]: Received cmd_vel but not in DRIVE mode. Ignoring.
[WARN] [1781550806.328448193] [cmd_vel_bridge]: Received cmd_vel but not in DRIVE mode. Ignoring.
[WARN] [1781550806.348447694] [cmd_vel_bridge]: Received cmd_vel but not in DRIVE mode. Ignoring.
[WARN] [1781550806.368446903] [cmd_vel_bridge]: Received cmd_vel but not in DRIVE mode. Ignoring.
[WARN] [1781550806.388438128] [cmd_vel_bridge]: Received cmd_vel but not in DRIVE mode. Ignoring.
[WARN] [1781550806.408469287] [cmd_vel_bridge]: Received cmd_vel but not in DRIVE mode. Ignoring.
[WARN] [1781550806.428456014] [cmd_vel_bridge]: Received cmd_vel but not in DRIVE mode. Ignoring.
[WARN] [1781550806.448452257] [cmd_vel_bridge]: Received cmd_vel but not in DRIVE mode. Ignoring.
[WARN] [1781550806.468448481] [cmd_vel_bridge]: Received cmd_vel but not in DRIVE mode. Ignoring.
[WARN] [1781550806.488428605] [cmd_vel_bridge]: Received cmd_vel but not in DRIVE mode. Ignoring.
[WARN] [1781550806.508438124] [cmd_vel_bridge]: Received cmd_vel but not in DRIVE mode. Ignoring.
[WARN] [1781550806.528446301] [cmd_vel_bridge]: Received cmd_vel but not in DRIVE mode. Ignoring.
[WARN] [1781550806.548433838] [cmd_vel_bridge]: Received cmd_vel but not in DRIVE mode. Ignoring.
[WARN] [1781550806.568462844] [cmd_vel_bridge]: Received cmd_vel but not in DRIVE mode. Ignoring.
[WARN] [1781550806.588455281] [cmd_vel_bridge]: Received cmd_vel but not in DRIVE mode. Ignoring.
[WARN] [1781550806.608467315] [cmd_vel_bridge]: Received cmd_vel but not in DRIVE mode. Ignoring.
[WARN] [1781550806.628489708] [cmd_vel_bridge]: Received cmd_vel but not in DRIVE mode. Ignoring.
[WARN] [1781550806.648448151] [cmd_vel_bridge]: Received cmd_vel but not in DRIVE mode. Ignoring.
[WARN] [1781550806.668457770] [cmd_vel_bridge]: Received cmd_vel but not in DRIVE mode. Ignoring.
[WARN] [1781550806.688450848] [cmd_vel_bridge]: Received cmd_vel but not in DRIVE mode. Ignoring.
[WARN] [1781550806.708449456] [cmd_vel_bridge]: Received cmd_vel but not in DRIVE mode. Ignoring.
[WARN] [1781550806.728442485] [cmd_vel_bridge]: Received cmd_vel but not in DRIVE mode. Ignoring.
[WARN] [1781550806.748445000] [cmd_vel_bridge]: Received cmd_vel but not in DRIVE mode. Ignoring.
[WARN] [1781550806.768425645] [cmd_vel_bridge]: Received cmd_vel but not in DRIVE mode. Ignoring.
[WARN] [1781550806.788437018] [cmd_vel_bridge]: Received cmd_vel but not in DRIVE mode. Ignoring.
[WARN] [1781550806.808435586] [cmd_vel_bridge]: Received cmd_vel but not in DRIVE mode. Ignoring.
[WARN] [1781550806.828481974] [cmd_vel_bridge]: Received cmd_vel but not in DRIVE mode. Ignoring.
[WARN] [1781550806.848455426] [cmd_vel_bridge]: Received cmd_vel but not in DRIVE mode. Ignoring.
[WARN] [1781550806.868442241] [cmd_vel_bridge]: Received cmd_vel but not in DRIVE mode. Ignoring.
[WARN] [1781550806.888457982] [cmd_vel_bridge]: Received cmd_vel but not in DRIVE mode. Ignoring.
[WARN] [1781550806.908464786] [cmd_vel_bridge]: Received cmd_vel but not in DRIVE mode. Ignoring.
[WARN] [1781550806.928440982] [cmd_vel_bridge]: Received cmd_vel but not in DRIVE mode. Ignoring.
[WARN] [1781550806.948438960] [cmd_vel_bridge]: Received cmd_vel but not in DRIVE mode. Ignoring.
[WARN] [1781550806.968457245] [cmd_vel_bridge]: Received cmd_vel but not in DRIVE mode. Ignoring.
[WARN] [1781550806.988435886] [cmd_vel_bridge]: Received cmd_vel but not in DRIVE mode. Ignoring.
[WARN] [1781550807.008457247] [cmd_vel_bridge]: Received cmd_vel but not in DRIVE mode. Ignoring.
[WARN] [1781550807.028435898] [cmd_vel_bridge]: Received cmd_vel but not in DRIVE mode. Ignoring.
[WARN] [1781550807.048467278] [cmd_vel_bridge]: Received cmd_vel but not in DRIVE mode. Ignoring.
[WARN] [1781550807.068440990] [cmd_vel_bridge]: Received cmd_vel but not in DRIVE mode. Ignoring.
[WARN] [1781550807.088437865] [cmd_vel_bridge]: Received cmd_vel but not in DRIVE mode. Ignoring.
[WARN] [1781550807.108455339] [cmd_vel_bridge]: Received cmd_vel but not in DRIVE mode. Ignoring.
[WARN] [1781550807.128436295] [cmd_vel_bridge]: Received cmd_vel but not in DRIVE mode. Ignoring.
[WARN] [1781550807.148456423] [cmd_vel_bridge]: Received cmd_vel but not in DRIVE mode. Ignoring.
[WARN] [1781550807.168439382] [cmd_vel_bridge]: Received cmd_vel but not in DRIVE mode. Ignoring.
[WARN] [1781550807.188434825] [cmd_vel_bridge]: Received cmd_vel but not in DRIVE mode. Ignoring.
[WARN] [1781550807.208457449] [cmd_vel_bridge]: Received cmd_vel but not in DRIVE mode. Ignoring.
[WARN] [1781550807.228434216] [cmd_vel_bridge]: Received cmd_vel but not in DRIVE mode. Ignoring.
[WARN] [1781550807.248455758] [cmd_vel_bridge]: Received cmd_vel but not in DRIVE mode. Ignoring.
[WARN] [1781550807.268465828] [cmd_vel_bridge]: Received cmd_vel but not in DRIVE mode. Ignoring.
[WARN] [1781550807.288438066] [cmd_vel_bridge]: Received cmd_vel but not in DRIVE mode. Ignoring.
[WARN] [1781550807.308456011] [cmd_vel_bridge]: Received cmd_vel but not in DRIVE mode. Ignoring.
[WARN] [1781550807.328420045] [cmd_vel_bridge]: Received cmd_vel but not in DRIVE mode. Ignoring.
[WARN] [1781550807.348458919] [cmd_vel_bridge]: Received cmd_vel but not in DRIVE mode. Ignoring.
[WARN] [1781550807.368451025] [cmd_vel_bridge]: Received cmd_vel but not in DRIVE mode. Ignoring.
[INFO] [1781550807.375287738] [rclcpp]: signal_handler(SIGINT/SIGTERM)
