[INFO] [1781551083.404732299] [cmd_vel_bridge]: Motor UART opened: /dev/ttyV4 @ 115200 baud
[INFO] [1781551083.406144675] [cmd_vel_bridge]: CmdVelBridge initialized. Mode: PAUSE
[INFO] [1781551083.406158621] [cmd_vel_bridge]: Wheel base: 0.70 m, Max speed: 2.78 m/s
[WARN] [1781551083.426248914] [cmd_vel_bridge]: Received cmd_vel but not in DRIVE mode. Ignoring.
[WARN] [1781551083.446239991] [cmd_vel_bridge]: Received cmd_vel but not in DRIVE mode. Ignoring.
[WARN] [1781551083.466235797] [cmd_vel_bridge]: Received cmd_vel but not in DRIVE mode. Ignoring.
[WARN] [1781551083.486240890] [cmd_vel_bridge]: Received cmd_vel but not in DRIVE mode. Ignoring.
[WARN] [1781551083.506241776] [cmd_vel_bridge]: Received cmd_vel but not in DRIVE mode. Ignoring.
[WARN] [1781551083.526235578] [cmd_vel_bridge]: Received cmd_vel but not in DRIVE mode. Ignoring.
[WARN] [1781551083.546236414] [cmd_vel_bridge]: Received cmd_vel but not in DRIVE mode. Ignoring.
[WARN] [1781551083.566238391] [cmd_vel_bridge]: Received cmd_vel but not in DRIVE mode. Ignoring.
[WARN] [1781551083.586231973] [cmd_vel_bridge]: Received cmd_vel but not in DRIVE mode. Ignoring.
[WARN] [1781551083.606236765] [cmd_vel_bridge]: Received cmd_vel but not in DRIVE mode. Ignoring.
[WARN] [1781551083.626239695] [cmd_vel_bridge]: Received cmd_vel but not in DRIVE mode. Ignoring.
[WARN] [1781551083.646234388] [cmd_vel_bridge]: Received cmd_vel but not in DRIVE mode. Ignoring.
[WARN] [1781551083.666242738] [cmd_vel_bridge]: Received cmd_vel but not in DRIVE mode. Ignoring.
[WARN] [1781551083.686226020] [cmd_vel_bridge]: Received cmd_vel but not in DRIVE mode. Ignoring.
[WARN] [1781551083.706223449] [cmd_vel_bridge]: Received cmd_vel but not in DRIVE mode. Ignoring.
[WARN] [1781551083.726240816] [cmd_vel_bridge]: Received cmd_vel but not in DRIVE mode. Ignoring.
[WARN] [1781551083.746246450] [cmd_vel_bridge]: Received cmd_vel but not in DRIVE mode. Ignoring.
[WARN] [1781551083.766244390] [cmd_vel_bridge]: Received cmd_vel but not in DRIVE mode. Ignoring.
[WARN] [1781551083.786236438] [cmd_vel_bridge]: Received cmd_vel but not in DRIVE mode. Ignoring.
[WARN] [1781551083.806233076] [cmd_vel_bridge]: Received cmd_vel but not in DRIVE mode. Ignoring.
[WARN] [1781551083.826233981] [cmd_vel_bridge]: Received cmd_vel but not in DRIVE mode. Ignoring.
[WARN] [1781551083.846233063] [cmd_vel_bridge]: Received cmd_vel but not in DRIVE mode. Ignoring.
[WARN] [1781551083.866237946] [cmd_vel_bridge]: Received cmd_vel but not in DRIVE mode. Ignoring.
[WARN] [1781551083.886230256] [cmd_vel_bridge]: Received cmd_vel but not in DRIVE mode. Ignoring.
[WARN] [1781551083.906232584] [cmd_vel_bridge]: Received cmd_vel but not in DRIVE mode. Ignoring.
[WARN] [1781551083.926241224] [cmd_vel_bridge]: Received cmd_vel but not in DRIVE mode. Ignoring.
[WARN] [1781551083.946241668] [cmd_vel_bridge]: Received cmd_vel but not in DRIVE mode. Ignoring.
[WARN] [1781551083.966235500] [cmd_vel_bridge]: Received cmd_vel but not in DRIVE mode. Ignoring.
[WARN] [1781551083.986334511] [cmd_vel_bridge]: Received cmd_vel but not in DRIVE mode. Ignoring.
[WARN] [1781551084.006259733] [cmd_vel_bridge]: Received cmd_vel but not in DRIVE mode. Ignoring.
[WARN] [1781551084.026242695] [cmd_vel_bridge]: Received cmd_vel but not in DRIVE mode. Ignoring.
[WARN] [1781551084.046244242] [cmd_vel_bridge]: Received cmd_vel but not in DRIVE mode. Ignoring.
[WARN] [1781551084.066245548] [cmd_vel_bridge]: Received cmd_vel but not in DRIVE mode. Ignoring.
[WARN] [1781551084.086230223] [cmd_vel_bridge]: Received cmd_vel but not in DRIVE mode. Ignoring.
[WARN] [1781551084.106246508] [cmd_vel_bridge]: Received cmd_vel but not in DRIVE mode. Ignoring.
[WARN] [1781551084.126239549] [cmd_vel_bridge]: Received cmd_vel but not in DRIVE mode. Ignoring.
[WARN] [1781551084.146243750] [cmd_vel_bridge]: Received cmd_vel but not in DRIVE mode. Ignoring.
[WARN] [1781551084.166285963] [cmd_vel_bridge]: Received cmd_vel but not in DRIVE mode. Ignoring.
[WARN] [1781551084.186241884] [cmd_vel_bridge]: Received cmd_vel but not in DRIVE mode. Ignoring.
[WARN] [1781551084.206240315] [cmd_vel_bridge]: Received cmd_vel but not in DRIVE mode. Ignoring.
[WARN] [1781551084.226236191] [cmd_vel_bridge]: Received cmd_vel but not in DRIVE mode. Ignoring.
[WARN] [1781551084.246237397] [cmd_vel_bridge]: Received cmd_vel but not in DRIVE mode. Ignoring.
[WARN] [1781551084.266234846] [cmd_vel_bridge]: Received cmd_vel but not in DRIVE mode. Ignoring.
[WARN] [1781551084.286239017] [cmd_vel_bridge]: Received cmd_vel but not in DRIVE mode. Ignoring.
[WARN] [1781551084.306228061] [cmd_vel_bridge]: Received cmd_vel but not in DRIVE mode. Ignoring.
[WARN] [1781551084.326233525] [cmd_vel_bridge]: Received cmd_vel but not in DRIVE mode. Ignoring.
[WARN] [1781551084.346244139] [cmd_vel_bridge]: Received cmd_vel but not in DRIVE mode. Ignoring.
[WARN] [1781551084.366237350] [cmd_vel_bridge]: Received cmd_vel but not in DRIVE mode. Ignoring.
[WARN] [1781551084.386236281] [cmd_vel_bridge]: Received cmd_vel but not in DRIVE mode. Ignoring.
[WARN] [1781551084.406232207] [cmd_vel_bridge]: Received cmd_vel but not in DRIVE mode. Ignoring.
[WARN] [1781551084.426237361] [cmd_vel_bridge]: Received cmd_vel but not in DRIVE mode. Ignoring.
[WARN] [1781551084.446232095] [cmd_vel_bridge]: Received cmd_vel but not in DRIVE mode. Ignoring.
[WARN] [1781551084.466230495] [cmd_vel_bridge]: Received cmd_vel but not in DRIVE mode. Ignoring.
[WARN] [1781551084.486225891] [cmd_vel_bridge]: Received cmd_vel but not in DRIVE mode. Ignoring.
[WARN] [1781551084.506428215] [cmd_vel_bridge]: Received cmd_vel but not in DRIVE mode. Ignoring.
[WARN] [1781551084.526243872] [cmd_vel_bridge]: Received cmd_vel but not in DRIVE mode. Ignoring.
[WARN] [1781551084.546241852] [cmd_vel_bridge]: Received cmd_vel but not in DRIVE mode. Ignoring.
[WARN] [1781551084.566245783] [cmd_vel_bridge]: Received cmd_vel but not in DRIVE mode. Ignoring.
[WARN] [1781551084.586240727] [cmd_vel_bridge]: Received cmd_vel but not in DRIVE mode. Ignoring.
[WARN] [1781551084.606301996] [cmd_vel_bridge]: Received cmd_vel but not in DRIVE mode. Ignoring.
[WARN] [1781551084.626426534] [cmd_vel_bridge]: Received cmd_vel but not in DRIVE mode. Ignoring.
[WARN] [1781551084.646227393] [cmd_vel_bridge]: Received cmd_vel but not in DRIVE mode. Ignoring.
[WARN] [1781551084.666425830] [cmd_vel_bridge]: Received cmd_vel but not in DRIVE mode. Ignoring.
[WARN] [1781551084.686249512] [cmd_vel_bridge]: Received cmd_vel but not in DRIVE mode. Ignoring.
[WARN] [1781551084.706247011] [cmd_vel_bridge]: Received cmd_vel but not in DRIVE mode. Ignoring.
[WARN] [1781551084.726278334] [cmd_vel_bridge]: Received cmd_vel but not in DRIVE mode. Ignoring.
[WARN] [1781551084.746267998] [cmd_vel_bridge]: Received cmd_vel but not in DRIVE mode. Ignoring.
[WARN] [1781551084.766293079] [cmd_vel_bridge]: Received cmd_vel but not in DRIVE mode. Ignoring.
[WARN] [1781551084.786253027] [cmd_vel_bridge]: Received cmd_vel but not in DRIVE mode. Ignoring.
[WARN] [1781551084.806243804] [cmd_vel_bridge]: Received cmd_vel but not in DRIVE mode. Ignoring.
[WARN] [1781551084.826246363] [cmd_vel_bridge]: Received cmd_vel but not in DRIVE mode. Ignoring.
[WARN] [1781551084.846261765] [cmd_vel_bridge]: Received cmd_vel but not in DRIVE mode. Ignoring.
[WARN] [1781551084.866250979] [cmd_vel_bridge]: Received cmd_vel but not in DRIVE mode. Ignoring.
[WARN] [1781551084.886240974] [cmd_vel_bridge]: Received cmd_vel but not in DRIVE mode. Ignoring.
[WARN] [1781551084.906235167] [cmd_vel_bridge]: Received cmd_vel but not in DRIVE mode. Ignoring.
[WARN] [1781551084.926244217] [cmd_vel_bridge]: Received cmd_vel but not in DRIVE mode. Ignoring.
[WARN] [1781551084.946237960] [cmd_vel_bridge]: Received cmd_vel but not in DRIVE mode. Ignoring.
[WARN] [1781551084.966242592] [cmd_vel_bridge]: Received cmd_vel but not in DRIVE mode. Ignoring.
[WARN] [1781551084.986258436] [cmd_vel_bridge]: Received cmd_vel but not in DRIVE mode. Ignoring.
[WARN] [1781551085.006245325] [cmd_vel_bridge]: Received cmd_vel but not in DRIVE mode. Ignoring.
[WARN] [1781551085.026244437] [cmd_vel_bridge]: Received cmd_vel but not in DRIVE mode. Ignoring.
[WARN] [1781551085.046238279] [cmd_vel_bridge]: Received cmd_vel but not in DRIVE mode. Ignoring.
[WARN] [1781551085.066238784] [cmd_vel_bridge]: Received cmd_vel but not in DRIVE mode. Ignoring.
[WARN] [1781551085.086232235] [cmd_vel_bridge]: Received cmd_vel but not in DRIVE mode. Ignoring.
[WARN] [1781551085.106240785] [cmd_vel_bridge]: Received cmd_vel but not in DRIVE mode. Ignoring.
[WARN] [1781551085.126232944] [cmd_vel_bridge]: Received cmd_vel but not in DRIVE mode. Ignoring.
[WARN] [1781551085.146453242] [cmd_vel_bridge]: Received cmd_vel but not in DRIVE mode. Ignoring.
[WARN] [1781551085.166450330] [cmd_vel_bridge]: Received cmd_vel but not in DRIVE mode. Ignoring.
[WARN] [1781551085.186243275] [cmd_vel_bridge]: Received cmd_vel but not in DRIVE mode. Ignoring.
[WARN] [1781551085.206451060] [cmd_vel_bridge]: Received cmd_vel but not in DRIVE mode. Ignoring.
[WARN] [1781551085.226454319] [cmd_vel_bridge]: Received cmd_vel but not in DRIVE mode. Ignoring.
[WARN] [1781551085.246294242] [cmd_vel_bridge]: Received cmd_vel but not in DRIVE mode. Ignoring.
[WARN] [1781551085.266262356] [cmd_vel_bridge]: Received cmd_vel but not in DRIVE mode. Ignoring.
[WARN] [1781551085.286251469] [cmd_vel_bridge]: Received cmd_vel but not in DRIVE mode. Ignoring.
[WARN] [1781551085.306256943] [cmd_vel_bridge]: Received cmd_vel but not in DRIVE mode. Ignoring.
[WARN] [1781551085.326261446] [cmd_vel_bridge]: Received cmd_vel but not in DRIVE mode. Ignoring.
[WARN] [1781551085.346250840] [cmd_vel_bridge]: Received cmd_vel but not in DRIVE mode. Ignoring.
[WARN] [1781551085.366263627] [cmd_vel_bridge]: Received cmd_vel but not in DRIVE mode. Ignoring.
[WARN] [1781551085.386257540] [cmd_vel_bridge]: Received cmd_vel but not in DRIVE mode. Ignoring.
[WARN] [1781551085.406251161] [cmd_vel_bridge]: Received cmd_vel but not in DRIVE mode. Ignoring.
[WARN] [1781551085.426243701] [cmd_vel_bridge]: Received cmd_vel but not in DRIVE mode. Ignoring.
[WARN] [1781551085.446262691] [cmd_vel_bridge]: Received cmd_vel but not in DRIVE mode. Ignoring.
[WARN] [1781551085.466252535] [cmd_vel_bridge]: Received cmd_vel but not in DRIVE mode. Ignoring.
[WARN] [1781551085.486291613] [cmd_vel_bridge]: Received cmd_vel but not in DRIVE mode. Ignoring.
[WARN] [1781551085.506260017] [cmd_vel_bridge]: Received cmd_vel but not in DRIVE mode. Ignoring.
[WARN] [1781551085.526267675] [cmd_vel_bridge]: Received cmd_vel but not in DRIVE mode. Ignoring.
[WARN] [1781551085.546244926] [cmd_vel_bridge]: Received cmd_vel but not in DRIVE mode. Ignoring.
[WARN] [1781551085.566240952] [cmd_vel_bridge]: Received cmd_vel but not in DRIVE mode. Ignoring.
[WARN] [1781551085.586258149] [cmd_vel_bridge]: Received cmd_vel but not in DRIVE mode. Ignoring.
[WARN] [1781551085.606270946] [cmd_vel_bridge]: Received cmd_vel but not in DRIVE mode. Ignoring.
[WARN] [1781551085.626249300] [cmd_vel_bridge]: Received cmd_vel but not in DRIVE mode. Ignoring.
[WARN] [1781551085.646260574] [cmd_vel_bridge]: Received cmd_vel but not in DRIVE mode. Ignoring.
[WARN] [1781551085.666247373] [cmd_vel_bridge]: Received cmd_vel but not in DRIVE mode. Ignoring.
[WARN] [1781551085.686252267] [cmd_vel_bridge]: Received cmd_vel but not in DRIVE mode. Ignoring.
[WARN] [1781551085.706273751] [cmd_vel_bridge]: Received cmd_vel but not in DRIVE mode. Ignoring.
[WARN] [1781551085.726270538] [cmd_vel_bridge]: Received cmd_vel but not in DRIVE mode. Ignoring.
[WARN] [1781551085.746265793] [cmd_vel_bridge]: Received cmd_vel but not in DRIVE mode. Ignoring.
[WARN] [1781551085.766267620] [cmd_vel_bridge]: Received cmd_vel but not in DRIVE mode. Ignoring.
[WARN] [1781551085.786260491] [cmd_vel_bridge]: Received cmd_vel but not in DRIVE mode. Ignoring.
[WARN] [1781551085.806267097] [cmd_vel_bridge]: Received cmd_vel but not in DRIVE mode. Ignoring.
[WARN] [1781551085.826252013] [cmd_vel_bridge]: Received cmd_vel but not in DRIVE mode. Ignoring.
[WARN] [1781551085.846258478] [cmd_vel_bridge]: Received cmd_vel but not in DRIVE mode. Ignoring.
[WARN] [1781551085.866248023] [cmd_vel_bridge]: Received cmd_vel but not in DRIVE mode. Ignoring.
[WARN] [1781551085.886242345] [cmd_vel_bridge]: Received cmd_vel but not in DRIVE mode. Ignoring.
[WARN] [1781551085.906246678] [cmd_vel_bridge]: Received cmd_vel but not in DRIVE mode. Ignoring.
[WARN] [1781551085.926253434] [cmd_vel_bridge]: Received cmd_vel but not in DRIVE mode. Ignoring.
[WARN] [1781551085.946248498] [cmd_vel_bridge]: Received cmd_vel but not in DRIVE mode. Ignoring.
[WARN] [1781551085.966242561] [cmd_vel_bridge]: Received cmd_vel but not in DRIVE mode. Ignoring.
[WARN] [1781551085.986245540] [cmd_vel_bridge]: Received cmd_vel but not in DRIVE mode. Ignoring.
[WARN] [1781551086.006246777] [cmd_vel_bridge]: Received cmd_vel but not in DRIVE mode. Ignoring.
[WARN] [1781551086.026239026] [cmd_vel_bridge]: Received cmd_vel but not in DRIVE mode. Ignoring.
[WARN] [1781551086.046245021] [cmd_vel_bridge]: Received cmd_vel but not in DRIVE mode. Ignoring.
[WARN] [1781551086.066246287] [cmd_vel_bridge]: Received cmd_vel but not in DRIVE mode. Ignoring.
[WARN] [1781551086.086240439] [cmd_vel_bridge]: Received cmd_vel but not in DRIVE mode. Ignoring.
[WARN] [1781551086.106238981] [cmd_vel_bridge]: Received cmd_vel but not in DRIVE mode. Ignoring.
[WARN] [1781551086.126248482] [cmd_vel_bridge]: Received cmd_vel but not in DRIVE mode. Ignoring.
[WARN] [1781551086.146238156] [cmd_vel_bridge]: Received cmd_vel but not in DRIVE mode. Ignoring.
[WARN] [1781551086.166244562] [cmd_vel_bridge]: Received cmd_vel but not in DRIVE mode. Ignoring.
[WARN] [1781551086.186294830] [cmd_vel_bridge]: Received cmd_vel but not in DRIVE mode. Ignoring.
[WARN] [1781551086.206258747] [cmd_vel_bridge]: Received cmd_vel but not in DRIVE mode. Ignoring.
[WARN] [1781551086.226251476] [cmd_vel_bridge]: Received cmd_vel but not in DRIVE mode. Ignoring.
[WARN] [1781551086.246242073] [cmd_vel_bridge]: Received cmd_vel but not in DRIVE mode. Ignoring.
[WARN] [1781551086.266275740] [cmd_vel_bridge]: Received cmd_vel but not in DRIVE mode. Ignoring.
[WARN] [1781551086.286281224] [cmd_vel_bridge]: Received cmd_vel but not in DRIVE mode. Ignoring.
[WARN] [1781551086.306264457] [cmd_vel_bridge]: Received cmd_vel but not in DRIVE mode. Ignoring.
[WARN] [1781551086.326254000] [cmd_vel_bridge]: Received cmd_vel but not in DRIVE mode. Ignoring.
[WARN] [1781551086.346247332] [cmd_vel_bridge]: Received cmd_vel but not in DRIVE mode. Ignoring.
[WARN] [1781551086.366328889] [cmd_vel_bridge]: Received cmd_vel but not in DRIVE mode. Ignoring.
[WARN] [1781551086.386342498] [cmd_vel_bridge]: Received cmd_vel but not in DRIVE mode. Ignoring.
[WARN] [1781551086.406256831] [cmd_vel_bridge]: Received cmd_vel but not in DRIVE mode. Ignoring.
[WARN] [1781551086.426289245] [cmd_vel_bridge]: Received cmd_vel but not in DRIVE mode. Ignoring.
[WARN] [1781551086.446318064] [cmd_vel_bridge]: Received cmd_vel but not in DRIVE mode. Ignoring.
[WARN] [1781551086.466272712] [cmd_vel_bridge]: Received cmd_vel but not in DRIVE mode. Ignoring.
[WARN] [1781551086.486300187] [cmd_vel_bridge]: Received cmd_vel but not in DRIVE mode. Ignoring.
[WARN] [1781551086.506341629] [cmd_vel_bridge]: Received cmd_vel but not in DRIVE mode. Ignoring.
[WARN] [1781551086.526291128] [cmd_vel_bridge]: Received cmd_vel but not in DRIVE mode. Ignoring.
[WARN] [1781551086.546278298] [cmd_vel_bridge]: Received cmd_vel but not in DRIVE mode. Ignoring.
[WARN] [1781551086.566298510] [cmd_vel_bridge]: Received cmd_vel but not in DRIVE mode. Ignoring.
[WARN] [1781551086.586312650] [cmd_vel_bridge]: Received cmd_vel but not in DRIVE mode. Ignoring.
[WARN] [1781551086.606290682] [cmd_vel_bridge]: Received cmd_vel but not in DRIVE mode. Ignoring.
[WARN] [1781551086.626294473] [cmd_vel_bridge]: Received cmd_vel but not in DRIVE mode. Ignoring.
[WARN] [1781551086.646267256] [cmd_vel_bridge]: Received cmd_vel but not in DRIVE mode. Ignoring.
[WARN] [1781551086.666258694] [cmd_vel_bridge]: Received cmd_vel but not in DRIVE mode. Ignoring.
[WARN] [1781551086.686274197] [cmd_vel_bridge]: Received cmd_vel but not in DRIVE mode. Ignoring.
[WARN] [1781551086.706280452] [cmd_vel_bridge]: Received cmd_vel but not in DRIVE mode. Ignoring.
[WARN] [1781551086.726276809] [cmd_vel_bridge]: Received cmd_vel but not in DRIVE mode. Ignoring.
[WARN] [1781551086.746276182] [cmd_vel_bridge]: Received cmd_vel but not in DRIVE mode. Ignoring.
[WARN] [1781551086.766284191] [cmd_vel_bridge]: Received cmd_vel but not in DRIVE mode. Ignoring.
[WARN] [1781551086.786283393] [cmd_vel_bridge]: Received cmd_vel but not in DRIVE mode. Ignoring.
[WARN] [1781551086.806268559] [cmd_vel_bridge]: Received cmd_vel but not in DRIVE mode. Ignoring.
[WARN] [1781551086.826257722] [cmd_vel_bridge]: Received cmd_vel but not in DRIVE mode. Ignoring.
[WARN] [1781551086.846245012] [cmd_vel_bridge]: Received cmd_vel but not in DRIVE mode. Ignoring.
[WARN] [1781551086.866250126] [cmd_vel_bridge]: Received cmd_vel but not in DRIVE mode. Ignoring.
[WARN] [1781551086.886231755] [cmd_vel_bridge]: Received cmd_vel but not in DRIVE mode. Ignoring.
[WARN] [1781551086.906239112] [cmd_vel_bridge]: Received cmd_vel but not in DRIVE mode. Ignoring.
[WARN] [1781551086.926249195] [cmd_vel_bridge]: Received cmd_vel but not in DRIVE mode. Ignoring.
[WARN] [1781551086.946236765] [cmd_vel_bridge]: Received cmd_vel but not in DRIVE mode. Ignoring.
[WARN] [1781551086.966232021] [cmd_vel_bridge]: Received cmd_vel but not in DRIVE mode. Ignoring.
[WARN] [1781551086.986229279] [cmd_vel_bridge]: Received cmd_vel but not in DRIVE mode. Ignoring.
[WARN] [1781551087.006228321] [cmd_vel_bridge]: Received cmd_vel but not in DRIVE mode. Ignoring.
[WARN] [1781551087.026295471] [cmd_vel_bridge]: Received cmd_vel but not in DRIVE mode. Ignoring.
[WARN] [1781551087.046255099] [cmd_vel_bridge]: Received cmd_vel but not in DRIVE mode. Ignoring.
[WARN] [1781551087.066270322] [cmd_vel_bridge]: Received cmd_vel but not in DRIVE mode. Ignoring.
[WARN] [1781551087.086255808] [cmd_vel_bridge]: Received cmd_vel but not in DRIVE mode. Ignoring.
[WARN] [1781551087.106249009] [cmd_vel_bridge]: Received cmd_vel but not in DRIVE mode. Ignoring.
[WARN] [1781551087.126255555] [cmd_vel_bridge]: Received cmd_vel but not in DRIVE mode. Ignoring.
[WARN] [1781551087.146245229] [cmd_vel_bridge]: Received cmd_vel but not in DRIVE mode. Ignoring.
[WARN] [1781551087.166253289] [cmd_vel_bridge]: Received cmd_vel but not in DRIVE mode. Ignoring.
[WARN] [1781551087.186254264] [cmd_vel_bridge]: Received cmd_vel but not in DRIVE mode. Ignoring.
[WARN] [1781551087.206250601] [cmd_vel_bridge]: Received cmd_vel but not in DRIVE mode. Ignoring.
[WARN] [1781551087.226248822] [cmd_vel_bridge]: Received cmd_vel but not in DRIVE mode. Ignoring.
[WARN] [1781551087.246256219] [cmd_vel_bridge]: Received cmd_vel but not in DRIVE mode. Ignoring.
[WARN] [1781551087.266241335] [cmd_vel_bridge]: Received cmd_vel but not in DRIVE mode. Ignoring.
[WARN] [1781551087.286239515] [cmd_vel_bridge]: Received cmd_vel but not in DRIVE mode. Ignoring.
[WARN] [1781551087.306231694] [cmd_vel_bridge]: Received cmd_vel but not in DRIVE mode. Ignoring.
[WARN] [1781551087.326233271] [cmd_vel_bridge]: Received cmd_vel but not in DRIVE mode. Ignoring.
[WARN] [1781551087.346244386] [cmd_vel_bridge]: Received cmd_vel but not in DRIVE mode. Ignoring.
[WARN] [1781551087.366223260] [cmd_vel_bridge]: Received cmd_vel but not in DRIVE mode. Ignoring.
[WARN] [1781551087.386327440] [cmd_vel_bridge]: Received cmd_vel but not in DRIVE mode. Ignoring.
[WARN] [1781551087.406249998] [cmd_vel_bridge]: Received cmd_vel but not in DRIVE mode. Ignoring.
[WARN] [1781551087.426236637] [cmd_vel_bridge]: Received cmd_vel but not in DRIVE mode. Ignoring.
[WARN] [1781551087.446249725] [cmd_vel_bridge]: Received cmd_vel but not in DRIVE mode. Ignoring.
[WARN] [1781551087.466251642] [cmd_vel_bridge]: Received cmd_vel but not in DRIVE mode. Ignoring.
[WARN] [1781551087.486247869] [cmd_vel_bridge]: Received cmd_vel but not in DRIVE mode. Ignoring.
[WARN] [1781551087.506248424] [cmd_vel_bridge]: Received cmd_vel but not in DRIVE mode. Ignoring.
[WARN] [1781551087.526250341] [cmd_vel_bridge]: Received cmd_vel but not in DRIVE mode. Ignoring.
[WARN] [1781551087.546251026] [cmd_vel_bridge]: Received cmd_vel but not in DRIVE mode. Ignoring.
[WARN] [1781551087.566250429] [cmd_vel_bridge]: Received cmd_vel but not in DRIVE mode. Ignoring.
[WARN] [1781551087.586234834] [cmd_vel_bridge]: Received cmd_vel but not in DRIVE mode. Ignoring.
[WARN] [1781551087.606251699] [cmd_vel_bridge]: Received cmd_vel but not in DRIVE mode. Ignoring.
[WARN] [1781551087.626241313] [cmd_vel_bridge]: Received cmd_vel but not in DRIVE mode. Ignoring.
[WARN] [1781551087.646233853] [cmd_vel_bridge]: Received cmd_vel but not in DRIVE mode. Ignoring.
[WARN] [1781551087.666245819] [cmd_vel_bridge]: Received cmd_vel but not in DRIVE mode. Ignoring.
[WARN] [1781551087.686220315] [cmd_vel_bridge]: Received cmd_vel but not in DRIVE mode. Ignoring.
[WARN] [1781551087.706227553] [cmd_vel_bridge]: Received cmd_vel but not in DRIVE mode. Ignoring.
[WARN] [1781551087.726257112] [cmd_vel_bridge]: Received cmd_vel but not in DRIVE mode. Ignoring.
[WARN] [1781551087.746290779] [cmd_vel_bridge]: Received cmd_vel but not in DRIVE mode. Ignoring.
[WARN] [1781551087.766294009] [cmd_vel_bridge]: Received cmd_vel but not in DRIVE mode. Ignoring.
[WARN] [1781551087.786245592] [cmd_vel_bridge]: Received cmd_vel but not in DRIVE mode. Ignoring.
[WARN] [1781551087.806241017] [cmd_vel_bridge]: Received cmd_vel but not in DRIVE mode. Ignoring.
[WARN] [1781551087.826252953] [cmd_vel_bridge]: Received cmd_vel but not in DRIVE mode. Ignoring.
[WARN] [1781551087.846235123] [cmd_vel_bridge]: Received cmd_vel but not in DRIVE mode. Ignoring.
[WARN] [1781551087.866233173] [cmd_vel_bridge]: Received cmd_vel but not in DRIVE mode. Ignoring.
[WARN] [1781551087.886253726] [cmd_vel_bridge]: Received cmd_vel but not in DRIVE mode. Ignoring.
[WARN] [1781551087.906224725] [cmd_vel_bridge]: Received cmd_vel but not in DRIVE mode. Ignoring.
[WARN] [1781551087.926242182] [cmd_vel_bridge]: Received cmd_vel but not in DRIVE mode. Ignoring.
[WARN] [1781551087.946237837] [cmd_vel_bridge]: Received cmd_vel but not in DRIVE mode. Ignoring.
[WARN] [1781551087.966236238] [cmd_vel_bridge]: Received cmd_vel but not in DRIVE mode. Ignoring.
[WARN] [1781551087.986247313] [cmd_vel_bridge]: Received cmd_vel but not in DRIVE mode. Ignoring.
[WARN] [1781551088.006233531] [cmd_vel_bridge]: Received cmd_vel but not in DRIVE mode. Ignoring.
[WARN] [1781551088.026250616] [cmd_vel_bridge]: Received cmd_vel but not in DRIVE mode. Ignoring.
[WARN] [1781551088.046244259] [cmd_vel_bridge]: Received cmd_vel but not in DRIVE mode. Ignoring.
[WARN] [1781551088.066246797] [cmd_vel_bridge]: Received cmd_vel but not in DRIVE mode. Ignoring.
[WARN] [1781551088.086233907] [cmd_vel_bridge]: Received cmd_vel but not in DRIVE mode. Ignoring.
[WARN] [1781551088.106245001] [cmd_vel_bridge]: Received cmd_vel but not in DRIVE mode. Ignoring.
[WARN] [1781551088.126235607] [cmd_vel_bridge]: Received cmd_vel but not in DRIVE mode. Ignoring.
[WARN] [1781551088.146250900] [cmd_vel_bridge]: Received cmd_vel but not in DRIVE mode. Ignoring.
[WARN] [1781551088.166226328] [cmd_vel_bridge]: Received cmd_vel but not in DRIVE mode. Ignoring.
[WARN] [1781551088.186248823] [cmd_vel_bridge]: Received cmd_vel but not in DRIVE mode. Ignoring.
[WARN] [1781551088.206271680] [cmd_vel_bridge]: Received cmd_vel but not in DRIVE mode. Ignoring.
[WARN] [1781551088.226240616] [cmd_vel_bridge]: Received cmd_vel but not in DRIVE mode. Ignoring.
[WARN] [1781551088.246235340] [cmd_vel_bridge]: Received cmd_vel but not in DRIVE mode. Ignoring.
[WARN] [1781551088.266230565] [cmd_vel_bridge]: Received cmd_vel but not in DRIVE mode. Ignoring.
[WARN] [1781551088.286255806] [cmd_vel_bridge]: Received cmd_vel but not in DRIVE mode. Ignoring.
[WARN] [1781551088.306263314] [cmd_vel_bridge]: Received cmd_vel but not in DRIVE mode. Ignoring.
[WARN] [1781551088.326236617] [cmd_vel_bridge]: Received cmd_vel but not in DRIVE mode. Ignoring.
[WARN] [1781551088.346237082] [cmd_vel_bridge]: Received cmd_vel but not in DRIVE mode. Ignoring.
[WARN] [1781551088.366259468] [cmd_vel_bridge]: Received cmd_vel but not in DRIVE mode. Ignoring.
[WARN] [1781551088.386227732] [cmd_vel_bridge]: Received cmd_vel but not in DRIVE mode. Ignoring.
[WARN] [1781551088.406233196] [cmd_vel_bridge]: Received cmd_vel but not in DRIVE mode. Ignoring.
[WARN] [1781551088.426245663] [cmd_vel_bridge]: Received cmd_vel but not in DRIVE mode. Ignoring.
[WARN] [1781551088.446223626] [cmd_vel_bridge]: Received cmd_vel but not in DRIVE mode. Ignoring.
[WARN] [1781551088.466241222] [cmd_vel_bridge]: Received cmd_vel but not in DRIVE mode. Ignoring.
[WARN] [1781551088.486228683] [cmd_vel_bridge]: Received cmd_vel but not in DRIVE mode. Ignoring.
[WARN] [1781551088.506261778] [cmd_vel_bridge]: Received cmd_vel but not in DRIVE mode. Ignoring.
[WARN] [1781551088.526238178] [cmd_vel_bridge]: Received cmd_vel but not in DRIVE mode. Ignoring.
[WARN] [1781551088.546506737] [cmd_vel_bridge]: Received cmd_vel but not in DRIVE mode. Ignoring.
[WARN] [1781551088.566583865] [cmd_vel_bridge]: Received cmd_vel but not in DRIVE mode. Ignoring.
[WARN] [1781551088.586249000] [cmd_vel_bridge]: Received cmd_vel but not in DRIVE mode. Ignoring.
[WARN] [1781551088.606466182] [cmd_vel_bridge]: Received cmd_vel but not in DRIVE mode. Ignoring.
[WARN] [1781551088.626452219] [cmd_vel_bridge]: Received cmd_vel but not in DRIVE mode. Ignoring.
[WARN] [1781551088.646459597] [cmd_vel_bridge]: Received cmd_vel but not in DRIVE mode. Ignoring.
[WARN] [1781551088.666438591] [cmd_vel_bridge]: Received cmd_vel but not in DRIVE mode. Ignoring.
[WARN] [1781551088.686247135] [cmd_vel_bridge]: Received cmd_vel but not in DRIVE mode. Ignoring.
[WARN] [1781551088.706247861] [cmd_vel_bridge]: Received cmd_vel but not in DRIVE mode. Ignoring.
[WARN] [1781551088.726238827] [cmd_vel_bridge]: Received cmd_vel but not in DRIVE mode. Ignoring.
[WARN] [1781551088.746449156] [cmd_vel_bridge]: Received cmd_vel but not in DRIVE mode. Ignoring.
[WARN] [1781551088.766447066] [cmd_vel_bridge]: Received cmd_vel but not in DRIVE mode. Ignoring.
[WARN] [1781551088.786229972] [cmd_vel_bridge]: Received cmd_vel but not in DRIVE mode. Ignoring.
[WARN] [1781551088.806224405] [cmd_vel_bridge]: Received cmd_vel but not in DRIVE mode. Ignoring.
[WARN] [1781551088.826447008] [cmd_vel_bridge]: Received cmd_vel but not in DRIVE mode. Ignoring.
[WARN] [1781551088.846446410] [cmd_vel_bridge]: Received cmd_vel but not in DRIVE mode. Ignoring.
[WARN] [1781551088.866230358] [cmd_vel_bridge]: Received cmd_vel but not in DRIVE mode. Ignoring.
[WARN] [1781551088.886231203] [cmd_vel_bridge]: Received cmd_vel but not in DRIVE mode. Ignoring.
[WARN] [1781551088.906250924] [cmd_vel_bridge]: Received cmd_vel but not in DRIVE mode. Ignoring.
[WARN] [1781551088.926252331] [cmd_vel_bridge]: Received cmd_vel but not in DRIVE mode. Ignoring.
[WARN] [1781551088.946265379] [cmd_vel_bridge]: Received cmd_vel but not in DRIVE mode. Ignoring.
[WARN] [1781551088.966248261] [cmd_vel_bridge]: Received cmd_vel but not in DRIVE mode. Ignoring.
[INFO] [1781551088.975640941] [cmd_vel_bridge]: Mode: PAUSE → DRIVE
[INFO] [1781551097.660563761] [rclcpp]: signal_handler(SIGINT/SIGTERM)
