[INFO] [1781625071.798946597] [cmd_vel_bridge]: Motor UART opened: /dev/ttyV4 @ 115200 baud
[INFO] [1781625071.800168154] [cmd_vel_bridge]: CmdVelBridge initialized. Mode: PAUSE
[INFO] [1781625071.800178223] [cmd_vel_bridge]: Wheel base: 0.70 m, Max speed: 2.78 m/s
[WARN] [1781625071.816614008] [cmd_vel_bridge]: Received cmd_vel but not in DRIVE mode. Ignoring.
[ERROR] [1781625071.820240057] [cmd_vel_bridge]: UART write error: Resource temporarily unavailable
[WARN] [1781625071.836615158] [cmd_vel_bridge]: Received cmd_vel but not in DRIVE mode. Ignoring.
[WARN] [1781625071.856604705] [cmd_vel_bridge]: Received cmd_vel but not in DRIVE mode. Ignoring.
[WARN] [1781625071.876617186] [cmd_vel_bridge]: Received cmd_vel but not in DRIVE mode. Ignoring.
[WARN] [1781625071.896607825] [cmd_vel_bridge]: Received cmd_vel but not in DRIVE mode. Ignoring.
[WARN] [1781625071.916617982] [cmd_vel_bridge]: Received cmd_vel but not in DRIVE mode. Ignoring.
[WARN] [1781625071.936607921] [cmd_vel_bridge]: Received cmd_vel but not in DRIVE mode. Ignoring.
[WARN] [1781625071.956620111] [cmd_vel_bridge]: Received cmd_vel but not in DRIVE mode. Ignoring.
[WARN] [1781625071.976601874] [cmd_vel_bridge]: Received cmd_vel but not in DRIVE mode. Ignoring.
[WARN] [1781625071.996605799] [cmd_vel_bridge]: Received cmd_vel but not in DRIVE mode. Ignoring.
[WARN] [1781625072.016604223] [cmd_vel_bridge]: Received cmd_vel but not in DRIVE mode. Ignoring.
[WARN] [1781625072.036600994] [cmd_vel_bridge]: Received cmd_vel but not in DRIVE mode. Ignoring.
[WARN] [1781625072.056601372] [cmd_vel_bridge]: Received cmd_vel but not in DRIVE mode. Ignoring.
[WARN] [1781625072.076611428] [cmd_vel_bridge]: Received cmd_vel but not in DRIVE mode. Ignoring.
[WARN] [1781625072.096603060] [cmd_vel_bridge]: Received cmd_vel but not in DRIVE mode. Ignoring.
[WARN] [1781625072.116658932] [cmd_vel_bridge]: Received cmd_vel but not in DRIVE mode. Ignoring.
[WARN] [1781625072.136673036] [cmd_vel_bridge]: Received cmd_vel but not in DRIVE mode. Ignoring.
[WARN] [1781625072.156741852] [cmd_vel_bridge]: Received cmd_vel but not in DRIVE mode. Ignoring.
[WARN] [1781625072.176691876] [cmd_vel_bridge]: Received cmd_vel but not in DRIVE mode. Ignoring.
[WARN] [1781625072.196677807] [cmd_vel_bridge]: Received cmd_vel but not in DRIVE mode. Ignoring.
[WARN] [1781625072.216663026] [cmd_vel_bridge]: Received cmd_vel but not in DRIVE mode. Ignoring.
[WARN] [1781625072.236621976] [cmd_vel_bridge]: Received cmd_vel but not in DRIVE mode. Ignoring.
[WARN] [1781625072.256607636] [cmd_vel_bridge]: Received cmd_vel but not in DRIVE mode. Ignoring.
[WARN] [1781625072.276606582] [cmd_vel_bridge]: Received cmd_vel but not in DRIVE mode. Ignoring.
[WARN] [1781625072.296639902] [cmd_vel_bridge]: Received cmd_vel but not in DRIVE mode. Ignoring.
[WARN] [1781625072.316621083] [cmd_vel_bridge]: Received cmd_vel but not in DRIVE mode. Ignoring.
[WARN] [1781625072.336609308] [cmd_vel_bridge]: Received cmd_vel but not in DRIVE mode. Ignoring.
[WARN] [1781625072.356606670] [cmd_vel_bridge]: Received cmd_vel but not in DRIVE mode. Ignoring.
[WARN] [1781625072.376603431] [cmd_vel_bridge]: Received cmd_vel but not in DRIVE mode. Ignoring.
[WARN] [1781625072.396609260] [cmd_vel_bridge]: Received cmd_vel but not in DRIVE mode. Ignoring.
[WARN] [1781625072.416607133] [cmd_vel_bridge]: Received cmd_vel but not in DRIVE mode. Ignoring.
[WARN] [1781625072.436614334] [cmd_vel_bridge]: Received cmd_vel but not in DRIVE mode. Ignoring.
[WARN] [1781625072.456607558] [cmd_vel_bridge]: Received cmd_vel but not in DRIVE mode. Ignoring.
[WARN] [1781625072.476601213] [cmd_vel_bridge]: Received cmd_vel but not in DRIVE mode. Ignoring.
[WARN] [1781625072.496606240] [cmd_vel_bridge]: Received cmd_vel but not in DRIVE mode. Ignoring.
[WARN] [1781625072.516606478] [cmd_vel_bridge]: Received cmd_vel but not in DRIVE mode. Ignoring.
[WARN] [1781625072.536603720] [cmd_vel_bridge]: Received cmd_vel but not in DRIVE mode. Ignoring.
[WARN] [1781625072.556613896] [cmd_vel_bridge]: Received cmd_vel but not in DRIVE mode. Ignoring.
[WARN] [1781625072.576610758] [cmd_vel_bridge]: Received cmd_vel but not in DRIVE mode. Ignoring.
[WARN] [1781625072.596608441] [cmd_vel_bridge]: Received cmd_vel but not in DRIVE mode. Ignoring.
[WARN] [1781625072.616609701] [cmd_vel_bridge]: Received cmd_vel but not in DRIVE mode. Ignoring.
[WARN] [1781625072.636605711] [cmd_vel_bridge]: Received cmd_vel but not in DRIVE mode. Ignoring.
[WARN] [1781625072.656608633] [cmd_vel_bridge]: Received cmd_vel but not in DRIVE mode. Ignoring.
[WARN] [1781625072.676606506] [cmd_vel_bridge]: Received cmd_vel but not in DRIVE mode. Ignoring.
[WARN] [1781625072.696607345] [cmd_vel_bridge]: Received cmd_vel but not in DRIVE mode. Ignoring.
[WARN] [1781625072.716608534] [cmd_vel_bridge]: Received cmd_vel but not in DRIVE mode. Ignoring.
[WARN] [1781625072.736628509] [cmd_vel_bridge]: Received cmd_vel but not in DRIVE mode. Ignoring.
[WARN] [1781625072.756609241] [cmd_vel_bridge]: Received cmd_vel but not in DRIVE mode. Ignoring.
[WARN] [1781625072.776615620] [cmd_vel_bridge]: Received cmd_vel but not in DRIVE mode. Ignoring.
[WARN] [1781625072.796614926] [cmd_vel_bridge]: Received cmd_vel but not in DRIVE mode. Ignoring.
[WARN] [1781625072.816606998] [cmd_vel_bridge]: Received cmd_vel but not in DRIVE mode. Ignoring.
[WARN] [1781625072.836607797] [cmd_vel_bridge]: Received cmd_vel but not in DRIVE mode. Ignoring.
[ERROR] [1781625072.840236661] [cmd_vel_bridge]: UART write error: Resource temporarily unavailable
[WARN] [1781625072.856601653] [cmd_vel_bridge]: Received cmd_vel but not in DRIVE mode. Ignoring.
[WARN] [1781625072.876606961] [cmd_vel_bridge]: Received cmd_vel but not in DRIVE mode. Ignoring.
[WARN] [1781625072.896605666] [cmd_vel_bridge]: Received cmd_vel but not in DRIVE mode. Ignoring.
[WARN] [1781625072.916607907] [cmd_vel_bridge]: Received cmd_vel but not in DRIVE mode. Ignoring.
[WARN] [1781625072.936612253] [cmd_vel_bridge]: Received cmd_vel but not in DRIVE mode. Ignoring.
[WARN] [1781625072.956603264] [cmd_vel_bridge]: Received cmd_vel but not in DRIVE mode. Ignoring.
[WARN] [1781625072.976608140] [cmd_vel_bridge]: Received cmd_vel but not in DRIVE mode. Ignoring.
[WARN] [1781625072.996613949] [cmd_vel_bridge]: Received cmd_vel but not in DRIVE mode. Ignoring.
[WARN] [1781625073.016608927] [cmd_vel_bridge]: Received cmd_vel but not in DRIVE mode. Ignoring.
[WARN] [1781625073.036609676] [cmd_vel_bridge]: Received cmd_vel but not in DRIVE mode. Ignoring.
[WARN] [1781625073.056607610] [cmd_vel_bridge]: Received cmd_vel but not in DRIVE mode. Ignoring.
[WARN] [1781625073.076608258] [cmd_vel_bridge]: Received cmd_vel but not in DRIVE mode. Ignoring.
[WARN] [1781625073.096606843] [cmd_vel_bridge]: Received cmd_vel but not in DRIVE mode. Ignoring.
[WARN] [1781625073.116606930] [cmd_vel_bridge]: Received cmd_vel but not in DRIVE mode. Ignoring.
[WARN] [1781625073.136609462] [cmd_vel_bridge]: Received cmd_vel but not in DRIVE mode. Ignoring.
[WARN] [1781625073.156611152] [cmd_vel_bridge]: Received cmd_vel but not in DRIVE mode. Ignoring.
[WARN] [1781625073.176609306] [cmd_vel_bridge]: Received cmd_vel but not in DRIVE mode. Ignoring.
[INFO] [1781625073.195018441] [rclcpp]: signal_handler(SIGINT/SIGTERM)
