[ERROR] [1781611067.542788919] [cmd_vel_bridge]: Failed to open motor UART: open: No such file or directory [system:2 at /usr/include/boost/asio/detail/impl/posix_serial_port_service.ipp:61 in function 'open']
[INFO] [1781611067.544333077] [cmd_vel_bridge]: CmdVelBridge initialized. Mode: PAUSE
[INFO] [1781611067.544348035] [cmd_vel_bridge]: Wheel base: 0.70 m, Max speed: 2.78 m/s
[WARN] [1781611067.565092755] [cmd_vel_bridge]: Received cmd_vel but not in DRIVE mode. Ignoring.
[WARN] [1781611067.585075049] [cmd_vel_bridge]: Received cmd_vel but not in DRIVE mode. Ignoring.
[WARN] [1781611067.605077782] [cmd_vel_bridge]: Received cmd_vel but not in DRIVE mode. Ignoring.
[WARN] [1781611067.625068732] [cmd_vel_bridge]: Received cmd_vel but not in DRIVE mode. Ignoring.
[WARN] [1781611067.645059533] [cmd_vel_bridge]: Received cmd_vel but not in DRIVE mode. Ignoring.
[WARN] [1781611067.665079187] [cmd_vel_bridge]: Received cmd_vel but not in DRIVE mode. Ignoring.
[WARN] [1781611067.685069356] [cmd_vel_bridge]: Received cmd_vel but not in DRIVE mode. Ignoring.
[WARN] [1781611067.705074504] [cmd_vel_bridge]: Received cmd_vel but not in DRIVE mode. Ignoring.
[WARN] [1781611067.725084871] [cmd_vel_bridge]: Received cmd_vel but not in DRIVE mode. Ignoring.
[WARN] [1781611067.745085951] [cmd_vel_bridge]: Received cmd_vel but not in DRIVE mode. Ignoring.
[WARN] [1781611067.765088884] [cmd_vel_bridge]: Received cmd_vel but not in DRIVE mode. Ignoring.
[WARN] [1781611067.785102868] [cmd_vel_bridge]: Received cmd_vel but not in DRIVE mode. Ignoring.
[WARN] [1781611067.805097896] [cmd_vel_bridge]: Received cmd_vel but not in DRIVE mode. Ignoring.
[WARN] [1781611067.825097583] [cmd_vel_bridge]: Received cmd_vel but not in DRIVE mode. Ignoring.
[WARN] [1781611067.845088854] [cmd_vel_bridge]: Received cmd_vel but not in DRIVE mode. Ignoring.
[WARN] [1781611067.865107858] [cmd_vel_bridge]: Received cmd_vel but not in DRIVE mode. Ignoring.
[WARN] [1781611067.885097656] [cmd_vel_bridge]: Received cmd_vel but not in DRIVE mode. Ignoring.
[WARN] [1781611067.905087184] [cmd_vel_bridge]: Received cmd_vel but not in DRIVE mode. Ignoring.
[WARN] [1781611067.925071202] [cmd_vel_bridge]: Received cmd_vel but not in DRIVE mode. Ignoring.
[WARN] [1781611067.945082901] [cmd_vel_bridge]: Received cmd_vel but not in DRIVE mode. Ignoring.
[WARN] [1781611067.965102986] [cmd_vel_bridge]: Received cmd_vel but not in DRIVE mode. Ignoring.
[WARN] [1781611067.985073829] [cmd_vel_bridge]: Received cmd_vel but not in DRIVE mode. Ignoring.
[WARN] [1781611068.005077634] [cmd_vel_bridge]: Received cmd_vel but not in DRIVE mode. Ignoring.
[WARN] [1781611068.025085397] [cmd_vel_bridge]: Received cmd_vel but not in DRIVE mode. Ignoring.
[WARN] [1781611068.045085807] [cmd_vel_bridge]: Received cmd_vel but not in DRIVE mode. Ignoring.
[WARN] [1781611068.065090544] [cmd_vel_bridge]: Received cmd_vel but not in DRIVE mode. Ignoring.
[WARN] [1781611068.085090583] [cmd_vel_bridge]: Received cmd_vel but not in DRIVE mode. Ignoring.
[WARN] [1781611068.105085742] [cmd_vel_bridge]: Received cmd_vel but not in DRIVE mode. Ignoring.
[WARN] [1781611068.125091341] [cmd_vel_bridge]: Received cmd_vel but not in DRIVE mode. Ignoring.
[WARN] [1781611068.145081161] [cmd_vel_bridge]: Received cmd_vel but not in DRIVE mode. Ignoring.
[WARN] [1781611068.165081570] [cmd_vel_bridge]: Received cmd_vel but not in DRIVE mode. Ignoring.
[WARN] [1781611068.185076239] [cmd_vel_bridge]: Received cmd_vel but not in DRIVE mode. Ignoring.
[WARN] [1781611068.205082750] [cmd_vel_bridge]: Received cmd_vel but not in DRIVE mode. Ignoring.
[WARN] [1781611068.225072659] [cmd_vel_bridge]: Received cmd_vel but not in DRIVE mode. Ignoring.
[WARN] [1781611068.245072968] [cmd_vel_bridge]: Received cmd_vel but not in DRIVE mode. Ignoring.
[WARN] [1781611068.265090340] [cmd_vel_bridge]: Received cmd_vel but not in DRIVE mode. Ignoring.
[WARN] [1781611068.285085830] [cmd_vel_bridge]: Received cmd_vel but not in DRIVE mode. Ignoring.
[WARN] [1781611068.305073796] [cmd_vel_bridge]: Received cmd_vel but not in DRIVE mode. Ignoring.
[WARN] [1781611068.325060068] [cmd_vel_bridge]: Received cmd_vel but not in DRIVE mode. Ignoring.
[WARN] [1781611068.345064846] [cmd_vel_bridge]: Received cmd_vel but not in DRIVE mode. Ignoring.
[WARN] [1781611068.365068321] [cmd_vel_bridge]: Received cmd_vel but not in DRIVE mode. Ignoring.
[WARN] [1781611068.385101602] [cmd_vel_bridge]: Received cmd_vel but not in DRIVE mode. Ignoring.
[WARN] [1781611068.405084639] [cmd_vel_bridge]: Received cmd_vel but not in DRIVE mode. Ignoring.
[WARN] [1781611068.425073968] [cmd_vel_bridge]: Received cmd_vel but not in DRIVE mode. Ignoring.
[WARN] [1781611068.445072684] [cmd_vel_bridge]: Received cmd_vel but not in DRIVE mode. Ignoring.
[WARN] [1781611068.465096777] [cmd_vel_bridge]: Received cmd_vel but not in DRIVE mode. Ignoring.
[WARN] [1781611068.485073382] [cmd_vel_bridge]: Received cmd_vel but not in DRIVE mode. Ignoring.
[WARN] [1781611068.505062410] [cmd_vel_bridge]: Received cmd_vel but not in DRIVE mode. Ignoring.
[WARN] [1781611068.525053211] [cmd_vel_bridge]: Received cmd_vel but not in DRIVE mode. Ignoring.
[WARN] [1781611068.545057568] [cmd_vel_bridge]: Received cmd_vel but not in DRIVE mode. Ignoring.
[WARN] [1781611068.565056034] [cmd_vel_bridge]: Received cmd_vel but not in DRIVE mode. Ignoring.
[WARN] [1781611068.585083795] [cmd_vel_bridge]: Received cmd_vel but not in DRIVE mode. Ignoring.
[WARN] [1781611068.605059768] [cmd_vel_bridge]: Received cmd_vel but not in DRIVE mode. Ignoring.
[WARN] [1781611068.625068573] [cmd_vel_bridge]: Received cmd_vel but not in DRIVE mode. Ignoring.
[WARN] [1781611068.645061649] [cmd_vel_bridge]: Received cmd_vel but not in DRIVE mode. Ignoring.
[WARN] [1781611068.665079040] [cmd_vel_bridge]: Received cmd_vel but not in DRIVE mode. Ignoring.
[WARN] [1781611068.685077105] [cmd_vel_bridge]: Received cmd_vel but not in DRIVE mode. Ignoring.
[WARN] [1781611068.705067706] [cmd_vel_bridge]: Received cmd_vel but not in DRIVE mode. Ignoring.
[WARN] [1781611068.725083574] [cmd_vel_bridge]: Received cmd_vel but not in DRIVE mode. Ignoring.
[WARN] [1781611068.745075578] [cmd_vel_bridge]: Received cmd_vel but not in DRIVE mode. Ignoring.
[WARN] [1781611068.765074074] [cmd_vel_bridge]: Received cmd_vel but not in DRIVE mode. Ignoring.
[WARN] [1781611068.785091846] [cmd_vel_bridge]: Received cmd_vel but not in DRIVE mode. Ignoring.
[WARN] [1781611068.805077126] [cmd_vel_bridge]: Received cmd_vel but not in DRIVE mode. Ignoring.
[WARN] [1781611068.825072576] [cmd_vel_bridge]: Received cmd_vel but not in DRIVE mode. Ignoring.
[WARN] [1781611068.845067596] [cmd_vel_bridge]: Received cmd_vel but not in DRIVE mode. Ignoring.
[WARN] [1781611068.865158576] [cmd_vel_bridge]: Received cmd_vel but not in DRIVE mode. Ignoring.
[WARN] [1781611068.885124620] [cmd_vel_bridge]: Received cmd_vel but not in DRIVE mode. Ignoring.
[WARN] [1781611068.905092197] [cmd_vel_bridge]: Received cmd_vel but not in DRIVE mode. Ignoring.
[WARN] [1781611068.925069183] [cmd_vel_bridge]: Received cmd_vel but not in DRIVE mode. Ignoring.
[WARN] [1781611068.945105320] [cmd_vel_bridge]: Received cmd_vel but not in DRIVE mode. Ignoring.
[WARN] [1781611068.965109536] [cmd_vel_bridge]: Received cmd_vel but not in DRIVE mode. Ignoring.
[WARN] [1781611068.985092493] [cmd_vel_bridge]: Received cmd_vel but not in DRIVE mode. Ignoring.
[WARN] [1781611069.005084266] [cmd_vel_bridge]: Received cmd_vel but not in DRIVE mode. Ignoring.
[WARN] [1781611069.025097470] [cmd_vel_bridge]: Received cmd_vel but not in DRIVE mode. Ignoring.
[WARN] [1781611069.045081670] [cmd_vel_bridge]: Received cmd_vel but not in DRIVE mode. Ignoring.
[WARN] [1781611069.065100705] [cmd_vel_bridge]: Received cmd_vel but not in DRIVE mode. Ignoring.
[WARN] [1781611069.085110603] [cmd_vel_bridge]: Received cmd_vel but not in DRIVE mode. Ignoring.
[WARN] [1781611069.105117506] [cmd_vel_bridge]: Received cmd_vel but not in DRIVE mode. Ignoring.
[WARN] [1781611069.125080335] [cmd_vel_bridge]: Received cmd_vel but not in DRIVE mode. Ignoring.
[WARN] [1781611069.145097066] [cmd_vel_bridge]: Received cmd_vel but not in DRIVE mode. Ignoring.
[WARN] [1781611069.165088389] [cmd_vel_bridge]: Received cmd_vel but not in DRIVE mode. Ignoring.
[WARN] [1781611069.185107004] [cmd_vel_bridge]: Received cmd_vel but not in DRIVE mode. Ignoring.
[WARN] [1781611069.205094871] [cmd_vel_bridge]: Received cmd_vel but not in DRIVE mode. Ignoring.
[WARN] [1781611069.225094219] [cmd_vel_bridge]: Received cmd_vel but not in DRIVE mode. Ignoring.
[WARN] [1781611069.245082096] [cmd_vel_bridge]: Received cmd_vel but not in DRIVE mode. Ignoring.
[WARN] [1781611069.265092485] [cmd_vel_bridge]: Received cmd_vel but not in DRIVE mode. Ignoring.
[WARN] [1781611069.285082615] [cmd_vel_bridge]: Received cmd_vel but not in DRIVE mode. Ignoring.
[WARN] [1781611069.305079790] [cmd_vel_bridge]: Received cmd_vel but not in DRIVE mode. Ignoring.
[WARN] [1781611069.325064340] [cmd_vel_bridge]: Received cmd_vel but not in DRIVE mode. Ignoring.
[WARN] [1781611069.345076703] [cmd_vel_bridge]: Received cmd_vel but not in DRIVE mode. Ignoring.
[WARN] [1781611069.365061343] [cmd_vel_bridge]: Received cmd_vel but not in DRIVE mode. Ignoring.
[WARN] [1781611069.385057285] [cmd_vel_bridge]: Received cmd_vel but not in DRIVE mode. Ignoring.
[WARN] [1781611069.405111076] [cmd_vel_bridge]: Received cmd_vel but not in DRIVE mode. Ignoring.
[WARN] [1781611069.425109983] [cmd_vel_bridge]: Received cmd_vel but not in DRIVE mode. Ignoring.
[WARN] [1781611069.445076239] [cmd_vel_bridge]: Received cmd_vel but not in DRIVE mode. Ignoring.
[WARN] [1781611069.465088372] [cmd_vel_bridge]: Received cmd_vel but not in DRIVE mode. Ignoring.
[WARN] [1781611069.485075787] [cmd_vel_bridge]: Received cmd_vel but not in DRIVE mode. Ignoring.
[WARN] [1781611069.505073092] [cmd_vel_bridge]: Received cmd_vel but not in DRIVE mode. Ignoring.
[WARN] [1781611069.525079634] [cmd_vel_bridge]: Received cmd_vel but not in DRIVE mode. Ignoring.
[WARN] [1781611069.545088961] [cmd_vel_bridge]: Received cmd_vel but not in DRIVE mode. Ignoring.
[WARN] [1781611069.565077599] [cmd_vel_bridge]: Received cmd_vel but not in DRIVE mode. Ignoring.
[WARN] [1781611069.585067229] [cmd_vel_bridge]: Received cmd_vel but not in DRIVE mode. Ignoring.
[WARN] [1781611069.605087687] [cmd_vel_bridge]: Received cmd_vel but not in DRIVE mode. Ignoring.
[WARN] [1781611069.625072177] [cmd_vel_bridge]: Received cmd_vel but not in DRIVE mode. Ignoring.
[WARN] [1781611069.645063250] [cmd_vel_bridge]: Received cmd_vel but not in DRIVE mode. Ignoring.
[WARN] [1781611069.665057739] [cmd_vel_bridge]: Received cmd_vel but not in DRIVE mode. Ignoring.
[WARN] [1781611069.685058199] [cmd_vel_bridge]: Received cmd_vel but not in DRIVE mode. Ignoring.
[WARN] [1781611069.705046276] [cmd_vel_bridge]: Received cmd_vel but not in DRIVE mode. Ignoring.
[WARN] [1781611069.725043370] [cmd_vel_bridge]: Received cmd_vel but not in DRIVE mode. Ignoring.
[WARN] [1781611069.745056024] [cmd_vel_bridge]: Received cmd_vel but not in DRIVE mode. Ignoring.
[WARN] [1781611069.765066503] [cmd_vel_bridge]: Received cmd_vel but not in DRIVE mode. Ignoring.
[WARN] [1781611069.785054951] [cmd_vel_bridge]: Received cmd_vel but not in DRIVE mode. Ignoring.
[WARN] [1781611069.805072103] [cmd_vel_bridge]: Received cmd_vel but not in DRIVE mode. Ignoring.
[WARN] [1781611069.825058727] [cmd_vel_bridge]: Received cmd_vel but not in DRIVE mode. Ignoring.
[WARN] [1781611069.845031796] [cmd_vel_bridge]: Received cmd_vel but not in DRIVE mode. Ignoring.
[WARN] [1781611069.865067432] [cmd_vel_bridge]: Received cmd_vel but not in DRIVE mode. Ignoring.
[WARN] [1781611069.885065078] [cmd_vel_bridge]: Received cmd_vel but not in DRIVE mode. Ignoring.
[WARN] [1781611069.905065939] [cmd_vel_bridge]: Received cmd_vel but not in DRIVE mode. Ignoring.
[WARN] [1781611069.925083241] [cmd_vel_bridge]: Received cmd_vel but not in DRIVE mode. Ignoring.
[WARN] [1781611069.945072811] [cmd_vel_bridge]: Received cmd_vel but not in DRIVE mode. Ignoring.
[WARN] [1781611069.965079082] [cmd_vel_bridge]: Received cmd_vel but not in DRIVE mode. Ignoring.
[WARN] [1781611069.985078871] [cmd_vel_bridge]: Received cmd_vel but not in DRIVE mode. Ignoring.
[WARN] [1781611070.005084130] [cmd_vel_bridge]: Received cmd_vel but not in DRIVE mode. Ignoring.
[WARN] [1781611070.025071066] [cmd_vel_bridge]: Received cmd_vel but not in DRIVE mode. Ignoring.
[WARN] [1781611070.045059094] [cmd_vel_bridge]: Received cmd_vel but not in DRIVE mode. Ignoring.
[WARN] [1781611070.065052482] [cmd_vel_bridge]: Received cmd_vel but not in DRIVE mode. Ignoring.
[WARN] [1781611070.085077790] [cmd_vel_bridge]: Received cmd_vel but not in DRIVE mode. Ignoring.
[WARN] [1781611070.105068062] [cmd_vel_bridge]: Received cmd_vel but not in DRIVE mode. Ignoring.
[WARN] [1781611070.125063324] [cmd_vel_bridge]: Received cmd_vel but not in DRIVE mode. Ignoring.
[WARN] [1781611070.145055349] [cmd_vel_bridge]: Received cmd_vel but not in DRIVE mode. Ignoring.
[WARN] [1781611070.165063194] [cmd_vel_bridge]: Received cmd_vel but not in DRIVE mode. Ignoring.
[WARN] [1781611070.185085547] [cmd_vel_bridge]: Received cmd_vel but not in DRIVE mode. Ignoring.
[WARN] [1781611070.205093182] [cmd_vel_bridge]: Received cmd_vel but not in DRIVE mode. Ignoring.
[WARN] [1781611070.225086479] [cmd_vel_bridge]: Received cmd_vel but not in DRIVE mode. Ignoring.
[WARN] [1781611070.245086660] [cmd_vel_bridge]: Received cmd_vel but not in DRIVE mode. Ignoring.
[WARN] [1781611070.265086851] [cmd_vel_bridge]: Received cmd_vel but not in DRIVE mode. Ignoring.
[WARN] [1781611070.285073225] [cmd_vel_bridge]: Received cmd_vel but not in DRIVE mode. Ignoring.
[WARN] [1781611070.305093093] [cmd_vel_bridge]: Received cmd_vel but not in DRIVE mode. Ignoring.
[WARN] [1781611070.325076512] [cmd_vel_bridge]: Received cmd_vel but not in DRIVE mode. Ignoring.
[WARN] [1781611070.345073738] [cmd_vel_bridge]: Received cmd_vel but not in DRIVE mode. Ignoring.
[WARN] [1781611070.365069360] [cmd_vel_bridge]: Received cmd_vel but not in DRIVE mode. Ignoring.
[WARN] [1781611070.385104016] [cmd_vel_bridge]: Received cmd_vel but not in DRIVE mode. Ignoring.
[WARN] [1781611070.405077736] [cmd_vel_bridge]: Received cmd_vel but not in DRIVE mode. Ignoring.
[WARN] [1781611070.425076304] [cmd_vel_bridge]: Received cmd_vel but not in DRIVE mode. Ignoring.
[WARN] [1781611070.445081745] [cmd_vel_bridge]: Received cmd_vel but not in DRIVE mode. Ignoring.
[WARN] [1781611070.465081555] [cmd_vel_bridge]: Received cmd_vel but not in DRIVE mode. Ignoring.
[WARN] [1781611070.485092987] [cmd_vel_bridge]: Received cmd_vel but not in DRIVE mode. Ignoring.
[WARN] [1781611070.505074973] [cmd_vel_bridge]: Received cmd_vel but not in DRIVE mode. Ignoring.
[WARN] [1781611070.525063582] [cmd_vel_bridge]: Received cmd_vel but not in DRIVE mode. Ignoring.
[WARN] [1781611070.545070385] [cmd_vel_bridge]: Received cmd_vel but not in DRIVE mode. Ignoring.
[WARN] [1781611070.565073552] [cmd_vel_bridge]: Received cmd_vel but not in DRIVE mode. Ignoring.
[WARN] [1781611070.585081357] [cmd_vel_bridge]: Received cmd_vel but not in DRIVE mode. Ignoring.
[WARN] [1781611070.605056500] [cmd_vel_bridge]: Received cmd_vel but not in DRIVE mode. Ignoring.
[WARN] [1781611070.625062031] [cmd_vel_bridge]: Received cmd_vel but not in DRIVE mode. Ignoring.
[WARN] [1781611070.645069967] [cmd_vel_bridge]: Received cmd_vel but not in DRIVE mode. Ignoring.
[WARN] [1781611070.665068885] [cmd_vel_bridge]: Received cmd_vel but not in DRIVE mode. Ignoring.
[WARN] [1781611070.685060860] [cmd_vel_bridge]: Received cmd_vel but not in DRIVE mode. Ignoring.
[WARN] [1781611070.705050010] [cmd_vel_bridge]: Received cmd_vel but not in DRIVE mode. Ignoring.
[WARN] [1781611070.725050431] [cmd_vel_bridge]: Received cmd_vel but not in DRIVE mode. Ignoring.
[WARN] [1781611070.745051403] [cmd_vel_bridge]: Received cmd_vel but not in DRIVE mode. Ignoring.
[WARN] [1781611070.765066673] [cmd_vel_bridge]: Received cmd_vel but not in DRIVE mode. Ignoring.
[WARN] [1781611070.785095978] [cmd_vel_bridge]: Received cmd_vel but not in DRIVE mode. Ignoring.
[WARN] [1781611070.805087332] [cmd_vel_bridge]: Received cmd_vel but not in DRIVE mode. Ignoring.
[WARN] [1781611070.825066774] [cmd_vel_bridge]: Received cmd_vel but not in DRIVE mode. Ignoring.
[WARN] [1781611070.845073788] [cmd_vel_bridge]: Received cmd_vel but not in DRIVE mode. Ignoring.
[WARN] [1781611070.865074850] [cmd_vel_bridge]: Received cmd_vel but not in DRIVE mode. Ignoring.
[WARN] [1781611070.885085410] [cmd_vel_bridge]: Received cmd_vel but not in DRIVE mode. Ignoring.
[WARN] [1781611070.905054663] [cmd_vel_bridge]: Received cmd_vel but not in DRIVE mode. Ignoring.
[WARN] [1781611070.925052359] [cmd_vel_bridge]: Received cmd_vel but not in DRIVE mode. Ignoring.
[WARN] [1781611070.945056197] [cmd_vel_bridge]: Received cmd_vel but not in DRIVE mode. Ignoring.
[WARN] [1781611070.965054975] [cmd_vel_bridge]: Received cmd_vel but not in DRIVE mode. Ignoring.
[WARN] [1781611070.985055396] [cmd_vel_bridge]: Received cmd_vel but not in DRIVE mode. Ignoring.
[WARN] [1781611071.005046169] [cmd_vel_bridge]: Received cmd_vel but not in DRIVE mode. Ignoring.
[WARN] [1781611071.025055027] [cmd_vel_bridge]: Received cmd_vel but not in DRIVE mode. Ignoring.
[WARN] [1781611071.045054036] [cmd_vel_bridge]: Received cmd_vel but not in DRIVE mode. Ignoring.
[WARN] [1781611071.065106226] [cmd_vel_bridge]: Received cmd_vel but not in DRIVE mode. Ignoring.
[WARN] [1781611071.085081561] [cmd_vel_bridge]: Received cmd_vel but not in DRIVE mode. Ignoring.
[WARN] [1781611071.105056114] [cmd_vel_bridge]: Received cmd_vel but not in DRIVE mode. Ignoring.
[WARN] [1781611071.125136887] [cmd_vel_bridge]: Received cmd_vel but not in DRIVE mode. Ignoring.
[WARN] [1781611071.145108235] [cmd_vel_bridge]: Received cmd_vel but not in DRIVE mode. Ignoring.
[WARN] [1781611071.165125298] [cmd_vel_bridge]: Received cmd_vel but not in DRIVE mode. Ignoring.
[WARN] [1781611071.185150828] [cmd_vel_bridge]: Received cmd_vel but not in DRIVE mode. Ignoring.
[WARN] [1781611071.205125371] [cmd_vel_bridge]: Received cmd_vel but not in DRIVE mode. Ignoring.
[WARN] [1781611071.225160979] [cmd_vel_bridge]: Received cmd_vel but not in DRIVE mode. Ignoring.
[WARN] [1781611071.245157674] [cmd_vel_bridge]: Received cmd_vel but not in DRIVE mode. Ignoring.
[WARN] [1781611071.265172443] [cmd_vel_bridge]: Received cmd_vel but not in DRIVE mode. Ignoring.
[WARN] [1781611071.285096762] [cmd_vel_bridge]: Received cmd_vel but not in DRIVE mode. Ignoring.
[WARN] [1781611071.305113936] [cmd_vel_bridge]: Received cmd_vel but not in DRIVE mode. Ignoring.
[WARN] [1781611071.325077278] [cmd_vel_bridge]: Received cmd_vel but not in DRIVE mode. Ignoring.
[WARN] [1781611071.345067391] [cmd_vel_bridge]: Received cmd_vel but not in DRIVE mode. Ignoring.
[WARN] [1781611071.365074215] [cmd_vel_bridge]: Received cmd_vel but not in DRIVE mode. Ignoring.
[WARN] [1781611071.385066421] [cmd_vel_bridge]: Received cmd_vel but not in DRIVE mode. Ignoring.
[WARN] [1781611071.405063948] [cmd_vel_bridge]: Received cmd_vel but not in DRIVE mode. Ignoring.
[WARN] [1781611071.425063208] [cmd_vel_bridge]: Received cmd_vel but not in DRIVE mode. Ignoring.
[WARN] [1781611071.445056587] [cmd_vel_bridge]: Received cmd_vel but not in DRIVE mode. Ignoring.
[WARN] [1781611071.465062048] [cmd_vel_bridge]: Received cmd_vel but not in DRIVE mode. Ignoring.
[WARN] [1781611071.485067941] [cmd_vel_bridge]: Received cmd_vel but not in DRIVE mode. Ignoring.
[WARN] [1781611071.505069214] [cmd_vel_bridge]: Received cmd_vel but not in DRIVE mode. Ignoring.
[WARN] [1781611071.525060860] [cmd_vel_bridge]: Received cmd_vel but not in DRIVE mode. Ignoring.
[WARN] [1781611071.545053397] [cmd_vel_bridge]: Received cmd_vel but not in DRIVE mode. Ignoring.
[WARN] [1781611071.565064639] [cmd_vel_bridge]: Received cmd_vel but not in DRIVE mode. Ignoring.
[WARN] [1781611071.585053730] [cmd_vel_bridge]: Received cmd_vel but not in DRIVE mode. Ignoring.
[WARN] [1781611071.605052419] [cmd_vel_bridge]: Received cmd_vel but not in DRIVE mode. Ignoring.
[WARN] [1781611071.625053262] [cmd_vel_bridge]: Received cmd_vel but not in DRIVE mode. Ignoring.
[WARN] [1781611071.645052892] [cmd_vel_bridge]: Received cmd_vel but not in DRIVE mode. Ignoring.
[WARN] [1781611071.665068193] [cmd_vel_bridge]: Received cmd_vel but not in DRIVE mode. Ignoring.
[WARN] [1781611071.685051252] [cmd_vel_bridge]: Received cmd_vel but not in DRIVE mode. Ignoring.
[WARN] [1781611071.705059419] [cmd_vel_bridge]: Received cmd_vel but not in DRIVE mode. Ignoring.
[WARN] [1781611071.725051525] [cmd_vel_bridge]: Received cmd_vel but not in DRIVE mode. Ignoring.
[WARN] [1781611071.745052709] [cmd_vel_bridge]: Received cmd_vel but not in DRIVE mode. Ignoring.
[WARN] [1781611071.765073359] [cmd_vel_bridge]: Received cmd_vel but not in DRIVE mode. Ignoring.
[WARN] [1781611071.785061297] [cmd_vel_bridge]: Received cmd_vel but not in DRIVE mode. Ignoring.
[WARN] [1781611071.805051440] [cmd_vel_bridge]: Received cmd_vel but not in DRIVE mode. Ignoring.
[WARN] [1781611071.825064075] [cmd_vel_bridge]: Received cmd_vel but not in DRIVE mode. Ignoring.
[WARN] [1781611071.845068094] [cmd_vel_bridge]: Received cmd_vel but not in DRIVE mode. Ignoring.
[WARN] [1781611071.865067203] [cmd_vel_bridge]: Received cmd_vel but not in DRIVE mode. Ignoring.
[WARN] [1781611071.885061684] [cmd_vel_bridge]: Received cmd_vel but not in DRIVE mode. Ignoring.
[WARN] [1781611071.905090410] [cmd_vel_bridge]: Received cmd_vel but not in DRIVE mode. Ignoring.
[WARN] [1781611071.925058611] [cmd_vel_bridge]: Received cmd_vel but not in DRIVE mode. Ignoring.
[WARN] [1781611071.945061268] [cmd_vel_bridge]: Received cmd_vel but not in DRIVE mode. Ignoring.
[WARN] [1781611071.965088480] [cmd_vel_bridge]: Received cmd_vel but not in DRIVE mode. Ignoring.
[WARN] [1781611071.985073463] [cmd_vel_bridge]: Received cmd_vel but not in DRIVE mode. Ignoring.
[WARN] [1781611072.005080187] [cmd_vel_bridge]: Received cmd_vel but not in DRIVE mode. Ignoring.
[WARN] [1781611072.025078937] [cmd_vel_bridge]: Received cmd_vel but not in DRIVE mode. Ignoring.
[WARN] [1781611072.045100911] [cmd_vel_bridge]: Received cmd_vel but not in DRIVE mode. Ignoring.
[WARN] [1781611072.065107956] [cmd_vel_bridge]: Received cmd_vel but not in DRIVE mode. Ignoring.
[WARN] [1781611072.085093260] [cmd_vel_bridge]: Received cmd_vel but not in DRIVE mode. Ignoring.
[WARN] [1781611072.105077022] [cmd_vel_bridge]: Received cmd_vel but not in DRIVE mode. Ignoring.
[WARN] [1781611072.125096010] [cmd_vel_bridge]: Received cmd_vel but not in DRIVE mode. Ignoring.
[WARN] [1781611072.145083589] [cmd_vel_bridge]: Received cmd_vel but not in DRIVE mode. Ignoring.
[WARN] [1781611072.165079463] [cmd_vel_bridge]: Received cmd_vel but not in DRIVE mode. Ignoring.
[WARN] [1781611072.185072893] [cmd_vel_bridge]: Received cmd_vel but not in DRIVE mode. Ignoring.
[WARN] [1781611072.205071773] [cmd_vel_bridge]: Received cmd_vel but not in DRIVE mode. Ignoring.
[WARN] [1781611072.225115237] [cmd_vel_bridge]: Received cmd_vel but not in DRIVE mode. Ignoring.
[WARN] [1781611072.245076106] [cmd_vel_bridge]: Received cmd_vel but not in DRIVE mode. Ignoring.
[WARN] [1781611072.265095063] [cmd_vel_bridge]: Received cmd_vel but not in DRIVE mode. Ignoring.
[WARN] [1781611072.285088533] [cmd_vel_bridge]: Received cmd_vel but not in DRIVE mode. Ignoring.
[WARN] [1781611072.305079869] [cmd_vel_bridge]: Received cmd_vel but not in DRIVE mode. Ignoring.
[WARN] [1781611072.325079641] [cmd_vel_bridge]: Received cmd_vel but not in DRIVE mode. Ignoring.
[WARN] [1781611072.345078521] [cmd_vel_bridge]: Received cmd_vel but not in DRIVE mode. Ignoring.
[WARN] [1781611072.365063405] [cmd_vel_bridge]: Received cmd_vel but not in DRIVE mode. Ignoring.
[WARN] [1781611072.385059369] [cmd_vel_bridge]: Received cmd_vel but not in DRIVE mode. Ignoring.
[WARN] [1781611072.405056887] [cmd_vel_bridge]: Received cmd_vel but not in DRIVE mode. Ignoring.
[WARN] [1781611072.425058883] [cmd_vel_bridge]: Received cmd_vel but not in DRIVE mode. Ignoring.
[WARN] [1781611072.445053404] [cmd_vel_bridge]: Received cmd_vel but not in DRIVE mode. Ignoring.
[WARN] [1781611072.465071370] [cmd_vel_bridge]: Received cmd_vel but not in DRIVE mode. Ignoring.
[WARN] [1781611072.485064490] [cmd_vel_bridge]: Received cmd_vel but not in DRIVE mode. Ignoring.
[WARN] [1781611072.505056577] [cmd_vel_bridge]: Received cmd_vel but not in DRIVE mode. Ignoring.
[WARN] [1781611072.525067640] [cmd_vel_bridge]: Received cmd_vel but not in DRIVE mode. Ignoring.
[WARN] [1781611072.545055600] [cmd_vel_bridge]: Received cmd_vel but not in DRIVE mode. Ignoring.
[WARN] [1781611072.565079677] [cmd_vel_bridge]: Received cmd_vel but not in DRIVE mode. Ignoring.
[WARN] [1781611072.585061385] [cmd_vel_bridge]: Received cmd_vel but not in DRIVE mode. Ignoring.
[WARN] [1781611072.605061617] [cmd_vel_bridge]: Received cmd_vel but not in DRIVE mode. Ignoring.
[WARN] [1781611072.625060397] [cmd_vel_bridge]: Received cmd_vel but not in DRIVE mode. Ignoring.
[WARN] [1781611072.645063255] [cmd_vel_bridge]: Received cmd_vel but not in DRIVE mode. Ignoring.
[WARN] [1781611072.665063197] [cmd_vel_bridge]: Received cmd_vel but not in DRIVE mode. Ignoring.
[WARN] [1781611072.685064441] [cmd_vel_bridge]: Received cmd_vel but not in DRIVE mode. Ignoring.
[WARN] [1781611072.705059364] [cmd_vel_bridge]: Received cmd_vel but not in DRIVE mode. Ignoring.
[WARN] [1781611072.725059136] [cmd_vel_bridge]: Received cmd_vel but not in DRIVE mode. Ignoring.
[WARN] [1781611072.745062334] [cmd_vel_bridge]: Received cmd_vel but not in DRIVE mode. Ignoring.
[WARN] [1781611072.765067195] [cmd_vel_bridge]: Received cmd_vel but not in DRIVE mode. Ignoring.
[WARN] [1781611072.785057098] [cmd_vel_bridge]: Received cmd_vel but not in DRIVE mode. Ignoring.
[INFO] [1781611072.792169602] [rclcpp]: signal_handler(SIGINT/SIGTERM)
