[INFO] [1781619353.302994626] [gkv2_nav_parser]: Loaded 30 parameter IDs from config
[INFO] [1781619353.305911254] [gkv2_nav_parser]: UART opened: /dev/ttyV1 @ 921600 baud
[INFO] [1781619353.305965656] [gkv2_nav_parser]: GKV2 Nav Parser initialized
[INFO] [1781619353.305974983] [gkv2_nav_parser]: Expected packet size: 128 bytes (header 4 + data 120 + CRC 4)
[INFO] [1781619353.306040286] [gkv2_nav_parser]: Packets: 0 | CRC errors: 0 | Pos(10.00,5.00,0.00) | Yaw:1.57 | Sats:15 | RTK:FIXED | CoordsValid:Y | Stage:50 | Fails:0x0000 | DualAnt:N
[WARN] [1781619353.307910255] [gkv2_nav_parser]: New subscription discovered on topic '/nav/pose', requesting incompatible QoS. No messages will be sent to it. Last incompatible policy: RELIABILITY_QOS_POLICY
[WARN] [1781619353.308197605] [gkv2_nav_parser]: New subscription discovered on topic '/gkv2/status', requesting incompatible QoS. No messages will be sent to it. Last incompatible policy: RELIABILITY_QOS_POLICY
[INFO] [1781619360.601466881] [gkv2_nav_parser]: Packets: 100 | CRC errors: 0 | Pos(10.00,5.00,0.00) | Yaw:1.57 | Sats:15 | RTK:FIXED | CoordsValid:Y | Stage:50 | Fails:0x0000 | DualAnt:N
[INFO] [1781619361.103829663] [gkv2_nav_parser]: Packets: 200 | CRC errors: 0 | Pos(10.00,5.00,0.00) | Yaw:1.57 | Sats:15 | RTK:FIXED | CoordsValid:Y | Stage:50 | Fails:0x0000 | DualAnt:N
[INFO] [1781619361.605976759] [gkv2_nav_parser]: Packets: 300 | CRC errors: 0 | Pos(10.00,5.00,0.00) | Yaw:1.57 | Sats:15 | RTK:FIXED | CoordsValid:Y | Stage:50 | Fails:0x0000 | DualAnt:N
[INFO] [1781619362.108344020] [gkv2_nav_parser]: Packets: 400 | CRC errors: 0 | Pos(10.00,5.00,0.00) | Yaw:1.57 | Sats:15 | RTK:FIXED | CoordsValid:Y | Stage:50 | Fails:0x0000 | DualAnt:N
[INFO] [1781619362.610919191] [gkv2_nav_parser]: Packets: 500 | CRC errors: 0 | Pos(10.00,5.00,0.00) | Yaw:1.57 | Sats:15 | RTK:FIXED | CoordsValid:Y | Stage:50 | Fails:0x0000 | DualAnt:N
[INFO] [1781619363.113283736] [gkv2_nav_parser]: Packets: 600 | CRC errors: 0 | Pos(10.00,5.00,0.00) | Yaw:1.57 | Sats:15 | RTK:FIXED | CoordsValid:Y | Stage:50 | Fails:0x0000 | DualAnt:N
[INFO] [1781619363.615895776] [gkv2_nav_parser]: Packets: 700 | CRC errors: 0 | Pos(10.00,5.00,0.00) | Yaw:1.57 | Sats:15 | RTK:FIXED | CoordsValid:Y | Stage:50 | Fails:0x0000 | DualAnt:N
[INFO] [1781619364.118332226] [gkv2_nav_parser]: Packets: 800 | CRC errors: 0 | Pos(10.00,5.00,0.00) | Yaw:1.57 | Sats:15 | RTK:FIXED | CoordsValid:Y | Stage:50 | Fails:0x0000 | DualAnt:N
[INFO] [1781619364.620795015] [gkv2_nav_parser]: Packets: 900 | CRC errors: 0 | Pos(10.00,5.00,0.00) | Yaw:1.57 | Sats:15 | RTK:FIXED | CoordsValid:Y | Stage:50 | Fails:0x0000 | DualAnt:N
[INFO] [1781619365.123240300] [gkv2_nav_parser]: Packets: 1000 | CRC errors: 0 | Pos(10.00,5.00,0.00) | Yaw:1.57 | Sats:15 | RTK:FIXED | CoordsValid:Y | Stage:50 | Fails:0x0000 | DualAnt:N
[INFO] [1781619365.625720652] [gkv2_nav_parser]: Packets: 1100 | CRC errors: 0 | Pos(10.00,5.00,0.00) | Yaw:1.57 | Sats:15 | RTK:FIXED | CoordsValid:Y | Stage:50 | Fails:0x0000 | DualAnt:N
[INFO] [1781619366.128226722] [gkv2_nav_parser]: Packets: 1200 | CRC errors: 0 | Pos(10.00,5.00,0.00) | Yaw:1.57 | Sats:15 | RTK:FIXED | CoordsValid:Y | Stage:50 | Fails:0x0000 | DualAnt:N
[INFO] [1781619366.630722652] [gkv2_nav_parser]: Packets: 1300 | CRC errors: 0 | Pos(10.00,5.00,0.00) | Yaw:1.57 | Sats:15 | RTK:FIXED | CoordsValid:Y | Stage:50 | Fails:0x0000 | DualAnt:N
[INFO] [1781619367.133170613] [gkv2_nav_parser]: Packets: 1400 | CRC errors: 0 | Pos(10.00,5.00,0.00) | Yaw:1.57 | Sats:15 | RTK:FIXED | CoordsValid:Y | Stage:50 | Fails:0x0000 | DualAnt:N
[INFO] [1781619367.635901856] [gkv2_nav_parser]: Packets: 1500 | CRC errors: 0 | Pos(10.00,5.00,0.00) | Yaw:1.57 | Sats:15 | RTK:FIXED | CoordsValid:Y | Stage:50 | Fails:0x0000 | DualAnt:N
[INFO] [1781619368.138422913] [gkv2_nav_parser]: Packets: 1600 | CRC errors: 0 | Pos(10.00,5.00,0.00) | Yaw:1.57 | Sats:15 | RTK:FIXED | CoordsValid:Y | Stage:50 | Fails:0x0000 | DualAnt:N
[INFO] [1781619368.640883777] [gkv2_nav_parser]: Packets: 1700 | CRC errors: 0 | Pos(10.00,5.00,0.00) | Yaw:1.57 | Sats:15 | RTK:FIXED | CoordsValid:Y | Stage:50 | Fails:0x0000 | DualAnt:N
[INFO] [1781619369.143378395] [gkv2_nav_parser]: Packets: 1800 | CRC errors: 0 | Pos(10.00,5.00,0.00) | Yaw:1.57 | Sats:15 | RTK:FIXED | CoordsValid:Y | Stage:50 | Fails:0x0000 | DualAnt:N
[INFO] [1781619369.646073629] [gkv2_nav_parser]: Packets: 1900 | CRC errors: 0 | Pos(10.00,5.00,0.00) | Yaw:1.57 | Sats:15 | RTK:FIXED | CoordsValid:Y | Stage:50 | Fails:0x0000 | DualAnt:N
[INFO] [1781619370.148908166] [gkv2_nav_parser]: Packets: 2000 | CRC errors: 0 | Pos(10.00,5.00,0.00) | Yaw:1.57 | Sats:15 | RTK:FIXED | CoordsValid:Y | Stage:50 | Fails:0x0000 | DualAnt:N
[INFO] [1781619370.651551353] [gkv2_nav_parser]: Packets: 2100 | CRC errors: 0 | Pos(10.00,5.00,0.00) | Yaw:1.57 | Sats:15 | RTK:FIXED | CoordsValid:Y | Stage:50 | Fails:0x0000 | DualAnt:N
[INFO] [1781619371.154069755] [gkv2_nav_parser]: Packets: 2200 | CRC errors: 0 | Pos(10.00,5.00,0.00) | Yaw:1.57 | Sats:15 | RTK:FIXED | CoordsValid:Y | Stage:50 | Fails:0x0000 | DualAnt:N
[INFO] [1781619371.656610568] [gkv2_nav_parser]: Packets: 2300 | CRC errors: 0 | Pos(10.00,5.00,0.00) | Yaw:1.57 | Sats:15 | RTK:FIXED | CoordsValid:Y | Stage:50 | Fails:0x0000 | DualAnt:N
[INFO] [1781619372.159004805] [gkv2_nav_parser]: Packets: 2400 | CRC errors: 0 | Pos(10.00,5.00,0.00) | Yaw:1.57 | Sats:15 | RTK:FIXED | CoordsValid:Y | Stage:50 | Fails:0x0000 | DualAnt:N
[INFO] [1781619372.661318151] [gkv2_nav_parser]: Packets: 2500 | CRC errors: 0 | Pos(10.00,5.00,0.00) | Yaw:1.57 | Sats:15 | RTK:FIXED | CoordsValid:Y | Stage:50 | Fails:0x0000 | DualAnt:N
[INFO] [1781619373.163949173] [gkv2_nav_parser]: Packets: 2600 | CRC errors: 0 | Pos(10.00,5.00,0.00) | Yaw:1.57 | Sats:15 | RTK:FIXED | CoordsValid:Y | Stage:50 | Fails:0x0000 | DualAnt:N
[INFO] [1781619373.666403994] [gkv2_nav_parser]: Packets: 2700 | CRC errors: 0 | Pos(10.00,5.00,0.00) | Yaw:1.57 | Sats:15 | RTK:FIXED | CoordsValid:Y | Stage:50 | Fails:0x0000 | DualAnt:N
[INFO] [1781619374.168717499] [gkv2_nav_parser]: Packets: 2800 | CRC errors: 0 | Pos(10.00,5.00,0.00) | Yaw:1.57 | Sats:15 | RTK:FIXED | CoordsValid:Y | Stage:50 | Fails:0x0000 | DualAnt:N
[INFO] [1781619374.671093301] [gkv2_nav_parser]: Packets: 2900 | CRC errors: 0 | Pos(10.00,5.00,0.00) | Yaw:1.57 | Sats:15 | RTK:FIXED | CoordsValid:Y | Stage:50 | Fails:0x0000 | DualAnt:N
[INFO] [1781619375.173481486] [gkv2_nav_parser]: Packets: 3000 | CRC errors: 0 | Pos(10.00,5.00,0.00) | Yaw:1.57 | Sats:15 | RTK:FIXED | CoordsValid:Y | Stage:50 | Fails:0x0000 | DualAnt:N
[INFO] [1781619375.675922641] [gkv2_nav_parser]: Packets: 3100 | CRC errors: 0 | Pos(10.00,5.00,0.00) | Yaw:1.57 | Sats:15 | RTK:FIXED | CoordsValid:Y | Stage:50 | Fails:0x0000 | DualAnt:N
[INFO] [1781619376.178278875] [gkv2_nav_parser]: Packets: 3200 | CRC errors: 0 | Pos(10.00,5.00,0.00) | Yaw:1.57 | Sats:15 | RTK:FIXED | CoordsValid:Y | Stage:50 | Fails:0x0000 | DualAnt:N
[INFO] [1781619376.680677220] [gkv2_nav_parser]: Packets: 3300 | CRC errors: 0 | Pos(10.00,5.00,0.00) | Yaw:1.57 | Sats:15 | RTK:FIXED | CoordsValid:Y | Stage:50 | Fails:0x0000 | DualAnt:N
[INFO] [1781619377.183045106] [gkv2_nav_parser]: Packets: 3400 | CRC errors: 0 | Pos(10.00,5.00,0.00) | Yaw:1.57 | Sats:15 | RTK:FIXED | CoordsValid:Y | Stage:50 | Fails:0x0000 | DualAnt:N
[INFO] [1781619377.685501277] [gkv2_nav_parser]: Packets: 3500 | CRC errors: 0 | Pos(10.00,5.00,0.00) | Yaw:1.57 | Sats:15 | RTK:FIXED | CoordsValid:Y | Stage:50 | Fails:0x0000 | DualAnt:N
[INFO] [1781619378.187859215] [gkv2_nav_parser]: Packets: 3600 | CRC errors: 0 | Pos(10.00,5.00,0.00) | Yaw:1.57 | Sats:15 | RTK:FIXED | CoordsValid:Y | Stage:50 | Fails:0x0000 | DualAnt:N
[INFO] [1781619378.690271475] [gkv2_nav_parser]: Packets: 3700 | CRC errors: 0 | Pos(10.00,5.00,0.00) | Yaw:1.57 | Sats:15 | RTK:FIXED | CoordsValid:Y | Stage:50 | Fails:0x0000 | DualAnt:N
[INFO] [1781619379.192603072] [gkv2_nav_parser]: Packets: 3800 | CRC errors: 0 | Pos(10.00,5.00,0.00) | Yaw:1.57 | Sats:15 | RTK:FIXED | CoordsValid:Y | Stage:50 | Fails:0x0000 | DualAnt:N
[INFO] [1781619379.695010312] [gkv2_nav_parser]: Packets: 3900 | CRC errors: 0 | Pos(10.00,5.00,0.00) | Yaw:1.57 | Sats:15 | RTK:FIXED | CoordsValid:Y | Stage:50 | Fails:0x0000 | DualAnt:N
[INFO] [1781619380.197374871] [gkv2_nav_parser]: Packets: 4000 | CRC errors: 0 | Pos(10.00,5.00,0.00) | Yaw:1.57 | Sats:15 | RTK:FIXED | CoordsValid:Y | Stage:50 | Fails:0x0000 | DualAnt:N
[INFO] [1781619380.699603485] [gkv2_nav_parser]: Packets: 4100 | CRC errors: 0 | Pos(10.00,5.00,0.00) | Yaw:1.57 | Sats:15 | RTK:FIXED | CoordsValid:Y | Stage:50 | Fails:0x0000 | DualAnt:N
[INFO] [1781619381.201990234] [gkv2_nav_parser]: Packets: 4200 | CRC errors: 0 | Pos(10.00,5.00,0.00) | Yaw:1.57 | Sats:15 | RTK:FIXED | CoordsValid:Y | Stage:50 | Fails:0x0000 | DualAnt:N
[INFO] [1781619381.704359151] [gkv2_nav_parser]: Packets: 4300 | CRC errors: 0 | Pos(10.00,5.00,0.00) | Yaw:1.57 | Sats:15 | RTK:FIXED | CoordsValid:Y | Stage:50 | Fails:0x0000 | DualAnt:N
[INFO] [1781619382.206698992] [gkv2_nav_parser]: Packets: 4400 | CRC errors: 0 | Pos(10.00,5.00,0.00) | Yaw:1.57 | Sats:15 | RTK:FIXED | CoordsValid:Y | Stage:50 | Fails:0x0000 | DualAnt:N
[INFO] [1781619382.709021471] [gkv2_nav_parser]: Packets: 4500 | CRC errors: 0 | Pos(10.00,5.00,0.00) | Yaw:1.57 | Sats:15 | RTK:FIXED | CoordsValid:Y | Stage:50 | Fails:0x0000 | DualAnt:N
[INFO] [1781619383.211365750] [gkv2_nav_parser]: Packets: 4600 | CRC errors: 0 | Pos(10.00,5.00,0.00) | Yaw:1.57 | Sats:15 | RTK:FIXED | CoordsValid:Y | Stage:50 | Fails:0x0000 | DualAnt:N
[INFO] [1781619383.713812613] [gkv2_nav_parser]: Packets: 4700 | CRC errors: 0 | Pos(10.00,5.00,0.00) | Yaw:1.57 | Sats:15 | RTK:FIXED | CoordsValid:Y | Stage:50 | Fails:0x0000 | DualAnt:N
[INFO] [1781619384.216196827] [gkv2_nav_parser]: Packets: 4800 | CRC errors: 0 | Pos(10.00,5.00,0.00) | Yaw:1.57 | Sats:15 | RTK:FIXED | CoordsValid:Y | Stage:50 | Fails:0x0000 | DualAnt:N
[INFO] [1781619384.718633569] [gkv2_nav_parser]: Packets: 4900 | CRC errors: 0 | Pos(10.00,5.00,0.00) | Yaw:1.57 | Sats:15 | RTK:FIXED | CoordsValid:Y | Stage:50 | Fails:0x0000 | DualAnt:N
[INFO] [1781619385.221073328] [gkv2_nav_parser]: Packets: 5000 | CRC errors: 0 | Pos(10.00,5.00,0.00) | Yaw:1.57 | Sats:15 | RTK:FIXED | CoordsValid:Y | Stage:50 | Fails:0x0000 | DualAnt:N
[INFO] [1781619385.723433927] [gkv2_nav_parser]: Packets: 5100 | CRC errors: 0 | Pos(10.00,5.00,0.00) | Yaw:1.57 | Sats:15 | RTK:FIXED | CoordsValid:Y | Stage:50 | Fails:0x0000 | DualAnt:N
[INFO] [1781619386.225814394] [gkv2_nav_parser]: Packets: 5200 | CRC errors: 0 | Pos(10.00,5.00,0.00) | Yaw:1.57 | Sats:15 | RTK:FIXED | CoordsValid:Y | Stage:50 | Fails:0x0000 | DualAnt:N
[INFO] [1781619386.728163392] [gkv2_nav_parser]: Packets: 5300 | CRC errors: 0 | Pos(10.00,5.00,0.00) | Yaw:1.57 | Sats:15 | RTK:FIXED | CoordsValid:Y | Stage:50 | Fails:0x0000 | DualAnt:N
[INFO] [1781619387.230553025] [gkv2_nav_parser]: Packets: 5400 | CRC errors: 0 | Pos(10.00,5.00,0.00) | Yaw:1.57 | Sats:15 | RTK:FIXED | CoordsValid:Y | Stage:50 | Fails:0x0000 | DualAnt:N
[INFO] [1781619387.732964208] [gkv2_nav_parser]: Packets: 5500 | CRC errors: 0 | Pos(10.00,5.00,0.00) | Yaw:1.57 | Sats:15 | RTK:FIXED | CoordsValid:Y | Stage:50 | Fails:0x0000 | DualAnt:N
[INFO] [1781619388.235342319] [gkv2_nav_parser]: Packets: 5600 | CRC errors: 0 | Pos(10.00,5.00,0.00) | Yaw:1.57 | Sats:15 | RTK:FIXED | CoordsValid:Y | Stage:50 | Fails:0x0000 | DualAnt:N
[INFO] [1781619388.737700733] [gkv2_nav_parser]: Packets: 5700 | CRC errors: 0 | Pos(10.00,5.00,0.00) | Yaw:1.57 | Sats:15 | RTK:FIXED | CoordsValid:Y | Stage:50 | Fails:0x0000 | DualAnt:N
[INFO] [1781619389.240095256] [gkv2_nav_parser]: Packets: 5800 | CRC errors: 0 | Pos(10.00,5.00,0.00) | Yaw:1.57 | Sats:15 | RTK:FIXED | CoordsValid:Y | Stage:50 | Fails:0x0000 | DualAnt:N
[INFO] [1781619389.742486993] [gkv2_nav_parser]: Packets: 5900 | CRC errors: 0 | Pos(10.00,5.00,0.00) | Yaw:1.57 | Sats:15 | RTK:FIXED | CoordsValid:Y | Stage:50 | Fails:0x0000 | DualAnt:N
[INFO] [1781619390.244789572] [gkv2_nav_parser]: Packets: 6000 | CRC errors: 0 | Pos(10.00,5.00,0.00) | Yaw:1.57 | Sats:15 | RTK:FIXED | CoordsValid:Y | Stage:50 | Fails:0x0000 | DualAnt:N
[INFO] [1781619390.747152404] [gkv2_nav_parser]: Packets: 6100 | CRC errors: 0 | Pos(10.00,5.00,0.00) | Yaw:1.57 | Sats:15 | RTK:FIXED | CoordsValid:Y | Stage:50 | Fails:0x0000 | DualAnt:N
[INFO] [1781619391.249524021] [gkv2_nav_parser]: Packets: 6200 | CRC errors: 0 | Pos(10.00,5.00,0.00) | Yaw:1.57 | Sats:15 | RTK:FIXED | CoordsValid:Y | Stage:50 | Fails:0x0000 | DualAnt:N
[INFO] [1781619391.751902762] [gkv2_nav_parser]: Packets: 6300 | CRC errors: 0 | Pos(10.00,5.00,0.00) | Yaw:1.57 | Sats:15 | RTK:FIXED | CoordsValid:Y | Stage:50 | Fails:0x0000 | DualAnt:N
[INFO] [1781619392.254270353] [gkv2_nav_parser]: Packets: 6400 | CRC errors: 0 | Pos(10.00,5.00,0.00) | Yaw:1.57 | Sats:15 | RTK:FIXED | CoordsValid:Y | Stage:50 | Fails:0x0000 | DualAnt:N
[INFO] [1781619392.756635650] [gkv2_nav_parser]: Packets: 6500 | CRC errors: 0 | Pos(10.00,5.00,0.00) | Yaw:1.57 | Sats:15 | RTK:FIXED | CoordsValid:Y | Stage:50 | Fails:0x0000 | DualAnt:N
[INFO] [1781619393.259009411] [gkv2_nav_parser]: Packets: 6600 | CRC errors: 0 | Pos(10.00,5.00,0.00) | Yaw:1.57 | Sats:15 | RTK:FIXED | CoordsValid:Y | Stage:50 | Fails:0x0000 | DualAnt:N
[INFO] [1781619393.761438908] [gkv2_nav_parser]: Packets: 6700 | CRC errors: 0 | Pos(10.00,5.00,0.00) | Yaw:1.57 | Sats:15 | RTK:FIXED | CoordsValid:Y | Stage:50 | Fails:0x0000 | DualAnt:N
[INFO] [1781619394.263800586] [gkv2_nav_parser]: Packets: 6800 | CRC errors: 0 | Pos(10.00,5.00,0.00) | Yaw:1.57 | Sats:15 | RTK:FIXED | CoordsValid:Y | Stage:50 | Fails:0x0000 | DualAnt:N
[INFO] [1781619394.766189335] [gkv2_nav_parser]: Packets: 6900 | CRC errors: 0 | Pos(10.00,5.00,0.00) | Yaw:1.57 | Sats:15 | RTK:FIXED | CoordsValid:Y | Stage:50 | Fails:0x0000 | DualAnt:N
[INFO] [1781619395.268576293] [gkv2_nav_parser]: Packets: 7000 | CRC errors: 0 | Pos(10.00,5.00,0.00) | Yaw:1.57 | Sats:15 | RTK:FIXED | CoordsValid:Y | Stage:50 | Fails:0x0000 | DualAnt:N
[INFO] [1781619395.770942791] [gkv2_nav_parser]: Packets: 7100 | CRC errors: 0 | Pos(10.00,5.00,0.00) | Yaw:1.57 | Sats:15 | RTK:FIXED | CoordsValid:Y | Stage:50 | Fails:0x0000 | DualAnt:N
[INFO] [1781619396.273381144] [gkv2_nav_parser]: Packets: 7200 | CRC errors: 0 | Pos(10.00,5.00,0.00) | Yaw:1.57 | Sats:15 | RTK:FIXED | CoordsValid:Y | Stage:50 | Fails:0x0000 | DualAnt:N
[INFO] [1781619396.775776345] [gkv2_nav_parser]: Packets: 7300 | CRC errors: 0 | Pos(10.00,5.00,0.00) | Yaw:1.57 | Sats:15 | RTK:FIXED | CoordsValid:Y | Stage:50 | Fails:0x0000 | DualAnt:N
[INFO] [1781619397.278182666] [gkv2_nav_parser]: Packets: 7400 | CRC errors: 0 | Pos(10.00,5.00,0.00) | Yaw:1.57 | Sats:15 | RTK:FIXED | CoordsValid:Y | Stage:50 | Fails:0x0000 | DualAnt:N
[INFO] [1781619397.780553649] [gkv2_nav_parser]: Packets: 7500 | CRC errors: 0 | Pos(10.00,5.00,0.00) | Yaw:1.57 | Sats:15 | RTK:FIXED | CoordsValid:Y | Stage:50 | Fails:0x0000 | DualAnt:N
[INFO] [1781619398.282930054] [gkv2_nav_parser]: Packets: 7600 | CRC errors: 0 | Pos(10.00,5.00,0.00) | Yaw:1.57 | Sats:15 | RTK:FIXED | CoordsValid:Y | Stage:50 | Fails:0x0000 | DualAnt:N
[INFO] [1781619398.785330444] [gkv2_nav_parser]: Packets: 7700 | CRC errors: 0 | Pos(10.00,5.00,0.00) | Yaw:1.57 | Sats:15 | RTK:FIXED | CoordsValid:Y | Stage:50 | Fails:0x0000 | DualAnt:N
[INFO] [1781619399.287706719] [gkv2_nav_parser]: Packets: 7800 | CRC errors: 0 | Pos(10.00,5.00,0.00) | Yaw:1.57 | Sats:15 | RTK:FIXED | CoordsValid:Y | Stage:50 | Fails:0x0000 | DualAnt:N
[INFO] [1781619399.790097750] [gkv2_nav_parser]: Packets: 7900 | CRC errors: 0 | Pos(10.00,5.00,0.00) | Yaw:1.57 | Sats:15 | RTK:FIXED | CoordsValid:Y | Stage:50 | Fails:0x0000 | DualAnt:N
[INFO] [1781619400.292506083] [gkv2_nav_parser]: Packets: 8000 | CRC errors: 0 | Pos(10.00,5.00,0.00) | Yaw:1.57 | Sats:15 | RTK:FIXED | CoordsValid:Y | Stage:50 | Fails:0x0000 | DualAnt:N
[INFO] [1781619400.794882186] [gkv2_nav_parser]: Packets: 8100 | CRC errors: 0 | Pos(10.00,5.00,0.00) | Yaw:1.57 | Sats:15 | RTK:FIXED | CoordsValid:Y | Stage:50 | Fails:0x0000 | DualAnt:N
[INFO] [1781619401.297252861] [gkv2_nav_parser]: Packets: 8200 | CRC errors: 0 | Pos(10.00,5.00,0.00) | Yaw:1.57 | Sats:15 | RTK:FIXED | CoordsValid:Y | Stage:50 | Fails:0x0000 | DualAnt:N
[INFO] [1781619401.799580603] [gkv2_nav_parser]: Packets: 8300 | CRC errors: 0 | Pos(10.00,5.00,0.00) | Yaw:1.57 | Sats:15 | RTK:FIXED | CoordsValid:Y | Stage:50 | Fails:0x0000 | DualAnt:N
[INFO] [1781619402.301979509] [gkv2_nav_parser]: Packets: 8400 | CRC errors: 0 | Pos(10.00,5.00,0.00) | Yaw:1.57 | Sats:15 | RTK:FIXED | CoordsValid:Y | Stage:50 | Fails:0x0000 | DualAnt:N
[INFO] [1781619402.804510925] [gkv2_nav_parser]: Packets: 8500 | CRC errors: 0 | Pos(10.00,5.00,0.00) | Yaw:1.57 | Sats:15 | RTK:FIXED | CoordsValid:Y | Stage:50 | Fails:0x0000 | DualAnt:N
[INFO] [1781619403.306884484] [gkv2_nav_parser]: Packets: 8600 | CRC errors: 0 | Pos(10.00,5.00,0.00) | Yaw:1.57 | Sats:15 | RTK:FIXED | CoordsValid:Y | Stage:50 | Fails:0x0000 | DualAnt:N
[INFO] [1781619403.809418454] [gkv2_nav_parser]: Packets: 8700 | CRC errors: 0 | Pos(10.00,5.00,0.00) | Yaw:1.57 | Sats:15 | RTK:FIXED | CoordsValid:Y | Stage:50 | Fails:0x0000 | DualAnt:N
[INFO] [1781619404.311982620] [gkv2_nav_parser]: Packets: 8800 | CRC errors: 0 | Pos(10.00,5.00,0.00) | Yaw:1.57 | Sats:15 | RTK:FIXED | CoordsValid:Y | Stage:50 | Fails:0x0000 | DualAnt:N
[INFO] [1781619404.814333354] [gkv2_nav_parser]: Packets: 8900 | CRC errors: 0 | Pos(10.00,5.00,0.00) | Yaw:1.57 | Sats:15 | RTK:FIXED | CoordsValid:Y | Stage:50 | Fails:0x0000 | DualAnt:N
[INFO] [1781619405.316755714] [gkv2_nav_parser]: Packets: 9000 | CRC errors: 0 | Pos(10.00,5.00,0.00) | Yaw:1.57 | Sats:15 | RTK:FIXED | CoordsValid:Y | Stage:50 | Fails:0x0000 | DualAnt:N
[INFO] [1781619405.819081041] [gkv2_nav_parser]: Packets: 9100 | CRC errors: 0 | Pos(10.00,5.00,0.00) | Yaw:1.57 | Sats:15 | RTK:FIXED | CoordsValid:Y | Stage:50 | Fails:0x0000 | DualAnt:N
[INFO] [1781619406.321458575] [gkv2_nav_parser]: Packets: 9200 | CRC errors: 0 | Pos(10.00,5.00,0.00) | Yaw:1.57 | Sats:15 | RTK:FIXED | CoordsValid:Y | Stage:50 | Fails:0x0000 | DualAnt:N
[INFO] [1781619406.823929346] [gkv2_nav_parser]: Packets: 9300 | CRC errors: 0 | Pos(10.00,5.00,0.00) | Yaw:1.57 | Sats:15 | RTK:FIXED | CoordsValid:Y | Stage:50 | Fails:0x0000 | DualAnt:N
[INFO] [1781619407.326267617] [gkv2_nav_parser]: Packets: 9400 | CRC errors: 0 | Pos(10.00,5.00,0.00) | Yaw:1.57 | Sats:15 | RTK:FIXED | CoordsValid:Y | Stage:50 | Fails:0x0000 | DualAnt:N
[INFO] [1781619407.828824619] [gkv2_nav_parser]: Packets: 9500 | CRC errors: 0 | Pos(10.00,5.00,0.00) | Yaw:1.57 | Sats:15 | RTK:FIXED | CoordsValid:Y | Stage:50 | Fails:0x0000 | DualAnt:N
[INFO] [1781619408.331230767] [gkv2_nav_parser]: Packets: 9600 | CRC errors: 0 | Pos(10.00,5.00,0.00) | Yaw:1.57 | Sats:15 | RTK:FIXED | CoordsValid:Y | Stage:50 | Fails:0x0000 | DualAnt:N
[INFO] [1781619408.833620513] [gkv2_nav_parser]: Packets: 9700 | CRC errors: 0 | Pos(10.00,5.00,0.00) | Yaw:1.57 | Sats:15 | RTK:FIXED | CoordsValid:Y | Stage:50 | Fails:0x0000 | DualAnt:N
[INFO] [1781619409.335990593] [gkv2_nav_parser]: Packets: 9800 | CRC errors: 0 | Pos(10.00,5.00,0.00) | Yaw:1.57 | Sats:15 | RTK:FIXED | CoordsValid:Y | Stage:50 | Fails:0x0000 | DualAnt:N
[INFO] [1781619409.838481549] [gkv2_nav_parser]: Packets: 9900 | CRC errors: 0 | Pos(10.00,5.00,0.00) | Yaw:1.57 | Sats:15 | RTK:FIXED | CoordsValid:Y | Stage:50 | Fails:0x0000 | DualAnt:N
[INFO] [1781619410.340885672] [gkv2_nav_parser]: Packets: 10000 | CRC errors: 0 | Pos(10.00,5.00,0.00) | Yaw:1.57 | Sats:15 | RTK:FIXED | CoordsValid:Y | Stage:50 | Fails:0x0000 | DualAnt:N
[INFO] [1781619410.843289025] [gkv2_nav_parser]: Packets: 10100 | CRC errors: 0 | Pos(10.00,5.00,0.00) | Yaw:1.57 | Sats:15 | RTK:FIXED | CoordsValid:Y | Stage:50 | Fails:0x0000 | DualAnt:N
[INFO] [1781619411.345682849] [gkv2_nav_parser]: Packets: 10200 | CRC errors: 0 | Pos(10.00,5.00,0.00) | Yaw:1.57 | Sats:15 | RTK:FIXED | CoordsValid:Y | Stage:50 | Fails:0x0000 | DualAnt:N
[INFO] [1781619411.848030528] [gkv2_nav_parser]: Packets: 10300 | CRC errors: 0 | Pos(10.00,5.00,0.00) | Yaw:1.57 | Sats:15 | RTK:FIXED | CoordsValid:Y | Stage:50 | Fails:0x0000 | DualAnt:N
[INFO] [1781619412.350469988] [gkv2_nav_parser]: Packets: 10400 | CRC errors: 0 | Pos(10.00,5.00,0.00) | Yaw:1.57 | Sats:15 | RTK:FIXED | CoordsValid:Y | Stage:50 | Fails:0x0000 | DualAnt:N
[INFO] [1781619412.852977635] [gkv2_nav_parser]: Packets: 10500 | CRC errors: 0 | Pos(10.00,5.00,0.00) | Yaw:1.57 | Sats:15 | RTK:FIXED | CoordsValid:Y | Stage:50 | Fails:0x0000 | DualAnt:N
[INFO] [1781619413.355386387] [gkv2_nav_parser]: Packets: 10600 | CRC errors: 0 | Pos(10.00,5.00,0.00) | Yaw:1.57 | Sats:15 | RTK:FIXED | CoordsValid:Y | Stage:50 | Fails:0x0000 | DualAnt:N
[INFO] [1781619413.857833661] [gkv2_nav_parser]: Packets: 10700 | CRC errors: 0 | Pos(10.00,5.00,0.00) | Yaw:1.57 | Sats:15 | RTK:FIXED | CoordsValid:Y | Stage:50 | Fails:0x0000 | DualAnt:N
[INFO] [1781619414.360315359] [gkv2_nav_parser]: Packets: 10800 | CRC errors: 0 | Pos(10.00,5.00,0.00) | Yaw:1.57 | Sats:15 | RTK:FIXED | CoordsValid:Y | Stage:50 | Fails:0x0000 | DualAnt:N
[INFO] [1781619414.862695977] [gkv2_nav_parser]: Packets: 10900 | CRC errors: 0 | Pos(10.00,5.00,0.00) | Yaw:1.57 | Sats:15 | RTK:FIXED | CoordsValid:Y | Stage:50 | Fails:0x0000 | DualAnt:N
[INFO] [1781619415.365069952] [gkv2_nav_parser]: Packets: 11000 | CRC errors: 0 | Pos(10.00,5.00,0.00) | Yaw:1.57 | Sats:15 | RTK:FIXED | CoordsValid:Y | Stage:50 | Fails:0x0000 | DualAnt:N
[INFO] [1781619415.867359868] [gkv2_nav_parser]: Packets: 11100 | CRC errors: 0 | Pos(10.00,5.00,0.00) | Yaw:1.57 | Sats:15 | RTK:FIXED | CoordsValid:Y | Stage:50 | Fails:0x0000 | DualAnt:N
[INFO] [1781619416.369803665] [gkv2_nav_parser]: Packets: 11200 | CRC errors: 0 | Pos(10.00,5.00,0.00) | Yaw:1.57 | Sats:15 | RTK:FIXED | CoordsValid:Y | Stage:50 | Fails:0x0000 | DualAnt:N
[INFO] [1781619416.872173843] [gkv2_nav_parser]: Packets: 11300 | CRC errors: 0 | Pos(10.00,5.00,0.00) | Yaw:1.57 | Sats:15 | RTK:FIXED | CoordsValid:Y | Stage:50 | Fails:0x0000 | DualAnt:N
[INFO] [1781619417.374505869] [gkv2_nav_parser]: Packets: 11400 | CRC errors: 0 | Pos(10.00,5.00,0.00) | Yaw:1.57 | Sats:15 | RTK:FIXED | CoordsValid:Y | Stage:50 | Fails:0x0000 | DualAnt:N
[INFO] [1781619417.876901264] [gkv2_nav_parser]: Packets: 11500 | CRC errors: 0 | Pos(10.00,5.00,0.00) | Yaw:1.57 | Sats:15 | RTK:FIXED | CoordsValid:Y | Stage:50 | Fails:0x0000 | DualAnt:N
[INFO] [1781619418.379401164] [gkv2_nav_parser]: Packets: 11600 | CRC errors: 0 | Pos(10.00,5.00,0.00) | Yaw:1.57 | Sats:15 | RTK:FIXED | CoordsValid:Y | Stage:50 | Fails:0x0000 | DualAnt:N
[INFO] [1781619418.881829000] [gkv2_nav_parser]: Packets: 11700 | CRC errors: 0 | Pos(10.00,5.00,0.00) | Yaw:1.57 | Sats:15 | RTK:FIXED | CoordsValid:Y | Stage:50 | Fails:0x0000 | DualAnt:N
[INFO] [1781619419.384243531] [gkv2_nav_parser]: Packets: 11800 | CRC errors: 0 | Pos(10.00,5.00,0.00) | Yaw:1.57 | Sats:15 | RTK:FIXED | CoordsValid:Y | Stage:50 | Fails:0x0000 | DualAnt:N
[INFO] [1781619419.886637281] [gkv2_nav_parser]: Packets: 11900 | CRC errors: 0 | Pos(10.00,5.00,0.00) | Yaw:1.57 | Sats:15 | RTK:FIXED | CoordsValid:Y | Stage:50 | Fails:0x0000 | DualAnt:N
[INFO] [1781619420.389087709] [gkv2_nav_parser]: Packets: 12000 | CRC errors: 0 | Pos(10.00,5.00,0.00) | Yaw:1.57 | Sats:15 | RTK:FIXED | CoordsValid:Y | Stage:50 | Fails:0x0000 | DualAnt:N
[INFO] [1781619420.891514782] [gkv2_nav_parser]: Packets: 12100 | CRC errors: 0 | Pos(10.00,5.00,0.00) | Yaw:1.57 | Sats:15 | RTK:FIXED | CoordsValid:Y | Stage:50 | Fails:0x0000 | DualAnt:N
[INFO] [1781619421.394013729] [gkv2_nav_parser]: Packets: 12200 | CRC errors: 0 | Pos(10.00,5.00,0.00) | Yaw:1.57 | Sats:15 | RTK:FIXED | CoordsValid:Y | Stage:50 | Fails:0x0000 | DualAnt:N
[INFO] [1781619421.896372083] [gkv2_nav_parser]: Packets: 12300 | CRC errors: 0 | Pos(10.00,5.00,0.00) | Yaw:1.57 | Sats:15 | RTK:FIXED | CoordsValid:Y | Stage:50 | Fails:0x0000 | DualAnt:N
[INFO] [1781619422.398792803] [gkv2_nav_parser]: Packets: 12400 | CRC errors: 0 | Pos(10.00,5.00,0.00) | Yaw:1.57 | Sats:15 | RTK:FIXED | CoordsValid:Y | Stage:50 | Fails:0x0000 | DualAnt:N
[INFO] [1781619422.901173018] [gkv2_nav_parser]: Packets: 12500 | CRC errors: 0 | Pos(10.00,5.00,0.00) | Yaw:1.57 | Sats:15 | RTK:FIXED | CoordsValid:Y | Stage:50 | Fails:0x0000 | DualAnt:N
[INFO] [1781619423.403887201] [gkv2_nav_parser]: Packets: 12600 | CRC errors: 0 | Pos(10.00,5.00,0.00) | Yaw:1.57 | Sats:15 | RTK:FIXED | CoordsValid:Y | Stage:50 | Fails:0x0000 | DualAnt:N
[INFO] [1781619423.906610662] [gkv2_nav_parser]: Packets: 12700 | CRC errors: 0 | Pos(10.00,5.00,0.00) | Yaw:1.57 | Sats:15 | RTK:FIXED | CoordsValid:Y | Stage:50 | Fails:0x0000 | DualAnt:N
[INFO] [1781619424.409181334] [gkv2_nav_parser]: Packets: 12800 | CRC errors: 0 | Pos(10.00,5.00,0.00) | Yaw:1.57 | Sats:15 | RTK:FIXED | CoordsValid:Y | Stage:50 | Fails:0x0000 | DualAnt:N
[INFO] [1781619424.911622744] [gkv2_nav_parser]: Packets: 12900 | CRC errors: 0 | Pos(10.00,5.00,0.00) | Yaw:1.57 | Sats:15 | RTK:FIXED | CoordsValid:Y | Stage:50 | Fails:0x0000 | DualAnt:N
[INFO] [1781619425.414170984] [gkv2_nav_parser]: Packets: 13000 | CRC errors: 0 | Pos(10.00,5.00,0.00) | Yaw:1.57 | Sats:15 | RTK:FIXED | CoordsValid:Y | Stage:50 | Fails:0x0000 | DualAnt:N
[INFO] [1781619425.916603227] [gkv2_nav_parser]: Packets: 13100 | CRC errors: 0 | Pos(10.00,5.00,0.00) | Yaw:1.57 | Sats:15 | RTK:FIXED | CoordsValid:Y | Stage:50 | Fails:0x0000 | DualAnt:N
[INFO] [1781619426.419103196] [gkv2_nav_parser]: Packets: 13200 | CRC errors: 0 | Pos(10.00,5.00,0.00) | Yaw:1.57 | Sats:15 | RTK:FIXED | CoordsValid:Y | Stage:50 | Fails:0x0000 | DualAnt:N
[INFO] [1781619426.921560516] [gkv2_nav_parser]: Packets: 13300 | CRC errors: 0 | Pos(10.00,5.00,0.00) | Yaw:1.57 | Sats:15 | RTK:FIXED | CoordsValid:Y | Stage:50 | Fails:0x0000 | DualAnt:N
[INFO] [1781619427.423960136] [gkv2_nav_parser]: Packets: 13400 | CRC errors: 0 | Pos(10.00,5.00,0.00) | Yaw:1.57 | Sats:15 | RTK:FIXED | CoordsValid:Y | Stage:50 | Fails:0x0000 | DualAnt:N
[INFO] [1781619427.926363162] [gkv2_nav_parser]: Packets: 13500 | CRC errors: 0 | Pos(10.00,5.00,0.00) | Yaw:1.57 | Sats:15 | RTK:FIXED | CoordsValid:Y | Stage:50 | Fails:0x0000 | DualAnt:N
[INFO] [1781619428.428786185] [gkv2_nav_parser]: Packets: 13600 | CRC errors: 0 | Pos(10.00,5.00,0.00) | Yaw:1.57 | Sats:15 | RTK:FIXED | CoordsValid:Y | Stage:50 | Fails:0x0000 | DualAnt:N
[INFO] [1781619428.931191825] [gkv2_nav_parser]: Packets: 13700 | CRC errors: 0 | Pos(10.00,5.00,0.00) | Yaw:1.57 | Sats:15 | RTK:FIXED | CoordsValid:Y | Stage:50 | Fails:0x0000 | DualAnt:N
[INFO] [1781619429.433660875] [gkv2_nav_parser]: Packets: 13800 | CRC errors: 0 | Pos(10.00,5.00,0.00) | Yaw:1.57 | Sats:15 | RTK:FIXED | CoordsValid:Y | Stage:50 | Fails:0x0000 | DualAnt:N
[INFO] [1781619429.936060725] [gkv2_nav_parser]: Packets: 13900 | CRC errors: 0 | Pos(10.00,5.00,0.00) | Yaw:1.57 | Sats:15 | RTK:FIXED | CoordsValid:Y | Stage:50 | Fails:0x0000 | DualAnt:N
[INFO] [1781619430.438468489] [gkv2_nav_parser]: Packets: 14000 | CRC errors: 0 | Pos(10.00,5.00,0.00) | Yaw:1.57 | Sats:15 | RTK:FIXED | CoordsValid:Y | Stage:50 | Fails:0x0000 | DualAnt:N
[INFO] [1781619430.940875072] [gkv2_nav_parser]: Packets: 14100 | CRC errors: 0 | Pos(10.00,5.00,0.00) | Yaw:1.57 | Sats:15 | RTK:FIXED | CoordsValid:Y | Stage:50 | Fails:0x0000 | DualAnt:N
[INFO] [1781619431.443228865] [gkv2_nav_parser]: Packets: 14200 | CRC errors: 0 | Pos(10.00,5.00,0.00) | Yaw:1.57 | Sats:15 | RTK:FIXED | CoordsValid:Y | Stage:50 | Fails:0x0000 | DualAnt:N
[INFO] [1781619431.945615559] [gkv2_nav_parser]: Packets: 14300 | CRC errors: 0 | Pos(10.00,5.00,0.00) | Yaw:1.57 | Sats:15 | RTK:FIXED | CoordsValid:Y | Stage:50 | Fails:0x0000 | DualAnt:N
[INFO] [1781619432.447990883] [gkv2_nav_parser]: Packets: 14400 | CRC errors: 0 | Pos(10.00,5.00,0.00) | Yaw:1.57 | Sats:15 | RTK:FIXED | CoordsValid:Y | Stage:50 | Fails:0x0000 | DualAnt:N
[INFO] [1781619432.950411260] [gkv2_nav_parser]: Packets: 14500 | CRC errors: 0 | Pos(10.00,5.00,0.00) | Yaw:1.57 | Sats:15 | RTK:FIXED | CoordsValid:Y | Stage:50 | Fails:0x0000 | DualAnt:N
[INFO] [1781619433.452881492] [gkv2_nav_parser]: Packets: 14600 | CRC errors: 0 | Pos(10.00,5.00,0.00) | Yaw:1.57 | Sats:15 | RTK:FIXED | CoordsValid:Y | Stage:50 | Fails:0x0000 | DualAnt:N
[INFO] [1781619433.955281031] [gkv2_nav_parser]: Packets: 14700 | CRC errors: 0 | Pos(10.00,5.00,0.00) | Yaw:1.57 | Sats:15 | RTK:FIXED | CoordsValid:Y | Stage:50 | Fails:0x0000 | DualAnt:N
[INFO] [1781619434.457772432] [gkv2_nav_parser]: Packets: 14800 | CRC errors: 0 | Pos(10.00,5.00,0.00) | Yaw:1.57 | Sats:15 | RTK:FIXED | CoordsValid:Y | Stage:50 | Fails:0x0000 | DualAnt:N
[INFO] [1781619434.960137566] [gkv2_nav_parser]: Packets: 14900 | CRC errors: 0 | Pos(10.00,5.00,0.00) | Yaw:1.57 | Sats:15 | RTK:FIXED | CoordsValid:Y | Stage:50 | Fails:0x0000 | DualAnt:N
[INFO] [1781619435.462527135] [gkv2_nav_parser]: Packets: 15000 | CRC errors: 0 | Pos(10.00,5.00,0.00) | Yaw:1.57 | Sats:15 | RTK:FIXED | CoordsValid:Y | Stage:50 | Fails:0x0000 | DualAnt:N
[INFO] [1781619435.964895184] [gkv2_nav_parser]: Packets: 15100 | CRC errors: 0 | Pos(10.00,5.00,0.00) | Yaw:1.57 | Sats:15 | RTK:FIXED | CoordsValid:Y | Stage:50 | Fails:0x0000 | DualAnt:N
[INFO] [1781619436.467336781] [gkv2_nav_parser]: Packets: 15200 | CRC errors: 0 | Pos(10.00,5.00,0.00) | Yaw:1.57 | Sats:15 | RTK:FIXED | CoordsValid:Y | Stage:50 | Fails:0x0000 | DualAnt:N
[INFO] [1781619436.969758020] [gkv2_nav_parser]: Packets: 15300 | CRC errors: 0 | Pos(10.00,5.00,0.00) | Yaw:1.57 | Sats:15 | RTK:FIXED | CoordsValid:Y | Stage:50 | Fails:0x0000 | DualAnt:N
[INFO] [1781619437.472181682] [gkv2_nav_parser]: Packets: 15400 | CRC errors: 0 | Pos(10.00,5.00,0.00) | Yaw:1.57 | Sats:15 | RTK:FIXED | CoordsValid:Y | Stage:50 | Fails:0x0000 | DualAnt:N
[INFO] [1781619437.974585308] [gkv2_nav_parser]: Packets: 15500 | CRC errors: 0 | Pos(10.00,5.00,0.00) | Yaw:1.57 | Sats:15 | RTK:FIXED | CoordsValid:Y | Stage:50 | Fails:0x0000 | DualAnt:N
[INFO] [1781619438.477006013] [gkv2_nav_parser]: Packets: 15600 | CRC errors: 0 | Pos(10.00,5.00,0.00) | Yaw:1.57 | Sats:15 | RTK:FIXED | CoordsValid:Y | Stage:50 | Fails:0x0000 | DualAnt:N
[INFO] [1781619438.979491392] [gkv2_nav_parser]: Packets: 15700 | CRC errors: 0 | Pos(10.00,5.00,0.00) | Yaw:1.57 | Sats:15 | RTK:FIXED | CoordsValid:Y | Stage:50 | Fails:0x0000 | DualAnt:N
[INFO] [1781619439.481869497] [gkv2_nav_parser]: Packets: 15800 | CRC errors: 0 | Pos(10.00,5.00,0.00) | Yaw:1.57 | Sats:15 | RTK:FIXED | CoordsValid:Y | Stage:50 | Fails:0x0000 | DualAnt:N
[INFO] [1781619439.984263834] [gkv2_nav_parser]: Packets: 15900 | CRC errors: 0 | Pos(10.00,5.00,0.00) | Yaw:1.57 | Sats:15 | RTK:FIXED | CoordsValid:Y | Stage:50 | Fails:0x0000 | DualAnt:N
[INFO] [1781619440.486706832] [gkv2_nav_parser]: Packets: 16000 | CRC errors: 0 | Pos(10.00,5.00,0.00) | Yaw:1.57 | Sats:15 | RTK:FIXED | CoordsValid:Y | Stage:50 | Fails:0x0000 | DualAnt:N
[INFO] [1781619440.989086341] [gkv2_nav_parser]: Packets: 16100 | CRC errors: 0 | Pos(10.00,5.00,0.00) | Yaw:1.57 | Sats:15 | RTK:FIXED | CoordsValid:Y | Stage:50 | Fails:0x0000 | DualAnt:N
[INFO] [1781619441.491402651] [gkv2_nav_parser]: Packets: 16200 | CRC errors: 0 | Pos(10.00,5.00,0.00) | Yaw:1.57 | Sats:15 | RTK:FIXED | CoordsValid:Y | Stage:50 | Fails:0x0000 | DualAnt:N
[INFO] [1781619441.993787310] [gkv2_nav_parser]: Packets: 16300 | CRC errors: 0 | Pos(10.00,5.00,0.00) | Yaw:1.57 | Sats:15 | RTK:FIXED | CoordsValid:Y | Stage:50 | Fails:0x0000 | DualAnt:N
[INFO] [1781619442.496214466] [gkv2_nav_parser]: Packets: 16400 | CRC errors: 0 | Pos(10.00,5.00,0.00) | Yaw:1.57 | Sats:15 | RTK:FIXED | CoordsValid:Y | Stage:50 | Fails:0x0000 | DualAnt:N
[INFO] [1781619442.998653698] [gkv2_nav_parser]: Packets: 16500 | CRC errors: 0 | Pos(10.00,5.00,0.00) | Yaw:1.57 | Sats:15 | RTK:FIXED | CoordsValid:Y | Stage:50 | Fails:0x0000 | DualAnt:N
[INFO] [1781619443.500993481] [gkv2_nav_parser]: Packets: 16600 | CRC errors: 0 | Pos(10.00,5.00,0.00) | Yaw:1.57 | Sats:15 | RTK:FIXED | CoordsValid:Y | Stage:50 | Fails:0x0000 | DualAnt:N
[INFO] [1781619444.003373880] [gkv2_nav_parser]: Packets: 16700 | CRC errors: 0 | Pos(10.00,5.00,0.00) | Yaw:1.57 | Sats:15 | RTK:FIXED | CoordsValid:Y | Stage:50 | Fails:0x0000 | DualAnt:N
[INFO] [1781619444.505834650] [gkv2_nav_parser]: Packets: 16800 | CRC errors: 0 | Pos(10.00,5.00,0.00) | Yaw:1.57 | Sats:15 | RTK:FIXED | CoordsValid:Y | Stage:50 | Fails:0x0000 | DualAnt:N
[INFO] [1781619445.008232763] [gkv2_nav_parser]: Packets: 16900 | CRC errors: 0 | Pos(10.00,5.00,0.00) | Yaw:1.57 | Sats:15 | RTK:FIXED | CoordsValid:Y | Stage:50 | Fails:0x0000 | DualAnt:N
[INFO] [1781619445.510661452] [gkv2_nav_parser]: Packets: 17000 | CRC errors: 0 | Pos(10.00,5.00,0.00) | Yaw:1.57 | Sats:15 | RTK:FIXED | CoordsValid:Y | Stage:50 | Fails:0x0000 | DualAnt:N
[INFO] [1781619446.013096534] [gkv2_nav_parser]: Packets: 17100 | CRC errors: 0 | Pos(10.00,5.00,0.00) | Yaw:1.57 | Sats:15 | RTK:FIXED | CoordsValid:Y | Stage:50 | Fails:0x0000 | DualAnt:N
[INFO] [1781619446.515512419] [gkv2_nav_parser]: Packets: 17200 | CRC errors: 0 | Pos(10.00,5.00,0.00) | Yaw:1.57 | Sats:15 | RTK:FIXED | CoordsValid:Y | Stage:50 | Fails:0x0000 | DualAnt:N
[INFO] [1781619447.017999218] [gkv2_nav_parser]: Packets: 17300 | CRC errors: 0 | Pos(10.00,5.00,0.00) | Yaw:1.57 | Sats:15 | RTK:FIXED | CoordsValid:Y | Stage:50 | Fails:0x0000 | DualAnt:N
[INFO] [1781619447.520464285] [gkv2_nav_parser]: Packets: 17400 | CRC errors: 0 | Pos(10.00,5.00,0.00) | Yaw:1.57 | Sats:15 | RTK:FIXED | CoordsValid:Y | Stage:50 | Fails:0x0000 | DualAnt:N
[INFO] [1781619448.022851035] [gkv2_nav_parser]: Packets: 17500 | CRC errors: 0 | Pos(10.00,5.00,0.00) | Yaw:1.57 | Sats:15 | RTK:FIXED | CoordsValid:Y | Stage:50 | Fails:0x0000 | DualAnt:N
[INFO] [1781619448.525381585] [gkv2_nav_parser]: Packets: 17600 | CRC errors: 0 | Pos(10.00,5.00,0.00) | Yaw:1.57 | Sats:15 | RTK:FIXED | CoordsValid:Y | Stage:50 | Fails:0x0000 | DualAnt:N
[INFO] [1781619449.027834339] [gkv2_nav_parser]: Packets: 17700 | CRC errors: 0 | Pos(10.00,5.00,0.00) | Yaw:1.57 | Sats:15 | RTK:FIXED | CoordsValid:Y | Stage:50 | Fails:0x0000 | DualAnt:N
[INFO] [1781619449.530268307] [gkv2_nav_parser]: Packets: 17800 | CRC errors: 0 | Pos(10.00,5.00,0.00) | Yaw:1.57 | Sats:15 | RTK:FIXED | CoordsValid:Y | Stage:50 | Fails:0x0000 | DualAnt:N
[INFO] [1781619450.032757069] [gkv2_nav_parser]: Packets: 17900 | CRC errors: 0 | Pos(10.00,5.00,0.00) | Yaw:1.57 | Sats:15 | RTK:FIXED | CoordsValid:Y | Stage:50 | Fails:0x0000 | DualAnt:N
[INFO] [1781619450.535356198] [gkv2_nav_parser]: Packets: 18000 | CRC errors: 0 | Pos(10.00,5.00,0.00) | Yaw:1.57 | Sats:15 | RTK:FIXED | CoordsValid:Y | Stage:50 | Fails:0x0000 | DualAnt:N
[INFO] [1781619451.037715275] [gkv2_nav_parser]: Packets: 18100 | CRC errors: 0 | Pos(10.00,5.00,0.00) | Yaw:1.57 | Sats:15 | RTK:FIXED | CoordsValid:Y | Stage:50 | Fails:0x0000 | DualAnt:N
[INFO] [1781619451.540320184] [gkv2_nav_parser]: Packets: 18200 | CRC errors: 0 | Pos(10.00,5.00,0.00) | Yaw:1.57 | Sats:15 | RTK:FIXED | CoordsValid:Y | Stage:50 | Fails:0x0000 | DualAnt:N
[INFO] [1781619452.042813453] [gkv2_nav_parser]: Packets: 18300 | CRC errors: 0 | Pos(10.00,5.00,0.00) | Yaw:1.57 | Sats:15 | RTK:FIXED | CoordsValid:Y | Stage:50 | Fails:0x0000 | DualAnt:N
[INFO] [1781619452.545492421] [gkv2_nav_parser]: Packets: 18400 | CRC errors: 0 | Pos(10.00,5.00,0.00) | Yaw:1.57 | Sats:15 | RTK:FIXED | CoordsValid:Y | Stage:50 | Fails:0x0000 | DualAnt:N
[INFO] [1781619453.048275526] [gkv2_nav_parser]: Packets: 18500 | CRC errors: 0 | Pos(10.00,5.00,0.00) | Yaw:1.57 | Sats:15 | RTK:FIXED | CoordsValid:Y | Stage:50 | Fails:0x0000 | DualAnt:N
[INFO] [1781619453.551215916] [gkv2_nav_parser]: Packets: 18600 | CRC errors: 0 | Pos(10.00,5.00,0.00) | Yaw:1.57 | Sats:15 | RTK:FIXED | CoordsValid:Y | Stage:50 | Fails:0x0000 | DualAnt:N
[INFO] [1781619454.054224775] [gkv2_nav_parser]: Packets: 18700 | CRC errors: 0 | Pos(10.00,5.00,0.00) | Yaw:1.57 | Sats:15 | RTK:FIXED | CoordsValid:Y | Stage:50 | Fails:0x0000 | DualAnt:N
[INFO] [1781619454.557412510] [gkv2_nav_parser]: Packets: 18800 | CRC errors: 0 | Pos(10.00,5.00,0.00) | Yaw:1.57 | Sats:15 | RTK:FIXED | CoordsValid:Y | Stage:50 | Fails:0x0000 | DualAnt:N
[INFO] [1781619455.060311562] [gkv2_nav_parser]: Packets: 18900 | CRC errors: 0 | Pos(10.00,5.00,0.00) | Yaw:1.57 | Sats:15 | RTK:FIXED | CoordsValid:Y | Stage:50 | Fails:0x0000 | DualAnt:N
[INFO] [1781619455.562931047] [gkv2_nav_parser]: Packets: 19000 | CRC errors: 0 | Pos(10.00,5.00,0.00) | Yaw:1.57 | Sats:15 | RTK:FIXED | CoordsValid:Y | Stage:50 | Fails:0x0000 | DualAnt:N
[INFO] [1781619456.065555152] [gkv2_nav_parser]: Packets: 19100 | CRC errors: 0 | Pos(10.00,5.00,0.00) | Yaw:1.57 | Sats:15 | RTK:FIXED | CoordsValid:Y | Stage:50 | Fails:0x0000 | DualAnt:N
[INFO] [1781619456.568524105] [gkv2_nav_parser]: Packets: 19200 | CRC errors: 0 | Pos(10.00,5.00,0.00) | Yaw:1.57 | Sats:15 | RTK:FIXED | CoordsValid:Y | Stage:50 | Fails:0x0000 | DualAnt:N
[INFO] [1781619457.070934346] [gkv2_nav_parser]: Packets: 19300 | CRC errors: 0 | Pos(10.00,5.00,0.00) | Yaw:1.57 | Sats:15 | RTK:FIXED | CoordsValid:Y | Stage:50 | Fails:0x0000 | DualAnt:N
[INFO] [1781619457.573616920] [gkv2_nav_parser]: Packets: 19400 | CRC errors: 0 | Pos(10.00,5.00,0.00) | Yaw:1.57 | Sats:15 | RTK:FIXED | CoordsValid:Y | Stage:50 | Fails:0x0000 | DualAnt:N
[INFO] [1781619458.076080712] [gkv2_nav_parser]: Packets: 19500 | CRC errors: 0 | Pos(10.00,5.00,0.00) | Yaw:1.57 | Sats:15 | RTK:FIXED | CoordsValid:Y | Stage:50 | Fails:0x0000 | DualAnt:N
[INFO] [1781619458.578616720] [gkv2_nav_parser]: Packets: 19600 | CRC errors: 0 | Pos(10.00,5.00,0.00) | Yaw:1.57 | Sats:15 | RTK:FIXED | CoordsValid:Y | Stage:50 | Fails:0x0000 | DualAnt:N
[INFO] [1781619459.081211979] [gkv2_nav_parser]: Packets: 19700 | CRC errors: 0 | Pos(10.00,5.00,0.00) | Yaw:1.57 | Sats:15 | RTK:FIXED | CoordsValid:Y | Stage:50 | Fails:0x0000 | DualAnt:N
[INFO] [1781619459.583688424] [gkv2_nav_parser]: Packets: 19800 | CRC errors: 0 | Pos(10.00,5.00,0.00) | Yaw:1.57 | Sats:15 | RTK:FIXED | CoordsValid:Y | Stage:50 | Fails:0x0000 | DualAnt:N
[INFO] [1781619460.086346271] [gkv2_nav_parser]: Packets: 19900 | CRC errors: 0 | Pos(10.00,5.00,0.00) | Yaw:1.57 | Sats:15 | RTK:FIXED | CoordsValid:Y | Stage:50 | Fails:0x0000 | DualAnt:N
[INFO] [1781619460.589046557] [gkv2_nav_parser]: Packets: 20000 | CRC errors: 0 | Pos(10.00,5.00,0.00) | Yaw:1.57 | Sats:15 | RTK:FIXED | CoordsValid:Y | Stage:50 | Fails:0x0000 | DualAnt:N
[INFO] [1781619461.091601360] [gkv2_nav_parser]: Packets: 20100 | CRC errors: 0 | Pos(10.00,5.00,0.00) | Yaw:1.57 | Sats:15 | RTK:FIXED | CoordsValid:Y | Stage:50 | Fails:0x0000 | DualAnt:N
[INFO] [1781619461.593988606] [gkv2_nav_parser]: Packets: 20200 | CRC errors: 0 | Pos(10.00,5.00,0.00) | Yaw:1.57 | Sats:15 | RTK:FIXED | CoordsValid:Y | Stage:50 | Fails:0x0000 | DualAnt:N
[INFO] [1781619462.096476412] [gkv2_nav_parser]: Packets: 20300 | CRC errors: 0 | Pos(10.00,5.00,0.00) | Yaw:1.57 | Sats:15 | RTK:FIXED | CoordsValid:Y | Stage:50 | Fails:0x0000 | DualAnt:N
[INFO] [1781619462.598953137] [gkv2_nav_parser]: Packets: 20400 | CRC errors: 0 | Pos(10.00,5.00,0.00) | Yaw:1.57 | Sats:15 | RTK:FIXED | CoordsValid:Y | Stage:50 | Fails:0x0000 | DualAnt:N
[INFO] [1781619463.101569104] [gkv2_nav_parser]: Packets: 20500 | CRC errors: 0 | Pos(10.00,5.00,0.00) | Yaw:1.57 | Sats:15 | RTK:FIXED | CoordsValid:Y | Stage:50 | Fails:0x0000 | DualAnt:N
[INFO] [1781619463.604155736] [gkv2_nav_parser]: Packets: 20600 | CRC errors: 0 | Pos(10.00,5.00,0.00) | Yaw:1.57 | Sats:15 | RTK:FIXED | CoordsValid:Y | Stage:50 | Fails:0x0000 | DualAnt:N
[INFO] [1781619464.106882321] [gkv2_nav_parser]: Packets: 20700 | CRC errors: 0 | Pos(10.00,5.00,0.00) | Yaw:1.57 | Sats:15 | RTK:FIXED | CoordsValid:Y | Stage:50 | Fails:0x0000 | DualAnt:N
[INFO] [1781619464.609723711] [gkv2_nav_parser]: Packets: 20800 | CRC errors: 0 | Pos(10.00,5.00,0.00) | Yaw:1.57 | Sats:15 | RTK:FIXED | CoordsValid:Y | Stage:50 | Fails:0x0000 | DualAnt:N
[INFO] [1781619465.113061556] [gkv2_nav_parser]: Packets: 20900 | CRC errors: 0 | Pos(10.00,5.00,0.00) | Yaw:1.57 | Sats:15 | RTK:FIXED | CoordsValid:Y | Stage:50 | Fails:0x0000 | DualAnt:N
[INFO] [1781619465.616144230] [gkv2_nav_parser]: Packets: 21000 | CRC errors: 0 | Pos(10.00,5.00,0.00) | Yaw:1.57 | Sats:15 | RTK:FIXED | CoordsValid:Y | Stage:50 | Fails:0x0000 | DualAnt:N
[INFO] [1781619466.045248712] [rclcpp]: signal_handler(SIGINT/SIGTERM)
