[INFO] [1781617343.087341651] [navigation_fusion]: Navigation fusion node initialized
[INFO] [1781617343.087377248] [navigation_fusion]: GNSS timeout: 2.0 sec, Min satellites: 8
[WARN] [1781617343.107414170] [navigation_fusion]: GNSS lost! Switching to odometry mode (time: 0.0 sec)
[INFO] [1781617343.107499330] [navigation_fusion]: Mode: Odometry (GNSS lost) | GNSS: 0.0% | Sats: 0 | Drift: 0.00 m | Time: 0.0 sec
[WARN] [1781617343.184039372] [navigation_fusion]: New publisher discovered on topic '/nav/pose', offering incompatible QoS. No messages will be sent to it. Last incompatible policy: RELIABILITY_QOS_POLICY
[WARN] [1781617343.184084697] [navigation_fusion]: New publisher discovered on topic '/gkv2/status', offering incompatible QoS. No messages will be sent to it. Last incompatible policy: RELIABILITY_QOS_POLICY
[INFO] [1781617348.127434764] [navigation_fusion]: Mode: Odometry (GNSS lost) | GNSS: 0.0% | Sats: 0 | Drift: 2.47 m | Time: 5.0 sec
[INFO] [1781617353.147434431] [navigation_fusion]: Mode: Odometry (GNSS lost) | GNSS: 0.0% | Sats: 0 | Drift: 4.98 m | Time: 10.1 sec
[INFO] [1781617358.167423040] [navigation_fusion]: Mode: Odometry (GNSS lost) | GNSS: 0.0% | Sats: 0 | Drift: 7.49 m | Time: 15.1 sec
[INFO] [1781617363.167441393] [navigation_fusion]: Mode: Odometry (GNSS lost) | GNSS: 0.0% | Sats: 0 | Drift: 9.99 m | Time: 20.1 sec
[INFO] [1781617368.187423671] [navigation_fusion]: Mode: Odometry (GNSS lost) | GNSS: 0.0% | Sats: 0 | Drift: 12.50 m | Time: 25.1 sec
[INFO] [1781617373.207421526] [navigation_fusion]: Mode: Odometry (GNSS lost) | GNSS: 0.0% | Sats: 0 | Drift: 15.01 m | Time: 30.1 sec
[INFO] [1781617378.207434359] [navigation_fusion]: Mode: Odometry (GNSS lost) | GNSS: 0.0% | Sats: 0 | Drift: 17.51 m | Time: 35.1 sec
[INFO] [1781617383.207469581] [navigation_fusion]: Mode: Odometry (GNSS lost) | GNSS: 0.0% | Sats: 0 | Drift: 20.01 m | Time: 40.1 sec
[INFO] [1781617388.227432419] [navigation_fusion]: Mode: Odometry (GNSS lost) | GNSS: 0.0% | Sats: 0 | Drift: 22.52 m | Time: 45.1 sec
[INFO] [1781617393.247437446] [navigation_fusion]: Mode: Odometry (GNSS lost) | GNSS: 0.0% | Sats: 0 | Drift: 25.03 m | Time: 50.2 sec
[INFO] [1781617398.267432242] [navigation_fusion]: Mode: Odometry (GNSS lost) | GNSS: 0.0% | Sats: 0 | Drift: 27.54 m | Time: 55.2 sec
[INFO] [1781617403.267433540] [navigation_fusion]: Mode: Odometry (GNSS lost) | GNSS: 0.0% | Sats: 0 | Drift: 30.04 m | Time: 60.2 sec
[INFO] [1781617408.267435114] [navigation_fusion]: Mode: Odometry (GNSS lost) | GNSS: 0.0% | Sats: 0 | Drift: 32.54 m | Time: 65.2 sec
[INFO] [1781617413.287439117] [navigation_fusion]: Mode: Odometry (GNSS lost) | GNSS: 0.0% | Sats: 0 | Drift: 35.05 m | Time: 70.2 sec
[INFO] [1781617418.287442096] [navigation_fusion]: Mode: Odometry (GNSS lost) | GNSS: 0.0% | Sats: 0 | Drift: 37.55 m | Time: 75.2 sec
[INFO] [1781617423.287449651] [navigation_fusion]: Mode: Odometry (GNSS lost) | GNSS: 0.0% | Sats: 0 | Drift: 40.05 m | Time: 80.2 sec
[INFO] [1781617428.287456855] [navigation_fusion]: Mode: Odometry (GNSS lost) | GNSS: 0.0% | Sats: 0 | Drift: 42.55 m | Time: 85.2 sec
[INFO] [1781617433.307422234] [navigation_fusion]: Mode: Odometry (GNSS lost) | GNSS: 0.0% | Sats: 0 | Drift: 45.06 m | Time: 90.2 sec
[INFO] [1781617438.307424531] [navigation_fusion]: Mode: Odometry (GNSS lost) | GNSS: 0.0% | Sats: 0 | Drift: 47.56 m | Time: 95.2 sec
[INFO] [1781617443.307435319] [navigation_fusion]: Mode: Odometry (GNSS lost) | GNSS: 0.0% | Sats: 0 | Drift: 50.06 m | Time: 100.2 sec
[INFO] [1781617448.327435555] [navigation_fusion]: Mode: Odometry (GNSS lost) | GNSS: 0.0% | Sats: 0 | Drift: 52.57 m | Time: 105.2 sec
[INFO] [1781617453.347434003] [navigation_fusion]: Mode: Odometry (GNSS lost) | GNSS: 0.0% | Sats: 0 | Drift: 55.08 m | Time: 110.3 sec
[INFO] [1781617458.347438341] [navigation_fusion]: Mode: Odometry (GNSS lost) | GNSS: 0.0% | Sats: 0 | Drift: 57.58 m | Time: 115.3 sec
[INFO] [1781617463.367432614] [navigation_fusion]: Mode: Odometry (GNSS lost) | GNSS: 0.0% | Sats: 0 | Drift: 60.09 m | Time: 120.3 sec
[INFO] [1781617468.387433150] [navigation_fusion]: Mode: Odometry (GNSS lost) | GNSS: 0.0% | Sats: 0 | Drift: 62.60 m | Time: 125.3 sec
[INFO] [1781617473.407437206] [navigation_fusion]: Mode: Odometry (GNSS lost) | GNSS: 0.0% | Sats: 0 | Drift: 65.11 m | Time: 130.3 sec
[INFO] [1781617478.427423368] [navigation_fusion]: Mode: Odometry (GNSS lost) | GNSS: 0.0% | Sats: 0 | Drift: 67.62 m | Time: 135.3 sec
[INFO] [1781617483.427431730] [navigation_fusion]: Mode: Odometry (GNSS lost) | GNSS: 0.0% | Sats: 0 | Drift: 70.12 m | Time: 140.3 sec
[INFO] [1781617488.447431561] [navigation_fusion]: Mode: Odometry (GNSS lost) | GNSS: 0.0% | Sats: 0 | Drift: 72.63 m | Time: 145.4 sec
[INFO] [1781617493.447432824] [navigation_fusion]: Mode: Odometry (GNSS lost) | GNSS: 0.0% | Sats: 0 | Drift: 75.13 m | Time: 150.4 sec
[INFO] [1781617498.447435716] [navigation_fusion]: Mode: Odometry (GNSS lost) | GNSS: 0.0% | Sats: 0 | Drift: 77.63 m | Time: 155.4 sec
[INFO] [1781617503.447448434] [navigation_fusion]: Mode: Odometry (GNSS lost) | GNSS: 0.0% | Sats: 0 | Drift: 80.13 m | Time: 160.4 sec
[INFO] [1781617508.467434239] [navigation_fusion]: Mode: Odometry (GNSS lost) | GNSS: 0.0% | Sats: 0 | Drift: 82.64 m | Time: 165.4 sec
[INFO] [1781617513.487422676] [navigation_fusion]: Mode: Odometry (GNSS lost) | GNSS: 0.0% | Sats: 0 | Drift: 85.15 m | Time: 170.4 sec
[INFO] [1781617518.487432931] [navigation_fusion]: Mode: Odometry (GNSS lost) | GNSS: 0.0% | Sats: 0 | Drift: 87.65 m | Time: 175.4 sec
[INFO] [1781617523.507432260] [navigation_fusion]: Mode: Odometry (GNSS lost) | GNSS: 0.0% | Sats: 0 | Drift: 90.16 m | Time: 180.4 sec
[INFO] [1781617528.507433591] [navigation_fusion]: Mode: Odometry (GNSS lost) | GNSS: 0.0% | Sats: 0 | Drift: 92.66 m | Time: 185.4 sec
[INFO] [1781617533.507434035] [navigation_fusion]: Mode: Odometry (GNSS lost) | GNSS: 0.0% | Sats: 0 | Drift: 95.16 m | Time: 190.4 sec
[INFO] [1781617538.527424616] [navigation_fusion]: Mode: Odometry (GNSS lost) | GNSS: 0.0% | Sats: 0 | Drift: 97.67 m | Time: 195.4 sec
[INFO] [1781617543.527434289] [navigation_fusion]: Mode: Odometry (GNSS lost) | GNSS: 0.0% | Sats: 0 | Drift: 100.17 m | Time: 200.4 sec
[INFO] [1781617548.547430801] [navigation_fusion]: Mode: Odometry (GNSS lost) | GNSS: 0.0% | Sats: 0 | Drift: 102.68 m | Time: 205.5 sec
[INFO] [1781617553.547461181] [navigation_fusion]: Mode: Odometry (GNSS lost) | GNSS: 0.0% | Sats: 0 | Drift: 105.18 m | Time: 210.5 sec
[INFO] [1781617558.567430700] [navigation_fusion]: Mode: Odometry (GNSS lost) | GNSS: 0.0% | Sats: 0 | Drift: 107.69 m | Time: 215.5 sec
[INFO] [1781617563.567435305] [navigation_fusion]: Mode: Odometry (GNSS lost) | GNSS: 0.0% | Sats: 0 | Drift: 110.19 m | Time: 220.5 sec
[INFO] [1781617568.587431998] [navigation_fusion]: Mode: Odometry (GNSS lost) | GNSS: 0.0% | Sats: 0 | Drift: 112.70 m | Time: 225.5 sec
[INFO] [1781617573.607430395] [navigation_fusion]: Mode: Odometry (GNSS lost) | GNSS: 0.0% | Sats: 0 | Drift: 115.21 m | Time: 230.5 sec
[INFO] [1781617578.607435760] [navigation_fusion]: Mode: Odometry (GNSS lost) | GNSS: 0.0% | Sats: 0 | Drift: 117.71 m | Time: 235.5 sec
[INFO] [1781617583.627424325] [navigation_fusion]: Mode: Odometry (GNSS lost) | GNSS: 0.0% | Sats: 0 | Drift: 120.22 m | Time: 240.5 sec
[INFO] [1781617588.627441349] [navigation_fusion]: Mode: Odometry (GNSS lost) | GNSS: 0.0% | Sats: 0 | Drift: 122.72 m | Time: 245.5 sec
[INFO] [1781617593.647435790] [navigation_fusion]: Mode: Odometry (GNSS lost) | GNSS: 0.0% | Sats: 0 | Drift: 125.23 m | Time: 250.6 sec
[INFO] [1781617598.667424487] [navigation_fusion]: Mode: Odometry (GNSS lost) | GNSS: 0.0% | Sats: 0 | Drift: 127.74 m | Time: 255.6 sec
[INFO] [1781617603.667424555] [navigation_fusion]: Mode: Odometry (GNSS lost) | GNSS: 0.0% | Sats: 0 | Drift: 130.24 m | Time: 260.6 sec
[INFO] [1781617608.667434805] [navigation_fusion]: Mode: Odometry (GNSS lost) | GNSS: 0.0% | Sats: 0 | Drift: 132.74 m | Time: 265.6 sec
[INFO] [1781617613.687423866] [navigation_fusion]: Mode: Odometry (GNSS lost) | GNSS: 0.0% | Sats: 0 | Drift: 135.25 m | Time: 270.6 sec
[INFO] [1781617618.707431524] [navigation_fusion]: Mode: Odometry (GNSS lost) | GNSS: 0.0% | Sats: 0 | Drift: 137.76 m | Time: 275.6 sec
[INFO] [1781617623.707436720] [navigation_fusion]: Mode: Odometry (GNSS lost) | GNSS: 0.0% | Sats: 0 | Drift: 140.26 m | Time: 280.6 sec
[INFO] [1781617628.707448171] [navigation_fusion]: Mode: Odometry (GNSS lost) | GNSS: 0.0% | Sats: 0 | Drift: 142.76 m | Time: 285.6 sec
[INFO] [1781617633.727436692] [navigation_fusion]: Mode: Odometry (GNSS lost) | GNSS: 0.0% | Sats: 0 | Drift: 145.27 m | Time: 290.6 sec
[INFO] [1781617638.727472777] [navigation_fusion]: Mode: Odometry (GNSS lost) | GNSS: 0.0% | Sats: 0 | Drift: 147.77 m | Time: 295.6 sec
[INFO] [1781617643.747423105] [navigation_fusion]: Mode: Odometry (GNSS lost) | GNSS: 0.0% | Sats: 0 | Drift: 150.28 m | Time: 300.7 sec
[INFO] [1781617648.747435285] [navigation_fusion]: Mode: Odometry (GNSS lost) | GNSS: 0.0% | Sats: 0 | Drift: 152.78 m | Time: 305.7 sec
[INFO] [1781617653.767431231] [navigation_fusion]: Mode: Odometry (GNSS lost) | GNSS: 0.0% | Sats: 0 | Drift: 155.29 m | Time: 310.7 sec
[INFO] [1781617658.767435120] [navigation_fusion]: Mode: Odometry (GNSS lost) | GNSS: 0.0% | Sats: 0 | Drift: 157.79 m | Time: 315.7 sec
[INFO] [1781617663.787432106] [navigation_fusion]: Mode: Odometry (GNSS lost) | GNSS: 0.0% | Sats: 0 | Drift: 160.30 m | Time: 320.7 sec
[INFO] [1781617668.807420276] [navigation_fusion]: Mode: Odometry (GNSS lost) | GNSS: 0.0% | Sats: 0 | Drift: 162.81 m | Time: 325.7 sec
[INFO] [1781617673.807431078] [navigation_fusion]: Mode: Odometry (GNSS lost) | GNSS: 0.0% | Sats: 0 | Drift: 165.31 m | Time: 330.7 sec
[INFO] [1781617678.807430678] [navigation_fusion]: Mode: Odometry (GNSS lost) | GNSS: 0.0% | Sats: 0 | Drift: 167.81 m | Time: 335.7 sec
[INFO] [1781617683.827438712] [navigation_fusion]: Mode: Odometry (GNSS lost) | GNSS: 0.0% | Sats: 0 | Drift: 170.32 m | Time: 340.7 sec
[INFO] [1781617688.847423985] [navigation_fusion]: Mode: Odometry (GNSS lost) | GNSS: 0.0% | Sats: 0 | Drift: 172.83 m | Time: 345.8 sec
[INFO] [1781617693.867433178] [navigation_fusion]: Mode: Odometry (GNSS lost) | GNSS: 0.0% | Sats: 0 | Drift: 175.34 m | Time: 350.8 sec
[INFO] [1781617698.887422263] [navigation_fusion]: Mode: Odometry (GNSS lost) | GNSS: 0.0% | Sats: 0 | Drift: 177.85 m | Time: 355.8 sec
[INFO] [1781617703.887423957] [navigation_fusion]: Mode: Odometry (GNSS lost) | GNSS: 0.0% | Sats: 0 | Drift: 180.35 m | Time: 360.8 sec
[INFO] [1781617708.907423489] [navigation_fusion]: Mode: Odometry (GNSS lost) | GNSS: 0.0% | Sats: 0 | Drift: 182.86 m | Time: 365.8 sec
[INFO] [1781617713.907432906] [navigation_fusion]: Mode: Odometry (GNSS lost) | GNSS: 0.0% | Sats: 0 | Drift: 185.36 m | Time: 370.8 sec
[INFO] [1781617718.907456444] [navigation_fusion]: Mode: Odometry (GNSS lost) | GNSS: 0.0% | Sats: 0 | Drift: 187.86 m | Time: 375.8 sec
[INFO] [1781617723.927432246] [navigation_fusion]: Mode: Odometry (GNSS lost) | GNSS: 0.0% | Sats: 0 | Drift: 190.37 m | Time: 380.8 sec
[INFO] [1781617728.927442451] [navigation_fusion]: Mode: Odometry (GNSS lost) | GNSS: 0.0% | Sats: 0 | Drift: 192.87 m | Time: 385.8 sec
[INFO] [1781617733.947422034] [navigation_fusion]: Mode: Odometry (GNSS lost) | GNSS: 0.0% | Sats: 0 | Drift: 195.38 m | Time: 390.9 sec
[INFO] [1781617738.947433038] [navigation_fusion]: Mode: Odometry (GNSS lost) | GNSS: 0.0% | Sats: 0 | Drift: 197.88 m | Time: 395.9 sec
[INFO] [1781617743.947437205] [navigation_fusion]: Mode: Odometry (GNSS lost) | GNSS: 0.0% | Sats: 0 | Drift: 200.38 m | Time: 400.9 sec
[INFO] [1781617748.967434648] [navigation_fusion]: Mode: Odometry (GNSS lost) | GNSS: 0.0% | Sats: 0 | Drift: 202.89 m | Time: 405.9 sec
[INFO] [1781617753.987440853] [navigation_fusion]: Mode: Odometry (GNSS lost) | GNSS: 0.0% | Sats: 0 | Drift: 205.40 m | Time: 410.9 sec
[INFO] [1781617759.007432543] [navigation_fusion]: Mode: Odometry (GNSS lost) | GNSS: 0.0% | Sats: 0 | Drift: 207.91 m | Time: 415.9 sec
[INFO] [1781617764.027434014] [navigation_fusion]: Mode: Odometry (GNSS lost) | GNSS: 0.0% | Sats: 0 | Drift: 210.42 m | Time: 420.9 sec
[INFO] [1781617769.027441052] [navigation_fusion]: Mode: Odometry (GNSS lost) | GNSS: 0.0% | Sats: 0 | Drift: 212.92 m | Time: 425.9 sec
[INFO] [1781617774.047438598] [navigation_fusion]: Mode: Odometry (GNSS lost) | GNSS: 0.0% | Sats: 0 | Drift: 215.43 m | Time: 431.0 sec
[INFO] [1781617779.067432688] [navigation_fusion]: Mode: Odometry (GNSS lost) | GNSS: 0.0% | Sats: 0 | Drift: 217.94 m | Time: 436.0 sec
[INFO] [1781617784.087423572] [navigation_fusion]: Mode: Odometry (GNSS lost) | GNSS: 0.0% | Sats: 0 | Drift: 220.45 m | Time: 441.0 sec
[INFO] [1781617789.087439497] [navigation_fusion]: Mode: Odometry (GNSS lost) | GNSS: 0.0% | Sats: 0 | Drift: 222.95 m | Time: 446.0 sec
[INFO] [1781617794.107432082] [navigation_fusion]: Mode: Odometry (GNSS lost) | GNSS: 0.0% | Sats: 0 | Drift: 225.46 m | Time: 451.0 sec
[INFO] [1781617799.107476617] [navigation_fusion]: Mode: Odometry (GNSS lost) | GNSS: 0.0% | Sats: 0 | Drift: 227.96 m | Time: 456.0 sec
[INFO] [1781617804.127438869] [navigation_fusion]: Mode: Odometry (GNSS lost) | GNSS: 0.0% | Sats: 0 | Drift: 230.47 m | Time: 461.0 sec
[INFO] [1781617809.147436589] [navigation_fusion]: Mode: Odometry (GNSS lost) | GNSS: 0.0% | Sats: 0 | Drift: 232.98 m | Time: 466.1 sec
[INFO] [1781617814.147442731] [navigation_fusion]: Mode: Odometry (GNSS lost) | GNSS: 0.0% | Sats: 0 | Drift: 235.48 m | Time: 471.1 sec
[INFO] [1781617819.147452465] [navigation_fusion]: Mode: Odometry (GNSS lost) | GNSS: 0.0% | Sats: 0 | Drift: 237.98 m | Time: 476.1 sec
[INFO] [1781617822.855110199] [rclcpp]: signal_handler(SIGINT/SIGTERM)
