-- Found ament_cmake: 2.5.6 (/opt/ros/jazzy/share/ament_cmake/cmake)
-- Override CMake install command with custom implementation using symlinks instead of copying resources
-- Found rclcpp: 28.1.18 (/opt/ros/jazzy/share/rclcpp/cmake)
-- Found rosidl_generator_c: 4.6.7 (/opt/ros/jazzy/share/rosidl_generator_c/cmake)
-- Found rosidl_generator_cpp: 4.6.7 (/opt/ros/jazzy/share/rosidl_generator_cpp/cmake)
-- Using all available rosidl_typesupport_c: rosidl_typesupport_fastrtps_c;rosidl_typesupport_introspection_c
-- Using all available rosidl_typesupport_cpp: rosidl_typesupport_fastrtps_cpp;rosidl_typesupport_introspection_cpp
-- Found rmw_implementation_cmake: 7.3.3 (/opt/ros/jazzy/share/rmw_implementation_cmake/cmake)
-- Found rmw_fastrtps_cpp: 8.4.3 (/opt/ros/jazzy/share/rmw_fastrtps_cpp/cmake)
-- Using RMW implementation 'rmw_fastrtps_cpp' as default
-- Found geometry_msgs: 5.3.7 (/opt/ros/jazzy/share/geometry_msgs/cmake)
-- Found sensor_msgs: 5.3.7 (/opt/ros/jazzy/share/sensor_msgs/cmake)
-- Found nav_msgs: 5.3.7 (/opt/ros/jazzy/share/nav_msgs/cmake)
-- Found rosidl_default_generators: 1.6.0 (/opt/ros/jazzy/share/rosidl_default_generators/cmake)
-- Found rosidl_adapter: 4.6.7 (/opt/ros/jazzy/share/rosidl_adapter/cmake)
-- Found tf2_ros: 0.36.20 (/opt/ros/jazzy/share/tf2_ros/cmake)
-- Found ament_cmake_ros: 0.12.0 (/opt/ros/jazzy/share/ament_cmake_ros/cmake)
-- Using all available rosidl_typesupport_c: rosidl_typesupport_fastrtps_c;rosidl_typesupport_introspection_c
-- Using all available rosidl_typesupport_cpp: rosidl_typesupport_fastrtps_cpp;rosidl_typesupport_introspection_cpp
-- Found python_cmake_module: 0.11.1 (/opt/ros/jazzy/share/python_cmake_module/cmake)
-- Found Python3: /usr/bin/python3 (found version "3.12.3") found components: Interpreter Development NumPy Development.Module Development.Embed 
-- Found Python3: /usr/bin/python3 (found version "3.12.3") found components: Interpreter 
-- Configuring done (1.1s)
-- Generating done (0.0s)
-- Build files have been written to: /home/nockorn/robokross_ws/build/gkv2_motor_bridge
[  1%] Built target gkv2_motor_bridge__rs
[  3%] Built target gkv2_motor_bridge__rosidl_generator_type_description
[  3%] Built target ament_cmake_python_symlink_gkv2_motor_bridge
[  6%] Built target navigation_controller_node
[ 10%] Built target odometer_node
[ 11%] Built target gkv2_motor_bridge__cpp
[ 15%] Built target cmd_vel_bridge_node
[ 28%] Built target gkv2_motor_bridge__rosidl_generator_c
[ 32%] Built target gkv2_driver_node
[ 38%] Built target gkv2_motor_bridge__rosidl_typesupport_introspection_c
[ 45%] Built target gkv2_motor_bridge__rosidl_typesupport_c
[ 52%] Built target gkv2_motor_bridge__rosidl_typesupport_fastrtps_cpp
[ 66%] Built target gkv2_motor_bridge__rosidl_typesupport_introspection_cpp
[ 66%] Built target gkv2_motor_bridge__rosidl_typesupport_cpp
[ 72%] Built target gkv2_motor_bridge__rosidl_typesupport_fastrtps_c
[ 74%] [32mBuilding CXX object CMakeFiles/gkv2_config_node.dir/src/gkv2_config_node.cpp.o[0m
[ 74%] Built target gkv2_motor_bridge
[ 77%] Built target navigation_fusion_node
[ 81%] Built target gkv2_nav_parser_node
[ 83%] Built target gkv2_motor_bridge__py
[ 88%] Built target gkv2_motor_bridge__rosidl_generator_py
[ 91%] Built target gkv2_motor_bridge_s__rosidl_typesupport_fastrtps_c
[ 94%] Built target gkv2_motor_bridge_s__rosidl_typesupport_introspection_c
[ 98%] Built target gkv2_motor_bridge_s__rosidl_typesupport_c
running egg_info
writing gkv2_motor_bridge.egg-info/PKG-INFO
writing dependency_links to gkv2_motor_bridge.egg-info/dependency_links.txt
writing top-level names to gkv2_motor_bridge.egg-info/top_level.txt
reading manifest file 'gkv2_motor_bridge.egg-info/SOURCES.txt'
writing manifest file 'gkv2_motor_bridge.egg-info/SOURCES.txt'
[01m[K/home/nockorn/robokross_ws/src/gkv2_motor_bridge/src/gkv2_config_node.cpp:2:10:[m[K [01;31m[Kfatal error: [m[Kgkv2_motor_bridge/msg/gkv2_config_status.hpp: Нет такого файла или каталога
    2 | #include [01;31m[K"gkv2_motor_bridge/msg/gkv2_config_status.hpp"[m[K
      |          [01;31m[K^~~~~~~~~~~~~~~~~~~~~~~~~~~~~~~~~~~~~~~~~~~~~~[m[K
compilation terminated.
[ 98%] Built target ament_cmake_python_build_gkv2_motor_bridge_egg
gmake[2]: *** [CMakeFiles/gkv2_config_node.dir/build.make:76: CMakeFiles/gkv2_config_node.dir/src/gkv2_config_node.cpp.o] Ошибка 1
gmake[1]: *** [CMakeFiles/Makefile2:816: CMakeFiles/gkv2_config_node.dir/all] Ошибка 2
gmake: *** [Makefile:146: all] Ошибка 2
