[0.007s] Invoking command in '/home/nockorn/robokross_ws/build/gkv2_motor_bridge': CMAKE_PREFIX_PATH=${CMAKE_PREFIX_PATH}:/opt/ros/jazzy DEBUGINFOD_URLS=https://debuginfod.ubuntu.com /usr/bin/cmake --build /home/nockorn/robokross_ws/build/gkv2_motor_bridge -- -j12 -l12
[0.028s] -- Found ament_cmake: 2.5.6 (/opt/ros/jazzy/share/ament_cmake/cmake)
[0.097s] -- Override CMake install command with custom implementation using symlinks instead of copying resources
[0.102s] -- Found rclcpp: 28.1.18 (/opt/ros/jazzy/share/rclcpp/cmake)
[0.122s] -- Found rosidl_generator_c: 4.6.7 (/opt/ros/jazzy/share/rosidl_generator_c/cmake)
[0.128s] -- Found rosidl_generator_cpp: 4.6.7 (/opt/ros/jazzy/share/rosidl_generator_cpp/cmake)
[0.137s] -- Using all available rosidl_typesupport_c: rosidl_typesupport_fastrtps_c;rosidl_typesupport_introspection_c
[0.147s] -- Using all available rosidl_typesupport_cpp: rosidl_typesupport_fastrtps_cpp;rosidl_typesupport_introspection_cpp
[0.194s] -- Found rmw_implementation_cmake: 7.3.3 (/opt/ros/jazzy/share/rmw_implementation_cmake/cmake)
[0.195s] -- Found rmw_fastrtps_cpp: 8.4.3 (/opt/ros/jazzy/share/rmw_fastrtps_cpp/cmake)
[0.241s] -- Using RMW implementation 'rmw_fastrtps_cpp' as default
[0.289s] -- Found geometry_msgs: 5.3.7 (/opt/ros/jazzy/share/geometry_msgs/cmake)
[0.312s] -- Found sensor_msgs: 5.3.7 (/opt/ros/jazzy/share/sensor_msgs/cmake)
[0.330s] -- Found nav_msgs: 5.3.7 (/opt/ros/jazzy/share/nav_msgs/cmake)
[0.354s] -- Found rosidl_default_generators: 1.6.0 (/opt/ros/jazzy/share/rosidl_default_generators/cmake)
[0.362s] -- Found rosidl_adapter: 4.6.7 (/opt/ros/jazzy/share/rosidl_adapter/cmake)
[0.363s] -- Found tf2_ros: 0.36.20 (/opt/ros/jazzy/share/tf2_ros/cmake)
[0.649s] -- Found ament_cmake_ros: 0.12.0 (/opt/ros/jazzy/share/ament_cmake_ros/cmake)
[0.816s] -- Using all available rosidl_typesupport_c: rosidl_typesupport_fastrtps_c;rosidl_typesupport_introspection_c
[0.879s] -- Using all available rosidl_typesupport_cpp: rosidl_typesupport_fastrtps_cpp;rosidl_typesupport_introspection_cpp
[0.880s] -- Found python_cmake_module: 0.11.1 (/opt/ros/jazzy/share/python_cmake_module/cmake)
[1.062s] -- Found Python3: /usr/bin/python3 (found version "3.12.3") found components: Interpreter Development NumPy Development.Module Development.Embed 
[1.110s] -- Found Python3: /usr/bin/python3 (found version "3.12.3") found components: Interpreter 
[1.124s] -- Configuring done (1.1s)
[1.179s] -- Generating done (0.0s)
[1.195s] -- Build files have been written to: /home/nockorn/robokross_ws/build/gkv2_motor_bridge
[1.229s] [  1%] Built target gkv2_motor_bridge__rs
[1.230s] [  3%] Built target gkv2_motor_bridge__rosidl_generator_type_description
[1.235s] [  3%] Built target ament_cmake_python_symlink_gkv2_motor_bridge
[1.235s] [  6%] Built target navigation_controller_node
[1.239s] [ 10%] Built target odometer_node
[1.246s] [ 11%] Built target gkv2_motor_bridge__cpp
[1.246s] [ 15%] Built target cmd_vel_bridge_node
[1.247s] [ 28%] Built target gkv2_motor_bridge__rosidl_generator_c
[1.249s] [ 32%] Built target gkv2_driver_node
[1.263s] [ 38%] Built target gkv2_motor_bridge__rosidl_typesupport_introspection_c
[1.264s] [ 45%] Built target gkv2_motor_bridge__rosidl_typesupport_c
[1.266s] [ 52%] Built target gkv2_motor_bridge__rosidl_typesupport_fastrtps_cpp
[1.269s] [ 66%] Built target gkv2_motor_bridge__rosidl_typesupport_introspection_cpp
[1.269s] [ 66%] Built target gkv2_motor_bridge__rosidl_typesupport_cpp
[1.269s] [ 72%] Built target gkv2_motor_bridge__rosidl_typesupport_fastrtps_c
[1.283s] [ 74%] [32mBuilding CXX object CMakeFiles/gkv2_config_node.dir/src/gkv2_config_node.cpp.o[0m
[1.287s] [ 74%] Built target gkv2_motor_bridge
[1.293s] [ 77%] Built target navigation_fusion_node
[1.301s] [ 81%] Built target gkv2_nav_parser_node
[1.302s] [ 83%] Built target gkv2_motor_bridge__py
[1.323s] [ 88%] Built target gkv2_motor_bridge__rosidl_generator_py
[1.340s] [ 91%] Built target gkv2_motor_bridge_s__rosidl_typesupport_fastrtps_c
[1.340s] [ 94%] Built target gkv2_motor_bridge_s__rosidl_typesupport_introspection_c
[1.341s] [ 98%] Built target gkv2_motor_bridge_s__rosidl_typesupport_c
[1.391s] running egg_info
[1.406s] writing gkv2_motor_bridge.egg-info/PKG-INFO
[1.406s] writing dependency_links to gkv2_motor_bridge.egg-info/dependency_links.txt
[1.406s] writing top-level names to gkv2_motor_bridge.egg-info/top_level.txt
[1.448s] reading manifest file 'gkv2_motor_bridge.egg-info/SOURCES.txt'
[1.448s] writing manifest file 'gkv2_motor_bridge.egg-info/SOURCES.txt'
[1.467s] [01m[K/home/nockorn/robokross_ws/src/gkv2_motor_bridge/src/gkv2_config_node.cpp:2:10:[m[K [01;31m[Kfatal error: [m[Kgkv2_motor_bridge/msg/gkv2_config_status.hpp: Нет такого файла или каталога
[1.467s]     2 | #include [01;31m[K"gkv2_motor_bridge/msg/gkv2_config_status.hpp"[m[K
[1.467s]       |          [01;31m[K^~~~~~~~~~~~~~~~~~~~~~~~~~~~~~~~~~~~~~~~~~~~~~[m[K
[1.467s] compilation terminated.
[1.469s] [ 98%] Built target ament_cmake_python_build_gkv2_motor_bridge_egg
[1.470s] gmake[2]: *** [CMakeFiles/gkv2_config_node.dir/build.make:76: CMakeFiles/gkv2_config_node.dir/src/gkv2_config_node.cpp.o] Ошибка 1
[1.470s] gmake[1]: *** [CMakeFiles/Makefile2:816: CMakeFiles/gkv2_config_node.dir/all] Ошибка 2
[1.471s] gmake: *** [Makefile:146: all] Ошибка 2
[1.473s] Invoked command in '/home/nockorn/robokross_ws/build/gkv2_motor_bridge' returned '2': CMAKE_PREFIX_PATH=${CMAKE_PREFIX_PATH}:/opt/ros/jazzy DEBUGINFOD_URLS=https://debuginfod.ubuntu.com /usr/bin/cmake --build /home/nockorn/robokross_ws/build/gkv2_motor_bridge -- -j12 -l12
