[0.010s] Invoking command in '/home/nockorn/robocross_all/robokross_ws/src/robokross_control/build/robokross_control': CMAKE_PREFIX_PATH=${CMAKE_PREFIX_PATH}:/opt/ros/jazzy DEBUGINFOD_URLS=https://debuginfod.ubuntu.com /usr/bin/cmake --build /home/nockorn/robocross_all/robokross_ws/src/robokross_control/build/robokross_control -- -j12 -l12
[0.046s] Invoked command in '/home/nockorn/robocross_all/robokross_ws/src/robokross_control/build/robokross_control' returned '0': CMAKE_PREFIX_PATH=${CMAKE_PREFIX_PATH}:/opt/ros/jazzy DEBUGINFOD_URLS=https://debuginfod.ubuntu.com /usr/bin/cmake --build /home/nockorn/robocross_all/robokross_ws/src/robokross_control/build/robokross_control -- -j12 -l12
[0.053s] Invoking command in '/home/nockorn/robocross_all/robokross_ws/src/robokross_control/build/robokross_control': CMAKE_PREFIX_PATH=${CMAKE_PREFIX_PATH}:/opt/ros/jazzy DEBUGINFOD_URLS=https://debuginfod.ubuntu.com /usr/bin/cmake --install /home/nockorn/robocross_all/robokross_ws/src/robokross_control/build/robokross_control
[0.059s] -- Install configuration: ""
[0.059s] -- Up-to-date: /home/nockorn/robocross_all/robokross_ws/src/robokross_control/install/robokross_control/share/ament_index/resource_index/package_run_dependencies/robokross_control
[0.060s] -- Up-to-date: /home/nockorn/robocross_all/robokross_ws/src/robokross_control/install/robokross_control/share/ament_index/resource_index/parent_prefix_path/robokross_control
[0.060s] -- Up-to-date: /home/nockorn/robocross_all/robokross_ws/src/robokross_control/install/robokross_control/share/robokross_control/environment/ament_prefix_path.sh
[0.060s] -- Up-to-date: /home/nockorn/robocross_all/robokross_ws/src/robokross_control/install/robokross_control/share/robokross_control/environment/ament_prefix_path.dsv
[0.060s] -- Up-to-date: /home/nockorn/robocross_all/robokross_ws/src/robokross_control/install/robokross_control/share/robokross_control/environment/path.sh
[0.060s] -- Up-to-date: /home/nockorn/robocross_all/robokross_ws/src/robokross_control/install/robokross_control/share/robokross_control/environment/path.dsv
[0.060s] -- Up-to-date: /home/nockorn/robocross_all/robokross_ws/src/robokross_control/install/robokross_control/share/robokross_control/local_setup.bash
[0.060s] -- Up-to-date: /home/nockorn/robocross_all/robokross_ws/src/robokross_control/install/robokross_control/share/robokross_control/local_setup.sh
[0.060s] -- Up-to-date: /home/nockorn/robocross_all/robokross_ws/src/robokross_control/install/robokross_control/share/robokross_control/local_setup.zsh
[0.060s] -- Up-to-date: /home/nockorn/robocross_all/robokross_ws/src/robokross_control/install/robokross_control/share/robokross_control/local_setup.dsv
[0.060s] -- Installing: /home/nockorn/robocross_all/robokross_ws/src/robokross_control/install/robokross_control/share/robokross_control/package.dsv
[0.060s] -- Up-to-date: /home/nockorn/robocross_all/robokross_ws/src/robokross_control/install/robokross_control/share/ament_index/resource_index/packages/robokross_control
[0.060s] -- Up-to-date: /home/nockorn/robocross_all/robokross_ws/src/robokross_control/install/robokross_control/share/robokross_control/cmake/robokross_controlConfig.cmake
[0.061s] -- Up-to-date: /home/nockorn/robocross_all/robokross_ws/src/robokross_control/install/robokross_control/share/robokross_control/cmake/robokross_controlConfig-version.cmake
[0.061s] -- Up-to-date: /home/nockorn/robocross_all/robokross_ws/src/robokross_control/install/robokross_control/share/robokross_control/package.xml
[0.062s] Invoked command in '/home/nockorn/robocross_all/robokross_ws/src/robokross_control/build/robokross_control' returned '0': CMAKE_PREFIX_PATH=${CMAKE_PREFIX_PATH}:/opt/ros/jazzy DEBUGINFOD_URLS=https://debuginfod.ubuntu.com /usr/bin/cmake --install /home/nockorn/robocross_all/robokross_ws/src/robokross_control/build/robokross_control
