[0.515s] DEBUG:colcon:Command line arguments: ['/usr/bin/colcon', 'build', '--packages-select', 'robokross_navigation']
[0.515s] DEBUG:colcon:Parsed command line arguments: Namespace(log_base=None, log_level=None, verb_name='build', build_base='build', install_base='install', merge_install=False, symlink_install=False, test_result_base=None, continue_on_error=False, executor='parallel', parallel_workers=12, event_handlers=None, ignore_user_meta=False, metas=['./colcon.meta'], base_paths=['.'], packages_ignore=None, packages_ignore_regex=None, paths=None, packages_up_to=None, packages_up_to_regex=None, packages_above=None, packages_above_and_dependencies=None, packages_above_depth=None, packages_select_by_dep=None, packages_skip_by_dep=None, packages_skip_up_to=None, packages_select_build_failed=False, packages_skip_build_finished=False, packages_select_test_failures=False, packages_skip_test_passed=False, packages_select=['robokross_navigation'], packages_skip=None, packages_select_regex=None, packages_skip_regex=None, packages_start=None, packages_end=None, allow_overriding=[], cmake_args=None, cmake_target=None, cmake_target_skip_unavailable=False, cmake_clean_cache=False, cmake_clean_first=False, cmake_force_configure=False, ament_cmake_args=None, catkin_cmake_args=None, catkin_skip_building_tests=False, mixin_files=None, mixin=None, verb_parser=<colcon_mixin.mixin.mixin_argument.MixinArgumentDecorator object at 0x75e11ad98170>, verb_extension=<colcon_core.verb.build.BuildVerb object at 0x75e11ad7fb90>, main=<bound method BuildVerb.main of <colcon_core.verb.build.BuildVerb object at 0x75e11ad7fb90>>, mixin_verb=('build',))
[0.663s] Level 1:colcon.colcon_core.package_discovery:discover_packages(colcon_meta) check parameters
[0.663s] Level 1:colcon.colcon_core.package_discovery:discover_packages(recursive) check parameters
[0.663s] Level 1:colcon.colcon_core.package_discovery:discover_packages(ignore) check parameters
[0.663s] Level 1:colcon.colcon_core.package_discovery:discover_packages(path) check parameters
[0.663s] Level 1:colcon.colcon_core.package_discovery:discover_packages(colcon_meta) discover
[0.663s] Level 1:colcon.colcon_core.package_discovery:discover_packages(recursive) discover
[0.663s] INFO:colcon.colcon_core.package_discovery:Crawling recursively for packages in '/home/nockorn/robocross_all/robokross_ws/src'
[0.663s] Level 1:colcon.colcon_core.package_identification:_identify(.) by extensions ['ignore', 'ignore_ament_install']
[0.663s] Level 1:colcon.colcon_core.package_identification:_identify(.) by extension 'ignore'
[0.663s] Level 1:colcon.colcon_core.package_identification:_identify(.) by extension 'ignore_ament_install'
[0.663s] Level 1:colcon.colcon_core.package_identification:_identify(.) by extensions ['colcon_pkg']
[0.664s] Level 1:colcon.colcon_core.package_identification:_identify(.) by extension 'colcon_pkg'
[0.664s] Level 1:colcon.colcon_core.package_identification:_identify(.) by extensions ['colcon_meta']
[0.664s] Level 1:colcon.colcon_core.package_identification:_identify(.) by extension 'colcon_meta'
[0.664s] Level 1:colcon.colcon_core.package_identification:_identify(.) by extensions ['ros']
[0.664s] Level 1:colcon.colcon_core.package_identification:_identify(.) by extension 'ros'
[0.683s] Level 1:colcon.colcon_core.package_identification:_identify(.) by extensions ['cmake', 'python']
[0.683s] Level 1:colcon.colcon_core.package_identification:_identify(.) by extension 'cmake'
[0.683s] Level 1:colcon.colcon_core.package_identification:_identify(.) by extension 'python'
[0.683s] Level 1:colcon.colcon_core.package_identification:_identify(.) by extensions ['python_setup_py']
[0.683s] Level 1:colcon.colcon_core.package_identification:_identify(.) by extension 'python_setup_py'
[0.683s] Level 1:colcon.colcon_core.package_identification:_identify(build) by extensions ['ignore', 'ignore_ament_install']
[0.684s] Level 1:colcon.colcon_core.package_identification:_identify(build) by extension 'ignore'
[0.684s] Level 1:colcon.colcon_core.package_identification:_identify(build) ignored
[0.684s] Level 1:colcon.colcon_core.package_identification:_identify(gkv2_motor_bridge) by extensions ['ignore', 'ignore_ament_install']
[0.684s] Level 1:colcon.colcon_core.package_identification:_identify(gkv2_motor_bridge) by extension 'ignore'
[0.684s] Level 1:colcon.colcon_core.package_identification:_identify(gkv2_motor_bridge) by extension 'ignore_ament_install'
[0.684s] Level 1:colcon.colcon_core.package_identification:_identify(gkv2_motor_bridge) by extensions ['colcon_pkg']
[0.684s] Level 1:colcon.colcon_core.package_identification:_identify(gkv2_motor_bridge) by extension 'colcon_pkg'
[0.684s] Level 1:colcon.colcon_core.package_identification:_identify(gkv2_motor_bridge) by extensions ['colcon_meta']
[0.684s] Level 1:colcon.colcon_core.package_identification:_identify(gkv2_motor_bridge) by extension 'colcon_meta'
[0.684s] Level 1:colcon.colcon_core.package_identification:_identify(gkv2_motor_bridge) by extensions ['ros']
[0.684s] Level 1:colcon.colcon_core.package_identification:_identify(gkv2_motor_bridge) by extension 'ros'
[0.725s] DEBUG:colcon.colcon_core.package_identification:Package 'gkv2_motor_bridge' with type 'ros.ament_cmake' and name 'gkv2_motor_bridge'
[0.725s] Level 1:colcon.colcon_core.package_identification:_identify(install) by extensions ['ignore', 'ignore_ament_install']
[0.725s] Level 1:colcon.colcon_core.package_identification:_identify(install) by extension 'ignore'
[0.725s] Level 1:colcon.colcon_core.package_identification:_identify(install) ignored
[0.725s] Level 1:colcon.colcon_core.package_identification:_identify(log) by extensions ['ignore', 'ignore_ament_install']
[0.725s] Level 1:colcon.colcon_core.package_identification:_identify(log) by extension 'ignore'
[0.725s] Level 1:colcon.colcon_core.package_identification:_identify(log) ignored
[0.725s] Level 1:colcon.colcon_core.package_identification:_identify(robokross_navigation) by extensions ['ignore', 'ignore_ament_install']
[0.725s] Level 1:colcon.colcon_core.package_identification:_identify(robokross_navigation) by extension 'ignore'
[0.725s] Level 1:colcon.colcon_core.package_identification:_identify(robokross_navigation) by extension 'ignore_ament_install'
[0.725s] Level 1:colcon.colcon_core.package_identification:_identify(robokross_navigation) by extensions ['colcon_pkg']
[0.725s] Level 1:colcon.colcon_core.package_identification:_identify(robokross_navigation) by extension 'colcon_pkg'
[0.726s] Level 1:colcon.colcon_core.package_identification:_identify(robokross_navigation) by extensions ['colcon_meta']
[0.726s] Level 1:colcon.colcon_core.package_identification:_identify(robokross_navigation) by extension 'colcon_meta'
[0.726s] Level 1:colcon.colcon_core.package_identification:_identify(robokross_navigation) by extensions ['ros']
[0.726s] Level 1:colcon.colcon_core.package_identification:_identify(robokross_navigation) by extension 'ros'
[0.726s] DEBUG:colcon.colcon_core.package_identification:Package 'robokross_navigation' with type 'ros.ament_cmake' and name 'robokross_navigation'
[0.726s] Level 1:colcon.colcon_core.package_discovery:discover_packages(recursive) using defaults
[0.726s] Level 1:colcon.colcon_core.package_discovery:discover_packages(ignore) discover
[0.726s] Level 1:colcon.colcon_core.package_discovery:discover_packages(ignore) using defaults
[0.726s] Level 1:colcon.colcon_core.package_discovery:discover_packages(path) discover
[0.727s] Level 1:colcon.colcon_core.package_discovery:discover_packages(path) using defaults
[0.817s] INFO:colcon.colcon_core.package_selection:Skipping not selected package 'gkv2_motor_bridge' in 'gkv2_motor_bridge'
[0.817s] Level 1:colcon.colcon_core.package_discovery:discover_packages(prefix_path) check parameters
[0.817s] Level 1:colcon.colcon_core.package_discovery:discover_packages(prefix_path) discover
[0.821s] DEBUG:colcon.colcon_installed_package_information.package_discovery:Found 287 installed packages in /opt/ros/jazzy
[0.822s] Level 1:colcon.colcon_core.package_discovery:discover_packages(prefix_path) using defaults
[0.932s] Level 5:colcon.colcon_core.verb:set package 'robokross_navigation' build argument 'cmake_args' from command line to 'None'
[0.932s] Level 5:colcon.colcon_core.verb:set package 'robokross_navigation' build argument 'cmake_target' from command line to 'None'
[0.932s] Level 5:colcon.colcon_core.verb:set package 'robokross_navigation' build argument 'cmake_target_skip_unavailable' from command line to 'False'
[0.932s] Level 5:colcon.colcon_core.verb:set package 'robokross_navigation' build argument 'cmake_clean_cache' from command line to 'False'
[0.932s] Level 5:colcon.colcon_core.verb:set package 'robokross_navigation' build argument 'cmake_clean_first' from command line to 'False'
[0.932s] Level 5:colcon.colcon_core.verb:set package 'robokross_navigation' build argument 'cmake_force_configure' from command line to 'False'
[0.932s] Level 5:colcon.colcon_core.verb:set package 'robokross_navigation' build argument 'ament_cmake_args' from command line to 'None'
[0.932s] Level 5:colcon.colcon_core.verb:set package 'robokross_navigation' build argument 'catkin_cmake_args' from command line to 'None'
[0.932s] Level 5:colcon.colcon_core.verb:set package 'robokross_navigation' build argument 'catkin_skip_building_tests' from command line to 'False'
[0.932s] DEBUG:colcon.colcon_core.verb:Building package 'robokross_navigation' with the following arguments: {'ament_cmake_args': None, 'build_base': '/home/nockorn/robocross_all/robokross_ws/src/build/robokross_navigation', 'catkin_cmake_args': None, 'catkin_skip_building_tests': False, 'cmake_args': None, 'cmake_clean_cache': False, 'cmake_clean_first': False, 'cmake_force_configure': False, 'cmake_target': None, 'cmake_target_skip_unavailable': False, 'install_base': '/home/nockorn/robocross_all/robokross_ws/src/install/robokross_navigation', 'merge_install': False, 'path': '/home/nockorn/robocross_all/robokross_ws/src/robokross_navigation', 'symlink_install': False, 'test_result_base': None}
[0.932s] INFO:colcon.colcon_core.executor:Executing jobs using 'parallel' executor
[0.933s] DEBUG:colcon.colcon_parallel_executor.executor.parallel:run_until_complete
[0.933s] INFO:colcon.colcon_ros.task.ament_cmake.build:Building ROS package in '/home/nockorn/robocross_all/robokross_ws/src/robokross_navigation' with build type 'ament_cmake'
[0.933s] INFO:colcon.colcon_cmake.task.cmake.build:Building CMake package in '/home/nockorn/robocross_all/robokross_ws/src/robokross_navigation'
[1.039s] INFO:colcon.colcon_core.plugin_system:Skipping extension 'colcon_core.shell.bat': Not used on non-Windows systems
[1.040s] INFO:colcon.colcon_core.shell:Skip shell extension 'powershell' for command environment: Not usable outside of PowerShell
[1.040s] DEBUG:colcon.colcon_core.shell:Skip shell extension 'dsv' for command environment
[1.170s] DEBUG:colcon.colcon_core.event_handler.log_command:Invoking command in '/home/nockorn/robocross_all/robokross_ws/src/build/robokross_navigation': CMAKE_PREFIX_PATH=${CMAKE_PREFIX_PATH}:/opt/ros/jazzy DEBUGINFOD_URLS=https://debuginfod.ubuntu.com /usr/bin/cmake /home/nockorn/robocross_all/robokross_ws/src/robokross_navigation -DCMAKE_INSTALL_PREFIX=/home/nockorn/robocross_all/robokross_ws/src/install/robokross_navigation
[5.789s] DEBUG:colcon.colcon_core.event_handler.log_command:Invoked command in '/home/nockorn/robocross_all/robokross_ws/src/build/robokross_navigation' returned '0': CMAKE_PREFIX_PATH=${CMAKE_PREFIX_PATH}:/opt/ros/jazzy DEBUGINFOD_URLS=https://debuginfod.ubuntu.com /usr/bin/cmake /home/nockorn/robocross_all/robokross_ws/src/robokross_navigation -DCMAKE_INSTALL_PREFIX=/home/nockorn/robocross_all/robokross_ws/src/install/robokross_navigation
[5.790s] DEBUG:colcon.colcon_core.event_handler.log_command:Invoking command in '/home/nockorn/robocross_all/robokross_ws/src/build/robokross_navigation': CMAKE_PREFIX_PATH=${CMAKE_PREFIX_PATH}:/opt/ros/jazzy DEBUGINFOD_URLS=https://debuginfod.ubuntu.com /usr/bin/cmake --build /home/nockorn/robocross_all/robokross_ws/src/build/robokross_navigation -- -j12 -l12
[7.375s] DEBUG:colcon.colcon_core.event_handler.log_command:Invoked command in '/home/nockorn/robocross_all/robokross_ws/src/build/robokross_navigation' returned '2': CMAKE_PREFIX_PATH=${CMAKE_PREFIX_PATH}:/opt/ros/jazzy DEBUGINFOD_URLS=https://debuginfod.ubuntu.com /usr/bin/cmake --build /home/nockorn/robocross_all/robokross_ws/src/build/robokross_navigation -- -j12 -l12
[7.375s] Level 1:colcon.colcon_core.environment:create_environment_scripts_only(robokross_navigation)
[7.398s] Level 1:colcon.colcon_core.environment:checking '/home/nockorn/robocross_all/robokross_ws/src/install/robokross_navigation' for CMake module files
[7.399s] Level 1:colcon.colcon_core.environment:checking '/home/nockorn/robocross_all/robokross_ws/src/install/robokross_navigation' for CMake config files
[7.399s] Level 1:colcon.colcon_core.environment:checking '/home/nockorn/robocross_all/robokross_ws/src/install/robokross_navigation/bin'
[7.399s] Level 1:colcon.colcon_core.environment:checking '/home/nockorn/robocross_all/robokross_ws/src/install/robokross_navigation/lib/pkgconfig/robokross_navigation.pc'
[7.399s] Level 1:colcon.colcon_core.environment:checking '/home/nockorn/robocross_all/robokross_ws/src/install/robokross_navigation/lib/python3.12/site-packages'
[7.399s] Level 1:colcon.colcon_core.environment:checking '/home/nockorn/robocross_all/robokross_ws/src/install/robokross_navigation/bin'
[7.400s] INFO:colcon.colcon_core.shell:Creating package script '/home/nockorn/robocross_all/robokross_ws/src/install/robokross_navigation/share/robokross_navigation/package.ps1'
[7.409s] INFO:colcon.colcon_core.shell:Creating package descriptor '/home/nockorn/robocross_all/robokross_ws/src/install/robokross_navigation/share/robokross_navigation/package.dsv'
[7.421s] INFO:colcon.colcon_core.shell:Creating package script '/home/nockorn/robocross_all/robokross_ws/src/install/robokross_navigation/share/robokross_navigation/package.sh'
[7.426s] INFO:colcon.colcon_core.shell:Creating package script '/home/nockorn/robocross_all/robokross_ws/src/install/robokross_navigation/share/robokross_navigation/package.bash'
[7.441s] INFO:colcon.colcon_core.shell:Creating package script '/home/nockorn/robocross_all/robokross_ws/src/install/robokross_navigation/share/robokross_navigation/package.zsh'
[7.459s] Level 1:colcon.colcon_core.environment:create_file_with_runtime_dependencies(/home/nockorn/robocross_all/robokross_ws/src/install/robokross_navigation/share/colcon-core/packages/robokross_navigation)
[7.470s] DEBUG:colcon.colcon_parallel_executor.executor.parallel:closing loop
[7.470s] DEBUG:colcon.colcon_parallel_executor.executor.parallel:loop closed
[7.470s] DEBUG:colcon.colcon_parallel_executor.executor.parallel:run_until_complete finished with '2'
[7.470s] DEBUG:colcon.colcon_core.event_reactor:joining thread
[7.475s] INFO:colcon.colcon_core.plugin_system:Skipping extension 'colcon_notification.desktop_notification.terminal_notifier': Not used on non-Darwin systems
[7.475s] INFO:colcon.colcon_core.plugin_system:Skipping extension 'colcon_notification.desktop_notification.win32': Not used on non-Windows systems
[7.475s] INFO:colcon.colcon_notification.desktop_notification:Sending desktop notification using 'notify2'
[7.493s] DEBUG:colcon.colcon_core.event_reactor:joined thread
[7.493s] INFO:colcon.colcon_core.shell:Creating prefix script '/home/nockorn/robocross_all/robokross_ws/src/install/local_setup.ps1'
[7.494s] INFO:colcon.colcon_core.shell:Creating prefix util module '/home/nockorn/robocross_all/robokross_ws/src/install/_local_setup_util_ps1.py'
[7.495s] INFO:colcon.colcon_core.shell:Creating prefix chain script '/home/nockorn/robocross_all/robokross_ws/src/install/setup.ps1'
[7.496s] INFO:colcon.colcon_core.shell:Creating prefix script '/home/nockorn/robocross_all/robokross_ws/src/install/local_setup.sh'
[7.497s] INFO:colcon.colcon_core.shell:Creating prefix util module '/home/nockorn/robocross_all/robokross_ws/src/install/_local_setup_util_sh.py'
[7.497s] INFO:colcon.colcon_core.shell:Creating prefix chain script '/home/nockorn/robocross_all/robokross_ws/src/install/setup.sh'
[7.498s] INFO:colcon.colcon_core.shell:Creating prefix script '/home/nockorn/robocross_all/robokross_ws/src/install/local_setup.bash'
[7.499s] INFO:colcon.colcon_core.shell:Creating prefix chain script '/home/nockorn/robocross_all/robokross_ws/src/install/setup.bash'
[7.500s] INFO:colcon.colcon_core.shell:Creating prefix script '/home/nockorn/robocross_all/robokross_ws/src/install/local_setup.zsh'
[7.500s] INFO:colcon.colcon_core.shell:Creating prefix chain script '/home/nockorn/robocross_all/robokross_ws/src/install/setup.zsh'
