[0.008s] Invoking command in '/home/nockorn/robokross_ws/build/gkv2_motor_bridge': CMAKE_PREFIX_PATH=${CMAKE_PREFIX_PATH}:/opt/ros/jazzy DEBUGINFOD_URLS=https://debuginfod.ubuntu.com /usr/bin/cmake --build /home/nockorn/robokross_ws/build/gkv2_motor_bridge -- -j12 -l12
[0.030s] -- Found ament_cmake: 2.5.6 (/opt/ros/jazzy/share/ament_cmake/cmake)
[0.098s] -- Override CMake install command with custom implementation using symlinks instead of copying resources
[0.103s] -- Found rclcpp: 28.1.18 (/opt/ros/jazzy/share/rclcpp/cmake)
[0.126s] -- Found rosidl_generator_c: 4.6.7 (/opt/ros/jazzy/share/rosidl_generator_c/cmake)
[0.133s] -- Found rosidl_generator_cpp: 4.6.7 (/opt/ros/jazzy/share/rosidl_generator_cpp/cmake)
[0.141s] -- Using all available rosidl_typesupport_c: rosidl_typesupport_fastrtps_c;rosidl_typesupport_introspection_c
[0.151s] -- Using all available rosidl_typesupport_cpp: rosidl_typesupport_fastrtps_cpp;rosidl_typesupport_introspection_cpp
[0.197s] -- Found rmw_implementation_cmake: 7.3.3 (/opt/ros/jazzy/share/rmw_implementation_cmake/cmake)
[0.198s] -- Found rmw_fastrtps_cpp: 8.4.3 (/opt/ros/jazzy/share/rmw_fastrtps_cpp/cmake)
[0.246s] -- Using RMW implementation 'rmw_fastrtps_cpp' as default
[0.294s] -- Found geometry_msgs: 5.3.7 (/opt/ros/jazzy/share/geometry_msgs/cmake)
[0.318s] -- Found sensor_msgs: 5.3.7 (/opt/ros/jazzy/share/sensor_msgs/cmake)
[0.347s] -- Found rosidl_default_generators: 1.6.0 (/opt/ros/jazzy/share/rosidl_default_generators/cmake)
[0.355s] -- Found rosidl_adapter: 4.6.7 (/opt/ros/jazzy/share/rosidl_adapter/cmake)
[0.545s] -- Found ament_cmake_ros: 0.12.0 (/opt/ros/jazzy/share/ament_cmake_ros/cmake)
[0.726s] -- Using all available rosidl_typesupport_c: rosidl_typesupport_fastrtps_c;rosidl_typesupport_introspection_c
[0.795s] -- Using all available rosidl_typesupport_cpp: rosidl_typesupport_fastrtps_cpp;rosidl_typesupport_introspection_cpp
[0.796s] -- Found python_cmake_module: 0.11.1 (/opt/ros/jazzy/share/python_cmake_module/cmake)
[0.997s] -- Found Python3: /usr/bin/python3 (found version "3.12.3") found components: Interpreter Development NumPy Development.Module Development.Embed 
[1.050s] -- Found Python3: /usr/bin/python3 (found version "3.12.3") found components: Interpreter 
[1.062s] -- Configuring done (1.0s)
[1.106s] -- Generating done (0.0s)
[1.120s] -- Build files have been written to: /home/nockorn/robokross_ws/build/gkv2_motor_bridge
[1.153s] [  2%] Built target gkv2_motor_bridge__rosidl_generator_type_description
[1.153s] [  4%] Built target gkv2_motor_bridge__rs
[1.154s] [  6%] [32mBuilding CXX object CMakeFiles/navigation_controller_node.dir/src/navigation_controller_node.cpp.o[0m
[1.160s] [  6%] Built target ament_cmake_python_symlink_gkv2_motor_bridge
[1.172s] [  9%] Built target gkv2_motor_bridge__cpp
[1.174s] [ 20%] Built target gkv2_motor_bridge__rosidl_generator_c
[1.175s] [ 25%] Built target gkv2_driver_node
[1.185s] [ 30%] Built target cmd_vel_bridge_node
[1.197s] [ 37%] Built target gkv2_motor_bridge__rosidl_typesupport_introspection_c
[1.197s] [ 44%] Built target gkv2_motor_bridge__rosidl_typesupport_c
[1.199s] [ 51%] Built target gkv2_motor_bridge__rosidl_typesupport_introspection_cpp
[1.199s] [ 58%] Built target gkv2_motor_bridge__rosidl_typesupport_cpp
[1.199s] [ 65%] Built target gkv2_motor_bridge__rosidl_typesupport_fastrtps_c
[1.199s] [ 72%] Built target gkv2_motor_bridge__rosidl_typesupport_fastrtps_cpp
[1.216s] [ 72%] Built target gkv2_motor_bridge
[1.234s] [ 74%] Built target gkv2_motor_bridge__py
[1.239s] [ 76%] [32mBuilding CXX object CMakeFiles/gkv2_nav_parser_node.dir/src/gkv2_nav_parser_node.cpp.o[0m
[1.256s] [ 81%] Built target gkv2_motor_bridge__rosidl_generator_py
[1.278s] [ 86%] Built target gkv2_motor_bridge_s__rosidl_typesupport_fastrtps_c
[1.279s] [ 90%] Built target gkv2_motor_bridge_s__rosidl_typesupport_introspection_c
[1.282s] [ 95%] Built target gkv2_motor_bridge_s__rosidl_typesupport_c
[1.339s] running egg_info
[1.354s] writing gkv2_motor_bridge.egg-info/PKG-INFO
[1.354s] writing dependency_links to gkv2_motor_bridge.egg-info/dependency_links.txt
[1.354s] writing top-level names to gkv2_motor_bridge.egg-info/top_level.txt
[1.401s] reading manifest file 'gkv2_motor_bridge.egg-info/SOURCES.txt'
[1.401s] writing manifest file 'gkv2_motor_bridge.egg-info/SOURCES.txt'
[1.424s] [ 95%] Built target ament_cmake_python_build_gkv2_motor_bridge_egg
[2.827s] [01m[K/home/nockorn/robokross_ws/src/gkv2_motor_bridge/src/navigation_controller_node.cpp:[m[K In member function ‘[01m[Kvoid NavigationController::[01;32m[Kcontrol_loop[m[K()[m[K’:
[2.827s] [01m[K/home/nockorn/robokross_ws/src/gkv2_motor_bridge/src/navigation_controller_node.cpp:100:16:[m[K [01;35m[Kwarning: [m[Kunused variable ‘[01m[Klookahead_x[m[K’ [[01;35m[K]8;;https://gcc.gnu.org/onlinedocs/gcc/Warning-Options.html#index-Wunused-variable-Wunused-variable]8;;[m[K]
[2.827s]   100 |         double [01;35m[Klookahead_x[m[K = current_x_ + lookahead_distance_ * std::cos(current_yaw_);
[2.827s]       |                [01;35m[K^~~~~~~~~~~[m[K
[2.827s] [01m[K/home/nockorn/robokross_ws/src/gkv2_motor_bridge/src/navigation_controller_node.cpp:101:16:[m[K [01;35m[Kwarning: [m[Kunused variable ‘[01m[Klookahead_y[m[K’ [[01;35m[K]8;;https://gcc.gnu.org/onlinedocs/gcc/Warning-Options.html#index-Wunused-variable-Wunused-variable]8;;[m[K]
[2.828s]   101 |         double [01;35m[Klookahead_y[m[K = current_y_ + lookahead_distance_ * std::sin(current_yaw_);
[2.828s]       |                [01;35m[K^~~~~~~~~~~[m[K
[8.704s] [ 97%] [32m[1mLinking CXX executable navigation_controller_node[0m
[8.819s] [ 97%] Built target navigation_controller_node
[8.996s] [100%] [32m[1mLinking CXX executable gkv2_nav_parser_node[0m
[9.118s] [100%] Built target gkv2_nav_parser_node
[9.129s] Invoked command in '/home/nockorn/robokross_ws/build/gkv2_motor_bridge' returned '0': CMAKE_PREFIX_PATH=${CMAKE_PREFIX_PATH}:/opt/ros/jazzy DEBUGINFOD_URLS=https://debuginfod.ubuntu.com /usr/bin/cmake --build /home/nockorn/robokross_ws/build/gkv2_motor_bridge -- -j12 -l12
[9.137s] Invoking command in '/home/nockorn/robokross_ws/build/gkv2_motor_bridge': CMAKE_PREFIX_PATH=${CMAKE_PREFIX_PATH}:/opt/ros/jazzy DEBUGINFOD_URLS=https://debuginfod.ubuntu.com /usr/bin/cmake --install /home/nockorn/robokross_ws/build/gkv2_motor_bridge
[9.143s] -- Install configuration: ""
[9.143s] -- Execute custom install script
[9.143s] -- Up-to-date symlink: /home/nockorn/robokross_ws/install/gkv2_motor_bridge/share/ament_index/resource_index/rosidl_interfaces/gkv2_motor_bridge
[9.143s] -- Up-to-date symlink: /home/nockorn/robokross_ws/install/gkv2_motor_bridge/share/gkv2_motor_bridge/msg/GKV2Status.json
[9.144s] -- Up-to-date symlink: /home/nockorn/robokross_ws/install/gkv2_motor_bridge/include/gkv2_motor_bridge/gkv2_motor_bridge/msg/detail/gkv2_status__functions.h
[9.144s] -- Up-to-date symlink: /home/nockorn/robokross_ws/install/gkv2_motor_bridge/include/gkv2_motor_bridge/gkv2_motor_bridge/msg/detail/gkv2_status__struct.h
[9.144s] -- Up-to-date symlink: /home/nockorn/robokross_ws/install/gkv2_motor_bridge/include/gkv2_motor_bridge/gkv2_motor_bridge/msg/detail/gkv2_status__type_support.h
[9.144s] -- Up-to-date symlink: /home/nockorn/robokross_ws/install/gkv2_motor_bridge/include/gkv2_motor_bridge/gkv2_motor_bridge/msg/gkv2_status.h
[9.144s] -- Up-to-date symlink: /home/nockorn/robokross_ws/install/gkv2_motor_bridge/include/gkv2_motor_bridge/gkv2_motor_bridge/msg/rosidl_generator_c__visibility_control.h
[9.144s] -- Up-to-date symlink: /home/nockorn/robokross_ws/install/gkv2_motor_bridge/share/gkv2_motor_bridge/environment/library_path.sh
[9.144s] -- Up-to-date symlink: /home/nockorn/robokross_ws/install/gkv2_motor_bridge/share/gkv2_motor_bridge/environment/library_path.dsv
[9.145s] -- Up-to-date symlink: /home/nockorn/robokross_ws/install/gkv2_motor_bridge/include/gkv2_motor_bridge/gkv2_motor_bridge/msg/detail/gkv2_status__rosidl_typesupport_fastrtps_c.h
[9.145s] -- Up-to-date symlink: /home/nockorn/robokross_ws/install/gkv2_motor_bridge/include/gkv2_motor_bridge/gkv2_motor_bridge/msg/rosidl_typesupport_fastrtps_c__visibility_control.h
[9.145s] -- Up-to-date symlink: /home/nockorn/robokross_ws/install/gkv2_motor_bridge/include/gkv2_motor_bridge/gkv2_motor_bridge/msg/detail/gkv2_status__builder.hpp
[9.145s] -- Up-to-date symlink: /home/nockorn/robokross_ws/install/gkv2_motor_bridge/include/gkv2_motor_bridge/gkv2_motor_bridge/msg/detail/gkv2_status__struct.hpp
[9.146s] -- Up-to-date symlink: /home/nockorn/robokross_ws/install/gkv2_motor_bridge/include/gkv2_motor_bridge/gkv2_motor_bridge/msg/detail/gkv2_status__traits.hpp
[9.146s] -- Up-to-date symlink: /home/nockorn/robokross_ws/install/gkv2_motor_bridge/include/gkv2_motor_bridge/gkv2_motor_bridge/msg/detail/gkv2_status__type_support.hpp
[9.146s] -- Up-to-date symlink: /home/nockorn/robokross_ws/install/gkv2_motor_bridge/include/gkv2_motor_bridge/gkv2_motor_bridge/msg/gkv2_status.hpp
[9.146s] -- Up-to-date symlink: /home/nockorn/robokross_ws/install/gkv2_motor_bridge/include/gkv2_motor_bridge/gkv2_motor_bridge/msg/rosidl_generator_cpp__visibility_control.hpp
[9.146s] -- Up-to-date symlink: /home/nockorn/robokross_ws/install/gkv2_motor_bridge/include/gkv2_motor_bridge/gkv2_motor_bridge/msg/detail/gkv2_status__rosidl_typesupport_fastrtps_cpp.hpp
[9.146s] -- Up-to-date symlink: /home/nockorn/robokross_ws/install/gkv2_motor_bridge/include/gkv2_motor_bridge/gkv2_motor_bridge/msg/rosidl_typesupport_fastrtps_cpp__visibility_control.h
[9.147s] -- Up-to-date symlink: /home/nockorn/robokross_ws/install/gkv2_motor_bridge/include/gkv2_motor_bridge/gkv2_motor_bridge/msg/detail/gkv2_status__rosidl_typesupport_introspection_c.h
[9.147s] -- Up-to-date symlink: /home/nockorn/robokross_ws/install/gkv2_motor_bridge/include/gkv2_motor_bridge/gkv2_motor_bridge/msg/rosidl_typesupport_introspection_c__visibility_control.h
[9.147s] -- Up-to-date symlink: /home/nockorn/robokross_ws/install/gkv2_motor_bridge/include/gkv2_motor_bridge/gkv2_motor_bridge/msg/detail/gkv2_status__rosidl_typesupport_introspection_cpp.hpp
[9.147s] -- Up-to-date symlink: /home/nockorn/robokross_ws/install/gkv2_motor_bridge/share/gkv2_motor_bridge/environment/pythonpath.sh
[9.147s] -- Up-to-date symlink: /home/nockorn/robokross_ws/install/gkv2_motor_bridge/share/gkv2_motor_bridge/environment/pythonpath.dsv
[9.147s] -- Up-to-date symlink: /home/nockorn/robokross_ws/install/gkv2_motor_bridge/lib/python3.12/site-packages/gkv2_motor_bridge-0.0.1-py3.12.egg-info/PKG-INFO
[9.148s] -- Up-to-date symlink: /home/nockorn/robokross_ws/install/gkv2_motor_bridge/lib/python3.12/site-packages/gkv2_motor_bridge-0.0.1-py3.12.egg-info/SOURCES.txt
[9.148s] -- Up-to-date symlink: /home/nockorn/robokross_ws/install/gkv2_motor_bridge/lib/python3.12/site-packages/gkv2_motor_bridge-0.0.1-py3.12.egg-info/dependency_links.txt
[9.148s] -- Up-to-date symlink: /home/nockorn/robokross_ws/install/gkv2_motor_bridge/lib/python3.12/site-packages/gkv2_motor_bridge-0.0.1-py3.12.egg-info/top_level.txt
[9.148s] -- Up-to-date symlink: /home/nockorn/robokross_ws/install/gkv2_motor_bridge/lib/python3.12/site-packages/gkv2_motor_bridge/__init__.py
[9.148s] -- Up-to-date symlink: /home/nockorn/robokross_ws/install/gkv2_motor_bridge/lib/python3.12/site-packages/gkv2_motor_bridge/_gkv2_motor_bridge_s.ep.rosidl_typesupport_c.c
[9.148s] -- Up-to-date symlink: /home/nockorn/robokross_ws/install/gkv2_motor_bridge/lib/python3.12/site-packages/gkv2_motor_bridge/_gkv2_motor_bridge_s.ep.rosidl_typesupport_fastrtps_c.c
[9.149s] -- Up-to-date symlink: /home/nockorn/robokross_ws/install/gkv2_motor_bridge/lib/python3.12/site-packages/gkv2_motor_bridge/_gkv2_motor_bridge_s.ep.rosidl_typesupport_introspection_c.c
[9.149s] -- Up-to-date symlink: /home/nockorn/robokross_ws/install/gkv2_motor_bridge/lib/python3.12/site-packages/gkv2_motor_bridge/gkv2_motor_bridge_s__rosidl_typesupport_c.so
[9.149s] -- Up-to-date symlink: /home/nockorn/robokross_ws/install/gkv2_motor_bridge/lib/python3.12/site-packages/gkv2_motor_bridge/gkv2_motor_bridge_s__rosidl_typesupport_fastrtps_c.so
[9.149s] -- Up-to-date symlink: /home/nockorn/robokross_ws/install/gkv2_motor_bridge/lib/python3.12/site-packages/gkv2_motor_bridge/gkv2_motor_bridge_s__rosidl_typesupport_introspection_c.so
[9.149s] -- Up-to-date symlink: /home/nockorn/robokross_ws/install/gkv2_motor_bridge/lib/python3.12/site-packages/gkv2_motor_bridge/msg/__init__.py
[9.149s] -- Up-to-date symlink: /home/nockorn/robokross_ws/install/gkv2_motor_bridge/lib/python3.12/site-packages/gkv2_motor_bridge/msg/_gkv2_status.py
[9.149s] -- Up-to-date symlink: /home/nockorn/robokross_ws/install/gkv2_motor_bridge/lib/python3.12/site-packages/gkv2_motor_bridge/msg/_gkv2_status_s.c
[9.149s] -- Up-to-date symlink: /home/nockorn/robokross_ws/install/gkv2_motor_bridge/lib/python3.12/site-packages/gkv2_motor_bridge/gkv2_motor_bridge_s__rosidl_typesupport_fastrtps_c.so
[9.149s] -- Up-to-date symlink: /home/nockorn/robokross_ws/install/gkv2_motor_bridge/lib/python3.12/site-packages/gkv2_motor_bridge/gkv2_motor_bridge_s__rosidl_typesupport_introspection_c.so
[9.150s] -- Up-to-date symlink: /home/nockorn/robokross_ws/install/gkv2_motor_bridge/lib/python3.12/site-packages/gkv2_motor_bridge/gkv2_motor_bridge_s__rosidl_typesupport_c.so
[9.150s] -- Up-to-date symlink: /home/nockorn/robokross_ws/install/gkv2_motor_bridge/share/ament_index/resource_index/rust_packages/gkv2_motor_bridge
[9.150s] -- Up-to-date symlink: /home/nockorn/robokross_ws/install/gkv2_motor_bridge/share/gkv2_motor_bridge/rust/Cargo.toml
[9.150s] -- Up-to-date symlink: /home/nockorn/robokross_ws/install/gkv2_motor_bridge/share/gkv2_motor_bridge/rust/build.rs
[9.150s] -- Up-to-date symlink: /home/nockorn/robokross_ws/install/gkv2_motor_bridge/share/gkv2_motor_bridge/rust/src/lib.rs
[9.150s] -- Up-to-date symlink: /home/nockorn/robokross_ws/install/gkv2_motor_bridge/share/gkv2_motor_bridge/rust/src/msg.rs
[9.150s] -- Up-to-date symlink: /home/nockorn/robokross_ws/install/gkv2_motor_bridge/share/gkv2_motor_bridge/rust/src/msg/rmw.rs
[9.150s] -- Up-to-date symlink: /home/nockorn/robokross_ws/install/gkv2_motor_bridge/share/gkv2_motor_bridge/msg/GKV2Status.idl
[9.151s] -- Up-to-date symlink: /home/nockorn/robokross_ws/install/gkv2_motor_bridge/share/gkv2_motor_bridge/msg/GKV2Status.msg
[9.151s] -- Up-to-date symlink: /home/nockorn/robokross_ws/install/gkv2_motor_bridge/lib/gkv2_motor_bridge/gkv2_driver_node
[9.151s] -- Up-to-date symlink: /home/nockorn/robokross_ws/install/gkv2_motor_bridge/lib/gkv2_motor_bridge/cmd_vel_bridge_node
[9.151s] -- Up-to-date symlink: /home/nockorn/robokross_ws/install/gkv2_motor_bridge/lib/gkv2_motor_bridge/gkv2_nav_parser_node
[9.151s] -- Symlinking: /home/nockorn/robokross_ws/install/gkv2_motor_bridge/lib/gkv2_motor_bridge/navigation_controller_node
[9.158s] -- Up-to-date symlink: /home/nockorn/robokross_ws/install/gkv2_motor_bridge/share/gkv2_motor_bridge/launch/main.launch.py
[9.159s] -- Up-to-date symlink: /home/nockorn/robokross_ws/install/gkv2_motor_bridge/share/gkv2_motor_bridge/config/params.yaml
[9.159s] -- Symlinking: /home/nockorn/robokross_ws/install/gkv2_motor_bridge/share/gkv2_motor_bridge/config/waypoints.yaml
[9.166s] -- Up-to-date symlink: /home/nockorn/robokross_ws/install/gkv2_motor_bridge/share/ament_index/resource_index/package_run_dependencies/gkv2_motor_bridge
[9.166s] -- Up-to-date symlink: /home/nockorn/robokross_ws/install/gkv2_motor_bridge/share/ament_index/resource_index/parent_prefix_path/gkv2_motor_bridge
[9.166s] -- Up-to-date symlink: /home/nockorn/robokross_ws/install/gkv2_motor_bridge/share/gkv2_motor_bridge/environment/ament_prefix_path.sh
[9.166s] -- Up-to-date symlink: /home/nockorn/robokross_ws/install/gkv2_motor_bridge/share/gkv2_motor_bridge/environment/ament_prefix_path.dsv
[9.166s] -- Up-to-date symlink: /home/nockorn/robokross_ws/install/gkv2_motor_bridge/share/gkv2_motor_bridge/environment/path.sh
[9.167s] -- Up-to-date symlink: /home/nockorn/robokross_ws/install/gkv2_motor_bridge/share/gkv2_motor_bridge/environment/path.dsv
[9.167s] -- Up-to-date symlink: /home/nockorn/robokross_ws/install/gkv2_motor_bridge/share/gkv2_motor_bridge/local_setup.bash
[9.167s] -- Up-to-date symlink: /home/nockorn/robokross_ws/install/gkv2_motor_bridge/share/gkv2_motor_bridge/local_setup.sh
[9.167s] -- Up-to-date symlink: /home/nockorn/robokross_ws/install/gkv2_motor_bridge/share/gkv2_motor_bridge/local_setup.zsh
[9.167s] -- Up-to-date symlink: /home/nockorn/robokross_ws/install/gkv2_motor_bridge/share/gkv2_motor_bridge/local_setup.dsv
[9.167s] -- Symlinking: /home/nockorn/robokross_ws/install/gkv2_motor_bridge/share/gkv2_motor_bridge/package.dsv
[9.175s] -- Up-to-date symlink: /home/nockorn/robokross_ws/install/gkv2_motor_bridge/share/ament_index/resource_index/packages/gkv2_motor_bridge
[9.175s] -- Up-to-date symlink: /home/nockorn/robokross_ws/install/gkv2_motor_bridge/share/gkv2_motor_bridge/cmake/rosidl_cmake-extras.cmake
[9.175s] -- Up-to-date symlink: /home/nockorn/robokross_ws/install/gkv2_motor_bridge/share/gkv2_motor_bridge/cmake/ament_cmake_export_dependencies-extras.cmake
[9.175s] -- Up-to-date symlink: /home/nockorn/robokross_ws/install/gkv2_motor_bridge/share/gkv2_motor_bridge/cmake/ament_cmake_export_include_directories-extras.cmake
[9.176s] -- Up-to-date symlink: /home/nockorn/robokross_ws/install/gkv2_motor_bridge/share/gkv2_motor_bridge/cmake/ament_cmake_export_libraries-extras.cmake
[9.176s] -- Up-to-date symlink: /home/nockorn/robokross_ws/install/gkv2_motor_bridge/share/gkv2_motor_bridge/cmake/ament_cmake_export_targets-extras.cmake
[9.176s] -- Up-to-date symlink: /home/nockorn/robokross_ws/install/gkv2_motor_bridge/share/gkv2_motor_bridge/cmake/rosidl_cmake_export_typesupport_targets-extras.cmake
[9.176s] -- Up-to-date symlink: /home/nockorn/robokross_ws/install/gkv2_motor_bridge/share/gkv2_motor_bridge/cmake/rosidl_cmake_export_typesupport_libraries-extras.cmake
[9.176s] -- Up-to-date symlink: /home/nockorn/robokross_ws/install/gkv2_motor_bridge/share/gkv2_motor_bridge/cmake/gkv2_motor_bridgeConfig.cmake
[9.177s] -- Up-to-date symlink: /home/nockorn/robokross_ws/install/gkv2_motor_bridge/share/gkv2_motor_bridge/cmake/gkv2_motor_bridgeConfig-version.cmake
[9.177s] -- Up-to-date symlink: /home/nockorn/robokross_ws/install/gkv2_motor_bridge/share/gkv2_motor_bridge/package.xml
[9.177s] -- Up-to-date: /home/nockorn/robokross_ws/install/gkv2_motor_bridge/lib/libgkv2_motor_bridge__rosidl_generator_c.so
[9.177s] -- Up-to-date: /home/nockorn/robokross_ws/install/gkv2_motor_bridge/lib/libgkv2_motor_bridge__rosidl_typesupport_fastrtps_c.so
[9.178s] -- Up-to-date: /home/nockorn/robokross_ws/install/gkv2_motor_bridge/lib/libgkv2_motor_bridge__rosidl_typesupport_fastrtps_cpp.so
[9.178s] -- Up-to-date: /home/nockorn/robokross_ws/install/gkv2_motor_bridge/lib/libgkv2_motor_bridge__rosidl_typesupport_introspection_c.so
[9.178s] -- Up-to-date: /home/nockorn/robokross_ws/install/gkv2_motor_bridge/lib/libgkv2_motor_bridge__rosidl_typesupport_c.so
[9.179s] -- Up-to-date: /home/nockorn/robokross_ws/install/gkv2_motor_bridge/lib/libgkv2_motor_bridge__rosidl_typesupport_introspection_cpp.so
[9.179s] -- Up-to-date: /home/nockorn/robokross_ws/install/gkv2_motor_bridge/lib/libgkv2_motor_bridge__rosidl_typesupport_cpp.so
[9.205s] Listing '/home/nockorn/robokross_ws/install/gkv2_motor_bridge/lib/python3.12/site-packages/gkv2_motor_bridge'...
[9.205s] Compiling '/home/nockorn/robokross_ws/install/gkv2_motor_bridge/lib/python3.12/site-packages/gkv2_motor_bridge/__init__.py'...
[9.205s] Listing '/home/nockorn/robokross_ws/install/gkv2_motor_bridge/lib/python3.12/site-packages/gkv2_motor_bridge/msg'...
[9.209s] -- Up-to-date: /home/nockorn/robokross_ws/install/gkv2_motor_bridge/lib/libgkv2_motor_bridge__rosidl_generator_py.so
[9.209s] -- Up-to-date: /home/nockorn/robokross_ws/install/gkv2_motor_bridge/share/gkv2_motor_bridge/cmake/export_gkv2_motor_bridge__rosidl_generator_cExport.cmake
[9.209s] -- Up-to-date: /home/nockorn/robokross_ws/install/gkv2_motor_bridge/share/gkv2_motor_bridge/cmake/export_gkv2_motor_bridge__rosidl_generator_cExport-noconfig.cmake
[9.209s] -- Up-to-date: /home/nockorn/robokross_ws/install/gkv2_motor_bridge/share/gkv2_motor_bridge/cmake/export_gkv2_motor_bridge__rosidl_typesupport_fastrtps_cExport.cmake
[9.210s] -- Up-to-date: /home/nockorn/robokross_ws/install/gkv2_motor_bridge/share/gkv2_motor_bridge/cmake/export_gkv2_motor_bridge__rosidl_typesupport_fastrtps_cExport-noconfig.cmake
[9.210s] -- Up-to-date: /home/nockorn/robokross_ws/install/gkv2_motor_bridge/share/gkv2_motor_bridge/cmake/export_gkv2_motor_bridge__rosidl_generator_cppExport.cmake
[9.210s] -- Up-to-date: /home/nockorn/robokross_ws/install/gkv2_motor_bridge/share/gkv2_motor_bridge/cmake/export_gkv2_motor_bridge__rosidl_typesupport_fastrtps_cppExport.cmake
[9.210s] -- Up-to-date: /home/nockorn/robokross_ws/install/gkv2_motor_bridge/share/gkv2_motor_bridge/cmake/export_gkv2_motor_bridge__rosidl_typesupport_fastrtps_cppExport-noconfig.cmake
[9.210s] -- Up-to-date: /home/nockorn/robokross_ws/install/gkv2_motor_bridge/share/gkv2_motor_bridge/cmake/gkv2_motor_bridge__rosidl_typesupport_introspection_cExport.cmake
[9.210s] -- Up-to-date: /home/nockorn/robokross_ws/install/gkv2_motor_bridge/share/gkv2_motor_bridge/cmake/gkv2_motor_bridge__rosidl_typesupport_introspection_cExport-noconfig.cmake
[9.210s] -- Up-to-date: /home/nockorn/robokross_ws/install/gkv2_motor_bridge/share/gkv2_motor_bridge/cmake/gkv2_motor_bridge__rosidl_typesupport_cExport.cmake
[9.210s] -- Up-to-date: /home/nockorn/robokross_ws/install/gkv2_motor_bridge/share/gkv2_motor_bridge/cmake/gkv2_motor_bridge__rosidl_typesupport_cExport-noconfig.cmake
[9.210s] -- Up-to-date: /home/nockorn/robokross_ws/install/gkv2_motor_bridge/share/gkv2_motor_bridge/cmake/gkv2_motor_bridge__rosidl_typesupport_introspection_cppExport.cmake
[9.211s] -- Up-to-date: /home/nockorn/robokross_ws/install/gkv2_motor_bridge/share/gkv2_motor_bridge/cmake/gkv2_motor_bridge__rosidl_typesupport_introspection_cppExport-noconfig.cmake
[9.211s] -- Up-to-date: /home/nockorn/robokross_ws/install/gkv2_motor_bridge/share/gkv2_motor_bridge/cmake/gkv2_motor_bridge__rosidl_typesupport_cppExport.cmake
[9.211s] -- Up-to-date: /home/nockorn/robokross_ws/install/gkv2_motor_bridge/share/gkv2_motor_bridge/cmake/gkv2_motor_bridge__rosidl_typesupport_cppExport-noconfig.cmake
[9.211s] -- Up-to-date: /home/nockorn/robokross_ws/install/gkv2_motor_bridge/share/gkv2_motor_bridge/cmake/export_gkv2_motor_bridge__rosidl_generator_pyExport.cmake
[9.211s] -- Up-to-date: /home/nockorn/robokross_ws/install/gkv2_motor_bridge/share/gkv2_motor_bridge/cmake/export_gkv2_motor_bridge__rosidl_generator_pyExport-noconfig.cmake
[9.212s] Invoked command in '/home/nockorn/robokross_ws/build/gkv2_motor_bridge' returned '0': CMAKE_PREFIX_PATH=${CMAKE_PREFIX_PATH}:/opt/ros/jazzy DEBUGINFOD_URLS=https://debuginfod.ubuntu.com /usr/bin/cmake --install /home/nockorn/robokross_ws/build/gkv2_motor_bridge
