[0.008s] Invoking command in '/home/nockorn/robocross_all/robokross_ws/src/robokross_control/build/robokross_control': CMAKE_PREFIX_PATH=${CMAKE_PREFIX_PATH}:/opt/ros/jazzy DEBUGINFOD_URLS=https://debuginfod.ubuntu.com /usr/bin/cmake /home/nockorn/robocross_all/robokross_ws/src/robokross_control -DCMAKE_INSTALL_PREFIX=/home/nockorn/robocross_all/robokross_ws/src/robokross_control/install/robokross_control
[0.099s] -- The C compiler identification is GNU 13.3.0
[0.227s] -- The CXX compiler identification is GNU 13.3.0
[0.242s] -- Detecting C compiler ABI info
[0.409s] -- Detecting C compiler ABI info - done
[0.416s] -- Check for working C compiler: /usr/bin/cc - skipped
[0.416s] -- Detecting C compile features
[0.417s] -- Detecting C compile features - done
[0.425s] -- Detecting CXX compiler ABI info
[0.546s] -- Detecting CXX compiler ABI info - done
[0.553s] -- Check for working CXX compiler: /usr/bin/c++ - skipped
[0.554s] -- Detecting CXX compile features
[0.554s] -- Detecting CXX compile features - done
[0.557s] -- Found ament_cmake: 2.5.6 (/opt/ros/jazzy/share/ament_cmake/cmake)
[0.662s] -- Found Python3: /usr/bin/python3 (found version "3.12.3") found components: Interpreter 
[0.738s] -- Found rclcpp: 28.1.18 (/opt/ros/jazzy/share/rclcpp/cmake)
[0.769s] -- Found rosidl_generator_c: 4.6.7 (/opt/ros/jazzy/share/rosidl_generator_c/cmake)
[0.780s] -- Found rosidl_generator_cpp: 4.6.7 (/opt/ros/jazzy/share/rosidl_generator_cpp/cmake)
[0.792s] -- Using all available rosidl_typesupport_c: rosidl_typesupport_fastrtps_c;rosidl_typesupport_introspection_c
[0.806s] -- Using all available rosidl_typesupport_cpp: rosidl_typesupport_fastrtps_cpp;rosidl_typesupport_introspection_cpp
[0.867s] -- Found rmw_implementation_cmake: 7.3.3 (/opt/ros/jazzy/share/rmw_implementation_cmake/cmake)
[0.870s] -- Found rmw_fastrtps_cpp: 8.4.3 (/opt/ros/jazzy/share/rmw_fastrtps_cpp/cmake)
[0.937s] -- Found OpenSSL: /usr/lib/x86_64-linux-gnu/libcrypto.so (found version "3.0.13")  
[0.952s] -- Found FastRTPS: /opt/ros/jazzy/include (Required is at least version "2.13") 
[0.970s] -- Using RMW implementation 'rmw_fastrtps_cpp' as default
[1.029s] -- Found std_msgs: 5.3.7 (/opt/ros/jazzy/share/std_msgs/cmake)
[1.042s] -- Found geometry_msgs: 5.3.7 (/opt/ros/jazzy/share/geometry_msgs/cmake)
[1.055s] -- Found ament_lint_auto: 0.17.5 (/opt/ros/jazzy/share/ament_lint_auto/cmake)
[1.140s] -- Added test 'cppcheck' to perform static code analysis on C / C++ code
[1.140s] -- Configured cppcheck include dirs: 
[1.140s] -- Configured cppcheck exclude dirs and/or files: 
[1.143s] -- Added test 'lint_cmake' to check CMake code style
[1.151s] -- Added test 'uncrustify' to check C / C++ code style
[1.151s] -- Configured uncrustify additional arguments: 
[1.152s] -- Added test 'xmllint' to check XML markup files
[1.154s] -- Configuring done (1.1s)
[1.158s] -- Generating done (0.0s)
[1.180s] -- Build files have been written to: /home/nockorn/robocross_all/robokross_ws/src/robokross_control/build/robokross_control
[1.188s] Invoked command in '/home/nockorn/robocross_all/robokross_ws/src/robokross_control/build/robokross_control' returned '0': CMAKE_PREFIX_PATH=${CMAKE_PREFIX_PATH}:/opt/ros/jazzy DEBUGINFOD_URLS=https://debuginfod.ubuntu.com /usr/bin/cmake /home/nockorn/robocross_all/robokross_ws/src/robokross_control -DCMAKE_INSTALL_PREFIX=/home/nockorn/robocross_all/robokross_ws/src/robokross_control/install/robokross_control
[1.189s] Invoking command in '/home/nockorn/robocross_all/robokross_ws/src/robokross_control/build/robokross_control': CMAKE_PREFIX_PATH=${CMAKE_PREFIX_PATH}:/opt/ros/jazzy DEBUGINFOD_URLS=https://debuginfod.ubuntu.com /usr/bin/cmake --build /home/nockorn/robocross_all/robokross_ws/src/robokross_control/build/robokross_control -- -j12 -l12
[1.271s] Invoked command in '/home/nockorn/robocross_all/robokross_ws/src/robokross_control/build/robokross_control' returned '0': CMAKE_PREFIX_PATH=${CMAKE_PREFIX_PATH}:/opt/ros/jazzy DEBUGINFOD_URLS=https://debuginfod.ubuntu.com /usr/bin/cmake --build /home/nockorn/robocross_all/robokross_ws/src/robokross_control/build/robokross_control -- -j12 -l12
[1.279s] Invoking command in '/home/nockorn/robocross_all/robokross_ws/src/robokross_control/build/robokross_control': CMAKE_PREFIX_PATH=${CMAKE_PREFIX_PATH}:/opt/ros/jazzy DEBUGINFOD_URLS=https://debuginfod.ubuntu.com /usr/bin/cmake --install /home/nockorn/robocross_all/robokross_ws/src/robokross_control/build/robokross_control
[1.286s] -- Install configuration: ""
[1.286s] -- Installing: /home/nockorn/robocross_all/robokross_ws/src/robokross_control/install/robokross_control/share/ament_index/resource_index/package_run_dependencies/robokross_control
[1.287s] -- Installing: /home/nockorn/robocross_all/robokross_ws/src/robokross_control/install/robokross_control/share/ament_index/resource_index/parent_prefix_path/robokross_control
[1.287s] -- Installing: /home/nockorn/robocross_all/robokross_ws/src/robokross_control/install/robokross_control/share/robokross_control/environment/ament_prefix_path.sh
[1.287s] -- Installing: /home/nockorn/robocross_all/robokross_ws/src/robokross_control/install/robokross_control/share/robokross_control/environment/ament_prefix_path.dsv
[1.287s] -- Installing: /home/nockorn/robocross_all/robokross_ws/src/robokross_control/install/robokross_control/share/robokross_control/environment/path.sh
[1.287s] -- Installing: /home/nockorn/robocross_all/robokross_ws/src/robokross_control/install/robokross_control/share/robokross_control/environment/path.dsv
[1.288s] -- Installing: /home/nockorn/robocross_all/robokross_ws/src/robokross_control/install/robokross_control/share/robokross_control/local_setup.bash
[1.288s] -- Installing: /home/nockorn/robocross_all/robokross_ws/src/robokross_control/install/robokross_control/share/robokross_control/local_setup.sh
[1.288s] -- Installing: /home/nockorn/robocross_all/robokross_ws/src/robokross_control/install/robokross_control/share/robokross_control/local_setup.zsh
[1.288s] -- Installing: /home/nockorn/robocross_all/robokross_ws/src/robokross_control/install/robokross_control/share/robokross_control/local_setup.dsv
[1.288s] -- Installing: /home/nockorn/robocross_all/robokross_ws/src/robokross_control/install/robokross_control/share/robokross_control/package.dsv
[1.289s] -- Installing: /home/nockorn/robocross_all/robokross_ws/src/robokross_control/install/robokross_control/share/ament_index/resource_index/packages/robokross_control
[1.289s] -- Installing: /home/nockorn/robocross_all/robokross_ws/src/robokross_control/install/robokross_control/share/robokross_control/cmake/robokross_controlConfig.cmake
[1.289s] -- Installing: /home/nockorn/robocross_all/robokross_ws/src/robokross_control/install/robokross_control/share/robokross_control/cmake/robokross_controlConfig-version.cmake
[1.289s] -- Installing: /home/nockorn/robocross_all/robokross_ws/src/robokross_control/install/robokross_control/share/robokross_control/package.xml
[1.290s] Invoked command in '/home/nockorn/robocross_all/robokross_ws/src/robokross_control/build/robokross_control' returned '0': CMAKE_PREFIX_PATH=${CMAKE_PREFIX_PATH}:/opt/ros/jazzy DEBUGINFOD_URLS=https://debuginfod.ubuntu.com /usr/bin/cmake --install /home/nockorn/robocross_all/robokross_ws/src/robokross_control/build/robokross_control
