[0.007s] Invoking command in '/home/nockorn/robokross_ws/build/gkv2_motor_bridge': CMAKE_PREFIX_PATH=${CMAKE_PREFIX_PATH}:/opt/ros/jazzy DEBUGINFOD_URLS=https://debuginfod.ubuntu.com /usr/bin/cmake --build /home/nockorn/robokross_ws/build/gkv2_motor_bridge -- -j12 -l12
[0.049s] [  1%] Built target gkv2_motor_bridge__rs
[0.050s] [  2%] Built target gkv2_motor_bridge__rosidl_generator_type_description
[0.054s] [  2%] Built target ament_cmake_python_symlink_gkv2_motor_bridge
[0.055s] [  5%] Built target odometer_node
[0.056s] [  8%] Built target navigation_controller_node
[0.061s] [ 11%] Built target gkv2_driver_node
[0.063s] [ 13%] [32mBuilding CXX object CMakeFiles/cmd_vel_bridge_node.dir/src/cmd_vel_bridge_node.cpp.o[0m
[0.064s] [ 14%] Built target gkv2_motor_bridge__cpp
[0.065s] [ 30%] Built target gkv2_motor_bridge__rosidl_generator_c
[0.082s] [ 44%] Built target gkv2_motor_bridge__rosidl_typesupport_introspection_c
[0.082s] [ 44%] Built target gkv2_motor_bridge__rosidl_typesupport_c
[0.084s] [ 52%] Built target gkv2_motor_bridge__rosidl_typesupport_fastrtps_cpp
[0.085s] [ 59%] Built target gkv2_motor_bridge__rosidl_typesupport_cpp
[0.087s] [ 66%] Built target gkv2_motor_bridge__rosidl_typesupport_fastrtps_c
[0.087s] [ 73%] Built target gkv2_motor_bridge__rosidl_typesupport_introspection_cpp
[0.101s] [ 73%] Built target gkv2_motor_bridge
[0.107s] [ 76%] Built target navigation_fusion_node
[0.111s] [ 79%] Built target gkv2_nav_parser_node
[0.116s] [ 81%] Built target gkv2_motor_bridge__py
[0.126s] [ 84%] Built target gkv2_config_node
[0.135s] [ 89%] Built target gkv2_motor_bridge__rosidl_generator_py
[0.154s] [ 98%] Built target gkv2_motor_bridge_s__rosidl_typesupport_fastrtps_c
[0.154s] [ 98%] Built target gkv2_motor_bridge_s__rosidl_typesupport_c
[0.154s] [ 98%] Built target gkv2_motor_bridge_s__rosidl_typesupport_introspection_c
[0.216s] running egg_info
[0.230s] writing gkv2_motor_bridge.egg-info/PKG-INFO
[0.230s] writing dependency_links to gkv2_motor_bridge.egg-info/dependency_links.txt
[0.230s] writing top-level names to gkv2_motor_bridge.egg-info/top_level.txt
[0.272s] reading manifest file 'gkv2_motor_bridge.egg-info/SOURCES.txt'
[0.273s] writing manifest file 'gkv2_motor_bridge.egg-info/SOURCES.txt'
[0.292s] [ 98%] Built target ament_cmake_python_build_gkv2_motor_bridge_egg
[2.400s] [01m[K/home/nockorn/robokross_ws/src/gkv2_motor_bridge/src/cmd_vel_bridge_node.cpp:236:35:[m[K [01;31m[Kerror: [m[K‘[01m[KMotorCommand[m[K’ does not name a type
[2.400s]   236 |     void send_motor_command(const [01;31m[KMotorCommand[m[K& cmd) {
[2.401s]       |                                   [01;31m[K^~~~~~~~~~~~[m[K
[2.442s] [01m[K/home/nockorn/robokross_ws/src/gkv2_motor_bridge/src/cmd_vel_bridge_node.cpp:[m[K In constructor ‘[01m[KCmdVelBridge::[01;32m[KCmdVelBridge[m[K()[m[K’:
[2.442s] [01m[K/home/nockorn/robokross_ws/src/gkv2_motor_bridge/src/cmd_vel_bridge_node.cpp:110:69:[m[K [01;31m[Kerror: [m[K‘[01m[Ksend_callback[m[K’ is not a member of ‘[01m[KCmdVelBridge[m[K’
[2.442s]   110 |             std::chrono::milliseconds(20), std::bind(&CmdVelBridge::[01;31m[Ksend_callback[m[K, this));
[2.442s]       |                                                                     [01;31m[K^~~~~~~~~~~~~[m[K
[2.453s] [01m[K/home/nockorn/robokross_ws/src/gkv2_motor_bridge/src/cmd_vel_bridge_node.cpp:[m[K In member function ‘[01m[Kvoid CmdVelBridge::[01;32m[Ksend_motor_command[m[K(const int&)[m[K’:
[2.453s] [01m[K/home/nockorn/robokross_ws/src/gkv2_motor_bridge/src/cmd_vel_bridge_node.cpp:241:61:[m[K [01;31m[Kerror: [m[Krequest for member ‘[01m[Kdata[m[K’ in ‘[01m[Kcmd[m[K’, which is of non-class type ‘[01m[Kconst int[m[K’
[2.453s]   241 |             serial_port_.write_some(boost::asio::buffer(cmd.[01;31m[Kdata[m[K(), cmd.size()));
[2.453s]       |                                                             [01;31m[K^~~~[m[K
[2.453s] [01m[K/home/nockorn/robokross_ws/src/gkv2_motor_bridge/src/cmd_vel_bridge_node.cpp:241:73:[m[K [01;31m[Kerror: [m[Krequest for member ‘[01m[Ksize[m[K’ in ‘[01m[Kcmd[m[K’, which is of non-class type ‘[01m[Kconst int[m[K’
[2.453s]   241 |             serial_port_.write_some(boost::asio::buffer(cmd.data(), cmd.[01;31m[Ksize[m[K()));
[2.453s]       |                                                                         [01;31m[K^~~~[m[K
[4.509s] gmake[2]: *** [CMakeFiles/cmd_vel_bridge_node.dir/build.make:76: CMakeFiles/cmd_vel_bridge_node.dir/src/cmd_vel_bridge_node.cpp.o] Ошибка 1
[4.509s] gmake[1]: *** [CMakeFiles/Makefile2:680: CMakeFiles/cmd_vel_bridge_node.dir/all] Ошибка 2
[4.510s] gmake: *** [Makefile:146: all] Ошибка 2
[4.512s] Invoked command in '/home/nockorn/robokross_ws/build/gkv2_motor_bridge' returned '2': CMAKE_PREFIX_PATH=${CMAKE_PREFIX_PATH}:/opt/ros/jazzy DEBUGINFOD_URLS=https://debuginfod.ubuntu.com /usr/bin/cmake --build /home/nockorn/robokross_ws/build/gkv2_motor_bridge -- -j12 -l12
