[0.008s] Invoking command in '/home/nockorn/robokross_ws/build/gkv2_motor_bridge': CMAKE_PREFIX_PATH=${CMAKE_PREFIX_PATH}:/opt/ros/jazzy DEBUGINFOD_URLS=https://debuginfod.ubuntu.com /usr/bin/cmake --build /home/nockorn/robokross_ws/build/gkv2_motor_bridge -- -j12 -l12
[0.054s] [  1%] Built target gkv2_motor_bridge__rosidl_generator_type_description
[0.057s] [  2%] Built target gkv2_motor_bridge__rs
[0.063s] [  2%] Built target ament_cmake_python_symlink_gkv2_motor_bridge
[0.065s] [  5%] Built target odometer_node
[0.067s] [  8%] Built target navigation_controller_node
[0.073s] [ 10%] Built target gkv2_motor_bridge__cpp
[0.074s] [ 26%] Built target gkv2_motor_bridge__rosidl_generator_c
[0.077s] [ 28%] Built target cmd_vel_bridge_node
[0.079s] [ 31%] Built target gkv2_driver_node
[0.096s] [ 49%] Built target gkv2_motor_bridge__rosidl_typesupport_cpp
[0.096s] [ 49%] Built target gkv2_motor_bridge__rosidl_typesupport_c
[0.096s] [ 53%] Built target gkv2_motor_bridge__rosidl_typesupport_fastrtps_c
[0.097s] [ 60%] Built target gkv2_motor_bridge__rosidl_typesupport_introspection_c
[0.098s] [ 68%] Built target gkv2_motor_bridge__rosidl_typesupport_introspection_cpp
[0.100s] [ 75%] Built target gkv2_motor_bridge__rosidl_typesupport_fastrtps_cpp
[0.117s] [ 75%] Built target gkv2_motor_bridge
[0.124s] [ 76%] [32mBuilding CXX object CMakeFiles/navigation_fusion_node.dir/src/navigation_fusion_node.cpp.o[0m
[0.133s] [ 79%] Built target gkv2_motor_bridge__py
[0.133s] [ 81%] Built target gkv2_nav_parser_node
[0.134s] [ 84%] Built target gkv2_config_node
[0.155s] [ 89%] Built target gkv2_motor_bridge__rosidl_generator_py
[0.173s] [ 92%] Built target gkv2_motor_bridge_s__rosidl_typesupport_fastrtps_c
[0.177s] [ 95%] Built target gkv2_motor_bridge_s__rosidl_typesupport_c
[0.178s] [ 98%] Built target gkv2_motor_bridge_s__rosidl_typesupport_introspection_c
[0.238s] running egg_info
[0.254s] writing gkv2_motor_bridge.egg-info/PKG-INFO
[0.254s] writing dependency_links to gkv2_motor_bridge.egg-info/dependency_links.txt
[0.254s] writing top-level names to gkv2_motor_bridge.egg-info/top_level.txt
[0.307s] reading manifest file 'gkv2_motor_bridge.egg-info/SOURCES.txt'
[0.308s] writing manifest file 'gkv2_motor_bridge.egg-info/SOURCES.txt'
[0.330s] [ 98%] Built target ament_cmake_python_build_gkv2_motor_bridge_egg
[1.829s] [01m[K/home/nockorn/robokross_ws/src/gkv2_motor_bridge/src/navigation_fusion_node.cpp:[m[K In member function ‘[01m[Kvoid NavigationFusionNode::[01;32m[Kfusion_loop[m[K()[m[K’:
[1.829s] [01m[K/home/nockorn/robokross_ws/src/gkv2_motor_bridge/src/navigation_fusion_node.cpp:133:13:[m[K [01;31m[Kerror: [m[K‘[01m[Kstatus[m[K’ was not declared in this scope; did you mean ‘[01m[Kstatic[m[K’?
[1.829s]   133 |             [01;31m[Kstatus[m[K.gnss_satellites = 0;  // <-- Добавьте эту строку
[1.829s]       |             [01;31m[K^~~~~~[m[K
[1.829s]       |             [32m[Kstatic[m[K
[4.587s] gmake[2]: *** [CMakeFiles/navigation_fusion_node.dir/build.make:76: CMakeFiles/navigation_fusion_node.dir/src/navigation_fusion_node.cpp.o] Ошибка 1
[4.587s] gmake[1]: *** [CMakeFiles/Makefile2:762: CMakeFiles/navigation_fusion_node.dir/all] Ошибка 2
[4.588s] gmake: *** [Makefile:146: all] Ошибка 2
[4.590s] Invoked command in '/home/nockorn/robokross_ws/build/gkv2_motor_bridge' returned '2': CMAKE_PREFIX_PATH=${CMAKE_PREFIX_PATH}:/opt/ros/jazzy DEBUGINFOD_URLS=https://debuginfod.ubuntu.com /usr/bin/cmake --build /home/nockorn/robokross_ws/build/gkv2_motor_bridge -- -j12 -l12
