[0.008s] Invoking command in '/home/nockorn/robocross_all/robokross_ws/src/robokross_control/build/robokross_control': CMAKE_PREFIX_PATH=${CMAKE_PREFIX_PATH}:/opt/ros/jazzy DEBUGINFOD_URLS=https://debuginfod.ubuntu.com /usr/bin/cmake --build /home/nockorn/robocross_all/robokross_ws/src/robokross_control/build/robokross_control -- -j12 -l12
[0.030s] -- Found ament_cmake: 2.5.6 (/opt/ros/jazzy/share/ament_cmake/cmake)
[0.187s] -- Found rclcpp: 28.1.18 (/opt/ros/jazzy/share/rclcpp/cmake)
[0.207s] -- Found rosidl_generator_c: 4.6.7 (/opt/ros/jazzy/share/rosidl_generator_c/cmake)
[0.214s] -- Found rosidl_generator_cpp: 4.6.7 (/opt/ros/jazzy/share/rosidl_generator_cpp/cmake)
[0.222s] -- Using all available rosidl_typesupport_c: rosidl_typesupport_fastrtps_c;rosidl_typesupport_introspection_c
[0.232s] -- Using all available rosidl_typesupport_cpp: rosidl_typesupport_fastrtps_cpp;rosidl_typesupport_introspection_cpp
[0.278s] -- Found rmw_implementation_cmake: 7.3.3 (/opt/ros/jazzy/share/rmw_implementation_cmake/cmake)
[0.279s] -- Found rmw_fastrtps_cpp: 8.4.3 (/opt/ros/jazzy/share/rmw_fastrtps_cpp/cmake)
[0.329s] -- Using RMW implementation 'rmw_fastrtps_cpp' as default
[0.388s] -- Found std_msgs: 5.3.7 (/opt/ros/jazzy/share/std_msgs/cmake)
[0.398s] -- Found geometry_msgs: 5.3.7 (/opt/ros/jazzy/share/geometry_msgs/cmake)
[0.411s] -- Found ament_lint_auto: 0.17.5 (/opt/ros/jazzy/share/ament_lint_auto/cmake)
[0.490s] -- Added test 'cppcheck' to perform static code analysis on C / C++ code
[0.490s] -- Configured cppcheck include dirs: 
[0.490s] -- Configured cppcheck exclude dirs and/or files: 
[0.492s] -- Added test 'flake8' to check Python code syntax and style conventions
[0.492s] -- Configured 'flake8' exclude dirs and/or files: 
[0.496s] -- Added test 'lint_cmake' to check CMake code style
[0.498s] -- Added test 'pep257' to check Python code against some of the docstring style conventions in PEP 257
[0.513s] -- Added test 'uncrustify' to check C / C++ code style
[0.513s] -- Configured uncrustify additional arguments: 
[0.515s] -- Added test 'xmllint' to check XML markup files
[0.516s] -- Configuring done (0.5s)
[0.525s] -- Generating done (0.0s)
[0.528s] -- Build files have been written to: /home/nockorn/robocross_all/robokross_ws/src/robokross_control/build/robokross_control
[0.559s] [ 50%] [32mBuilding CXX object CMakeFiles/stm32_bridge_node.dir/src/stm32_bridge_node.cpp.o[0m
[0.738s] [01m[K/home/nockorn/robocross_all/robokross_ws/src/robokross_control/src/stm32_bridge_node.cpp:3:10:[m[K [01;31m[Kfatal error: [m[Kstd_msgs/msg/uint8.hpp: Нет такого файла или каталога
[0.738s]     3 | #include [01;31m[K<std_msgs/msg/uint8.hpp>[m[K
[0.738s]       |          [01;31m[K^~~~~~~~~~~~~~~~~~~~~~~~[m[K
[0.738s] compilation terminated.
[0.741s] gmake[2]: *** [CMakeFiles/stm32_bridge_node.dir/build.make:76: CMakeFiles/stm32_bridge_node.dir/src/stm32_bridge_node.cpp.o] Ошибка 1
[0.741s] gmake[1]: *** [CMakeFiles/Makefile2:137: CMakeFiles/stm32_bridge_node.dir/all] Ошибка 2
[0.742s] gmake: *** [Makefile:146: all] Ошибка 2
[0.744s] Invoked command in '/home/nockorn/robocross_all/robokross_ws/src/robokross_control/build/robokross_control' returned '2': CMAKE_PREFIX_PATH=${CMAKE_PREFIX_PATH}:/opt/ros/jazzy DEBUGINFOD_URLS=https://debuginfod.ubuntu.com /usr/bin/cmake --build /home/nockorn/robocross_all/robokross_ws/src/robokross_control/build/robokross_control -- -j12 -l12
